-------------------------------------------------------------------------------
Test set: com.shaw.ediorderservices.service.order.HardsurfacesOrderServiceTest
-------------------------------------------------------------------------------
Tests run: 4, Failures: 4, Errors: 0, Skipped: 0, Time elapsed: 0.509 s <<< FAILURE! - in com.shaw.ediorderservices.service.order.HardsurfacesOrderServiceTest
testSave  Time elapsed: 0.001 s  <<< FAILURE!
org.opentest4j.AssertionFailedError: Not yet implemented
	at com.shaw.ediorderservices.service.order.HardsurfacesOrderServiceTest.testSave(HardsurfacesOrderServiceTest.java:21)

testResubmit  Time elapsed: 0.117 s  <<< FAILURE!
org.opentest4j.AssertionFailedError: Not yet implemented
	at com.shaw.ediorderservices.service.order.HardsurfacesOrderServiceTest.testResubmit(HardsurfacesOrderServiceTest.java:26)

testConvert  Time elapsed: 0.113 s  <<< FAILURE!
org.opentest4j.AssertionFailedError: Not yet implemented
	at com.shaw.ediorderservices.service.order.HardsurfacesOrderServiceTest.testConvert(HardsurfacesOrderServiceTest.java:31)

testGetDao  Time elapsed: 0.134 s  <<< FAILURE!
org.opentest4j.AssertionFailedError: Not yet implemented
	at com.shaw.ediorderservices.service.order.HardsurfacesOrderServiceTest.testGetDao(HardsurfacesOrderServiceTest.java:36)

