<?xml version="1.0" encoding="UTF-8"?>
<testsuite xmlns:xsi="http://www.w3.org/2001/XMLSchema-instance" xsi:noNamespaceSchemaLocation="https://maven.apache.org/surefire/maven-surefire-plugin/xsd/surefire-test-report.xsd" name="com.shaw.ediorderservices.service.order.HardsurfacesOrderServiceTest" time="0.708" tests="4" errors="0" skipped="0" failures="4">
  <properties>
[...]
</properties>
  <testcase name="testSave" classname="com.shaw.ediorderservices.service.order.HardsurfacesOrderServiceTest" time="0.001">
    <failure message="Not yet implemented" type="org.opentest4j.AssertionFailedError">org.opentest4j.AssertionFailedError: Not yet implemented
	at com.shaw.ediorderservices.service.order.HardsurfacesOrderServiceTest.testSave(HardsurfacesOrderServiceTest.java:21)
</failure>
    <system-out><![CDATA[2020-06-19 14:05:48 DEBUG [MockBuilder.java:94] set storeName -> ErYZWEuzUKRUtvoPYvPc
2020-06-19 14:05:48 DEBUG [MockBuilder.java:94] set shipPartCompInd -> x
2020-06-19 14:05:48 DEBUG [MockBuilder.java:94] set orderingSystem -> xJ
2020-06-19 14:05:48 DEBUG [MockBuilder.java:94] set ohStatusCode -> N
2020-06-19 14:05:48 DEBUG [MockBuilder.java:94] set eventInfo -> zqqyReiupNoqqWu
2020-06-19 14:05:48 DEBUG [MockBuilder.java:94] set shipPt -> uF
2020-06-19 14:05:48 DEBUG [MockBuilder.java:94] set termsNetDays -> JYC
2020-06-19 14:05:48 DEBUG [MockBuilder.java:94] set onNote -> YgvznRgEoaGzzYTInpxM
2020-06-19 14:05:48 DEBUG [MockBuilder.java:94] set phone -> byZuVvTFfoGDQZu
2020-06-19 14:05:48 DEBUG [MockBuilder.java:94] set consStatusMsg -> oDdYjLMbBDEudWkCLOBs
2020-06-19 14:05:48 DEBUG [MockBuilder.java:94] set specialInstruct1 -> iNOEomONBoBejLKwWakN
2020-06-19 14:05:48 DEBUG [MockBuilder.java:94] set phoneNumber -> bLpmnJCQdxe
2020-06-19 14:05:48 DEBUG [MockBuilder.java:94] set onlineType -> r
2020-06-19 14:05:48 DEBUG [MockBuilder.java:94] set termsTypeFlag -> mY
2020-06-19 14:05:48 DEBUG [MockBuilder.java:94] set contractUsageInd -> U
2020-06-19 14:05:48 DEBUG [MockBuilder.java:94] set specialInstruct2 -> AQWqoLwatTFomCyijorc
2020-06-19 14:05:48 DEBUG [MockBuilder.java:94] set orderDate -> 1986-05-19
2020-06-19 14:05:48 DEBUG [MockBuilder.java:94] set totalBindingFt -> 8546545.693224104
2020-06-19 14:05:48 DEBUG [MockBuilder.java:94] set poControl -> djtmL
2020-06-19 14:05:48 DEBUG [MockBuilder.java:94] set crossDockCenter -> AtsVhJEVjq
2020-06-19 14:05:48 DEBUG [MockBuilder.java:94] set orderLoc -> LH
2020-06-19 14:05:48 DEBUG [MockBuilder.java:94] set srvLevel -> aA
2020-06-19 14:05:48 DEBUG [MockBuilder.java:94] set custDept -> LscuA
2020-06-19 14:05:48 DEBUG [MockBuilder.java:94] set poDateValue -> 1978-07-25
2020-06-19 14:05:48 DEBUG [MockBuilder.java:94] set explodeFlag -> s
2020-06-19 14:05:48 DEBUG [MockBuilder.java:94] set statusCode -> k
2020-06-19 14:05:48 DEBUG [MockBuilder.java:94] set province -> dJvdrzXJEIBXWGHhaan
2020-06-19 14:05:48 DEBUG [MockBuilder.java:94] set chngLid -> TfukSPXF
2020-06-19 14:05:48 DEBUG [MockBuilder.java:94] set fobPoint -> pm
2020-06-19 14:05:48 DEBUG [MockBuilder.java:94] set stdCarrAlphaInd -> jlkb
2020-06-19 14:05:48 DEBUG [MockBuilder.java:94] set poDateQualifier -> ibt
2020-06-19 14:05:48 DEBUG [MockBuilder.java:94] set chngTimestamp -> 1970-01-01T00:43:39
2020-06-19 14:05:48 DEBUG [MockBuilder.java:94] set frtCode -> R
2020-06-19 14:05:48 DEBUG [MockBuilder.java:94] set name -> WFddGxWzelceUOwrfJZU
2020-06-19 14:05:48 DEBUG [MockBuilder.java:94] set salesCheckNumber -> pWmXcePzyBwpXxridGbx
2020-06-19 14:05:48 DEBUG [MockBuilder.java:94] set poNumber -> DDoUZlbnTPFdaZOXbeSm
2020-06-19 14:05:48 DEBUG [MockBuilder.java:94] set commCust -> HLyJIbB
2020-06-19 14:05:48 DEBUG [MockBuilder.java:94] set salesReqCode -> wh
2020-06-19 14:05:48 DEBUG [MockBuilder.java:94] set poQual -> bk
2020-06-19 14:05:48 DEBUG [MockBuilder.java:94] set specialInstruct3 -> vJBWriPxUWzAPfcvhsDg
2020-06-19 14:05:48 DEBUG [MockBuilder.java:94] set customerCode -> Bd
2020-06-19 14:05:48 DEBUG [MockBuilder.java:94] set sellCo -> bJ
2020-06-19 14:05:48 DEBUG [MockBuilder.java:94] set orderMerCost -> 7830677.334573909
2020-06-19 14:05:48 DEBUG [MockBuilder.java:94] set custNbr -> PiaOPCC
2020-06-19 14:05:48 DEBUG [MockBuilder.java:94] set seqNbr -> 130664
2020-06-19 14:05:48 DEBUG [MockBuilder.java:94] set shawOrderNumber -> APcTYj
2020-06-19 14:05:48 DEBUG [MockBuilder.java:94] set giftMessage1 -> KYRnzrUSZrMGWtiHTocQ
2020-06-19 14:05:48 DEBUG [MockBuilder.java:94] set customerRefNbr -> qjd
2020-06-19 14:05:48 DEBUG [MockBuilder.java:94] set flag -> 745026
2020-06-19 14:05:48 DEBUG [MockBuilder.java:94] set reserveOrderInd -> G
2020-06-19 14:05:48 DEBUG [MockBuilder.java:94] set giftMessage2 -> EnMpCsoxApAeBeijiDws
2020-06-19 14:05:48 DEBUG [MockBuilder.java:94] set nbDate -> 1982-10-22
2020-06-19 14:05:48 DEBUG [MockBuilder.java:94] set specialInstruct4 -> aHbMIzJhHBpnidArfQme
2020-06-19 14:05:48 DEBUG [MockBuilder.java:94] set orderRetTotal -> 4658853.607046578
2020-06-19 14:05:48 DEBUG [MockBuilder.java:94] set hostAlertFlag -> F
2020-06-19 14:05:48 DEBUG [MockBuilder.java:94] set newStoreInd -> X
2020-06-19 14:05:48 DEBUG [MockBuilder.java:94] set customerSidemark -> qGTizkDCrBhvyRCSfRRB
2020-06-19 14:05:48 DEBUG [MockBuilder.java:94] set specialPoNo -> AWJpcrLISkOYIhmJpbYH
2020-06-19 14:05:48 DEBUG [MockBuilder.java:94] set returnMsg -> UOXCRKqTKTVmRHVUTYBh
2020-06-19 14:05:48 DEBUG [MockBuilder.java:94] set noAsnFlag -> L
2020-06-19 14:05:48 DEBUG [MockBuilder.java:94] set truncFlag -> F
2020-06-19 14:05:48 DEBUG [MockBuilder.java:94] set orderType -> v
2020-06-19 14:05:48 DEBUG [MockBuilder.java:94] set shipComplete -> z
2020-06-19 14:05:48 DEBUG [MockBuilder.java:94] set routeByDate -> 1991-11-25
2020-06-19 14:05:48 DEBUG [MockBuilder.java:94] set dunsNbr -> fnYqjAhEbUzXnLm
2020-06-19 14:05:48 DEBUG [MockBuilder.java:94] set shipDateValue -> 1992-02-19
2020-06-19 14:05:48 DEBUG [MockBuilder.java:94] set poType -> IBqRn
2020-06-19 14:05:48 DEBUG [MockBuilder.java:94] set custPmtMeth -> HyMVQCGXCEqvpUYbSHtN
2020-06-19 14:05:48 DEBUG [MockBuilder.java:94] set ohCancelDateValue -> 1987-08-02
2020-06-19 14:05:48 DEBUG [MockBuilder.java:94] set shipDateQualifier -> gqh
2020-06-19 14:05:48 DEBUG [MockBuilder.java:94] set poTypeSuffix -> zSCOyClCMd
2020-06-19 14:05:48 DEBUG [MockBuilder.java:94] set orderTypeDesc -> ePftriRXSQQYPuZ
2020-06-19 14:05:48 DEBUG [MockBuilder.java:94] set inputMethod -> aHMdRIhKMk
2020-06-19 14:05:48 DEBUG [MockBuilder.java:94] set zip -> oYhMlOBfCoL
2020-06-19 14:05:48 DEBUG [MockBuilder.java:94] set errorCode -> wrE
2020-06-19 14:05:48 DEBUG [MockBuilder.java:94] set custSpInst -> RjMoRcFRAeWfqKqTGTHE
2020-06-19 14:05:48 DEBUG [MockBuilder.java:94] set orderWeight -> 3754135.7202076116
2020-06-19 14:05:48 DEBUG [MockBuilder.java:94] set markForStore -> CoaRhbjDCO
2020-06-19 14:05:48 DEBUG [MockBuilder.java:94] set errorDescription -> oTUfdQVryBLkwMwTzOdS
2020-06-19 14:05:48 DEBUG [MockBuilder.java:94] set custWhNbr -> sOdY
2020-06-19 14:05:48 DEBUG [MockBuilder.java:94] set orderRetHand -> 5223232.818793557
2020-06-19 14:05:48 DEBUG [MockBuilder.java:94] set mediaEventCode -> GC
2020-06-19 14:05:48 DEBUG [MockBuilder.java:94] set shipInstruction -> GQznZmuEKtfqgAQhvqYC
2020-06-19 14:05:48 DEBUG [MockBuilder.java:94] set errorTimestamp -> 1970-01-01T01:32
2020-06-19 14:05:48 DEBUG [MockBuilder.java:94] set beg -> EJTkN
2020-06-19 14:05:48 DEBUG [MockBuilder.java:94] set psMsg -> pGLoeOGXbdIIzcUnPeCJ
2020-06-19 14:05:48 DEBUG [MockBuilder.java:94] set userId -> RXPvDCRq
2020-06-19 14:05:48 DEBUG [MockBuilder.java:94] set store -> zwZiCjYVBb
2020-06-19 14:05:48 DEBUG [MockBuilder.java:94] set shipByCutOffDt -> 1993-04-13
2020-06-19 14:05:48 DEBUG [MockBuilder.java:94] set billToState -> il
2020-06-19 14:05:48 DEBUG [MockBuilder.java:94] set shipByDate -> 1993-04-09
2020-06-19 14:05:48 DEBUG [MockBuilder.java:94] set orderRetSh -> 10273.651558145459
2020-06-19 14:05:48 DEBUG [MockBuilder.java:94] set deliveryDate -> 1982-09-07
2020-06-19 14:05:48 DEBUG [MockBuilder.java:94] set state -> GY
2020-06-19 14:05:48 DEBUG [MockBuilder.java:94] set shipCancelDate -> 1987-05-23
2020-06-19 14:05:48 DEBUG [MockBuilder.java:94] set billToStore -> yfbeMjGrvR
2020-06-19 14:05:48 DEBUG [MockBuilder.java:94] set orderRetTax -> 5028011.745434448
2020-06-19 14:05:48 DEBUG [MockBuilder.java:94] set delvCutOffDt -> 1975-06-06
2020-06-19 14:05:48 DEBUG [MockBuilder.java:94] set bsStoreNbr -> GcbaUpfsLU
2020-06-19 14:05:48 DEBUG [MockBuilder.java:94] set vendorNo -> qaSuYKDnHpxcDqo
2020-06-19 14:05:48 DEBUG [MockBuilder.java:94] set divDesc -> KLZUKtDliOjnbiuMTRMK
2020-06-19 14:05:48 DEBUG [MockBuilder.java:94] set cnCity -> lMOuPQoXuqaUCMqEana
2020-06-19 14:05:48 DEBUG [MockBuilder.java:94] set country -> pykCUCcFIXysoYbCHoE
2020-06-19 14:05:48 DEBUG [MockBuilder.java:94] set cancelDateQualifier -> Aba
2020-06-19 14:05:48 DEBUG [MockBuilder.java:94] set wcStore -> CmhqDXVNnk
2020-06-19 14:05:48 DEBUG [MockBuilder.java:94] set custNbr -> VvIdLTt
2020-06-19 14:05:48 DEBUG [MockBuilder.java:94] set addressLine1 -> iAkkshnyFYruJQxmgaar
2020-06-19 14:05:48 DEBUG [MockBuilder.java:94] set destCode -> VO
2020-06-19 14:05:48 DEBUG [MockBuilder.java:94] set agreementNumber -> CcKDZfXlMIwCbUw
2020-06-19 14:05:48 DEBUG [MockBuilder.java:94] set city -> LWSloOzwvLTubNiFJJN
2020-06-19 14:05:48 DEBUG [MockBuilder.java:94] set name -> xYDrAxUAEhsrBJqEsncC
2020-06-19 14:05:48 DEBUG [MockBuilder.java:94] set assignedAgent -> ThMtMSRA
2020-06-19 14:05:48 DEBUG [MockBuilder.java:94] set state -> Xm
2020-06-19 14:05:48 DEBUG [MockBuilder.java:94] set carrierCode -> Dy
2020-06-19 14:05:48 DEBUG [MockBuilder.java:94] set consumerPoDateValue -> 1973-07-20
2020-06-19 14:05:48 DEBUG [MockBuilder.java:94] set addressLine2 -> YzjmpILGFjLAWJbjvFgd
2020-06-19 14:05:48 DEBUG [MockBuilder.java:94] set cbCutLength -> 8422573.967549913
2020-06-19 14:05:48 DEBUG [MockBuilder.java:94] set acctContact -> RcWXUPimUhWiYAPuYPKZ
2020-06-19 14:05:48 DEBUG [MockBuilder.java:94] set city -> RnJMlkCIZktBdejNWuv
2020-06-19 14:05:48 DEBUG [MockBuilder.java:94] set shipToAddress -> LegacyShipToAddress [addressLine1=iAkkshnyFYruJQxmgaar, addressLine2=YzjmpILGFjLAWJbjvFgd, city=LWSloOzwvLTubNiFJJN, cnCity=lMOuPQoXuqaUCMqEana, country=pykCUCcFIXysoYbCHoE, custNbr=VvIdLTt, destCode=VO, flag=745026, name=WFddGxWzelceUOwrfJZU, phone=byZuVvTFfoGDQZu, province=dJvdrzXJEIBXWGHhaan, state=GY, store=zwZiCjYVBb, truncFlag=F, zip=oYhMlOBfCoL]
2020-06-19 14:05:48 DEBUG [MockBuilder.java:94] set consumerShipFlg -> k
2020-06-19 14:05:48 DEBUG [MockBuilder.java:94] set cphone -> lXQhLoVWuEUUiJgySTwf
2020-06-19 14:05:48 DEBUG [MockBuilder.java:94] set ccountry -> EvWwnSrlpzgxknlSYWkO
2020-06-19 14:05:48 DEBUG [MockBuilder.java:94] set addressLine2 -> TvjjMBXXbPxhXvJMksPc
2020-06-19 14:05:48 DEBUG [MockBuilder.java:94] set acknowlegeOrdInd -> v
2020-06-19 14:05:48 DEBUG [MockBuilder.java:94] set city -> rVbBFbepctFsbDBqaPDR
2020-06-19 14:05:48 DEBUG [MockBuilder.java:94] set addressLine1 -> eOfCNLniVAVUWHOiLOGd
2020-06-19 14:05:48 DEBUG [MockBuilder.java:94] set zip -> gvsCYHcYz
2020-06-19 14:05:48 DEBUG [MockBuilder.java:94] set addrKey -> 317667
2020-06-19 14:05:48 DEBUG [MockBuilder.java:94] set authRep -> YYLqMEsmdqgvfdYMPdhA
2020-06-19 14:05:48 DEBUG [MockBuilder.java:94] set addressLine1 -> gghPDbKYiOKYEYlKmrLU
2020-06-19 14:05:48 DEBUG [MockBuilder.java:94] set accountNbr -> hKVlZvGmoxifUtelkAIP
2020-06-19 14:05:48 DEBUG [MockBuilder.java:94] set tpcountry -> MgHXHTeZIymtThWGTaqf
2020-06-19 14:05:48 DEBUG [MockBuilder.java:94] set cprovince -> TorIkhdFdoUjNYuLFARv
2020-06-19 14:05:48 DEBUG [MockBuilder.java:94] set name -> TPWQGQUMGjJBszOTvxHV
2020-06-19 14:05:48 DEBUG [MockBuilder.java:94] set state -> mc
2020-06-19 14:05:48 DEBUG [MockBuilder.java:94] set addressLine2 -> relreElBNCfWEByibfZz
2020-06-19 14:05:48 DEBUG [MockBuilder.java:94] set tpphone -> KqtpcNOivTyxebORFJTH
2020-06-19 14:05:48 DEBUG [MockBuilder.java:94] set authorizationNo -> KtYxNfIQjC
2020-06-19 14:05:48 DEBUG [MockBuilder.java:94] set tpprovince -> zhnEGMyBHehmSlQLmQRy
2020-06-19 14:05:48 DEBUG [MockBuilder.java:94] set name2 -> bhocojOjOplMAssHnDcp
2020-06-19 14:05:48 DEBUG [MockBuilder.java:94] set zip -> fUNprHpFckFWJsqI
2020-06-19 14:05:48 DEBUG [MockBuilder.java:94] set billFlag -> i
2020-06-19 14:05:48 DEBUG [MockBuilder.java:94] set consumerAddress -> LegacyConsumerAddress [cprovince=TorIkhdFdoUjNYuLFARv, ccountry=EvWwnSrlpzgxknlSYWkO, cphone=lXQhLoVWuEUUiJgySTwf, addressLine1=eOfCNLniVAVUWHOiLOGd, addressLine2=TvjjMBXXbPxhXvJMksPc, city=RnJMlkCIZktBdejNWuv, name=xYDrAxUAEhsrBJqEsncC, consumerPoDateValue=1973-07-20, consumerShipFlg=k, state=Xm, zip=gvsCYHcYz]
2020-06-19 14:05:48 DEBUG [MockBuilder.java:94] set thirdPartyAddress -> LegacyThirdPartyAddress [tpprovince=zhnEGMyBHehmSlQLmQRy, tpcountry=MgHXHTeZIymtThWGTaqf, tpphone=KqtpcNOivTyxebORFJTH, addressLine1=gghPDbKYiOKYEYlKmrLU, addressLine2=relreElBNCfWEByibfZz, accountNbr=hKVlZvGmoxifUtelkAIP, billFlag=i, city=rVbBFbepctFsbDBqaPDR, name=TPWQGQUMGjJBszOTvxHV, name2=bhocojOjOplMAssHnDcp, state=mc, zip=fUNprHpFckFWJsqI]
2020-06-19 14:05:48 DEBUG [MockBuilder.java:94] set dates -> null
2020-06-19 14:05:48 DEBUG [MockBuilder.java:94] set lines -> null
2020-06-19 14:05:48 DEBUG [MockBuilder.java:94] set purchasedBy -> hxuLJMayvmlFMWlpNuKo
2020-06-19 14:05:48 DEBUG [MockBuilder.java:94] set rcdCode -> G
2020-06-19 14:05:48 DEBUG [MockBuilder.java:94] set receivedTimestamp -> 1970-01-01T00:33:58
2020-06-19 14:05:48 DEBUG [MockBuilder.java:94] set refTcNbr -> ruhkoYUKwDbPTHraFqdh
2020-06-19 14:05:48 DEBUG [MockHelper.java:99] EdiOrderHeader [legacyOrderNumber=null, acctContact=RcWXUPimUhWiYAPuYPKZ, acknowlegeOrdInd=v, addrKey=317667, agreementNumber=CcKDZfXlMIwCbUw, assignedAgent=ThMtMSRA, authRep=YYLqMEsmdqgvfdYMPdhA, authorizationNo=KtYxNfIQjC, beg=EJTkN, billToState=il, billToStore=yfbeMjGrvR, bsStoreNbr=GcbaUpfsLU, cancelDateQualifier=Aba, carrierCode=Dy, cbCutLength=8422573.967549913, chngLid=TfukSPXF, chngTimestamp=1970-01-01T00:43:39, commCust=HLyJIbB, consStatusMsg=oDdYjLMbBDEudWkCLOBs, contractUsageInd=U, crossDockCenter=AtsVhJEVjq, custDept=LscuA, custPmtMeth=HyMVQCGXCEqvpUYbSHtN, custSpInst=RjMoRcFRAeWfqKqTGTHE, custWhNbr=sOdY, customerCode=Bd, custNbr=PiaOPCC, customerRefNbr=qjd, customerSidemark=qGTizkDCrBhvyRCSfRRB, deliveryDate=1982-09-07, delvCutOffDt=1975-06-06, divDesc=KLZUKtDliOjnbiuMTRMK, dunsNbr=fnYqjAhEbUzXnLm, errorCode=wrE, errorDescription=oTUfdQVryBLkwMwTzOdS, errorTimestamp=1970-01-01T01:32, eventInfo=zqqyReiupNoqqWu, explodeFlag=s, fobPoint=pm, frtCode=R, giftMessage1=KYRnzrUSZrMGWtiHTocQ, giftMessage2=EnMpCsoxApAeBeijiDws, hostAlertFlag=F, inputMethod=aHMdRIhKMk, markForStore=CoaRhbjDCO, mediaEventCode=GC, nbDate=1982-10-22, newStoreInd=X, noAsnFlag=L, ohCancelDateValue=1987-08-02, ohStatusCode=N, onNote=YgvznRgEoaGzzYTInpxM, onlineType=r, orderDate=1986-05-19, orderLoc=01, orderMerCost=7830677.334573909, shawOrderNumber=APcTYj, orderRetHand=5223232.818793557, orderRetSh=10273.651558145459, orderRetTax=5028011.745434448, orderRetTotal=4658853.607046578, orderType=S, orderTypeDesc=SAMPLES, orderWeight=3754135.7202076116, orderingSystem=xJ, phoneNumber=bLpmnJCQdxe, poControl=djtmL, poDateValue=1978-07-25, poDateQualifier=ibt, poNumber=DDoUZlbnTPFdaZOXbeSm, poQual=bk, poType=IBqRn, poTypeSuffix=zSCOyClCMd, psMsg=pGLoeOGXbdIIzcUnPeCJ, purchasedBy=hxuLJMayvmlFMWlpNuKo, rcdCode=G, receivedTimestamp=1970-01-01T00:33:58, refTcNbr=ruhkoYUKwDbPTHraFqdh, reserveOrderInd=G, returnMsg=UOXCRKqTKTVmRHVUTYBh, routeByDate=1991-11-25, salesCheckNumber=pWmXcePzyBwpXxridGbx, salesReqCode=wh, sellCo=bJ, seqNbr=130664, shipByCutOffDt=1993-04-13, shipByDate=1993-04-09, shipCancelDate=1987-05-23, shipComplete=z, shipDateValue=1992-02-19, shipDateQualifier=gqh, shipInstruction=GQznZmuEKtfqgAQhvqYC, shipPartCompInd=x, shipPt=uF, specialInstruct1=iNOEomONBoBejLKwWakN, specialInstruct2=AQWqoLwatTFomCyijorc, specialInstruct3=vJBWriPxUWzAPfcvhsDg, specialInstruct4=aHbMIzJhHBpnidArfQme, specialPoNo=AWJpcrLISkOYIhmJpbYH, srvLevel=aA, statusCode=k, stdCarrAlphaInd=jlkb, storeName=ErYZWEuzUKRUtvoPYvPc, termsNetDays=JYC, termsTypeFlag=mY, totalBindingFt=8546545.693224104, userId=RXPvDCRq, vendorNo=qaSuYKDnHpxcDqo, wcStore=CmhqDXVNnk, consumerAddress=LegacyConsumerAddress [cprovince=TorIkhdFdoUjNYuLFARv, ccountry=EvWwnSrlpzgxknlSYWkO, cphone=lXQhLoVWuEUUiJgySTwf, addressLine1=eOfCNLniVAVUWHOiLOGd, addressLine2=TvjjMBXXbPxhXvJMksPc, city=RnJMlkCIZktBdejNWuv, name=xYDrAxUAEhsrBJqEsncC, consumerPoDateValue=1973-07-20, consumerShipFlg=k, state=Xm, zip=gvsCYHcYz], shipToAddress=LegacyShipToAddress [addressLine1=iAkkshnyFYruJQxmgaar, addressLine2=YzjmpILGFjLAWJbjvFgd, city=LWSloOzwvLTubNiFJJN, cnCity=lMOuPQoXuqaUCMqEana, country=pykCUCcFIXysoYbCHoE, custNbr=VvIdLTt, destCode=VO, flag=745026, name=WFddGxWzelceUOwrfJZU, phone=byZuVvTFfoGDQZu, province=dJvdrzXJEIBXWGHhaan, state=GY, store=zwZiCjYVBb, truncFlag=F, zip=oYhMlOBfCoL], thirdPartyAddress=LegacyThirdPartyAddress [tpprovince=zhnEGMyBHehmSlQLmQRy, tpcountry=MgHXHTeZIymtThWGTaqf, tpphone=KqtpcNOivTyxebORFJTH, addressLine1=gghPDbKYiOKYEYlKmrLU, addressLine2=relreElBNCfWEByibfZz, accountNbr=hKVlZvGmoxifUtelkAIP, billFlag=i, city=rVbBFbepctFsbDBqaPDR, name=TPWQGQUMGjJBszOTvxHV, name2=bhocojOjOplMAssHnDcp, state=mc, zip=fUNprHpFckFWJsqI], dates=null, lines=null]
Hibernate: call next value for SHXP.EDI_ORDER_NBR
Hibernate: insert into EDI_ORDER_HEADER (ACCT_CONTACT, ACKNOWLEGE_ORD_IND, ADDR_KEY, AGREEMENT_NUMBER, ASSIGNED_AGENT, AUTH_REP, AUTHORIZATION_NO, beg, BILL_TO_STATE, BILL_TO_STORE, BS_STORE_NBR, CANCEL_DATE_QUAL, CARRIER_CODE, CB_CUT_LENGTH, CHNG_LID, CHNG_TIMESTAMP, COMM_CUST, CONS_STATUS_MSG, CONSUMER_ADDRESS, CONSUMER_ADDRESS_2, CONSUMER_CITY, CONSUMER_PO_DATE, CONSUMER_SHIP_FLG, CONSUMER_NAME, CONSUMER_STATE, CONSUMER_ZIP, CONTRACT_USAGE_IND, CROSS_DOCK_CENTER, CUST_DEPT, CUSTOMER_NUMBER, CUST_PMT_METH, CUST_SP_INST, CUST_WH_NBR, CUSTOMER_CODE, CUSTOMER_REF_NBR, CUSTOMER_SIDEMARK, DELIVERY_DATE, DELV_CUT_OFF_DT, DIV_DESC, DUNS_NBR, ERROR_CODE, ERROR_DESCRIPTION, ERROR_TIMESTAMP, EVENT_INFO, EXPLODE_FLAG, FOB_POINT, FRT_CODE, GIFT_MESSAGE_1, GIFT_MESSAGE_2, HOST_ALERT_FLAG, INPUT_METHOD, MARK_FOR_STORE, MEDIA_EVENT_CODE, NB_DATE, NEW_STORE_IND, NO_ASN_FLAG, OH_CANCEL_DATE, OH_STATUS_CODE, ON_NOTE, ONLINE_TYPE, ORDER_DATE, ORDER_LOC, ORDER_MER_COST, ORDER_RET_HAND, ORDER_RET_SH, ORDER_RET_TAX, ORDER_RET_TOTAL, ORDER_TYPE, ORDER_TYPE_DESC, ORDER_WEIGHT, ORDERING_SYSTEM, PHONE_NUMBER, PO_CONTROL, PO_DATE_QUAL, PO_DATE, PO_NUMBER, PO_QUAL, PO_TYPE, PO_TYPE_SUFFIX, PS_MSG, PURCHASED_BY, RCD_CODE, RECEIVED_TIMESTAMP, REF_TC_NBR, RESERVE_ORDER_IND, RETURN_MSG, ROUTE_BY_DATE, SALES_CHECK_NUMBER, SALES_REQ_CODE, SELL_CO, SEQ_NBR, ORDER_NUMBER, SHIP_BY_CUT_OFF_DT, SHIP_BY_DATE, SHIP_CANCEL_DATE, SHIP_COMPLETE, SHIP_DATE_QUAL, SHIP_DATE, SHIP_INSTRUCTION, SHIP_PART_COMP_IND, SHIP_PT, SHIP_TO_ADDRESS_1, SHIP_TO_ADDRESS_2, SHIP_TO_CITY, SHIP_TO_CN_CITY, SHIP_TO_COUNTRY, SHIP_TO_CUST_NBR, SHIP_TO_DEST_COD, SHIP_TO_FLAG, SHIP_TO_NAME, SHIP_TO_PHONE, SHIP_TO_PROVENCE, SHIP_TO_STATE, SHIP_TO_STORE, SHIP_TO_TRUNC_FLG, SHIP_TO_ZIP, SPECIAL_INSTRUCT_1, SPECIAL_INSTRUCT_2, SPECIAL_INSTRUCT_3, SPECIAL_INSTRUCT_4, SPECIAL_PO_NO, SRV_LEVEL, STATUS_CODE, STD_CARR_ALPHA_IND, STORE_NAME, TERMS_NET_DAYS, TERMS_TYPE_FLAG, THIRD_PARTY_ACCT_NBR, THIRD_PARTY_ADDR_1, THIRD_PARTY_ADDR_2, THIRD_PARTY_BILL_FLAG, THIRD_PARTY_CITY, THIRD_PARTY_NAME, THIRD_PARTY_NAME_2, THIRD_PARTY_STATE, THIRD_PARTY_ZIP, TOTAL_BINDING_FT, USER_ID, VENDOR_NO, WC_STORE, EDI_ORDER_NUMBER) values (?, ?, ?, ?, ?, ?, ?, ?, ?, ?, ?, ?, ?, ?, ?, ?, ?, ?, ?, ?, ?, ?, ?, ?, ?, ?, ?, ?, ?, ?, ?, ?, ?, ?, ?, ?, ?, ?, ?, ?, ?, ?, ?, ?, ?, ?, ?, ?, ?, ?, ?, ?, ?, ?, ?, ?, ?, ?, ?, ?, ?, ?, ?, ?, ?, ?, ?, ?, ?, ?, ?, ?, ?, ?, ?, ?, ?, ?, ?, ?, ?, ?, ?, ?, ?, ?, ?, ?, ?, ?, ?, ?, ?, ?, ?, ?, ?, ?, ?, ?, ?, ?, ?, ?, ?, ?, ?, ?, ?, ?, ?, ?, ?, ?, ?, ?, ?, ?, ?, ?, ?, ?, ?, ?, ?, ?, ?, ?, ?, ?, ?, ?, ?, ?, ?, ?, ?, ?, ?, ?, ?)
2020-06-19 14:05:48 TRACE [BasicBinder.java:64] binding parameter [1] as [VARCHAR] - [RcWXUPimUhWiYAPuYPKZ]
2020-06-19 14:05:48 TRACE [BasicBinder.java:64] binding parameter [2] as [VARCHAR] - [v]
2020-06-19 14:05:48 TRACE [BasicBinder.java:64] binding parameter [3] as [INTEGER] - [317667]
2020-06-19 14:05:48 TRACE [BasicBinder.java:64] binding parameter [4] as [VARCHAR] - [CcKDZfXlMIwCbUw]
2020-06-19 14:05:48 TRACE [BasicBinder.java:64] binding parameter [5] as [VARCHAR] - [ThMtMSRA]
2020-06-19 14:05:48 TRACE [BasicBinder.java:64] binding parameter [6] as [VARCHAR] - [YYLqMEsmdqgvfdYMPdhA]
2020-06-19 14:05:48 TRACE [BasicBinder.java:64] binding parameter [7] as [VARCHAR] - [KtYxNfIQjC]
2020-06-19 14:05:48 TRACE [BasicBinder.java:64] binding parameter [8] as [VARCHAR] - [EJTkN]
2020-06-19 14:05:48 TRACE [BasicBinder.java:64] binding parameter [9] as [VARCHAR] - [il]
2020-06-19 14:05:48 TRACE [BasicBinder.java:64] binding parameter [10] as [VARCHAR] - [yfbeMjGrvR]
2020-06-19 14:05:48 TRACE [BasicBinder.java:64] binding parameter [11] as [VARCHAR] - [GcbaUpfsLU]
2020-06-19 14:05:48 TRACE [BasicBinder.java:64] binding parameter [12] as [VARCHAR] - [Aba]
2020-06-19 14:05:48 TRACE [BasicBinder.java:64] binding parameter [13] as [VARCHAR] - [Dy]
2020-06-19 14:05:48 TRACE [BasicBinder.java:64] binding parameter [14] as [DOUBLE] - [8422573.967549913]
2020-06-19 14:05:48 TRACE [BasicBinder.java:64] binding parameter [15] as [VARCHAR] - [TfukSPXF]
2020-06-19 14:05:48 TRACE [BasicBinder.java:64] binding parameter [16] as [TIMESTAMP] - [1970-01-01T00:43:39]
2020-06-19 14:05:48 TRACE [BasicBinder.java:64] binding parameter [17] as [VARCHAR] - [HLyJIbB]
2020-06-19 14:05:48 TRACE [BasicBinder.java:64] binding parameter [18] as [VARCHAR] - [oDdYjLMbBDEudWkCLOBs]
2020-06-19 14:05:48 TRACE [BasicBinder.java:64] binding parameter [19] as [VARCHAR] - [eOfCNLniVAVUWHOiLOGd]
2020-06-19 14:05:48 TRACE [BasicBinder.java:64] binding parameter [20] as [VARCHAR] - [TvjjMBXXbPxhXvJMksPc]
2020-06-19 14:05:48 TRACE [BasicBinder.java:64] binding parameter [21] as [VARCHAR] - [RnJMlkCIZktBdejNWuv]
2020-06-19 14:05:48 TRACE [BasicBinder.java:64] binding parameter [22] as [DATE] - [1973-07-20]
2020-06-19 14:05:48 TRACE [BasicBinder.java:64] binding parameter [23] as [VARCHAR] - [k]
2020-06-19 14:05:48 TRACE [BasicBinder.java:64] binding parameter [24] as [VARCHAR] - [xYDrAxUAEhsrBJqEsncC]
2020-06-19 14:05:48 TRACE [BasicBinder.java:64] binding parameter [25] as [VARCHAR] - [Xm]
2020-06-19 14:05:48 TRACE [BasicBinder.java:64] binding parameter [26] as [VARCHAR] - [gvsCYHcYz]
2020-06-19 14:05:48 TRACE [BasicBinder.java:64] binding parameter [27] as [VARCHAR] - [U]
2020-06-19 14:05:48 TRACE [BasicBinder.java:64] binding parameter [28] as [VARCHAR] - [AtsVhJEVjq]
2020-06-19 14:05:48 TRACE [BasicBinder.java:64] binding parameter [29] as [VARCHAR] - [LscuA]
2020-06-19 14:05:48 TRACE [BasicBinder.java:64] binding parameter [30] as [VARCHAR] - [PiaOPCC]
2020-06-19 14:05:48 TRACE [BasicBinder.java:64] binding parameter [31] as [VARCHAR] - [HyMVQCGXCEqvpUYbSHtN]
2020-06-19 14:05:48 TRACE [BasicBinder.java:64] binding parameter [32] as [VARCHAR] - [RjMoRcFRAeWfqKqTGTHE]
2020-06-19 14:05:48 TRACE [BasicBinder.java:64] binding parameter [33] as [VARCHAR] - [sOdY]
2020-06-19 14:05:48 TRACE [BasicBinder.java:64] binding parameter [34] as [VARCHAR] - [Bd]
2020-06-19 14:05:48 TRACE [BasicBinder.java:64] binding parameter [35] as [VARCHAR] - [qjd]
2020-06-19 14:05:48 TRACE [BasicBinder.java:64] binding parameter [36] as [VARCHAR] - [qGTizkDCrBhvyRCSfRRB]
2020-06-19 14:05:48 TRACE [BasicBinder.java:64] binding parameter [37] as [DATE] - [1982-09-07]
2020-06-19 14:05:48 TRACE [BasicBinder.java:64] binding parameter [38] as [DATE] - [1975-06-06]
2020-06-19 14:05:48 TRACE [BasicBinder.java:64] binding parameter [39] as [VARCHAR] - [KLZUKtDliOjnbiuMTRMK]
2020-06-19 14:05:48 TRACE [BasicBinder.java:64] binding parameter [40] as [VARCHAR] - [fnYqjAhEbUzXnLm]
2020-06-19 14:05:48 TRACE [BasicBinder.java:64] binding parameter [41] as [VARCHAR] - [wrE]
2020-06-19 14:05:48 TRACE [BasicBinder.java:64] binding parameter [42] as [VARCHAR] - [oTUfdQVryBLkwMwTzOdS]
2020-06-19 14:05:48 TRACE [BasicBinder.java:64] binding parameter [43] as [TIMESTAMP] - [1970-01-01T01:32]
2020-06-19 14:05:48 TRACE [BasicBinder.java:64] binding parameter [44] as [VARCHAR] - [zqqyReiupNoqqWu]
2020-06-19 14:05:48 TRACE [BasicBinder.java:64] binding parameter [45] as [VARCHAR] - [s]
2020-06-19 14:05:48 TRACE [BasicBinder.java:64] binding parameter [46] as [VARCHAR] - [pm]
2020-06-19 14:05:48 TRACE [BasicBinder.java:64] binding parameter [47] as [VARCHAR] - [R]
2020-06-19 14:05:48 TRACE [BasicBinder.java:64] binding parameter [48] as [VARCHAR] - [KYRnzrUSZrMGWtiHTocQ]
2020-06-19 14:05:48 TRACE [BasicBinder.java:64] binding parameter [49] as [VARCHAR] - [EnMpCsoxApAeBeijiDws]
2020-06-19 14:05:48 TRACE [BasicBinder.java:64] binding parameter [50] as [VARCHAR] - [F]
2020-06-19 14:05:48 TRACE [BasicBinder.java:64] binding parameter [51] as [VARCHAR] - [aHMdRIhKMk]
2020-06-19 14:05:48 TRACE [BasicBinder.java:64] binding parameter [52] as [VARCHAR] - [CoaRhbjDCO]
2020-06-19 14:05:48 TRACE [BasicBinder.java:64] binding parameter [53] as [VARCHAR] - [GC]
2020-06-19 14:05:48 TRACE [BasicBinder.java:64] binding parameter [54] as [DATE] - [1982-10-22]
2020-06-19 14:05:48 TRACE [BasicBinder.java:64] binding parameter [55] as [VARCHAR] - [X]
2020-06-19 14:05:48 TRACE [BasicBinder.java:64] binding parameter [56] as [VARCHAR] - [L]
2020-06-19 14:05:48 TRACE [BasicBinder.java:64] binding parameter [57] as [DATE] - [1987-08-02]
2020-06-19 14:05:48 TRACE [BasicBinder.java:64] binding parameter [58] as [VARCHAR] - [N]
2020-06-19 14:05:48 TRACE [BasicBinder.java:64] binding parameter [59] as [VARCHAR] - [YgvznRgEoaGzzYTInpxM]
2020-06-19 14:05:48 TRACE [BasicBinder.java:64] binding parameter [60] as [VARCHAR] - [r]
2020-06-19 14:05:48 TRACE [BasicBinder.java:64] binding parameter [61] as [DATE] - [1986-05-19]
2020-06-19 14:05:48 TRACE [BasicBinder.java:64] binding parameter [62] as [VARCHAR] - [01]
2020-06-19 14:05:48 TRACE [BasicBinder.java:64] binding parameter [63] as [DOUBLE] - [7830677.334573909]
2020-06-19 14:05:48 TRACE [BasicBinder.java:64] binding parameter [64] as [DOUBLE] - [5223232.818793557]
2020-06-19 14:05:48 TRACE [BasicBinder.java:64] binding parameter [65] as [DOUBLE] - [10273.651558145459]
2020-06-19 14:05:48 TRACE [BasicBinder.java:64] binding parameter [66] as [DOUBLE] - [5028011.745434448]
2020-06-19 14:05:48 TRACE [BasicBinder.java:64] binding parameter [67] as [DOUBLE] - [4658853.607046578]
2020-06-19 14:05:48 TRACE [BasicBinder.java:64] binding parameter [68] as [VARCHAR] - [S]
2020-06-19 14:05:48 TRACE [BasicBinder.java:64] binding parameter [69] as [VARCHAR] - [SAMPLES]
2020-06-19 14:05:48 TRACE [BasicBinder.java:64] binding parameter [70] as [DOUBLE] - [3754135.7202076116]
2020-06-19 14:05:48 TRACE [BasicBinder.java:64] binding parameter [71] as [VARCHAR] - [xJ]
2020-06-19 14:05:48 TRACE [BasicBinder.java:64] binding parameter [72] as [VARCHAR] - [bLpmnJCQdxe]
2020-06-19 14:05:48 TRACE [BasicBinder.java:64] binding parameter [73] as [VARCHAR] - [djtmL]
2020-06-19 14:05:48 TRACE [BasicBinder.java:64] binding parameter [74] as [VARCHAR] - [ibt]
2020-06-19 14:05:48 TRACE [BasicBinder.java:64] binding parameter [75] as [DATE] - [1978-07-25]
2020-06-19 14:05:48 TRACE [BasicBinder.java:64] binding parameter [76] as [VARCHAR] - [DDoUZlbnTPFdaZOXbeSm]
2020-06-19 14:05:48 TRACE [BasicBinder.java:64] binding parameter [77] as [VARCHAR] - [bk]
2020-06-19 14:05:48 TRACE [BasicBinder.java:64] binding parameter [78] as [VARCHAR] - [IBqRn]
2020-06-19 14:05:48 TRACE [BasicBinder.java:64] binding parameter [79] as [VARCHAR] - [zSCOyClCMd]
2020-06-19 14:05:48 TRACE [BasicBinder.java:64] binding parameter [80] as [VARCHAR] - [pGLoeOGXbdIIzcUnPeCJ]
2020-06-19 14:05:48 TRACE [BasicBinder.java:64] binding parameter [81] as [VARCHAR] - [hxuLJMayvmlFMWlpNuKo]
2020-06-19 14:05:48 TRACE [BasicBinder.java:64] binding parameter [82] as [VARCHAR] - [G]
2020-06-19 14:05:48 TRACE [BasicBinder.java:64] binding parameter [83] as [TIMESTAMP] - [1970-01-01T00:33:58]
2020-06-19 14:05:48 TRACE [BasicBinder.java:64] binding parameter [84] as [VARCHAR] - [ruhkoYUKwDbPTHraFqdh]
2020-06-19 14:05:48 TRACE [BasicBinder.java:64] binding parameter [85] as [VARCHAR] - [G]
2020-06-19 14:05:48 TRACE [BasicBinder.java:64] binding parameter [86] as [VARCHAR] - [UOXCRKqTKTVmRHVUTYBh]
2020-06-19 14:05:48 TRACE [BasicBinder.java:64] binding parameter [87] as [DATE] - [1991-11-25]
2020-06-19 14:05:48 TRACE [BasicBinder.java:64] binding parameter [88] as [VARCHAR] - [pWmXcePzyBwpXxridGbx]
2020-06-19 14:05:48 TRACE [BasicBinder.java:64] binding parameter [89] as [VARCHAR] - [wh]
2020-06-19 14:05:48 TRACE [BasicBinder.java:64] binding parameter [90] as [VARCHAR] - [bJ]
2020-06-19 14:05:48 TRACE [BasicBinder.java:64] binding parameter [91] as [INTEGER] - [130664]
2020-06-19 14:05:48 TRACE [BasicBinder.java:64] binding parameter [92] as [VARCHAR] - [APcTYj]
2020-06-19 14:05:48 TRACE [BasicBinder.java:64] binding parameter [93] as [DATE] - [1993-04-13]
2020-06-19 14:05:48 TRACE [BasicBinder.java:64] binding parameter [94] as [DATE] - [1993-04-09]
2020-06-19 14:05:48 TRACE [BasicBinder.java:64] binding parameter [95] as [DATE] - [1987-05-23]
2020-06-19 14:05:48 TRACE [BasicBinder.java:64] binding parameter [96] as [VARCHAR] - [z]
2020-06-19 14:05:48 TRACE [BasicBinder.java:64] binding parameter [97] as [VARCHAR] - [gqh]
2020-06-19 14:05:48 TRACE [BasicBinder.java:64] binding parameter [98] as [DATE] - [1992-02-19]
2020-06-19 14:05:48 TRACE [BasicBinder.java:64] binding parameter [99] as [VARCHAR] - [GQznZmuEKtfqgAQhvqYC]
2020-06-19 14:05:48 TRACE [BasicBinder.java:64] binding parameter [100] as [VARCHAR] - [x]
2020-06-19 14:05:48 TRACE [BasicBinder.java:64] binding parameter [101] as [VARCHAR] - [uF]
2020-06-19 14:05:48 TRACE [BasicBinder.java:64] binding parameter [102] as [VARCHAR] - [iAkkshnyFYruJQxmgaar]
2020-06-19 14:05:48 TRACE [BasicBinder.java:64] binding parameter [103] as [VARCHAR] - [YzjmpILGFjLAWJbjvFgd]
2020-06-19 14:05:48 TRACE [BasicBinder.java:64] binding parameter [104] as [VARCHAR] - [LWSloOzwvLTubNiFJJN]
2020-06-19 14:05:48 TRACE [BasicBinder.java:64] binding parameter [105] as [VARCHAR] - [lMOuPQoXuqaUCMqEana]
2020-06-19 14:05:48 TRACE [BasicBinder.java:64] binding parameter [106] as [VARCHAR] - [pykCUCcFIXysoYbCHoE]
2020-06-19 14:05:48 TRACE [BasicBinder.java:64] binding parameter [107] as [VARCHAR] - [VvIdLTt]
2020-06-19 14:05:48 TRACE [BasicBinder.java:64] binding parameter [108] as [VARCHAR] - [VO]
2020-06-19 14:05:48 TRACE [BasicBinder.java:64] binding parameter [109] as [INTEGER] - [745026]
2020-06-19 14:05:48 TRACE [BasicBinder.java:64] binding parameter [110] as [VARCHAR] - [WFddGxWzelceUOwrfJZU]
2020-06-19 14:05:48 TRACE [BasicBinder.java:64] binding parameter [111] as [VARCHAR] - [byZuVvTFfoGDQZu]
2020-06-19 14:05:48 TRACE [BasicBinder.java:64] binding parameter [112] as [VARCHAR] - [dJvdrzXJEIBXWGHhaan]
2020-06-19 14:05:48 TRACE [BasicBinder.java:64] binding parameter [113] as [VARCHAR] - [GY]
2020-06-19 14:05:48 TRACE [BasicBinder.java:64] binding parameter [114] as [VARCHAR] - [zwZiCjYVBb]
2020-06-19 14:05:48 TRACE [BasicBinder.java:64] binding parameter [115] as [VARCHAR] - [F]
2020-06-19 14:05:48 TRACE [BasicBinder.java:64] binding parameter [116] as [VARCHAR] - [oYhMlOBfCoL]
2020-06-19 14:05:48 TRACE [BasicBinder.java:64] binding parameter [117] as [VARCHAR] - [iNOEomONBoBejLKwWakN]
2020-06-19 14:05:48 TRACE [BasicBinder.java:64] binding parameter [118] as [VARCHAR] - [AQWqoLwatTFomCyijorc]
2020-06-19 14:05:48 TRACE [BasicBinder.java:64] binding parameter [119] as [VARCHAR] - [vJBWriPxUWzAPfcvhsDg]
2020-06-19 14:05:48 TRACE [BasicBinder.java:64] binding parameter [120] as [VARCHAR] - [aHbMIzJhHBpnidArfQme]
2020-06-19 14:05:48 TRACE [BasicBinder.java:64] binding parameter [121] as [VARCHAR] - [AWJpcrLISkOYIhmJpbYH]
2020-06-19 14:05:48 TRACE [BasicBinder.java:64] binding parameter [122] as [VARCHAR] - [aA]
2020-06-19 14:05:48 TRACE [BasicBinder.java:64] binding parameter [123] as [VARCHAR] - [k]
2020-06-19 14:05:48 TRACE [BasicBinder.java:64] binding parameter [124] as [VARCHAR] - [jlkb]
2020-06-19 14:05:48 TRACE [BasicBinder.java:64] binding parameter [125] as [VARCHAR] - [ErYZWEuzUKRUtvoPYvPc]
2020-06-19 14:05:48 TRACE [BasicBinder.java:64] binding parameter [126] as [VARCHAR] - [JYC]
2020-06-19 14:05:48 TRACE [BasicBinder.java:64] binding parameter [127] as [VARCHAR] - [mY]
2020-06-19 14:05:48 TRACE [BasicBinder.java:64] binding parameter [128] as [VARCHAR] - [hKVlZvGmoxifUtelkAIP]
2020-06-19 14:05:48 TRACE [BasicBinder.java:64] binding parameter [129] as [VARCHAR] - [gghPDbKYiOKYEYlKmrLU]
2020-06-19 14:05:48 TRACE [BasicBinder.java:64] binding parameter [130] as [VARCHAR] - [relreElBNCfWEByibfZz]
2020-06-19 14:05:48 TRACE [BasicBinder.java:64] binding parameter [131] as [VARCHAR] - [i]
2020-06-19 14:05:48 TRACE [BasicBinder.java:64] binding parameter [132] as [VARCHAR] - [rVbBFbepctFsbDBqaPDR]
2020-06-19 14:05:48 TRACE [BasicBinder.java:64] binding parameter [133] as [VARCHAR] - [TPWQGQUMGjJBszOTvxHV]
2020-06-19 14:05:48 TRACE [BasicBinder.java:64] binding parameter [134] as [VARCHAR] - [bhocojOjOplMAssHnDcp]
2020-06-19 14:05:48 TRACE [BasicBinder.java:64] binding parameter [135] as [VARCHAR] - [mc]
2020-06-19 14:05:48 TRACE [BasicBinder.java:64] binding parameter [136] as [VARCHAR] - [fUNprHpFckFWJsqI]
2020-06-19 14:05:48 TRACE [BasicBinder.java:64] binding parameter [137] as [DOUBLE] - [8546545.693224104]
2020-06-19 14:05:48 TRACE [BasicBinder.java:64] binding parameter [138] as [VARCHAR] - [RXPvDCRq]
2020-06-19 14:05:48 TRACE [BasicBinder.java:64] binding parameter [139] as [VARCHAR] - [qaSuYKDnHpxcDqo]
2020-06-19 14:05:48 TRACE [BasicBinder.java:64] binding parameter [140] as [VARCHAR] - [CmhqDXVNnk]
2020-06-19 14:05:48 TRACE [BasicBinder.java:64] binding parameter [141] as [BIGINT] - [5]
2020-06-19 14:05:48 DEBUG [MockBuilder.java:94] set srvLevel -> tr
2020-06-19 14:05:48 DEBUG [MockBuilder.java:94] set phone -> qitBcYUeRhXokIm
2020-06-19 14:05:48 DEBUG [MockBuilder.java:94] set shipPartCompInd -> G
2020-06-19 14:05:48 DEBUG [MockBuilder.java:94] set beg -> eZXmQ
2020-06-19 14:05:48 DEBUG [MockBuilder.java:94] set storeName -> rlMJSGuPvqmqZNhZbUwP
2020-06-19 14:05:48 DEBUG [MockBuilder.java:94] set statusCode -> Q
2020-06-19 14:05:48 DEBUG [MockBuilder.java:94] set shipPt -> sf
2020-06-19 14:05:48 DEBUG [MockBuilder.java:94] set eventInfo -> RDUqScFenfaAQkn
2020-06-19 14:05:48 DEBUG [MockBuilder.java:94] set billToState -> sB
2020-06-19 14:05:48 DEBUG [MockBuilder.java:94] set stdCarrAlphaInd -> QnUg
2020-06-19 14:05:48 DEBUG [MockBuilder.java:94] set consStatusMsg -> XjIsCyYiCAOIIdvgLoGl
2020-06-19 14:05:48 DEBUG [MockBuilder.java:94] set explodeFlag -> Y
2020-06-19 14:05:48 DEBUG [MockBuilder.java:94] set province -> lnjUmHJbvwEFonRfhbK
2020-06-19 14:05:48 DEBUG [MockBuilder.java:94] set specialInstruct1 -> sWpWWWPImNtTXwPRCKeS
2020-06-19 14:05:48 DEBUG [MockBuilder.java:94] set termsNetDays -> fmk
2020-06-19 14:05:48 DEBUG [MockBuilder.java:94] set contractUsageInd -> L
2020-06-19 14:05:48 DEBUG [MockBuilder.java:94] set fobPoint -> Fc
2020-06-19 14:05:48 DEBUG [MockBuilder.java:94] set specialInstruct2 -> xgmIIRavxjwYwgPYQhbe
2020-06-19 14:05:48 DEBUG [MockBuilder.java:94] set frtCode -> e
2020-06-19 14:05:48 DEBUG [MockBuilder.java:94] set name -> tZIuaqZmDsjJZulvQnka
2020-06-19 14:05:48 DEBUG [MockBuilder.java:94] set specialInstruct3 -> kSrXyZxxfQuzxxTnkSmp
2020-06-19 14:05:48 DEBUG [MockBuilder.java:94] set billToStore -> qHgnpnHAaK
2020-06-19 14:05:48 DEBUG [MockBuilder.java:94] set giftMessage1 -> llPBECuHGkvmEdayzZfr
2020-06-19 14:05:48 DEBUG [MockBuilder.java:94] set ohStatusCode -> V
2020-06-19 14:05:48 DEBUG [MockBuilder.java:94] set specialInstruct4 -> ESlGDSLDBlGfGqppPPNB
2020-06-19 14:05:48 DEBUG [MockBuilder.java:94] set bsStoreNbr -> jlYiDDUKsM
2020-06-19 14:05:48 DEBUG [MockBuilder.java:94] set giftMessage2 -> HSvDQgepNIgSsLLLnyYS
2020-06-19 14:05:48 DEBUG [MockBuilder.java:94] set flag -> 773108
2020-06-19 14:05:48 DEBUG [MockBuilder.java:94] set cancelDateQualifier -> Cla
2020-06-19 14:05:48 DEBUG [MockBuilder.java:94] set hostAlertFlag -> m
2020-06-19 14:05:48 DEBUG [MockBuilder.java:94] set onNote -> mLRKuDiHuxyfaHqMFjlx
2020-06-19 14:05:48 DEBUG [MockBuilder.java:94] set carrierCode -> gY
2020-06-19 14:05:48 DEBUG [MockBuilder.java:94] set truncFlag -> R
2020-06-19 14:05:48 DEBUG [MockBuilder.java:94] set dunsNbr -> mzGUDhYZMFPQUCj
2020-06-19 14:05:48 DEBUG [MockBuilder.java:94] set crossDockCenter -> dGukCMzJOa
2020-06-19 14:05:48 DEBUG [MockBuilder.java:94] set onlineType -> F
2020-06-19 14:05:48 DEBUG [MockBuilder.java:94] set cbCutLength -> 4880108.9597740425
2020-06-19 14:05:48 DEBUG [MockBuilder.java:94] set errorCode -> UYe
2020-06-19 14:05:48 DEBUG [MockBuilder.java:94] set custDept -> KJllb
2020-06-19 14:05:48 DEBUG [MockBuilder.java:94] set termsTypeFlag -> Dk
2020-06-19 14:05:48 DEBUG [MockBuilder.java:94] set errorDescription -> ThIspReFPOiJCPCWCLhe
2020-06-19 14:05:48 DEBUG [MockBuilder.java:94] set specialPoNo -> xxBgpKPUUJrNSkKwKTJs
2020-06-19 14:05:48 DEBUG [MockBuilder.java:94] set chngLid -> ivkPpcEE
2020-06-19 14:05:48 DEBUG [MockBuilder.java:94] set totalBindingFt -> 9608632.804179853
2020-06-19 14:05:48 DEBUG [MockBuilder.java:94] set zip -> KqycKvhCqLe
2020-06-19 14:05:48 DEBUG [MockBuilder.java:94] set chngTimestamp -> 1970-01-01T01:03:55
2020-06-19 14:05:48 DEBUG [MockBuilder.java:94] set orderingSystem -> zl
2020-06-19 14:05:48 DEBUG [MockBuilder.java:94] set phoneNumber -> OJMpKeejgiI
2020-06-19 14:05:48 DEBUG [MockBuilder.java:94] set commCust -> klMpbkQ
2020-06-19 14:05:48 DEBUG [MockBuilder.java:94] set agreementNumber -> mBcxoFAHpDoZTJb
2020-06-19 14:05:48 DEBUG [MockBuilder.java:94] set orderDate -> 1984-03-24
2020-06-19 14:05:48 DEBUG [MockBuilder.java:94] set customerCode -> kt
2020-06-19 14:05:48 DEBUG [MockBuilder.java:94] set assignedAgent -> uFjtfllA
2020-06-19 14:05:48 DEBUG [MockBuilder.java:94] set errorTimestamp -> 1970-01-01T01:51:26
2020-06-19 14:05:48 DEBUG [MockBuilder.java:94] set custNbr -> WgvJveJ
2020-06-19 14:05:48 DEBUG [MockBuilder.java:94] set orderLoc -> pW
2020-06-19 14:05:48 DEBUG [MockBuilder.java:94] set deliveryDate -> 1973-05-19
2020-06-19 14:05:48 DEBUG [MockBuilder.java:94] set shipComplete -> l
2020-06-19 14:05:48 DEBUG [MockBuilder.java:94] set orderMerCost -> 4945972.85876089
2020-06-19 14:05:48 DEBUG [MockBuilder.java:94] set store -> WSJrDPJGbj
2020-06-19 14:05:48 DEBUG [MockBuilder.java:94] set shipDateValue -> 1976-07-09
2020-06-19 14:05:48 DEBUG [MockBuilder.java:94] set delvCutOffDt -> 1995-02-03
2020-06-19 14:05:48 DEBUG [MockBuilder.java:94] set poControl -> MOPDO
2020-06-19 14:05:48 DEBUG [MockBuilder.java:94] set divDesc -> UnAwiqzFiJzRHniOTbUn
2020-06-19 14:05:48 DEBUG [MockBuilder.java:94] set authRep -> HUDcSefDJJoBagSnbcZr
2020-06-19 14:05:48 DEBUG [MockBuilder.java:94] set customerRefNbr -> NyH
2020-06-19 14:05:48 DEBUG [MockBuilder.java:94] set state -> Fu
2020-06-19 14:05:48 DEBUG [MockBuilder.java:94] set poDateValue -> 1993-03-12
2020-06-19 14:05:48 DEBUG [MockBuilder.java:94] set shipDateQualifier -> ZvK
2020-06-19 14:05:48 DEBUG [MockBuilder.java:94] set authorizationNo -> OxCJkDgTEj
2020-06-19 14:05:48 DEBUG [MockBuilder.java:94] set salesCheckNumber -> nqEFGPwEBsKlRgNXZUuI
2020-06-19 14:05:48 DEBUG [MockBuilder.java:94] set customerSidemark -> cUgkuQaxpBWoqRsmVLdP
2020-06-19 14:05:48 DEBUG [MockBuilder.java:94] set country -> AFiAwLoZHWRQyBDkPVa
2020-06-19 14:05:48 DEBUG [MockBuilder.java:94] set acctContact -> ZquqJJufNJpJzEhRKnZo
2020-06-19 14:05:48 DEBUG [MockBuilder.java:94] set shawOrderNumber -> CbHPLQ
2020-06-19 14:05:48 DEBUG [MockBuilder.java:94] set custPmtMeth -> SfhYFnqGCNJNTsxNysew
2020-06-19 14:05:48 DEBUG [MockBuilder.java:94] set poDateQualifier -> bVo
2020-06-19 14:05:48 DEBUG [MockBuilder.java:94] set cnCity -> lGfgLEpPYuLvTHoLZbk
2020-06-19 14:05:48 DEBUG [MockBuilder.java:94] set acknowlegeOrdInd -> Y
2020-06-19 14:05:48 DEBUG [MockBuilder.java:94] set custSpInst -> ezltGUgIhLfXjQdUbmZG
2020-06-19 14:05:48 DEBUG [MockBuilder.java:94] set shipInstruction -> vocMntwRXjvWlGPPdDRR
2020-06-19 14:05:48 DEBUG [MockBuilder.java:94] set addrKey -> 636944
2020-06-19 14:05:48 DEBUG [MockBuilder.java:94] set destCode -> Lm
2020-06-19 14:05:48 DEBUG [MockBuilder.java:94] set custWhNbr -> qkyf
2020-06-19 14:05:48 DEBUG [MockBuilder.java:94] set shipByCutOffDt -> 1994-06-19
2020-06-19 14:05:48 DEBUG [MockBuilder.java:94] set salesReqCode -> Aa
2020-06-19 14:05:48 DEBUG [MockBuilder.java:94] set custNbr -> SBVHEpC
2020-06-19 14:05:48 DEBUG [MockBuilder.java:94] set nbDate -> 1970-03-05
2020-06-19 14:05:48 DEBUG [MockBuilder.java:94] set poNumber -> kNuhMVfjVQMKgJIqJTBW
2020-06-19 14:05:48 DEBUG [MockBuilder.java:94] set newStoreInd -> x
2020-06-19 14:05:48 DEBUG [MockBuilder.java:94] set poType -> qAekb
2020-06-19 14:05:48 DEBUG [MockBuilder.java:94] set shipByDate -> 1975-04-10
2020-06-19 14:05:48 DEBUG [MockBuilder.java:94] set addressLine2 -> tGnCxOneehHhqEndImEg
2020-06-19 14:05:48 DEBUG [MockBuilder.java:94] set poQual -> Xr
2020-06-19 14:05:48 DEBUG [MockBuilder.java:94] set noAsnFlag -> L
2020-06-19 14:05:48 DEBUG [MockBuilder.java:94] set shipCancelDate -> 1990-11-15
2020-06-19 14:05:48 DEBUG [MockBuilder.java:94] set city -> vdHWDffPAvFBxMaYoSw
2020-06-19 14:05:48 DEBUG [MockBuilder.java:94] set reserveOrderInd -> Z
2020-06-19 14:05:48 DEBUG [MockBuilder.java:94] set poTypeSuffix -> NXnsYjSsBy
2020-06-19 14:05:48 DEBUG [MockBuilder.java:94] set orderRetTotal -> 6808822.797335885
2020-06-19 14:05:48 DEBUG [MockBuilder.java:94] set sellCo -> BT
2020-06-19 14:05:48 DEBUG [MockBuilder.java:94] set orderRetHand -> 7090612.59712534
2020-06-19 14:05:48 DEBUG [MockBuilder.java:94] set addressLine1 -> AVvhrLWyAbsKusFumHSk
2020-06-19 14:05:48 DEBUG [MockBuilder.java:94] set returnMsg -> dzRKniLkvvTZRpdPKxuF
2020-06-19 14:05:48 DEBUG [MockBuilder.java:94] set orderType -> G
2020-06-19 14:05:48 DEBUG [MockBuilder.java:94] set psMsg -> iGoIzOCcHUiiVFaFPcdV
2020-06-19 14:05:48 DEBUG [MockBuilder.java:94] set shipToAddress -> LegacyShipToAddress [addressLine1=AVvhrLWyAbsKusFumHSk, addressLine2=tGnCxOneehHhqEndImEg, city=vdHWDffPAvFBxMaYoSw, cnCity=lGfgLEpPYuLvTHoLZbk, country=AFiAwLoZHWRQyBDkPVa, custNbr=SBVHEpC, destCode=Lm, flag=773108, name=tZIuaqZmDsjJZulvQnka, phone=qitBcYUeRhXokIm, province=lnjUmHJbvwEFonRfhbK, state=Fu, store=WSJrDPJGbj, truncFlag=R, zip=KqycKvhCqLe]
2020-06-19 14:05:48 DEBUG [MockBuilder.java:94] set orderTypeDesc -> OgWAXqsmBGjaQUn
2020-06-19 14:05:48 DEBUG [MockBuilder.java:94] set ohCancelDateValue -> 1988-11-24
2020-06-19 14:05:48 DEBUG [MockBuilder.java:94] set userId -> xkPtRTJY
2020-06-19 14:05:48 DEBUG [MockBuilder.java:94] set orderWeight -> 3369165.8626442966
2020-06-19 14:05:48 DEBUG [MockBuilder.java:94] set orderRetSh -> 1402985.3009122848
2020-06-19 14:05:48 DEBUG [MockBuilder.java:94] set vendorNo -> inQdDTcpOQaYXnm
2020-06-19 14:05:48 DEBUG [MockBuilder.java:94] set addressLine1 -> HDFoImEZQFbAVZPqHLPx
2020-06-19 14:05:48 DEBUG [MockBuilder.java:94] set city -> FIvayUCtfeTXVKVMMILl
2020-06-19 14:05:48 DEBUG [MockBuilder.java:94] set inputMethod -> PUJEHecJXn
2020-06-19 14:05:48 DEBUG [MockBuilder.java:94] set wcStore -> qAvgJVinGO
2020-06-19 14:05:48 DEBUG [MockBuilder.java:94] set orderRetTax -> 4471630.855910383
2020-06-19 14:05:48 DEBUG [MockBuilder.java:94] set accountNbr -> mkBCfRhYvXyVBdztgZbz
2020-06-19 14:05:48 DEBUG [MockBuilder.java:94] set markForStore -> HlbHffSIYj
2020-06-19 14:05:48 DEBUG [MockBuilder.java:94] set seqNbr -> 903291
2020-06-19 14:05:48 DEBUG [MockBuilder.java:94] set tpcountry -> ELyKcYmqOdPKiVTCjnzT
2020-06-19 14:05:48 DEBUG [MockBuilder.java:94] set addressLine2 -> kwueVRyqQjQtqgYkBUfW
2020-06-19 14:05:48 DEBUG [MockBuilder.java:94] set mediaEventCode -> Ca
2020-06-19 14:05:48 DEBUG [MockBuilder.java:94] set routeByDate -> 1978-08-12
2020-06-19 14:05:48 DEBUG [MockBuilder.java:94] set tpphone -> KTyTUGctlmJBcLoeJhZW
2020-06-19 14:05:48 DEBUG [MockBuilder.java:94] set billFlag -> y
2020-06-19 14:05:48 DEBUG [MockBuilder.java:94] set name -> sFqJrBmDnJhoVEuxClkS
2020-06-19 14:05:48 DEBUG [MockBuilder.java:94] set name2 -> TIeRnLrWBcKHsDuNLnYM
2020-06-19 14:05:48 DEBUG [MockBuilder.java:94] set zip -> NfeeKPSyfUpgYXjq
2020-06-19 14:05:48 DEBUG [MockBuilder.java:94] set cphone -> VTPoZMVpZGEXqcXgEsaC
2020-06-19 14:05:48 DEBUG [MockBuilder.java:94] set consumerPoDateValue -> 1979-10-03
2020-06-19 14:05:48 DEBUG [MockBuilder.java:94] set state -> Ox
2020-06-19 14:05:48 DEBUG [MockBuilder.java:94] set name -> iaaWaXKbrQwduWztrcUB
2020-06-19 14:05:48 DEBUG [MockBuilder.java:94] set addressLine2 -> RTPGpazzFOtIQjUpqmtO
2020-06-19 14:05:48 DEBUG [MockBuilder.java:94] set ccountry -> QCyBzvNSPdYltHRntVFA
2020-06-19 14:05:48 DEBUG [MockBuilder.java:94] set city -> rfXJarLhhweVuTCFRxG
2020-06-19 14:05:48 DEBUG [MockBuilder.java:94] set tpprovince -> DyleYpZBMreBEQbMapHx
2020-06-19 14:05:48 DEBUG [MockBuilder.java:94] set addressLine1 -> ntIgFKitczpdAUpbHwlO
2020-06-19 14:05:48 DEBUG [MockBuilder.java:94] set state -> PS
2020-06-19 14:05:48 DEBUG [MockBuilder.java:94] set cprovince -> yKZnZuOrIYfaIdAMmAVw
2020-06-19 14:05:48 DEBUG [MockBuilder.java:94] set zip -> WoGkSITBP
2020-06-19 14:05:48 DEBUG [MockBuilder.java:94] set consumerShipFlg -> J
2020-06-19 14:05:48 DEBUG [MockBuilder.java:94] set thirdPartyAddress -> LegacyThirdPartyAddress [tpprovince=DyleYpZBMreBEQbMapHx, tpcountry=ELyKcYmqOdPKiVTCjnzT, tpphone=KTyTUGctlmJBcLoeJhZW, addressLine1=HDFoImEZQFbAVZPqHLPx, addressLine2=kwueVRyqQjQtqgYkBUfW, accountNbr=mkBCfRhYvXyVBdztgZbz, billFlag=y, city=FIvayUCtfeTXVKVMMILl, name=iaaWaXKbrQwduWztrcUB, name2=TIeRnLrWBcKHsDuNLnYM, state=PS, zip=NfeeKPSyfUpgYXjq]
2020-06-19 14:05:48 DEBUG [MockBuilder.java:94] set consumerAddress -> LegacyConsumerAddress [cprovince=yKZnZuOrIYfaIdAMmAVw, ccountry=QCyBzvNSPdYltHRntVFA, cphone=VTPoZMVpZGEXqcXgEsaC, addressLine1=ntIgFKitczpdAUpbHwlO, addressLine2=RTPGpazzFOtIQjUpqmtO, city=rfXJarLhhweVuTCFRxG, name=sFqJrBmDnJhoVEuxClkS, consumerPoDateValue=1979-10-03, consumerShipFlg=J, state=Ox, zip=WoGkSITBP]
2020-06-19 14:05:48 DEBUG [MockBuilder.java:94] set dates -> null
2020-06-19 14:05:48 DEBUG [MockBuilder.java:94] set purchasedBy -> EDjwePKEhCztfsbPAegt
2020-06-19 14:05:48 DEBUG [MockBuilder.java:94] set lines -> null
2020-06-19 14:05:48 DEBUG [MockBuilder.java:94] set rcdCode -> E
2020-06-19 14:05:48 DEBUG [MockBuilder.java:94] set receivedTimestamp -> 1970-01-01T00:29:05
2020-06-19 14:05:48 DEBUG [MockBuilder.java:94] set refTcNbr -> KPtJAweJWWqQTCJOcRZe
2020-06-19 14:05:48 DEBUG [MockHelper.java:99] EdiOrderHeader [legacyOrderNumber=null, acctContact=ZquqJJufNJpJzEhRKnZo, acknowlegeOrdInd=Y, addrKey=636944, agreementNumber=mBcxoFAHpDoZTJb, assignedAgent=uFjtfllA, authRep=HUDcSefDJJoBagSnbcZr, authorizationNo=OxCJkDgTEj, beg=eZXmQ, billToState=sB, billToStore=qHgnpnHAaK, bsStoreNbr=jlYiDDUKsM, cancelDateQualifier=Cla, carrierCode=gY, cbCutLength=4880108.9597740425, chngLid=ivkPpcEE, chngTimestamp=1970-01-01T01:03:55, commCust=klMpbkQ, consStatusMsg=XjIsCyYiCAOIIdvgLoGl, contractUsageInd=L, crossDockCenter=dGukCMzJOa, custDept=KJllb, custPmtMeth=SfhYFnqGCNJNTsxNysew, custSpInst=ezltGUgIhLfXjQdUbmZG, custWhNbr=qkyf, customerCode=kt, custNbr=WgvJveJ, customerRefNbr=NyH, customerSidemark=cUgkuQaxpBWoqRsmVLdP, deliveryDate=1973-05-19, delvCutOffDt=1995-02-03, divDesc=UnAwiqzFiJzRHniOTbUn, dunsNbr=mzGUDhYZMFPQUCj, errorCode=UYe, errorDescription=ThIspReFPOiJCPCWCLhe, errorTimestamp=1970-01-01T01:51:26, eventInfo=RDUqScFenfaAQkn, explodeFlag=Y, fobPoint=Fc, frtCode=e, giftMessage1=llPBECuHGkvmEdayzZfr, giftMessage2=HSvDQgepNIgSsLLLnyYS, hostAlertFlag=m, inputMethod=PUJEHecJXn, markForStore=HlbHffSIYj, mediaEventCode=Ca, nbDate=1970-03-05, newStoreInd=x, noAsnFlag=L, ohCancelDateValue=1988-11-24, ohStatusCode=V, onNote=mLRKuDiHuxyfaHqMFjlx, onlineType=F, orderDate=1984-03-24, orderLoc=01, orderMerCost=4945972.85876089, shawOrderNumber=CbHPLQ, orderRetHand=7090612.59712534, orderRetSh=1402985.3009122848, orderRetTax=4471630.855910383, orderRetTotal=6808822.797335885, orderType=H, orderTypeDesc=HARDSURFACES, orderWeight=3369165.8626442966, orderingSystem=zl, phoneNumber=OJMpKeejgiI, poControl=MOPDO, poDateValue=1993-03-12, poDateQualifier=bVo, poNumber=kNuhMVfjVQMKgJIqJTBW, poQual=Xr, poType=qAekb, poTypeSuffix=NXnsYjSsBy, psMsg=iGoIzOCcHUiiVFaFPcdV, purchasedBy=EDjwePKEhCztfsbPAegt, rcdCode=E, receivedTimestamp=1970-01-01T00:29:05, refTcNbr=KPtJAweJWWqQTCJOcRZe, reserveOrderInd=Z, returnMsg=dzRKniLkvvTZRpdPKxuF, routeByDate=1978-08-12, salesCheckNumber=nqEFGPwEBsKlRgNXZUuI, salesReqCode=Aa, sellCo=BT, seqNbr=903291, shipByCutOffDt=1994-06-19, shipByDate=1975-04-10, shipCancelDate=1990-11-15, shipComplete=l, shipDateValue=1976-07-09, shipDateQualifier=ZvK, shipInstruction=vocMntwRXjvWlGPPdDRR, shipPartCompInd=G, shipPt=sf, specialInstruct1=sWpWWWPImNtTXwPRCKeS, specialInstruct2=xgmIIRavxjwYwgPYQhbe, specialInstruct3=kSrXyZxxfQuzxxTnkSmp, specialInstruct4=ESlGDSLDBlGfGqppPPNB, specialPoNo=xxBgpKPUUJrNSkKwKTJs, srvLevel=tr, statusCode=Q, stdCarrAlphaInd=QnUg, storeName=rlMJSGuPvqmqZNhZbUwP, termsNetDays=fmk, termsTypeFlag=Dk, totalBindingFt=9608632.804179853, userId=xkPtRTJY, vendorNo=inQdDTcpOQaYXnm, wcStore=qAvgJVinGO, consumerAddress=LegacyConsumerAddress [cprovince=yKZnZuOrIYfaIdAMmAVw, ccountry=QCyBzvNSPdYltHRntVFA, cphone=VTPoZMVpZGEXqcXgEsaC, addressLine1=ntIgFKitczpdAUpbHwlO, addressLine2=RTPGpazzFOtIQjUpqmtO, city=rfXJarLhhweVuTCFRxG, name=sFqJrBmDnJhoVEuxClkS, consumerPoDateValue=1979-10-03, consumerShipFlg=J, state=Ox, zip=WoGkSITBP], shipToAddress=LegacyShipToAddress [addressLine1=AVvhrLWyAbsKusFumHSk, addressLine2=tGnCxOneehHhqEndImEg, city=vdHWDffPAvFBxMaYoSw, cnCity=lGfgLEpPYuLvTHoLZbk, country=AFiAwLoZHWRQyBDkPVa, custNbr=SBVHEpC, destCode=Lm, flag=773108, name=tZIuaqZmDsjJZulvQnka, phone=qitBcYUeRhXokIm, province=lnjUmHJbvwEFonRfhbK, state=Fu, store=WSJrDPJGbj, truncFlag=R, zip=KqycKvhCqLe], thirdPartyAddress=LegacyThirdPartyAddress [tpprovince=DyleYpZBMreBEQbMapHx, tpcountry=ELyKcYmqOdPKiVTCjnzT, tpphone=KTyTUGctlmJBcLoeJhZW, addressLine1=HDFoImEZQFbAVZPqHLPx, addressLine2=kwueVRyqQjQtqgYkBUfW, accountNbr=mkBCfRhYvXyVBdztgZbz, billFlag=y, city=FIvayUCtfeTXVKVMMILl, name=iaaWaXKbrQwduWztrcUB, name2=TIeRnLrWBcKHsDuNLnYM, state=PS, zip=NfeeKPSyfUpgYXjq], dates=null, lines=null]
Hibernate: call next value for SHXP.EDI_ORDER_NBR
Hibernate: insert into EDI_ORDER_HEADER (ACCT_CONTACT, ACKNOWLEGE_ORD_IND, ADDR_KEY, AGREEMENT_NUMBER, ASSIGNED_AGENT, AUTH_REP, AUTHORIZATION_NO, beg, BILL_TO_STATE, BILL_TO_STORE, BS_STORE_NBR, CANCEL_DATE_QUAL, CARRIER_CODE, CB_CUT_LENGTH, CHNG_LID, CHNG_TIMESTAMP, COMM_CUST, CONS_STATUS_MSG, CONSUMER_ADDRESS, CONSUMER_ADDRESS_2, CONSUMER_CITY, CONSUMER_PO_DATE, CONSUMER_SHIP_FLG, CONSUMER_NAME, CONSUMER_STATE, CONSUMER_ZIP, CONTRACT_USAGE_IND, CROSS_DOCK_CENTER, CUST_DEPT, CUSTOMER_NUMBER, CUST_PMT_METH, CUST_SP_INST, CUST_WH_NBR, CUSTOMER_CODE, CUSTOMER_REF_NBR, CUSTOMER_SIDEMARK, DELIVERY_DATE, DELV_CUT_OFF_DT, DIV_DESC, DUNS_NBR, ERROR_CODE, ERROR_DESCRIPTION, ERROR_TIMESTAMP, EVENT_INFO, EXPLODE_FLAG, FOB_POINT, FRT_CODE, GIFT_MESSAGE_1, GIFT_MESSAGE_2, HOST_ALERT_FLAG, INPUT_METHOD, MARK_FOR_STORE, MEDIA_EVENT_CODE, NB_DATE, NEW_STORE_IND, NO_ASN_FLAG, OH_CANCEL_DATE, OH_STATUS_CODE, ON_NOTE, ONLINE_TYPE, ORDER_DATE, ORDER_LOC, ORDER_MER_COST, ORDER_RET_HAND, ORDER_RET_SH, ORDER_RET_TAX, ORDER_RET_TOTAL, ORDER_TYPE, ORDER_TYPE_DESC, ORDER_WEIGHT, ORDERING_SYSTEM, PHONE_NUMBER, PO_CONTROL, PO_DATE_QUAL, PO_DATE, PO_NUMBER, PO_QUAL, PO_TYPE, PO_TYPE_SUFFIX, PS_MSG, PURCHASED_BY, RCD_CODE, RECEIVED_TIMESTAMP, REF_TC_NBR, RESERVE_ORDER_IND, RETURN_MSG, ROUTE_BY_DATE, SALES_CHECK_NUMBER, SALES_REQ_CODE, SELL_CO, SEQ_NBR, ORDER_NUMBER, SHIP_BY_CUT_OFF_DT, SHIP_BY_DATE, SHIP_CANCEL_DATE, SHIP_COMPLETE, SHIP_DATE_QUAL, SHIP_DATE, SHIP_INSTRUCTION, SHIP_PART_COMP_IND, SHIP_PT, SHIP_TO_ADDRESS_1, SHIP_TO_ADDRESS_2, SHIP_TO_CITY, SHIP_TO_CN_CITY, SHIP_TO_COUNTRY, SHIP_TO_CUST_NBR, SHIP_TO_DEST_COD, SHIP_TO_FLAG, SHIP_TO_NAME, SHIP_TO_PHONE, SHIP_TO_PROVENCE, SHIP_TO_STATE, SHIP_TO_STORE, SHIP_TO_TRUNC_FLG, SHIP_TO_ZIP, SPECIAL_INSTRUCT_1, SPECIAL_INSTRUCT_2, SPECIAL_INSTRUCT_3, SPECIAL_INSTRUCT_4, SPECIAL_PO_NO, SRV_LEVEL, STATUS_CODE, STD_CARR_ALPHA_IND, STORE_NAME, TERMS_NET_DAYS, TERMS_TYPE_FLAG, THIRD_PARTY_ACCT_NBR, THIRD_PARTY_ADDR_1, THIRD_PARTY_ADDR_2, THIRD_PARTY_BILL_FLAG, THIRD_PARTY_CITY, THIRD_PARTY_NAME, THIRD_PARTY_NAME_2, THIRD_PARTY_STATE, THIRD_PARTY_ZIP, TOTAL_BINDING_FT, USER_ID, VENDOR_NO, WC_STORE, EDI_ORDER_NUMBER) values (?, ?, ?, ?, ?, ?, ?, ?, ?, ?, ?, ?, ?, ?, ?, ?, ?, ?, ?, ?, ?, ?, ?, ?, ?, ?, ?, ?, ?, ?, ?, ?, ?, ?, ?, ?, ?, ?, ?, ?, ?, ?, ?, ?, ?, ?, ?, ?, ?, ?, ?, ?, ?, ?, ?, ?, ?, ?, ?, ?, ?, ?, ?, ?, ?, ?, ?, ?, ?, ?, ?, ?, ?, ?, ?, ?, ?, ?, ?, ?, ?, ?, ?, ?, ?, ?, ?, ?, ?, ?, ?, ?, ?, ?, ?, ?, ?, ?, ?, ?, ?, ?, ?, ?, ?, ?, ?, ?, ?, ?, ?, ?, ?, ?, ?, ?, ?, ?, ?, ?, ?, ?, ?, ?, ?, ?, ?, ?, ?, ?, ?, ?, ?, ?, ?, ?, ?, ?, ?, ?, ?)
2020-06-19 14:05:48 TRACE [BasicBinder.java:64] binding parameter [1] as [VARCHAR] - [ZquqJJufNJpJzEhRKnZo]
2020-06-19 14:05:48 TRACE [BasicBinder.java:64] binding parameter [2] as [VARCHAR] - [Y]
2020-06-19 14:05:48 TRACE [BasicBinder.java:64] binding parameter [3] as [INTEGER] - [636944]
2020-06-19 14:05:48 TRACE [BasicBinder.java:64] binding parameter [4] as [VARCHAR] - [mBcxoFAHpDoZTJb]
2020-06-19 14:05:48 TRACE [BasicBinder.java:64] binding parameter [5] as [VARCHAR] - [uFjtfllA]
2020-06-19 14:05:48 TRACE [BasicBinder.java:64] binding parameter [6] as [VARCHAR] - [HUDcSefDJJoBagSnbcZr]
2020-06-19 14:05:48 TRACE [BasicBinder.java:64] binding parameter [7] as [VARCHAR] - [OxCJkDgTEj]
2020-06-19 14:05:48 TRACE [BasicBinder.java:64] binding parameter [8] as [VARCHAR] - [eZXmQ]
2020-06-19 14:05:48 TRACE [BasicBinder.java:64] binding parameter [9] as [VARCHAR] - [sB]
2020-06-19 14:05:48 TRACE [BasicBinder.java:64] binding parameter [10] as [VARCHAR] - [qHgnpnHAaK]
2020-06-19 14:05:48 TRACE [BasicBinder.java:64] binding parameter [11] as [VARCHAR] - [jlYiDDUKsM]
2020-06-19 14:05:48 TRACE [BasicBinder.java:64] binding parameter [12] as [VARCHAR] - [Cla]
2020-06-19 14:05:48 TRACE [BasicBinder.java:64] binding parameter [13] as [VARCHAR] - [gY]
2020-06-19 14:05:48 TRACE [BasicBinder.java:64] binding parameter [14] as [DOUBLE] - [4880108.9597740425]
2020-06-19 14:05:48 TRACE [BasicBinder.java:64] binding parameter [15] as [VARCHAR] - [ivkPpcEE]
2020-06-19 14:05:48 TRACE [BasicBinder.java:64] binding parameter [16] as [TIMESTAMP] - [1970-01-01T01:03:55]
2020-06-19 14:05:48 TRACE [BasicBinder.java:64] binding parameter [17] as [VARCHAR] - [klMpbkQ]
2020-06-19 14:05:48 TRACE [BasicBinder.java:64] binding parameter [18] as [VARCHAR] - [XjIsCyYiCAOIIdvgLoGl]
2020-06-19 14:05:48 TRACE [BasicBinder.java:64] binding parameter [19] as [VARCHAR] - [ntIgFKitczpdAUpbHwlO]
2020-06-19 14:05:48 TRACE [BasicBinder.java:64] binding parameter [20] as [VARCHAR] - [RTPGpazzFOtIQjUpqmtO]
2020-06-19 14:05:48 TRACE [BasicBinder.java:64] binding parameter [21] as [VARCHAR] - [rfXJarLhhweVuTCFRxG]
2020-06-19 14:05:48 TRACE [BasicBinder.java:64] binding parameter [22] as [DATE] - [1979-10-03]
2020-06-19 14:05:48 TRACE [BasicBinder.java:64] binding parameter [23] as [VARCHAR] - [J]
2020-06-19 14:05:48 TRACE [BasicBinder.java:64] binding parameter [24] as [VARCHAR] - [sFqJrBmDnJhoVEuxClkS]
2020-06-19 14:05:48 TRACE [BasicBinder.java:64] binding parameter [25] as [VARCHAR] - [Ox]
2020-06-19 14:05:48 TRACE [BasicBinder.java:64] binding parameter [26] as [VARCHAR] - [WoGkSITBP]
2020-06-19 14:05:48 TRACE [BasicBinder.java:64] binding parameter [27] as [VARCHAR] - [L]
2020-06-19 14:05:48 TRACE [BasicBinder.java:64] binding parameter [28] as [VARCHAR] - [dGukCMzJOa]
2020-06-19 14:05:48 TRACE [BasicBinder.java:64] binding parameter [29] as [VARCHAR] - [KJllb]
2020-06-19 14:05:48 TRACE [BasicBinder.java:64] binding parameter [30] as [VARCHAR] - [WgvJveJ]
2020-06-19 14:05:48 TRACE [BasicBinder.java:64] binding parameter [31] as [VARCHAR] - [SfhYFnqGCNJNTsxNysew]
2020-06-19 14:05:48 TRACE [BasicBinder.java:64] binding parameter [32] as [VARCHAR] - [ezltGUgIhLfXjQdUbmZG]
2020-06-19 14:05:48 TRACE [BasicBinder.java:64] binding parameter [33] as [VARCHAR] - [qkyf]
2020-06-19 14:05:48 TRACE [BasicBinder.java:64] binding parameter [34] as [VARCHAR] - [kt]
2020-06-19 14:05:48 TRACE [BasicBinder.java:64] binding parameter [35] as [VARCHAR] - [NyH]
2020-06-19 14:05:48 TRACE [BasicBinder.java:64] binding parameter [36] as [VARCHAR] - [cUgkuQaxpBWoqRsmVLdP]
2020-06-19 14:05:48 TRACE [BasicBinder.java:64] binding parameter [37] as [DATE] - [1973-05-19]
2020-06-19 14:05:48 TRACE [BasicBinder.java:64] binding parameter [38] as [DATE] - [1995-02-03]
2020-06-19 14:05:48 TRACE [BasicBinder.java:64] binding parameter [39] as [VARCHAR] - [UnAwiqzFiJzRHniOTbUn]
2020-06-19 14:05:48 TRACE [BasicBinder.java:64] binding parameter [40] as [VARCHAR] - [mzGUDhYZMFPQUCj]
2020-06-19 14:05:48 TRACE [BasicBinder.java:64] binding parameter [41] as [VARCHAR] - [UYe]
2020-06-19 14:05:48 TRACE [BasicBinder.java:64] binding parameter [42] as [VARCHAR] - [ThIspReFPOiJCPCWCLhe]
2020-06-19 14:05:48 TRACE [BasicBinder.java:64] binding parameter [43] as [TIMESTAMP] - [1970-01-01T01:51:26]
2020-06-19 14:05:48 TRACE [BasicBinder.java:64] binding parameter [44] as [VARCHAR] - [RDUqScFenfaAQkn]
2020-06-19 14:05:48 TRACE [BasicBinder.java:64] binding parameter [45] as [VARCHAR] - [Y]
2020-06-19 14:05:48 TRACE [BasicBinder.java:64] binding parameter [46] as [VARCHAR] - [Fc]
2020-06-19 14:05:48 TRACE [BasicBinder.java:64] binding parameter [47] as [VARCHAR] - [e]
2020-06-19 14:05:48 TRACE [BasicBinder.java:64] binding parameter [48] as [VARCHAR] - [llPBECuHGkvmEdayzZfr]
2020-06-19 14:05:48 TRACE [BasicBinder.java:64] binding parameter [49] as [VARCHAR] - [HSvDQgepNIgSsLLLnyYS]
2020-06-19 14:05:48 TRACE [BasicBinder.java:64] binding parameter [50] as [VARCHAR] - [m]
2020-06-19 14:05:48 TRACE [BasicBinder.java:64] binding parameter [51] as [VARCHAR] - [PUJEHecJXn]
2020-06-19 14:05:48 TRACE [BasicBinder.java:64] binding parameter [52] as [VARCHAR] - [HlbHffSIYj]
2020-06-19 14:05:48 TRACE [BasicBinder.java:64] binding parameter [53] as [VARCHAR] - [Ca]
2020-06-19 14:05:48 TRACE [BasicBinder.java:64] binding parameter [54] as [DATE] - [1970-03-05]
2020-06-19 14:05:48 TRACE [BasicBinder.java:64] binding parameter [55] as [VARCHAR] - [x]
2020-06-19 14:05:48 TRACE [BasicBinder.java:64] binding parameter [56] as [VARCHAR] - [L]
2020-06-19 14:05:48 TRACE [BasicBinder.java:64] binding parameter [57] as [DATE] - [1988-11-24]
2020-06-19 14:05:48 TRACE [BasicBinder.java:64] binding parameter [58] as [VARCHAR] - [V]
2020-06-19 14:05:48 TRACE [BasicBinder.java:64] binding parameter [59] as [VARCHAR] - [mLRKuDiHuxyfaHqMFjlx]
2020-06-19 14:05:48 TRACE [BasicBinder.java:64] binding parameter [60] as [VARCHAR] - [F]
2020-06-19 14:05:48 TRACE [BasicBinder.java:64] binding parameter [61] as [DATE] - [1984-03-24]
2020-06-19 14:05:48 TRACE [BasicBinder.java:64] binding parameter [62] as [VARCHAR] - [01]
2020-06-19 14:05:48 TRACE [BasicBinder.java:64] binding parameter [63] as [DOUBLE] - [4945972.85876089]
2020-06-19 14:05:48 TRACE [BasicBinder.java:64] binding parameter [64] as [DOUBLE] - [7090612.59712534]
2020-06-19 14:05:48 TRACE [BasicBinder.java:64] binding parameter [65] as [DOUBLE] - [1402985.3009122848]
2020-06-19 14:05:48 TRACE [BasicBinder.java:64] binding parameter [66] as [DOUBLE] - [4471630.855910383]
2020-06-19 14:05:48 TRACE [BasicBinder.java:64] binding parameter [67] as [DOUBLE] - [6808822.797335885]
2020-06-19 14:05:48 TRACE [BasicBinder.java:64] binding parameter [68] as [VARCHAR] - [H]
2020-06-19 14:05:48 TRACE [BasicBinder.java:64] binding parameter [69] as [VARCHAR] - [HARDSURFACES]
2020-06-19 14:05:48 TRACE [BasicBinder.java:64] binding parameter [70] as [DOUBLE] - [3369165.8626442966]
2020-06-19 14:05:48 TRACE [BasicBinder.java:64] binding parameter [71] as [VARCHAR] - [zl]
2020-06-19 14:05:48 TRACE [BasicBinder.java:64] binding parameter [72] as [VARCHAR] - [OJMpKeejgiI]
2020-06-19 14:05:48 TRACE [BasicBinder.java:64] binding parameter [73] as [VARCHAR] - [MOPDO]
2020-06-19 14:05:48 TRACE [BasicBinder.java:64] binding parameter [74] as [VARCHAR] - [bVo]
2020-06-19 14:05:48 TRACE [BasicBinder.java:64] binding parameter [75] as [DATE] - [1993-03-12]
2020-06-19 14:05:48 TRACE [BasicBinder.java:64] binding parameter [76] as [VARCHAR] - [kNuhMVfjVQMKgJIqJTBW]
2020-06-19 14:05:48 TRACE [BasicBinder.java:64] binding parameter [77] as [VARCHAR] - [Xr]
2020-06-19 14:05:48 TRACE [BasicBinder.java:64] binding parameter [78] as [VARCHAR] - [qAekb]
2020-06-19 14:05:48 TRACE [BasicBinder.java:64] binding parameter [79] as [VARCHAR] - [NXnsYjSsBy]
2020-06-19 14:05:48 TRACE [BasicBinder.java:64] binding parameter [80] as [VARCHAR] - [iGoIzOCcHUiiVFaFPcdV]
2020-06-19 14:05:48 TRACE [BasicBinder.java:64] binding parameter [81] as [VARCHAR] - [EDjwePKEhCztfsbPAegt]
2020-06-19 14:05:48 TRACE [BasicBinder.java:64] binding parameter [82] as [VARCHAR] - [E]
2020-06-19 14:05:48 TRACE [BasicBinder.java:64] binding parameter [83] as [TIMESTAMP] - [1970-01-01T00:29:05]
2020-06-19 14:05:48 TRACE [BasicBinder.java:64] binding parameter [84] as [VARCHAR] - [KPtJAweJWWqQTCJOcRZe]
2020-06-19 14:05:48 TRACE [BasicBinder.java:64] binding parameter [85] as [VARCHAR] - [Z]
2020-06-19 14:05:48 TRACE [BasicBinder.java:64] binding parameter [86] as [VARCHAR] - [dzRKniLkvvTZRpdPKxuF]
2020-06-19 14:05:48 TRACE [BasicBinder.java:64] binding parameter [87] as [DATE] - [1978-08-12]
2020-06-19 14:05:48 TRACE [BasicBinder.java:64] binding parameter [88] as [VARCHAR] - [nqEFGPwEBsKlRgNXZUuI]
2020-06-19 14:05:48 TRACE [BasicBinder.java:64] binding parameter [89] as [VARCHAR] - [Aa]
2020-06-19 14:05:48 TRACE [BasicBinder.java:64] binding parameter [90] as [VARCHAR] - [BT]
2020-06-19 14:05:48 TRACE [BasicBinder.java:64] binding parameter [91] as [INTEGER] - [903291]
2020-06-19 14:05:48 TRACE [BasicBinder.java:64] binding parameter [92] as [VARCHAR] - [CbHPLQ]
2020-06-19 14:05:48 TRACE [BasicBinder.java:64] binding parameter [93] as [DATE] - [1994-06-19]
2020-06-19 14:05:48 TRACE [BasicBinder.java:64] binding parameter [94] as [DATE] - [1975-04-10]
2020-06-19 14:05:48 TRACE [BasicBinder.java:64] binding parameter [95] as [DATE] - [1990-11-15]
2020-06-19 14:05:48 TRACE [BasicBinder.java:64] binding parameter [96] as [VARCHAR] - [l]
2020-06-19 14:05:48 TRACE [BasicBinder.java:64] binding parameter [97] as [VARCHAR] - [ZvK]
2020-06-19 14:05:48 TRACE [BasicBinder.java:64] binding parameter [98] as [DATE] - [1976-07-09]
2020-06-19 14:05:48 TRACE [BasicBinder.java:64] binding parameter [99] as [VARCHAR] - [vocMntwRXjvWlGPPdDRR]
2020-06-19 14:05:48 TRACE [BasicBinder.java:64] binding parameter [100] as [VARCHAR] - [G]
2020-06-19 14:05:48 TRACE [BasicBinder.java:64] binding parameter [101] as [VARCHAR] - [sf]
2020-06-19 14:05:48 TRACE [BasicBinder.java:64] binding parameter [102] as [VARCHAR] - [AVvhrLWyAbsKusFumHSk]
2020-06-19 14:05:48 TRACE [BasicBinder.java:64] binding parameter [103] as [VARCHAR] - [tGnCxOneehHhqEndImEg]
2020-06-19 14:05:48 TRACE [BasicBinder.java:64] binding parameter [104] as [VARCHAR] - [vdHWDffPAvFBxMaYoSw]
2020-06-19 14:05:48 TRACE [BasicBinder.java:64] binding parameter [105] as [VARCHAR] - [lGfgLEpPYuLvTHoLZbk]
2020-06-19 14:05:48 TRACE [BasicBinder.java:64] binding parameter [106] as [VARCHAR] - [AFiAwLoZHWRQyBDkPVa]
2020-06-19 14:05:48 TRACE [BasicBinder.java:64] binding parameter [107] as [VARCHAR] - [SBVHEpC]
2020-06-19 14:05:48 TRACE [BasicBinder.java:64] binding parameter [108] as [VARCHAR] - [Lm]
2020-06-19 14:05:48 TRACE [BasicBinder.java:64] binding parameter [109] as [INTEGER] - [773108]
2020-06-19 14:05:48 TRACE [BasicBinder.java:64] binding parameter [110] as [VARCHAR] - [tZIuaqZmDsjJZulvQnka]
2020-06-19 14:05:48 TRACE [BasicBinder.java:64] binding parameter [111] as [VARCHAR] - [qitBcYUeRhXokIm]
2020-06-19 14:05:48 TRACE [BasicBinder.java:64] binding parameter [112] as [VARCHAR] - [lnjUmHJbvwEFonRfhbK]
2020-06-19 14:05:48 TRACE [BasicBinder.java:64] binding parameter [113] as [VARCHAR] - [Fu]
2020-06-19 14:05:48 TRACE [BasicBinder.java:64] binding parameter [114] as [VARCHAR] - [WSJrDPJGbj]
2020-06-19 14:05:48 TRACE [BasicBinder.java:64] binding parameter [115] as [VARCHAR] - [R]
2020-06-19 14:05:48 TRACE [BasicBinder.java:64] binding parameter [116] as [VARCHAR] - [KqycKvhCqLe]
2020-06-19 14:05:48 TRACE [BasicBinder.java:64] binding parameter [117] as [VARCHAR] - [sWpWWWPImNtTXwPRCKeS]
2020-06-19 14:05:48 TRACE [BasicBinder.java:64] binding parameter [118] as [VARCHAR] - [xgmIIRavxjwYwgPYQhbe]
2020-06-19 14:05:48 TRACE [BasicBinder.java:64] binding parameter [119] as [VARCHAR] - [kSrXyZxxfQuzxxTnkSmp]
2020-06-19 14:05:48 TRACE [BasicBinder.java:64] binding parameter [120] as [VARCHAR] - [ESlGDSLDBlGfGqppPPNB]
2020-06-19 14:05:48 TRACE [BasicBinder.java:64] binding parameter [121] as [VARCHAR] - [xxBgpKPUUJrNSkKwKTJs]
2020-06-19 14:05:48 TRACE [BasicBinder.java:64] binding parameter [122] as [VARCHAR] - [tr]
2020-06-19 14:05:48 TRACE [BasicBinder.java:64] binding parameter [123] as [VARCHAR] - [Q]
2020-06-19 14:05:48 TRACE [BasicBinder.java:64] binding parameter [124] as [VARCHAR] - [QnUg]
2020-06-19 14:05:48 TRACE [BasicBinder.java:64] binding parameter [125] as [VARCHAR] - [rlMJSGuPvqmqZNhZbUwP]
2020-06-19 14:05:48 TRACE [BasicBinder.java:64] binding parameter [126] as [VARCHAR] - [fmk]
2020-06-19 14:05:48 TRACE [BasicBinder.java:64] binding parameter [127] as [VARCHAR] - [Dk]
2020-06-19 14:05:48 TRACE [BasicBinder.java:64] binding parameter [128] as [VARCHAR] - [mkBCfRhYvXyVBdztgZbz]
2020-06-19 14:05:48 TRACE [BasicBinder.java:64] binding parameter [129] as [VARCHAR] - [HDFoImEZQFbAVZPqHLPx]
2020-06-19 14:05:48 TRACE [BasicBinder.java:64] binding parameter [130] as [VARCHAR] - [kwueVRyqQjQtqgYkBUfW]
2020-06-19 14:05:48 TRACE [BasicBinder.java:64] binding parameter [131] as [VARCHAR] - [y]
2020-06-19 14:05:48 TRACE [BasicBinder.java:64] binding parameter [132] as [VARCHAR] - [FIvayUCtfeTXVKVMMILl]
2020-06-19 14:05:48 TRACE [BasicBinder.java:64] binding parameter [133] as [VARCHAR] - [iaaWaXKbrQwduWztrcUB]
2020-06-19 14:05:48 TRACE [BasicBinder.java:64] binding parameter [134] as [VARCHAR] - [TIeRnLrWBcKHsDuNLnYM]
2020-06-19 14:05:48 TRACE [BasicBinder.java:64] binding parameter [135] as [VARCHAR] - [PS]
2020-06-19 14:05:48 TRACE [BasicBinder.java:64] binding parameter [136] as [VARCHAR] - [NfeeKPSyfUpgYXjq]
2020-06-19 14:05:48 TRACE [BasicBinder.java:64] binding parameter [137] as [DOUBLE] - [9608632.804179853]
2020-06-19 14:05:48 TRACE [BasicBinder.java:64] binding parameter [138] as [VARCHAR] - [xkPtRTJY]
2020-06-19 14:05:48 TRACE [BasicBinder.java:64] binding parameter [139] as [VARCHAR] - [inQdDTcpOQaYXnm]
2020-06-19 14:05:48 TRACE [BasicBinder.java:64] binding parameter [140] as [VARCHAR] - [qAvgJVinGO]
2020-06-19 14:05:48 TRACE [BasicBinder.java:64] binding parameter [141] as [BIGINT] - [6]
2020-06-19 14:05:48 DEBUG [MockBuilder.java:94] set changedBy -> DxuTpqaw
2020-06-19 14:05:48 DEBUG [MockBuilder.java:94] set ediReasonCode -> 781974
2020-06-19 14:05:48 DEBUG [MockBuilder.java:94] set changeTimestamp -> 1970-01-01T01:10:01
2020-06-19 14:05:48 DEBUG [MockBuilder.java:94] set autoCreateFlag -> K
2020-06-19 14:05:48 DEBUG [MockBuilder.java:94] set precedence -> 5629582.341077559
2020-06-19 14:05:48 DEBUG [MockBuilder.java:94] set description -> cICulAQqSqztkVkyOLnw
2020-06-19 14:05:48 DEBUG [MockBuilder.java:94] set createTimestamp -> 1970-01-01T02:08:09
2020-06-19 14:05:48 DEBUG [MockBuilder.java:94] set createdBy -> GKoORJaf
2020-06-19 14:05:48 DEBUG [MockBuilder.java:94] set ediOrdValidations -> null
2020-06-19 14:05:48 DEBUG [MockBuilder.java:94] set level -> s
2020-06-19 14:05:48 DEBUG [MockBuilder.java:94] set defaultAction -> L
Hibernate: select edireasonc0_.EDI_REASON_CODE as edi_reas1_6_1_, edireasonc0_.AUTO_CREATE_FLAG as auto_cre2_6_1_, edireasonc0_.CHANGE_TIMESTAMP as change_t3_6_1_, edireasonc0_.CHANGED_BY as changed_4_6_1_, edireasonc0_.CREATE_TIMESTAMP as create_t5_6_1_, edireasonc0_.CREATED_BY as created_6_6_1_, edireasonc0_.DEFAULT_ACTION as default_7_6_1_, edireasonc0_.description as descript8_6_1_, edireasonc0_.LEVEL as level9_6_1_, edireasonc0_.precedence as precede10_6_1_, ediordvali1_.edi_reason_code as edi_rea11_2_3_, ediordvali1_.EDI_ORDER_NBR as edi_orde1_2_3_, ediordvali1_.PO_LINE_NBR as po_line_2_2_3_, ediordvali1_.TIME_STAMP as time_sta3_2_3_, ediordvali1_.EDI_ORDER_NBR as edi_orde1_2_0_, ediordvali1_.PO_LINE_NBR as po_line_2_2_0_, ediordvali1_.TIME_STAMP as time_sta3_2_0_, ediordvali1_.ACTION_CODE as action_c4_2_0_, ediordvali1_.ASSIGNED_TO as assigned5_2_0_, ediordvali1_.CHANGED_BY as changed_6_2_0_, ediordvali1_.CHANGED_TIMESTAMP as changed_7_2_0_, ediordvali1_.CREATED_BY as created_8_2_0_, ediordvali1_.CREATED_TIMESTAMP as created_9_2_0_, ediordvali1_.edi_reason_code as edi_rea11_2_0_, ediordvali1_.status as status10_2_0_ from EDI_REASON_CODE edireasonc0_ left outer join EDI_ORD_VALIDATION ediordvali1_ on edireasonc0_.EDI_REASON_CODE=ediordvali1_.edi_reason_code where edireasonc0_.EDI_REASON_CODE=?
2020-06-19 14:05:48 TRACE [BasicBinder.java:64] binding parameter [1] as [INTEGER] - [63]
]]></system-out>
  </testcase>
  <testcase name="testResubmit" classname="com.shaw.ediorderservices.service.order.HardsurfacesOrderServiceTest" time="0.147">
    <failure message="Not yet implemented" type="org.opentest4j.AssertionFailedError">org.opentest4j.AssertionFailedError: Not yet implemented
	at com.shaw.ediorderservices.service.order.HardsurfacesOrderServiceTest.testResubmit(HardsurfacesOrderServiceTest.java:26)
</failure>
    <system-out><![CDATA[2020-06-19 14:05:48 DEBUG [MockBuilder.java:94] set poType -> IdspQ
2020-06-19 14:05:48 DEBUG [MockBuilder.java:94] set orderingSystem -> Qh
2020-06-19 14:05:48 DEBUG [MockBuilder.java:94] set orderRetTotal -> 6651899.276161759
2020-06-19 14:05:48 DEBUG [MockBuilder.java:94] set eventInfo -> JjMcbtmLiQuguIK
2020-06-19 14:05:48 DEBUG [MockBuilder.java:94] set salesCheckNumber -> EforKbIpHPwjhJMlhTpb
2020-06-19 14:05:48 DEBUG [MockBuilder.java:94] set reserveOrderInd -> U
2020-06-19 14:05:48 DEBUG [MockBuilder.java:94] set orderType -> h
2020-06-19 14:05:48 DEBUG [MockBuilder.java:94] set explodeFlag -> I
2020-06-19 14:05:48 DEBUG [MockBuilder.java:94] set storeName -> uLaRgvCzdjQsewAXcwSO
2020-06-19 14:05:48 DEBUG [MockBuilder.java:94] set salesReqCode -> vD
2020-06-19 14:05:48 DEBUG [MockBuilder.java:94] set fobPoint -> YM
2020-06-19 14:05:48 DEBUG [MockBuilder.java:94] set orderTypeDesc -> smboLRCibvfgTcc
2020-06-19 14:05:48 DEBUG [MockBuilder.java:94] set termsNetDays -> dED
2020-06-19 14:05:48 DEBUG [MockBuilder.java:94] set returnMsg -> okQppAufHZIOQzEtHkuB
2020-06-19 14:05:48 DEBUG [MockBuilder.java:94] set sellCo -> Ja
2020-06-19 14:05:48 DEBUG [MockBuilder.java:94] set frtCode -> A
2020-06-19 14:05:48 DEBUG [MockBuilder.java:94] set orderWeight -> 1875729.562517251
2020-06-19 14:05:48 DEBUG [MockBuilder.java:94] set termsTypeFlag -> ap
2020-06-19 14:05:48 DEBUG [MockBuilder.java:94] set seqNbr -> 268075
2020-06-19 14:05:48 DEBUG [MockBuilder.java:94] set poTypeSuffix -> dyMHfdXaLP
2020-06-19 14:05:48 DEBUG [MockBuilder.java:94] set giftMessage1 -> sjsRrlmjKpGeajHAbghu
2020-06-19 14:05:48 DEBUG [MockBuilder.java:94] set orderRetHand -> 1770841.749833573
2020-06-19 14:05:48 DEBUG [MockBuilder.java:94] set phoneNumber -> zpfkkwUcBJC
2020-06-19 14:05:48 DEBUG [MockBuilder.java:94] set giftMessage2 -> YsMyYVBfLyggmEsnRyij
2020-06-19 14:05:48 DEBUG [MockBuilder.java:94] set routeByDate -> 1984-01-27
2020-06-19 14:05:48 DEBUG [MockBuilder.java:94] set totalBindingFt -> 2627028.0569779556
2020-06-19 14:05:48 DEBUG [MockBuilder.java:94] set poDateValue -> 1982-01-08
2020-06-19 14:05:48 DEBUG [MockBuilder.java:94] set psMsg -> pHSEXrizPdOjdKNoolXV
2020-06-19 14:05:48 DEBUG [MockBuilder.java:94] set hostAlertFlag -> s
2020-06-19 14:05:48 DEBUG [MockBuilder.java:94] set srvLevel -> Bw
2020-06-19 14:05:48 DEBUG [MockBuilder.java:94] set shipPartCompInd -> i
2020-06-19 14:05:48 DEBUG [MockBuilder.java:94] set poDateQualifier -> Kvf
2020-06-19 14:05:48 DEBUG [MockBuilder.java:94] set dunsNbr -> CDuFhrpMmYoSUGM
2020-06-19 14:05:48 DEBUG [MockBuilder.java:94] set shipPt -> Vw
2020-06-19 14:05:48 DEBUG [MockBuilder.java:94] set poNumber -> cRkPigsStuMtsjrjZvQn
2020-06-19 14:05:48 DEBUG [MockBuilder.java:94] set orderRetSh -> 395361.0970565631
2020-06-19 14:05:48 DEBUG [MockBuilder.java:94] set errorCode -> SgF
2020-06-19 14:05:48 DEBUG [MockBuilder.java:94] set poQual -> ov
2020-06-19 14:05:48 DEBUG [MockBuilder.java:94] set poControl -> zITqQ
2020-06-19 14:05:48 DEBUG [MockBuilder.java:94] set errorDescription -> VXgWoFzUTkqQSlXgdwOg
2020-06-19 14:05:48 DEBUG [MockBuilder.java:94] set specialInstruct1 -> OYqJVVKMsNDQkCewRnUU
2020-06-19 14:05:48 DEBUG [MockBuilder.java:94] set statusCode -> F
2020-06-19 14:05:48 DEBUG [MockBuilder.java:94] set shipComplete -> w
2020-06-19 14:05:48 DEBUG [MockBuilder.java:94] set specialInstruct2 -> gXfUYHlgVMJbBYneLiJk
2020-06-19 14:05:48 DEBUG [MockBuilder.java:94] set consStatusMsg -> xMCMYVnvKncGKUcwPMDj
2020-06-19 14:05:48 DEBUG [MockBuilder.java:94] set errorTimestamp -> 1970-01-01T00:40:15
2020-06-19 14:05:48 DEBUG [MockBuilder.java:94] set shipDateValue -> 1974-05-01
2020-06-19 14:05:48 DEBUG [MockBuilder.java:94] set stdCarrAlphaInd -> Doxy
2020-06-19 14:05:48 DEBUG [MockBuilder.java:94] set contractUsageInd -> w
2020-06-19 14:05:48 DEBUG [MockBuilder.java:94] set shipDateQualifier -> KmF
2020-06-19 14:05:48 DEBUG [MockBuilder.java:94] set orderRetTax -> 9545329.271039667
2020-06-19 14:05:48 DEBUG [MockBuilder.java:94] set ohStatusCode -> J
2020-06-19 14:05:48 DEBUG [MockBuilder.java:94] set shipInstruction -> lKCwTOrYWelXMPznHucH
2020-06-19 14:05:48 DEBUG [MockBuilder.java:94] set specialInstruct3 -> rdCjexcdfpepplXKiUNS
2020-06-19 14:05:48 DEBUG [MockBuilder.java:94] set crossDockCenter -> znkzVowpsx
2020-06-19 14:05:48 DEBUG [MockBuilder.java:94] set onNote -> kqkUiKBbaRxWzwzmruXe
2020-06-19 14:05:48 DEBUG [MockBuilder.java:94] set shipByCutOffDt -> 1994-12-15
2020-06-19 14:05:48 DEBUG [MockBuilder.java:94] set phone -> rxBwTMYzeLftkoh
2020-06-19 14:05:48 DEBUG [MockBuilder.java:94] set deliveryDate -> 1988-06-25
2020-06-19 14:05:48 DEBUG [MockBuilder.java:94] set specialInstruct4 -> EvHgsVNXrpJXYESnwiBl
2020-06-19 14:05:48 DEBUG [MockBuilder.java:94] set beg -> wkjgh
2020-06-19 14:05:48 DEBUG [MockBuilder.java:94] set onlineType -> Q
2020-06-19 14:05:48 DEBUG [MockBuilder.java:94] set province -> ySfrSlwjWAViNYhJXlX
2020-06-19 14:05:48 DEBUG [MockBuilder.java:94] set custDept -> stKMw
2020-06-19 14:05:48 DEBUG [MockBuilder.java:94] set orderDate -> 1975-08-27
2020-06-19 14:05:48 DEBUG [MockBuilder.java:94] set billToState -> pR
2020-06-19 14:05:48 DEBUG [MockBuilder.java:94] set name -> mBAxFVaEPvcVqXbAqDKB
2020-06-19 14:05:48 DEBUG [MockBuilder.java:94] set orderLoc -> HK
2020-06-19 14:05:48 DEBUG [MockBuilder.java:94] set chngLid -> HiINzlIS
2020-06-19 14:05:48 DEBUG [MockBuilder.java:94] set orderMerCost -> 5601718.237789005
2020-06-19 14:05:48 DEBUG [MockBuilder.java:94] set flag -> 86139
2020-06-19 14:05:48 DEBUG [MockBuilder.java:94] set billToStore -> cbEIcMAAWX
2020-06-19 14:05:48 DEBUG [MockBuilder.java:94] set shawOrderNumber -> sRYYqB
2020-06-19 14:05:48 DEBUG [MockBuilder.java:94] set shipByDate -> 1981-10-14
2020-06-19 14:05:48 DEBUG [MockBuilder.java:94] set truncFlag -> Z
2020-06-19 14:05:48 DEBUG [MockBuilder.java:94] set nbDate -> 1987-05-18
2020-06-19 14:05:48 DEBUG [MockBuilder.java:94] set shipCancelDate -> 1981-07-19
2020-06-19 14:05:48 DEBUG [MockBuilder.java:94] set zip -> reCnDfGWQEE
2020-06-19 14:05:48 DEBUG [MockBuilder.java:94] set specialPoNo -> oXXQpmEmcefngNPNGEbz
2020-06-19 14:05:48 DEBUG [MockBuilder.java:94] set newStoreInd -> s
2020-06-19 14:05:48 DEBUG [MockBuilder.java:94] set userId -> TiNgHFaV
2020-06-19 14:05:48 DEBUG [MockBuilder.java:94] set store -> rCTzDuZbgv
2020-06-19 14:05:48 DEBUG [MockBuilder.java:94] set country -> iqVITgClSbPxvSVuOXJ
2020-06-19 14:05:48 DEBUG [MockBuilder.java:94] set vendorNo -> iIoNCMiUMUevtSg
2020-06-19 14:05:48 DEBUG [MockBuilder.java:94] set delvCutOffDt -> 1979-05-08
2020-06-19 14:05:48 DEBUG [MockBuilder.java:94] set wcStore -> jBxYnfbgnl
2020-06-19 14:05:48 DEBUG [MockBuilder.java:94] set cnCity -> WyXkQEMUTZtLQDIPTCG
2020-06-19 14:05:48 DEBUG [MockBuilder.java:94] set chngTimestamp -> 1970-01-01T02:05:07
2020-06-19 14:05:48 DEBUG [MockBuilder.java:94] set divDesc -> BsFmvcGtebkKDWihBdeY
2020-06-19 14:05:48 DEBUG [MockBuilder.java:94] set bsStoreNbr -> YtbQMfqmhE
2020-06-19 14:05:48 DEBUG [MockBuilder.java:94] set destCode -> tK
2020-06-19 14:05:48 DEBUG [MockBuilder.java:94] set addressLine2 -> ijhHWNbldMUCfRTyuNkK
2020-06-19 14:05:48 DEBUG [MockBuilder.java:94] set commCust -> byYTEOU
2020-06-19 14:05:48 DEBUG [MockBuilder.java:94] set name -> OAuHJQJlssdZettaXyAC
2020-06-19 14:05:48 DEBUG [MockBuilder.java:94] set cancelDateQualifier -> KTS
2020-06-19 14:05:48 DEBUG [MockBuilder.java:94] set city -> BupJxypHmerzMimidhN
2020-06-19 14:05:48 DEBUG [MockBuilder.java:94] set customerCode -> Fa
2020-06-19 14:05:48 DEBUG [MockBuilder.java:94] set noAsnFlag -> q
2020-06-19 14:05:48 DEBUG [MockBuilder.java:94] set state -> bK
2020-06-19 14:05:48 DEBUG [MockBuilder.java:94] set carrierCode -> oQ
2020-06-19 14:05:48 DEBUG [MockBuilder.java:94] set addressLine1 -> HEtYtlDxKhSTeJSlByIL
2020-06-19 14:05:48 DEBUG [MockBuilder.java:94] set ohCancelDateValue -> 1978-11-22
2020-06-19 14:05:48 DEBUG [MockBuilder.java:94] set ccountry -> JoaLFFvgMrtZkDCFvNUC
2020-06-19 14:05:48 DEBUG [MockBuilder.java:94] set cbCutLength -> 3249039.234457507
2020-06-19 14:05:48 DEBUG [MockBuilder.java:94] set inputMethod -> beJiPykeRH
2020-06-19 14:05:48 DEBUG [MockBuilder.java:94] set cprovince -> QoasFYPjyXMJYOsGcBDy
2020-06-19 14:05:48 DEBUG [MockBuilder.java:94] set custNbr -> UETHMmy
2020-06-19 14:05:48 DEBUG [MockBuilder.java:94] set agreementNumber -> emAaPiHgKHlwasU
2020-06-19 14:05:48 DEBUG [MockBuilder.java:94] set markForStore -> bJxOyotQqC
2020-06-19 14:05:48 DEBUG [MockBuilder.java:94] set consumerPoDateValue -> 1986-04-04
2020-06-19 14:05:48 DEBUG [MockBuilder.java:94] set custPmtMeth -> SuuQCsOrpbjjUQLGVIYy
2020-06-19 14:05:48 DEBUG [MockBuilder.java:94] set assignedAgent -> ftZAqUjL
2020-06-19 14:05:48 DEBUG [MockBuilder.java:94] set mediaEventCode -> WN
2020-06-19 14:05:48 DEBUG [MockBuilder.java:94] set custSpInst -> oaUucmOyXoFEJNWdHwTc
2020-06-19 14:05:48 DEBUG [MockBuilder.java:94] set custNbr -> ndncMMu
2020-06-19 14:05:48 DEBUG [MockBuilder.java:94] set addressLine1 -> rMlpkqEhPJrhbtahReEk
2020-06-19 14:05:48 DEBUG [MockBuilder.java:94] set city -> ozMJuJhRJKehxaotXug
2020-06-19 14:05:48 DEBUG [MockBuilder.java:94] set cphone -> uqcUZGNQmllQZYhfqypb
2020-06-19 14:05:48 DEBUG [MockBuilder.java:94] set custWhNbr -> WEUu
2020-06-19 14:05:48 DEBUG [MockBuilder.java:94] set addressLine2 -> MlvJfHceScVjNQSkKOrX
2020-06-19 14:05:48 DEBUG [MockBuilder.java:94] set acctContact -> PaMQhepGNmheYQWCdqjT
2020-06-19 14:05:48 DEBUG [MockBuilder.java:94] set state -> TU
2020-06-19 14:05:48 DEBUG [MockBuilder.java:94] set consumerShipFlg -> l
[...]
Hibernate: call next value for SHXP.EDI_ORDER_NBR
Hibernate: insert into EDI_ORDER_HEADER (ACCT_CONTACT, ACKNOWLEGE_ORD_IND, ADDR_KEY, AGREEMENT_NUMBER, ASSIGNED_AGENT, AUTH_REP, AUTHORIZATION_NO, beg, BILL_TO_STATE, BILL_TO_STORE, BS_STORE_NBR, CANCEL_DATE_QUAL, CARRIER_CODE, CB_CUT_LENGTH, CHNG_LID, CHNG_TIMESTAMP, COMM_CUST, CONS_STATUS_MSG, CONSUMER_ADDRESS, CONSUMER_ADDRESS_2, CONSUMER_CITY, CONSUMER_PO_DATE, CONSUMER_SHIP_FLG, CONSUMER_NAME, CONSUMER_STATE, CONSUMER_ZIP, CONTRACT_USAGE_IND, CROSS_DOCK_CENTER, CUST_DEPT, CUSTOMER_NUMBER, CUST_PMT_METH, CUST_SP_INST, CUST_WH_NBR, CUSTOMER_CODE, CUSTOMER_REF_NBR, CUSTOMER_SIDEMARK, DELIVERY_DATE, DELV_CUT_OFF_DT, DIV_DESC, DUNS_NBR, ERROR_CODE, ERROR_DESCRIPTION, ERROR_TIMESTAMP, EVENT_INFO, EXPLODE_FLAG, FOB_POINT, FRT_CODE, GIFT_MESSAGE_1, GIFT_MESSAGE_2, HOST_ALERT_FLAG, INPUT_METHOD, MARK_FOR_STORE, MEDIA_EVENT_CODE, NB_DATE, NEW_STORE_IND, NO_ASN_FLAG, OH_CANCEL_DATE, OH_STATUS_CODE, ON_NOTE, ONLINE_TYPE, ORDER_DATE, ORDER_LOC, ORDER_MER_COST, ORDER_RET_HAND, ORDER_RET_SH, ORDER_RET_TAX, ORDER_RET_TOTAL, ORDER_TYPE, ORDER_TYPE_DESC, ORDER_WEIGHT, ORDERING_SYSTEM, PHONE_NUMBER, PO_CONTROL, PO_DATE_QUAL, PO_DATE, PO_NUMBER, PO_QUAL, PO_TYPE, PO_TYPE_SUFFIX, PS_MSG, PURCHASED_BY, RCD_CODE, RECEIVED_TIMESTAMP, REF_TC_NBR, RESERVE_ORDER_IND, RETURN_MSG, ROUTE_BY_DATE, SALES_CHECK_NUMBER, SALES_REQ_CODE, SELL_CO, SEQ_NBR, ORDER_NUMBER, SHIP_BY_CUT_OFF_DT, SHIP_BY_DATE, SHIP_CANCEL_DATE, SHIP_COMPLETE, SHIP_DATE_QUAL, SHIP_DATE, SHIP_INSTRUCTION, SHIP_PART_COMP_IND, SHIP_PT, SHIP_TO_ADDRESS_1, SHIP_TO_ADDRESS_2, SHIP_TO_CITY, SHIP_TO_CN_CITY, SHIP_TO_COUNTRY, SHIP_TO_CUST_NBR, SHIP_TO_DEST_COD, SHIP_TO_FLAG, SHIP_TO_NAME, SHIP_TO_PHONE, SHIP_TO_PROVENCE, SHIP_TO_STATE, SHIP_TO_STORE, SHIP_TO_TRUNC_FLG, SHIP_TO_ZIP, SPECIAL_INSTRUCT_1, SPECIAL_INSTRUCT_2, SPECIAL_INSTRUCT_3, SPECIAL_INSTRUCT_4, SPECIAL_PO_NO, SRV_LEVEL, STATUS_CODE, STD_CARR_ALPHA_IND, STORE_NAME, TERMS_NET_DAYS, TERMS_TYPE_FLAG, THIRD_PARTY_ACCT_NBR, THIRD_PARTY_ADDR_1, THIRD_PARTY_ADDR_2, THIRD_PARTY_BILL_FLAG, THIRD_PARTY_CITY, THIRD_PARTY_NAME, THIRD_PARTY_NAME_2, THIRD_PARTY_STATE, THIRD_PARTY_ZIP, TOTAL_BINDING_FT, USER_ID, VENDOR_NO, WC_STORE, EDI_ORDER_NUMBER) values (?, ?, ?, ?, ?, ?, ?, ?, ?, ?, ?, ?, ?, ?, ?, ?, ?, ?, ?, ?, ?, ?, ?, ?, ?, ?, ?, ?, ?, ?, ?, ?, ?, ?, ?, ?, ?, ?, ?, ?, ?, ?, ?, ?, ?, ?, ?, ?, ?, ?, ?, ?, ?, ?, ?, ?, ?, ?, ?, ?, ?, ?, ?, ?, ?, ?, ?, ?, ?, ?, ?, ?, ?, ?, ?, ?, ?, ?, ?, ?, ?, ?, ?, ?, ?, ?, ?, ?, ?, ?, ?, ?, ?, ?, ?, ?, ?, ?, ?, ?, ?, ?, ?, ?, ?, ?, ?, ?, ?, ?, ?, ?, ?, ?, ?, ?, ?, ?, ?, ?, ?, ?, ?, ?, ?, ?, ?, ?, ?, ?, ?, ?, ?, ?, ?, ?, ?, ?, ?, ?, ?)
2020-06-19 14:05:48 TRACE [BasicBinder.java:64] binding parameter [1] as [VARCHAR] - [OZywewwXdgDCrGBDrBJf]
2020-06-19 14:05:48 TRACE [BasicBinder.java:64] binding parameter [2] as [VARCHAR] - [N]
2020-06-19 14:05:48 TRACE [BasicBinder.java:64] binding parameter [3] as [INTEGER] - [249753]
2020-06-19 14:05:48 TRACE [BasicBinder.java:64] binding parameter [4] as [VARCHAR] - [XbSxbXUxadvwYmp]
2020-06-19 14:05:48 TRACE [BasicBinder.java:64] binding parameter [5] as [VARCHAR] - [JhsObZsD]
2020-06-19 14:05:48 TRACE [BasicBinder.java:64] binding parameter [6] as [VARCHAR] - [ABVmIxRmKAmiFFRwCJpA]
2020-06-19 14:05:48 TRACE [BasicBinder.java:64] binding parameter [7] as [VARCHAR] - [DgXjOPNArG]
2020-06-19 14:05:48 TRACE [BasicBinder.java:64] binding parameter [8] as [VARCHAR] - [WTXHg]
2020-06-19 14:05:48 TRACE [BasicBinder.java:64] binding parameter [9] as [VARCHAR] - [FV]
2020-06-19 14:05:48 TRACE [BasicBinder.java:64] binding parameter [10] as [VARCHAR] - [asDdvShzio]
2020-06-19 14:05:48 TRACE [BasicBinder.java:64] binding parameter [11] as [VARCHAR] - [KqtKHAGbdU]
2020-06-19 14:05:48 TRACE [BasicBinder.java:64] binding parameter [12] as [VARCHAR] - [JLp]
2020-06-19 14:05:48 TRACE [BasicBinder.java:64] binding parameter [13] as [VARCHAR] - [su]
2020-06-19 14:05:48 TRACE [BasicBinder.java:64] binding parameter [14] as [DOUBLE] - [4569969.6471004095]
2020-06-19 14:05:48 TRACE [BasicBinder.java:64] binding parameter [15] as [VARCHAR] - [ZiFNWBtz]
2020-06-19 14:05:48 TRACE [BasicBinder.java:64] binding parameter [16] as [TIMESTAMP] - [1970-01-01T00:17:25]
2020-06-19 14:05:48 TRACE [BasicBinder.java:64] binding parameter [17] as [VARCHAR] - [iefeMLh]
2020-06-19 14:05:48 TRACE [BasicBinder.java:64] binding parameter [18] as [VARCHAR] - [DlejITJolyRwNBkeACXK]
2020-06-19 14:05:48 TRACE [BasicBinder.java:64] binding parameter [19] as [VARCHAR] - [eiBIFiKLNLiYyMjGMlsE]
2020-06-19 14:05:48 TRACE [BasicBinder.java:64] binding parameter [20] as [VARCHAR] - [cYyXwtgWbkYIcFfYjKHS]
2020-06-19 14:05:48 TRACE [BasicBinder.java:64] binding parameter [21] as [VARCHAR] - [vkvWGUkqrwZODFlAUqs]
2020-06-19 14:05:48 TRACE [BasicBinder.java:64] binding parameter [22] as [DATE] - [1995-06-19]
2020-06-19 14:05:48 TRACE [BasicBinder.java:64] binding parameter [23] as [VARCHAR] - [A]
2020-06-19 14:05:48 TRACE [BasicBinder.java:64] binding parameter [24] as [VARCHAR] - [MTJaVlLBhHvqTLdosPOr]
2020-06-19 14:05:48 TRACE [BasicBinder.java:64] binding parameter [25] as [VARCHAR] - [jQ]
2020-06-19 14:05:48 TRACE [BasicBinder.java:64] binding parameter [26] as [VARCHAR] - [eexbDupyO]
2020-06-19 14:05:48 TRACE [BasicBinder.java:64] binding parameter [27] as [VARCHAR] - [x]
2020-06-19 14:05:48 TRACE [BasicBinder.java:64] binding parameter [28] as [VARCHAR] - [NhrObwlCop]
2020-06-19 14:05:48 TRACE [BasicBinder.java:64] binding parameter [29] as [VARCHAR] - [tZqst]
2020-06-19 14:05:48 TRACE [BasicBinder.java:64] binding parameter [30] as [VARCHAR] - [jipjOrS]
2020-06-19 14:05:48 TRACE [BasicBinder.java:64] binding parameter [31] as [VARCHAR] - [eFMoegQUwwlsiWRITlVy]
2020-06-19 14:05:48 TRACE [BasicBinder.java:64] binding parameter [32] as [VARCHAR] - [SAoREMqWBizmbfeCkXQD]
2020-06-19 14:05:48 TRACE [BasicBinder.java:64] binding parameter [33] as [VARCHAR] - [ASwb]
2020-06-19 14:05:48 TRACE [BasicBinder.java:64] binding parameter [34] as [VARCHAR] - [bK]
2020-06-19 14:05:48 TRACE [BasicBinder.java:64] binding parameter [35] as [VARCHAR] - [GrR]
2020-06-19 14:05:48 TRACE [BasicBinder.java:64] binding parameter [36] as [VARCHAR] - [zOBGOnrakuOnfPlgpSUz]
2020-06-19 14:05:48 TRACE [BasicBinder.java:64] binding parameter [37] as [DATE] - [1984-05-15]
2020-06-19 14:05:48 TRACE [BasicBinder.java:64] binding parameter [38] as [DATE] - [1975-06-05]
2020-06-19 14:05:48 TRACE [BasicBinder.java:64] binding parameter [39] as [VARCHAR] - [uksteyPcaQZdueDTBCfU]
2020-06-19 14:05:48 TRACE [BasicBinder.java:64] binding parameter [40] as [VARCHAR] - [gJDLkJHVqsEAMgL]
2020-06-19 14:05:48 TRACE [BasicBinder.java:64] binding parameter [41] as [VARCHAR] - [LKM]
2020-06-19 14:05:48 TRACE [BasicBinder.java:64] binding parameter [42] as [VARCHAR] - [ByvnaohZjZXaKfOgXApp]
2020-06-19 14:05:48 TRACE [BasicBinder.java:64] binding parameter [43] as [TIMESTAMP] - [1970-01-01T01:22:23]
2020-06-19 14:05:48 TRACE [BasicBinder.java:64] binding parameter [44] as [VARCHAR] - [yZvyARsmtJCKQlI]
2020-06-19 14:05:48 TRACE [BasicBinder.java:64] binding parameter [45] as [VARCHAR] - [q]
2020-06-19 14:05:48 TRACE [BasicBinder.java:64] binding parameter [46] as [VARCHAR] - [Nu]
2020-06-19 14:05:48 TRACE [BasicBinder.java:64] binding parameter [47] as [VARCHAR] - [y]
2020-06-19 14:05:48 TRACE [BasicBinder.java:64] binding parameter [48] as [VARCHAR] - [bRvPUOerWwOdnuUydMZR]
2020-06-19 14:05:48 TRACE [BasicBinder.java:64] binding parameter [49] as [VARCHAR] - [WlcAOonnhpSXEQEQQzNt]
2020-06-19 14:05:48 TRACE [BasicBinder.java:64] binding parameter [50] as [VARCHAR] - [W]
2020-06-19 14:05:48 TRACE [BasicBinder.java:64] binding parameter [51] as [VARCHAR] - [weoKHKzDxC]
2020-06-19 14:05:48 TRACE [BasicBinder.java:64] binding parameter [52] as [VARCHAR] - [LyPdvyfxdN]
2020-06-19 14:05:48 TRACE [BasicBinder.java:64] binding parameter [53] as [VARCHAR] - [rc]
2020-06-19 14:05:48 TRACE [BasicBinder.java:64] binding parameter [54] as [DATE] - [1991-04-07]
2020-06-19 14:05:48 TRACE [BasicBinder.java:64] binding parameter [55] as [VARCHAR] - [b]
2020-06-19 14:05:48 TRACE [BasicBinder.java:64] binding parameter [56] as [VARCHAR] - [g]
2020-06-19 14:05:48 TRACE [BasicBinder.java:64] binding parameter [57] as [DATE] - [1992-05-28]
2020-06-19 14:05:48 TRACE [BasicBinder.java:64] binding parameter [58] as [VARCHAR] - [B]
2020-06-19 14:05:48 TRACE [BasicBinder.java:64] binding parameter [59] as [VARCHAR] - [mOXNdnDcOwmXnxDlOPpD]
2020-06-19 14:05:48 TRACE [BasicBinder.java:64] binding parameter [60] as [VARCHAR] - [T]
2020-06-19 14:05:48 TRACE [BasicBinder.java:64] binding parameter [61] as [DATE] - [1972-04-25]
2020-06-19 14:05:48 TRACE [BasicBinder.java:64] binding parameter [62] as [VARCHAR] - [01]
2020-06-19 14:05:48 TRACE [BasicBinder.java:64] binding parameter [63] as [DOUBLE] - [4978691.544230205]
2020-06-19 14:05:48 TRACE [BasicBinder.java:64] binding parameter [64] as [DOUBLE] - [8910817.222765405]
2020-06-19 14:05:48 TRACE [BasicBinder.java:64] binding parameter [65] as [DOUBLE] - [5670161.951592015]
2020-06-19 14:05:48 TRACE [BasicBinder.java:64] binding parameter [66] as [DOUBLE] - [3220585.0748971477]
2020-06-19 14:05:48 TRACE [BasicBinder.java:64] binding parameter [67] as [DOUBLE] - [8250221.280477292]
2020-06-19 14:05:48 TRACE [BasicBinder.java:64] binding parameter [68] as [VARCHAR] - [H]
2020-06-19 14:05:48 TRACE [BasicBinder.java:64] binding parameter [69] as [VARCHAR] - [HARDSURFACES]
2020-06-19 14:05:48 TRACE [BasicBinder.java:64] binding parameter [70] as [DOUBLE] - [5347237.963689309]
2020-06-19 14:05:48 TRACE [BasicBinder.java:64] binding parameter [71] as [VARCHAR] - [Xu]
2020-06-19 14:05:48 TRACE [BasicBinder.java:64] binding parameter [72] as [VARCHAR] - [jpBMtlIQUyo]
2020-06-19 14:05:48 TRACE [BasicBinder.java:64] binding parameter [73] as [VARCHAR] - [nlanW]
2020-06-19 14:05:48 TRACE [BasicBinder.java:64] binding parameter [74] as [VARCHAR] - [QbS]
2020-06-19 14:05:48 TRACE [BasicBinder.java:64] binding parameter [75] as [DATE] - [1985-09-20]
2020-06-19 14:05:48 TRACE [BasicBinder.java:64] binding parameter [76] as [VARCHAR] - [oHwVYUwYmSzShqMkzyXK]
2020-06-19 14:05:48 TRACE [BasicBinder.java:64] binding parameter [77] as [VARCHAR] - [Uy]
2020-06-19 14:05:48 TRACE [BasicBinder.java:64] binding parameter [78] as [VARCHAR] - [agXcy]
2020-06-19 14:05:48 TRACE [BasicBinder.java:64] binding parameter [79] as [VARCHAR] - [ccFnWhQHts]
2020-06-19 14:05:48 TRACE [BasicBinder.java:64] binding parameter [80] as [VARCHAR] - [uLLYczkMatpvaUWysXaL]
2020-06-19 14:05:48 TRACE [BasicBinder.java:64] binding parameter [81] as [VARCHAR] - [TbFHMBVJacxyyAOoqogi]
2020-06-19 14:05:48 TRACE [BasicBinder.java:64] binding parameter [82] as [VARCHAR] - [a]
2020-06-19 14:05:48 TRACE [BasicBinder.java:64] binding parameter [83] as [TIMESTAMP] - [1970-01-01T01:57:34]
2020-06-19 14:05:48 TRACE [BasicBinder.java:64] binding parameter [84] as [VARCHAR] - [XjFhrJdLzrEauJQRQBSu]
2020-06-19 14:05:48 TRACE [BasicBinder.java:64] binding parameter [85] as [VARCHAR] - [s]
2020-06-19 14:05:48 TRACE [BasicBinder.java:64] binding parameter [86] as [VARCHAR] - [eMSqSKYRfEfScWWohMqF]
2020-06-19 14:05:48 TRACE [BasicBinder.java:64] binding parameter [87] as [DATE] - [1991-11-28]
2020-06-19 14:05:48 TRACE [BasicBinder.java:64] binding parameter [88] as [VARCHAR] - [mxAuuUkiUAtPanpffvNo]
2020-06-19 14:05:48 TRACE [BasicBinder.java:64] binding parameter [89] as [VARCHAR] - [Gn]
2020-06-19 14:05:48 TRACE [BasicBinder.java:64] binding parameter [90] as [VARCHAR] - [PD]
2020-06-19 14:05:48 TRACE [BasicBinder.java:64] binding parameter [91] as [INTEGER] - [616495]
2020-06-19 14:05:48 TRACE [BasicBinder.java:64] binding parameter [92] as [VARCHAR] - [akXXGv]
2020-06-19 14:05:48 TRACE [BasicBinder.java:64] binding parameter [93] as [DATE] - [1981-03-27]
2020-06-19 14:05:48 TRACE [BasicBinder.java:64] binding parameter [94] as [DATE] - [1979-07-06]
2020-06-19 14:05:48 TRACE [BasicBinder.java:64] binding parameter [95] as [DATE] - [1993-08-23]
2020-06-19 14:05:48 TRACE [BasicBinder.java:64] binding parameter [96] as [VARCHAR] - [v]
2020-06-19 14:05:48 TRACE [BasicBinder.java:64] binding parameter [97] as [VARCHAR] - [jBs]
2020-06-19 14:05:48 TRACE [BasicBinder.java:64] binding parameter [98] as [DATE] - [1988-11-16]
2020-06-19 14:05:48 TRACE [BasicBinder.java:64] binding parameter [99] as [VARCHAR] - [rqhVTylhPvXKyJOHjtDc]
2020-06-19 14:05:48 TRACE [BasicBinder.java:64] binding parameter [100] as [VARCHAR] - [d]
2020-06-19 14:05:48 TRACE [BasicBinder.java:64] binding parameter [101] as [VARCHAR] - [gL]
2020-06-19 14:05:48 TRACE [BasicBinder.java:64] binding parameter [102] as [VARCHAR] - [KrmNcfDCXshcLfUyqGTX]
2020-06-19 14:05:48 TRACE [BasicBinder.java:64] binding parameter [103] as [VARCHAR] - [yVJLSLPjdUfloZRncUxy]
2020-06-19 14:05:48 TRACE [BasicBinder.java:64] binding parameter [104] as [VARCHAR] - [owwKJtwXxAxJLIiGHvn]
2020-06-19 14:05:48 TRACE [BasicBinder.java:64] binding parameter [105] as [VARCHAR] - [WzieyrxsnYIFvBgEXYU]
2020-06-19 14:05:48 TRACE [BasicBinder.java:64] binding parameter [106] as [VARCHAR] - [UNHOhjKiZZugPOEeBvS]
2020-06-19 14:05:48 TRACE [BasicBinder.java:64] binding parameter [107] as [VARCHAR] - [jQIlFzt]
2020-06-19 14:05:48 TRACE [BasicBinder.java:64] binding parameter [108] as [VARCHAR] - [Eq]
2020-06-19 14:05:48 TRACE [BasicBinder.java:64] binding parameter [109] as [INTEGER] - [804743]
2020-06-19 14:05:48 TRACE [BasicBinder.java:64] binding parameter [110] as [VARCHAR] - [ONFRGICCpjejyByqadCo]
2020-06-19 14:05:48 TRACE [BasicBinder.java:64] binding parameter [111] as [VARCHAR] - [DufSDdsoMPQeDzR]
2020-06-19 14:05:48 TRACE [BasicBinder.java:64] binding parameter [112] as [VARCHAR] - [rqYsnGGYCbBbGnstEez]
2020-06-19 14:05:48 TRACE [BasicBinder.java:64] binding parameter [113] as [VARCHAR] - [fH]
2020-06-19 14:05:48 TRACE [BasicBinder.java:64] binding parameter [114] as [VARCHAR] - [KIDmvwiQUJ]
2020-06-19 14:05:48 TRACE [BasicBinder.java:64] binding parameter [115] as [VARCHAR] - [K]
2020-06-19 14:05:48 TRACE [BasicBinder.java:64] binding parameter [116] as [VARCHAR] - [WVJxXPMtKZL]
2020-06-19 14:05:48 TRACE [BasicBinder.java:64] binding parameter [117] as [VARCHAR] - [pmiuNDnLTakubrCjhxGx]
2020-06-19 14:05:48 TRACE [BasicBinder.java:64] binding parameter [118] as [VARCHAR] - [JBDKsjeTIPhWVmuSGIwt]
2020-06-19 14:05:48 TRACE [BasicBinder.java:64] binding parameter [119] as [VARCHAR] - [WGlDPPlfkiXoEIzhsWTv]
2020-06-19 14:05:48 TRACE [BasicBinder.java:64] binding parameter [120] as [VARCHAR] - [YtXadQkQQCWnLEgByZeq]
2020-06-19 14:05:48 TRACE [BasicBinder.java:64] binding parameter [121] as [VARCHAR] - [WzGnfGghFnOpNNMeDHTK]
2020-06-19 14:05:48 TRACE [BasicBinder.java:64] binding parameter [122] as [VARCHAR] - [So]
2020-06-19 14:05:48 TRACE [BasicBinder.java:64] binding parameter [123] as [VARCHAR] - [j]
2020-06-19 14:05:48 TRACE [BasicBinder.java:64] binding parameter [124] as [VARCHAR] - [rXWK]
2020-06-19 14:05:48 TRACE [BasicBinder.java:64] binding parameter [125] as [VARCHAR] - [oBYEnioUUtVvJLTNEDCF]
2020-06-19 14:05:48 TRACE [BasicBinder.java:64] binding parameter [126] as [VARCHAR] - [whd]
2020-06-19 14:05:48 TRACE [BasicBinder.java:64] binding parameter [127] as [VARCHAR] - [yM]
2020-06-19 14:05:48 TRACE [BasicBinder.java:64] binding parameter [128] as [VARCHAR] - [qOLYzCDQeTfzWidNRcna]
2020-06-19 14:05:48 TRACE [BasicBinder.java:64] binding parameter [129] as [VARCHAR] - [rZhoXTCatWOvitregibN]
2020-06-19 14:05:48 TRACE [BasicBinder.java:64] binding parameter [130] as [VARCHAR] - [iLovCJQUGXbcZfFxJeby]
2020-06-19 14:05:48 TRACE [BasicBinder.java:64] binding parameter [131] as [VARCHAR] - [R]
2020-06-19 14:05:48 TRACE [BasicBinder.java:64] binding parameter [132] as [VARCHAR] - [XgmwcoLeoprJOSgdAkqG]
2020-06-19 14:05:48 TRACE [BasicBinder.java:64] binding parameter [133] as [VARCHAR] - [MwPMSpseVdhqEQrjVYgX]
2020-06-19 14:05:48 TRACE [BasicBinder.java:64] binding parameter [134] as [VARCHAR] - [RDJMTijxoDkkoRviSlle]
2020-06-19 14:05:48 TRACE [BasicBinder.java:64] binding parameter [135] as [VARCHAR] - [my]
2020-06-19 14:05:48 TRACE [BasicBinder.java:64] binding parameter [136] as [VARCHAR] - [zjdthMugVPOQgUWO]
2020-06-19 14:05:48 TRACE [BasicBinder.java:64] binding parameter [137] as [DOUBLE] - [9363196.813848307]
2020-06-19 14:05:48 TRACE [BasicBinder.java:64] binding parameter [138] as [VARCHAR] - [JPFDkIto]
2020-06-19 14:05:48 TRACE [BasicBinder.java:64] binding parameter [139] as [VARCHAR] - [fnmluhkKaaFmtmP]
2020-06-19 14:05:48 TRACE [BasicBinder.java:64] binding parameter [140] as [VARCHAR] - [wXHvNsDFGB]
2020-06-19 14:05:48 TRACE [BasicBinder.java:64] binding parameter [141] as [BIGINT] - [12]
2020-06-19 14:05:48 DEBUG [MockBuilder.java:94] set changeTimestamp -> 1970-01-01T00:58:56
2020-06-19 14:05:48 DEBUG [MockBuilder.java:94] set createdBy -> xOHwJcFA
2020-06-19 14:05:48 DEBUG [MockBuilder.java:94] set precedence -> 4574998.477368639
2020-06-19 14:05:48 DEBUG [MockBuilder.java:94] set description -> SKMhqUeOLRrVYuNkjjyY
2020-06-19 14:05:48 DEBUG [MockBuilder.java:94] set ediOrdValidations -> null
2020-06-19 14:05:48 DEBUG [MockBuilder.java:94] set level -> y
2020-06-19 14:05:48 DEBUG [MockBuilder.java:94] set ediReasonCode -> 395633
2020-06-19 14:05:48 DEBUG [MockBuilder.java:94] set autoCreateFlag -> X
2020-06-19 14:05:48 DEBUG [MockBuilder.java:94] set createTimestamp -> 1970-01-01T00:27:31
2020-06-19 14:05:48 DEBUG [MockBuilder.java:94] set changedBy -> TqZIPqWa
2020-06-19 14:05:48 DEBUG [MockBuilder.java:94] set defaultAction -> Q
Hibernate: select edireasonc0_.EDI_REASON_CODE as edi_reas1_6_1_, edireasonc0_.AUTO_CREATE_FLAG as auto_cre2_6_1_, edireasonc0_.CHANGE_TIMESTAMP as change_t3_6_1_, edireasonc0_.CHANGED_BY as changed_4_6_1_, edireasonc0_.CREATE_TIMESTAMP as create_t5_6_1_, edireasonc0_.CREATED_BY as created_6_6_1_, edireasonc0_.DEFAULT_ACTION as default_7_6_1_, edireasonc0_.description as descript8_6_1_, edireasonc0_.LEVEL as level9_6_1_, edireasonc0_.precedence as precede10_6_1_, ediordvali1_.edi_reason_code as edi_rea11_2_3_, ediordvali1_.EDI_ORDER_NBR as edi_orde1_2_3_, ediordvali1_.PO_LINE_NBR as po_line_2_2_3_, ediordvali1_.TIME_STAMP as time_sta3_2_3_, ediordvali1_.EDI_ORDER_NBR as edi_orde1_2_0_, ediordvali1_.PO_LINE_NBR as po_line_2_2_0_, ediordvali1_.TIME_STAMP as time_sta3_2_0_, ediordvali1_.ACTION_CODE as action_c4_2_0_, ediordvali1_.ASSIGNED_TO as assigned5_2_0_, ediordvali1_.CHANGED_BY as changed_6_2_0_, ediordvali1_.CHANGED_TIMESTAMP as changed_7_2_0_, ediordvali1_.CREATED_BY as created_8_2_0_, ediordvali1_.CREATED_TIMESTAMP as created_9_2_0_, ediordvali1_.edi_reason_code as edi_rea11_2_0_, ediordvali1_.status as status10_2_0_ from EDI_REASON_CODE edireasonc0_ left outer join EDI_ORD_VALIDATION ediordvali1_ on edireasonc0_.EDI_REASON_CODE=ediordvali1_.edi_reason_code where edireasonc0_.EDI_REASON_CODE=?
2020-06-19 14:05:48 TRACE [BasicBinder.java:64] binding parameter [1] as [INTEGER] - [63]
]]></system-out>
  </testcase>
</testsuite>