<?xml version="1.0" encoding="UTF-8"?>
<testsuite xmlns:xsi="http://www.w3.org/2001/XMLSchema-instance" xsi:noNamespaceSchemaLocation="https://maven.apache.org/surefire/maven-surefire-plugin/xsd/surefire-test-report.xsd" name="com.shaw.ediorderservices.persistance.db2.dao.EdiReasonCodeRepositoryTest" time="0.437" tests="1" errors="0" skipped="1" failures="0">
  <properties>
[...]
</properties>
  <testcase name="testCache" classname="com.shaw.ediorderservices.persistance.db2.dao.EdiReasonCodeRepositoryTest" time="0">
    <skipped message="void com.shaw.ediorderservices.persistance.db2.dao.EdiReasonCodeRepositoryTest.testCache() is @Disabled"/>
    <system-out><![CDATA[2020-06-19 13:28:25 DEBUG [MockBuilder.java:94] set specialInst4 -> jexggbrfGyrxpLGfVSSq
2020-06-19 13:28:25 DEBUG [MockBuilder.java:94] set territory -> AGJmWXDLhSTgyeoZnLVN
2020-06-19 13:28:25 DEBUG [MockBuilder.java:94] set termsDesc -> jQPTeSPYYIrGbHNxpkib
2020-06-19 13:28:25 DEBUG [MockBuilder.java:94] set fob -> SwpyXtNDOGFvxAJKdgOK
2020-06-19 13:28:25 DEBUG [MockBuilder.java:94] set storeTypeDesc -> QMpsUFAUGMUKueDhptVX
2020-06-19 13:28:25 DEBUG [MockBuilder.java:94] set status -> hihqYOefHLUdUpQMQxLn
2020-06-19 13:28:25 DEBUG [MockBuilder.java:94] set specialInst1 -> yjtTHlKEuezcYthOxIjF
2020-06-19 13:28:25 DEBUG [MockBuilder.java:94] set cptPriCarrier -> LIsWDUmPoGzdTLlHVyeU
2020-06-19 13:28:25 DEBUG [MockBuilder.java:94] set statusMsg -> ztaqhyOxhIKmVJXdZsyF
2020-06-19 13:28:25 DEBUG [MockBuilder.java:94] set territoryName -> jZvDFDAhactiKhXUrKJZ
2020-06-19 13:28:25 DEBUG [MockBuilder.java:94] set faxNbr -> rnilRToYnrvjTqJhFJVa
2020-06-19 13:28:25 DEBUG [MockBuilder.java:94] set zip -> klvQYIcnUzdchXPiPekO
2020-06-19 13:28:25 DEBUG [MockBuilder.java:94] set custNbr -> rzrSGykgThlrbAlmHiNf
2020-06-19 13:28:25 DEBUG [MockBuilder.java:94] set refNbr -> BIMhRdJxpXOMWimoDTUV
2020-06-19 13:28:25 DEBUG [MockBuilder.java:94] set state -> lajGFPIIDkBCIKIzbBXK
2020-06-19 13:28:25 DEBUG [MockBuilder.java:94] set salesPerson -> XOTCkolkrLQqAohuptBl
2020-06-19 13:28:25 DEBUG [MockBuilder.java:94] set custName -> qCYXnomKblEXRiFTPRuj
2020-06-19 13:28:25 DEBUG [MockBuilder.java:94] set plant -> LAJXMpQtwjjUpuTqhqhq
2020-06-19 13:28:25 DEBUG [MockBuilder.java:94] set cptileMillCarrier -> QEDopvEbmmdSkSzITdOG
2020-06-19 13:28:25 DEBUG [MockBuilder.java:94] set dateAdded -> nzEIxqwIjPCJgGIhMCEs
2020-06-19 13:28:25 DEBUG [MockBuilder.java:94] set selCo -> TqVEvZiKAPGCnmTBqVBp
2020-06-19 13:28:25 DEBUG [MockBuilder.java:94] set region -> aOlXJQIZtEcdUlYWXXwd
2020-06-19 13:28:25 DEBUG [MockBuilder.java:94] set termsCode -> BCHRDmWruUZPteKXxcLh
2020-06-19 13:28:25 DEBUG [MockBuilder.java:94] set refName -> ARIULLVFyyWhIDiBoSOc
2020-06-19 13:28:25 DEBUG [MockBuilder.java:94] set cptSecCarrier -> fjjkDwHSydCMuLlmSYjG
2020-06-19 13:28:25 DEBUG [MockBuilder.java:94] set cptLoc -> oNSIbTjoGtXmHddMaZen
2020-06-19 13:28:25 DEBUG [MockBuilder.java:94] set division -> iVpCCWrJVANtyEdgTmDh
2020-06-19 13:28:25 DEBUG [MockBuilder.java:94] set grpAcct -> BwCgXUQzAWuzMCgJudPa
2020-06-19 13:28:25 DEBUG [MockBuilder.java:94] set specialInst3 -> gwhubvDjGOmuZfOpJtKn
2020-06-19 13:28:25 DEBUG [MockBuilder.java:94] set commName -> pufPDHVCYCxzabaZUuxW
2020-06-19 13:28:25 DEBUG [MockBuilder.java:94] set districtManager -> kOIOrZfbRExZkRmqkpeN
2020-06-19 13:28:25 DEBUG [MockBuilder.java:94] set specialInst2 -> niQLltkkWnEQvItalJrq
2020-06-19 13:28:25 DEBUG [MockBuilder.java:94] set deliverySched -> BaVNYwtCOlKfAndAvwKw
2020-06-19 13:28:25 DEBUG [MockBuilder.java:94] set district2 -> svUUPKhhGaHXrnRQCpYR
2020-06-19 13:28:25 DEBUG [MockBuilder.java:94] set rugsSecCarrier -> xbFxDqZLzUGKPMdbeXPI
2020-06-19 13:28:25 DEBUG [MockBuilder.java:94] set district -> GzeAQTPKtYRhJMPoYgvS
2020-06-19 13:28:25 DEBUG [MockBuilder.java:94] set whseCarrier -> XbAQYJqVoIznKWaAalHM
2020-06-19 13:28:25 DEBUG [MockBuilder.java:94] set selcoName -> pQKQUWguwXzsjohJmrcI
2020-06-19 13:28:25 DEBUG [MockBuilder.java:94] set custSelco -> XEvZeSVausnrhKgTiLBK
2020-06-19 13:28:25 DEBUG [MockBuilder.java:94] set city -> KzglZLVpGahcwNFTwTgQ
2020-06-19 13:28:25 DEBUG [MockBuilder.java:94] set rugsPriCarrier -> UENoPuFzBJwvMZInpdqy
2020-06-19 13:28:25 DEBUG [MockBuilder.java:94] set custKwic -> bszcAaRKqzOtbRksUcLY
2020-06-19 13:28:25 DEBUG [MockBuilder.java:94] set phoneNbr -> UbzyMtIvOJBWlohQDHnE
2020-06-19 13:28:25 DEBUG [MockBuilder.java:94] set loc -> otFMlKJfEFZcUqykEpWm
2020-06-19 13:28:25 DEBUG [MockBuilder.java:94] set clericalInst1 -> GJjYVUvrOOjIwUeZeVaz
2020-06-19 13:28:25 DEBUG [MockBuilder.java:94] set addr2 -> rNSTBsqCYmGVwcaQzJCg
2020-06-19 13:28:25 DEBUG [MockBuilder.java:94] set addr1 -> HwxtXWLoEDyoeQsWGpEh
2020-06-19 13:28:25 DEBUG [MockBuilder.java:94] set millCarrier -> pVKVwhsTPYlUgCxLmGnz
2020-06-19 13:28:25 DEBUG [MockBuilder.java:94] set commCust -> mviVMQylxaSsrZqYPLVN
2020-06-19 13:28:25 DEBUG [MockBuilder.java:94] set clericalInst2 -> rGECRlqAOkeWmhWzmYNt
2020-06-19 13:28:25 DEBUG [MockBuilder.java:94] set area -> HIxyerCwqtdFJyAiOYea
2020-06-19 13:28:25 DEBUG [MockBuilder.java:94] set cptileWhseCarrier -> ktLSbkVAxbGLcijHActa
2020-06-19 13:28:25 DEBUG [MockBuilder.java:94] set cptileId -> VrDzLNphbFYvwefNLvyJ
2020-06-19 13:28:25 DEBUG [MockBuilder.java:94] set commCustInd -> true
2020-06-19 13:28:25 DEBUG [MockBuilder.java:94] set cptileLoc -> scZOVyYedOMeCEanETOR
2020-06-19 13:28:25 DEBUG [MockBuilder.java:94] set partNbr -> JGpAFsGAdxlrKlVYQJGs
2020-06-19 13:28:25 DEBUG [MockBuilder.java:94] set samplesSeqNbr -> hKXpzuIARfWFhWeMiNDZ
2020-06-19 13:28:25 DEBUG [MockBuilder.java:94] set delVehName -> BmAdchtvZIaSOCInWyqX
2020-06-19 13:28:25 DEBUG [MockBuilder.java:94] set packType -> bTJIXwcZgZFPeObYkMZk
2020-06-19 13:28:25 DEBUG [MockBuilder.java:94] set invPartNbr -> dQkLTBCGCvZpVLjohaLf
2020-06-19 13:28:25 DEBUG [MockBuilder.java:94] set invStyleNbr -> FCqQGRUZnyxfPxENcgXJ
2020-06-19 13:28:25 DEBUG [MockBuilder.java:94] set samplesColorNbr -> xbvocOuZqZpfzRgFYRat
2020-06-19 13:28:25 DEBUG [MockBuilder.java:94] set delVehNbr -> TsIzmjAopotaBkYTJGmq
2020-06-19 13:28:25 DEBUG [MockBuilder.java:94] set invColorNbr -> qZyeNsgShTFCPNeUckLm
2020-06-19 13:28:25 DEBUG [MockBuilder.java:94] set subset -> NvoaxOZmeGFKPcTXvfze
2020-06-19 13:28:25 DEBUG [MockBuilder.java:94] set samplesStyleNbr -> ZbhqkHRPXRJddOvxYLnS
2020-06-19 13:28:25 DEBUG [MockBuilder.java:94] set cartonQty -> 445465
2020-06-19 13:28:25 DEBUG [MockBuilder.java:94] set resultType -> GVJrYcqKmPqTOudwKrwY
2020-06-19 13:28:25 DEBUG [MockBuilder.java:94] set orderNbr -> ougCDTWcXCkKmsdkYJVS
2020-06-19 13:28:25 DEBUG [MockBuilder.java:94] set restricted -> true
2020-06-19 13:28:25 DEBUG [MockBuilder.java:94] set resultMessage -> bUXeVtJVdhgkQWWqdHAJ
2020-06-19 13:28:25 DEBUG [MockBuilder.java:94] set successful -> true
2020-06-19 13:28:25 DEBUG [MockBuilder.java:94] set orderDate -> null
2020-06-19 13:28:25 DEBUG [MockBuilder.java:94] set changeTimestamp -> 1970-01-01T00:33:30
2020-06-19 13:28:25 DEBUG [MockBuilder.java:94] set createTimestamp -> 1970-01-01T00:48:28
2020-06-19 13:28:25 DEBUG [MockBuilder.java:94] set createdBy -> RwXiaHkGuL
2020-06-19 13:28:25 DEBUG [MockBuilder.java:94] set changedBy -> xEtwcbiVgp
2020-06-19 13:28:25 DEBUG [MockBuilder.java:94] set actionCode -> wzoPbNqKpd
2020-06-19 13:28:25 DEBUG [MockBuilder.java:94] set description -> NKNrOzMjkjhOQfXhiwyf
2020-06-19 13:28:25 DEBUG [MockBuilder.java:94] set status -> P
2020-06-19 13:28:25 DEBUG [MockBuilder.java:94] set assignedTo -> pcSQbrpMqL
2020-06-19 13:28:25 DEBUG [MockBuilder.java:94] set createdBy -> nguWxDdZzF
2020-06-19 13:28:25 DEBUG [MockBuilder.java:94] set assignedTo -> dPAyvdUQFR
2020-06-19 13:28:25 DEBUG [MockBuilder.java:94] set createTimestamp -> 1970-01-01T01:33:58
2020-06-19 13:28:25 DEBUG [MockBuilder.java:94] set description -> zUAxYUzKXJAJrQptDllz
2020-06-19 13:28:25 DEBUG [MockBuilder.java:94] set actionCode -> gbwEXsdkmx
2020-06-19 13:28:25 DEBUG [MockBuilder.java:94] set changeTimestamp -> 1970-01-01T01:36:01
2020-06-19 13:28:25 DEBUG [MockBuilder.java:94] set status -> o
2020-06-19 13:28:25 DEBUG [MockBuilder.java:94] set changedBy -> CWnQRsYtKD
2020-06-19 13:28:25 DEBUG [MockBuilder.java:94] set eventInfo -> tcROlnvznUynPbJ
2020-06-19 13:28:25 DEBUG [MockBuilder.java:94] set orderingSystem -> dX
2020-06-19 13:28:25 DEBUG [MockBuilder.java:94] set purchasedBy -> XpvkKtZZiVQROukBLupo
2020-06-19 13:28:25 DEBUG [MockBuilder.java:94] set explodeFlag -> X
2020-06-19 13:28:25 DEBUG [MockBuilder.java:94] set phoneNumber -> cYsTrBtCyJM
2020-06-19 13:28:25 DEBUG [MockBuilder.java:94] set consStatusMsg -> QHaehPRtwHTRKOUasaxz
2020-06-19 13:28:25 DEBUG [MockBuilder.java:94] set fobPoint -> us
2020-06-19 13:28:25 DEBUG [MockBuilder.java:94] set poControl -> UqVmd
2020-06-19 13:28:25 DEBUG [MockBuilder.java:94] set contractUsageInd -> K
2020-06-19 13:28:25 DEBUG [MockBuilder.java:94] set rcdCode -> b
2020-06-19 13:28:25 DEBUG [MockBuilder.java:94] set frtCode -> S
2020-06-19 13:28:25 DEBUG [MockBuilder.java:94] set crossDockCenter -> KHRhaOxsYf
2020-06-19 13:28:25 DEBUG [MockBuilder.java:94] set poType -> HuMMR
2020-06-19 13:28:25 DEBUG [MockBuilder.java:94] set giftMessage1 -> NVQVhBUWeLKrQCWMRDOO
2020-06-19 13:28:25 DEBUG [MockBuilder.java:94] set custDept -> tnxvF
2020-06-19 13:28:25 DEBUG [MockBuilder.java:94] set receivedTimestamp -> 1970-01-01T00:55:12
2020-06-19 13:28:25 DEBUG [MockBuilder.java:94] set poTypeSuffix -> vRqtGrBwPs
2020-06-19 13:28:25 DEBUG [MockBuilder.java:94] set giftMessage2 -> ivrDGToshEPhUFnowyuG
2020-06-19 13:28:25 DEBUG [MockBuilder.java:94] set chngLid -> pSdSxidb
2020-06-19 13:28:25 DEBUG [MockBuilder.java:94] set psMsg -> QGDEZGHeeOErGgFBMGxR
2020-06-19 13:28:25 DEBUG [MockBuilder.java:94] set hostAlertFlag -> L
2020-06-19 13:28:25 DEBUG [MockBuilder.java:94] set chngTimestamp -> 1970-01-01T02:40:21
2020-06-19 13:28:25 DEBUG [MockBuilder.java:94] set refTcNbr -> fIHlhACDKCbGFXXVRSmV
2020-06-19 13:28:25 DEBUG [MockBuilder.java:94] set reserveOrderInd -> i
2020-06-19 13:28:25 DEBUG [MockBuilder.java:94] set dunsNbr -> fpAVIQBcUAYRAue
2020-06-19 13:28:25 DEBUG [MockBuilder.java:94] set poDateValue -> 1982-02-20
2020-06-19 13:28:25 DEBUG [MockBuilder.java:94] set returnMsg -> qtAbCHgYtiZnRVZZBxqc
2020-06-19 13:28:25 DEBUG [MockBuilder.java:94] set errorCode -> Uav
2020-06-19 13:28:25 DEBUG [MockBuilder.java:94] set poDateQualifier -> UtC
2020-06-19 13:28:25 DEBUG [MockBuilder.java:94] set orderRetTotal -> 6745856.722298283
2020-06-19 13:28:25 DEBUG [MockBuilder.java:94] set routeByDate -> 1971-08-01
2020-06-19 13:28:25 DEBUG [MockBuilder.java:94] set errorDescription -> MDpuNPDiGiZGzLmHDfnw
2020-06-19 13:28:25 DEBUG [MockBuilder.java:94] set orderType -> o
2020-06-19 13:28:25 DEBUG [MockBuilder.java:94] set poNumber -> UHYixJdtXToFGmlvgXQQ
2020-06-19 13:28:25 DEBUG [MockBuilder.java:94] set errorTimestamp -> 1970-01-01T00:09:39
2020-06-19 13:28:25 DEBUG [MockBuilder.java:94] set beg -> xWudG
2020-06-19 13:28:25 DEBUG [MockBuilder.java:94] set orderTypeDesc -> uyWmfWlBSUvuxQZ
2020-06-19 13:28:25 DEBUG [MockBuilder.java:94] set poQual -> dn
2020-06-19 13:28:25 DEBUG [MockBuilder.java:94] set deliveryDate -> 1981-05-07
2020-06-19 13:28:25 DEBUG [MockBuilder.java:94] set billToState -> Uy
2020-06-19 13:28:25 DEBUG [MockBuilder.java:94] set orderWeight -> 612974.520994185
2020-06-19 13:28:25 DEBUG [MockBuilder.java:94] set shipPartCompInd -> n
2020-06-19 13:28:25 DEBUG [MockBuilder.java:94] set delvCutOffDt -> 1996-07-03
2020-06-19 13:28:25 DEBUG [MockBuilder.java:94] set billToStore -> boKiOMupkC
2020-06-19 13:28:25 DEBUG [MockBuilder.java:94] set shipPt -> lS
2020-06-19 13:28:25 DEBUG [MockBuilder.java:94] set divDesc -> XQZsuNlTfsKbrRKMOpyF
2020-06-19 13:28:25 DEBUG [MockBuilder.java:94] set storeName -> GYwlqlxibnrqGVlOuBMJ
2020-06-19 13:28:25 DEBUG [MockBuilder.java:94] set specialInstruct1 -> ckZZWlNepiLSNVgDMkSh
2020-06-19 13:28:25 DEBUG [MockBuilder.java:94] set ohStatusCode -> E
2020-06-19 13:28:25 DEBUG [MockBuilder.java:94] set bsStoreNbr -> ZQekzRnbUh
2020-06-19 13:28:25 DEBUG [MockBuilder.java:94] set specialInstruct2 -> KPBebUZGHCNzObAMZyaP
2020-06-19 13:28:25 DEBUG [MockBuilder.java:94] set termsNetDays -> Ync
2020-06-19 13:28:25 DEBUG [MockBuilder.java:94] set cancelDateQualifier -> PLQ
2020-06-19 13:28:25 DEBUG [MockBuilder.java:94] set commCust -> gUDEVHq
2020-06-19 13:28:25 DEBUG [MockBuilder.java:94] set termsTypeFlag -> Ai
2020-06-19 13:28:25 DEBUG [MockBuilder.java:94] set carrierCode -> EA
2020-06-19 13:28:25 DEBUG [MockBuilder.java:94] set orderRetHand -> 5365661.480323573
2020-06-19 13:28:25 DEBUG [MockBuilder.java:94] set customerCode -> YR
2020-06-19 13:28:25 DEBUG [MockBuilder.java:94] set totalBindingFt -> 3335279.482705053
2020-06-19 13:28:25 DEBUG [MockBuilder.java:94] set custNbr -> TFLfCxk
2020-06-19 13:28:25 DEBUG [MockBuilder.java:94] set customerRefNbr -> KwC
2020-06-19 13:28:25 DEBUG [MockBuilder.java:94] set srvLevel -> Ga
2020-06-19 13:28:25 DEBUG [MockBuilder.java:94] set salesCheckNumber -> FyiyVeHBlqdQEoaDtedt
2020-06-19 13:28:25 DEBUG [MockBuilder.java:94] set statusCode -> n
2020-06-19 13:28:25 DEBUG [MockBuilder.java:94] set customerSidemark -> OjvijYHHeBfNQuigdnis
2020-06-19 13:28:25 DEBUG [MockBuilder.java:94] set salesReqCode -> Ve
2020-06-19 13:28:25 DEBUG [MockBuilder.java:94] set stdCarrAlphaInd -> YmQo
2020-06-19 13:28:25 DEBUG [MockBuilder.java:94] set onNote -> eAdIJByYzCmKNvGcTJai
2020-06-19 13:28:25 DEBUG [MockBuilder.java:94] set sellCo -> Gk
2020-06-19 13:28:25 DEBUG [MockBuilder.java:94] set custPmtMeth -> KCStbiDFCqvIhACeMySU
2020-06-19 13:28:25 DEBUG [MockBuilder.java:94] set specialInstruct3 -> OeFUrZnINoOJEXLIoOqX
2020-06-19 13:28:25 DEBUG [MockBuilder.java:94] set seqNbr -> 77230
2020-06-19 13:28:25 DEBUG [MockBuilder.java:94] set custSpInst -> htjNVRiacmWGcQozmrMx
2020-06-19 13:28:25 DEBUG [MockBuilder.java:94] set specialInstruct4 -> jtQJFTZkQcparYExPkjJ
2020-06-19 13:28:25 DEBUG [MockBuilder.java:94] set custWhNbr -> TfjR
2020-06-19 13:28:25 DEBUG [MockBuilder.java:94] set orderRetSh -> 4170375.5861852616
2020-06-19 13:28:25 DEBUG [MockBuilder.java:94] set specialPoNo -> LqiZVrnsiSJHPfjVPNUI
2020-06-19 13:28:25 DEBUG [MockBuilder.java:94] set cbCutLength -> 1517945.5304127673
2020-06-19 13:28:25 DEBUG [MockBuilder.java:94] set onlineType -> y
2020-06-19 13:28:25 DEBUG [MockBuilder.java:94] set shipComplete -> N
2020-06-19 13:28:25 DEBUG [MockBuilder.java:94] set agreementNumber -> PioDwZmJIReFSkj
2020-06-19 13:28:25 DEBUG [MockBuilder.java:94] set shipDateValue -> 1989-04-10
2020-06-19 13:28:25 DEBUG [MockBuilder.java:94] set assignedAgent -> MNMmewDJ
2020-06-19 13:28:25 DEBUG [MockBuilder.java:94] set shipDateQualifier -> zYM
2020-06-19 13:28:25 DEBUG [MockBuilder.java:94] set authRep -> MMhGOAmcOowZRAztJtjY
2020-06-19 13:28:25 DEBUG [MockBuilder.java:94] set shipInstruction -> RshaFTYEJeooSNxYiCJX
2020-06-19 13:28:25 DEBUG [MockBuilder.java:94] set authorizationNo -> JayEqXodUO
2020-06-19 13:28:25 DEBUG [MockBuilder.java:94] set shipByCutOffDt -> 1990-07-27
2020-06-19 13:28:25 DEBUG [MockBuilder.java:94] set acctContact -> itkKznbzRIMnfWjNTAhR
2020-06-19 13:28:25 DEBUG [MockBuilder.java:94] set shipByDate -> 1979-03-22
2020-06-19 13:28:25 DEBUG [MockBuilder.java:94] set shipCancelDate -> 1971-08-12
2020-06-19 13:28:25 DEBUG [MockBuilder.java:94] set orderDate -> 1975-10-24
2020-06-19 13:28:25 DEBUG [MockBuilder.java:94] set userId -> UjMrFbKK
2020-06-19 13:28:25 DEBUG [MockBuilder.java:94] set phone -> EIqyYFHNMLbsfRm
2020-06-19 13:28:25 DEBUG [MockBuilder.java:94] set orderLoc -> yl
2020-06-19 13:28:25 DEBUG [MockBuilder.java:94] set nbDate -> 1981-07-12
2020-06-19 13:28:25 DEBUG [MockBuilder.java:94] set province -> oipsNoLkHzWTvaTdATN
2020-06-19 13:28:25 DEBUG [MockBuilder.java:94] set orderMerCost -> 3630170.772339641
2020-06-19 13:28:25 DEBUG [MockBuilder.java:94] set newStoreInd -> R
2020-06-19 13:28:25 DEBUG [MockBuilder.java:94] set shawOrderNumber -> ymjVWC
2020-06-19 13:28:25 DEBUG [MockBuilder.java:94] set noAsnFlag -> G
2020-06-19 13:28:25 DEBUG [MockBuilder.java:94] set name -> NQZVegSMWXMBSmzhPysr
2020-06-19 13:28:25 DEBUG [MockBuilder.java:94] set orderRetTax -> 7076789.7626677975
2020-06-19 13:28:25 DEBUG [MockBuilder.java:94] set addressLine2 -> gvowSMOztqhYzuzKpyAz
2020-06-19 13:28:25 DEBUG [MockBuilder.java:94] set ohCancelDateValue -> 1972-05-08
2020-06-19 13:28:25 DEBUG [MockBuilder.java:94] set destCode -> nm
2020-06-19 13:28:25 DEBUG [MockBuilder.java:94] set acknowlegeOrdInd -> C
2020-06-19 13:28:25 DEBUG [MockBuilder.java:94] set vendorNo -> SxJpBZKaZhztcHw
2020-06-19 13:28:25 DEBUG [MockBuilder.java:94] set country -> SWDNNuSgHWJBkKawSrZ
2020-06-19 13:28:25 DEBUG [MockBuilder.java:94] set addrKey -> 333968
2020-06-19 13:28:25 DEBUG [MockBuilder.java:94] set city -> DxwcgkknJgDxCOlyegk
2020-06-19 13:28:25 DEBUG [MockBuilder.java:94] set wcStore -> JVSBzEgybI
2020-06-19 13:28:25 DEBUG [MockBuilder.java:94] set addressLine1 -> BsOJiDbaLHCodZTMxehP
2020-06-19 13:28:25 DEBUG [MockBuilder.java:94] set truncFlag -> f
2020-06-19 13:28:25 DEBUG [MockBuilder.java:94] set store -> AnLlyHHxxI
2020-06-19 13:28:25 DEBUG [MockBuilder.java:94] set zip -> xDEoyxpzGbI
2020-06-19 13:28:25 DEBUG [MockBuilder.java:94] set inputMethod -> SwWRFHinZZ
2020-06-19 13:28:25 DEBUG [MockBuilder.java:94] set custNbr -> ShebQyn
2020-06-19 13:28:25 DEBUG [MockBuilder.java:94] set name -> WFPTVhcczjJRnlriApJm
2020-06-19 13:28:25 DEBUG [MockBuilder.java:94] set markForStore -> EazkDgeBRE
2020-06-19 13:28:25 DEBUG [MockBuilder.java:94] set cphone -> wCwmBVuGlUKfAiEbXZHS
2020-06-19 13:28:25 DEBUG [MockBuilder.java:94] set mediaEventCode -> dC
2020-06-19 13:28:25 DEBUG [MockBuilder.java:94] set consumerPoDateValue -> 1981-08-20
2020-06-19 13:28:25 DEBUG [MockBuilder.java:94] set addressLine2 -> HcKEuTQZNFVuZcLRfvBL
2020-06-19 13:28:25 DEBUG [MockBuilder.java:94] set ccountry -> HlzhIHImUJoCdiBDrRRR
2020-06-19 13:28:25 DEBUG [MockBuilder.java:94] set addressLine1 -> wDuoUhrvxMoZeVEOQdQe
2020-06-19 13:28:25 DEBUG [MockBuilder.java:94] set cprovince -> wopCOYLHUmHZgrrrYHTU
2020-06-19 13:28:25 DEBUG [MockBuilder.java:94] set state -> wV
2020-06-19 13:28:25 DEBUG [MockBuilder.java:94] set flag -> 502436
2020-06-19 13:28:25 DEBUG [MockBuilder.java:94] set zip -> NsFhiprob
2020-06-19 13:28:25 DEBUG [MockBuilder.java:94] set cnCity -> VVwzVyqaeqTJUDEKtFx
2020-06-19 13:28:25 DEBUG [MockBuilder.java:94] set state -> Mv
2020-06-19 13:28:25 DEBUG [MockBuilder.java:94] set city -> LIREhvElpHiHAIeuJeO
2020-06-19 13:28:25 DEBUG [MockBuilder.java:94] set consumerShipFlg -> I
2020-06-19 13:28:25 DEBUG [MockBuilder.java:94] set consumerAddress -> LegacyConsumerAddress [cprovince=wopCOYLHUmHZgrrrYHTU, ccountry=HlzhIHImUJoCdiBDrRRR, cphone=wCwmBVuGlUKfAiEbXZHS, addressLine1=wDuoUhrvxMoZeVEOQdQe, addressLine2=HcKEuTQZNFVuZcLRfvBL, city=LIREhvElpHiHAIeuJeO, name=WFPTVhcczjJRnlriApJm, consumerPoDateValue=1981-08-20, consumerShipFlg=I, state=wV, zip=NsFhiprob]
2020-06-19 13:28:25 DEBUG [MockBuilder.java:94] set shipToAddress -> LegacyShipToAddress [addressLine1=BsOJiDbaLHCodZTMxehP, addressLine2=gvowSMOztqhYzuzKpyAz, city=DxwcgkknJgDxCOlyegk, cnCity=VVwzVyqaeqTJUDEKtFx, country=SWDNNuSgHWJBkKawSrZ, custNbr=ShebQyn, destCode=nm, flag=502436, name=NQZVegSMWXMBSmzhPysr, phone=EIqyYFHNMLbsfRm, province=oipsNoLkHzWTvaTdATN, state=Mv, store=AnLlyHHxxI, truncFlag=f, zip=xDEoyxpzGbI]
2020-06-19 13:28:25 DEBUG [MockBuilder.java:94] set addressLine1 -> ZFxECIXQOeRgxZtstNxz
2020-06-19 13:28:25 DEBUG [MockBuilder.java:94] set accountNbr -> dKZGJijNbieQpkIfGIfO
2020-06-19 13:28:25 DEBUG [MockBuilder.java:94] set state -> Ej
2020-06-19 13:28:25 DEBUG [MockBuilder.java:94] set addressLine2 -> KLNQQzQGEkvMaWilNAvz
2020-06-19 13:28:25 DEBUG [MockBuilder.java:94] set billFlag -> H
2020-06-19 13:28:25 DEBUG [MockBuilder.java:94] set name2 -> GmbmCTXIgJZCQIwDyEAH
2020-06-19 13:28:25 DEBUG [MockBuilder.java:94] set zip -> FJjHpAOnTUDZWpQL
2020-06-19 13:28:25 DEBUG [MockBuilder.java:94] set name -> oTqvoNgqUSeKFpXsyQaw
2020-06-19 13:28:25 DEBUG [MockBuilder.java:94] set tpcountry -> lSsSCPBqYPblmCdwVtoV
2020-06-19 13:28:25 DEBUG [MockBuilder.java:94] set tpphone -> pJwCFBjruxhSdskFsvBM
2020-06-19 13:28:25 DEBUG [MockBuilder.java:94] set city -> dpwzLEOlmYgLZQCWFJtD
2020-06-19 13:28:25 DEBUG [MockBuilder.java:94] set tpprovince -> tvRGcKLJLOQHqGXKAuDA
2020-06-19 13:28:25 DEBUG [MockBuilder.java:94] set thirdPartyAddress -> LegacyThirdPartyAddress [tpprovince=tvRGcKLJLOQHqGXKAuDA, tpcountry=lSsSCPBqYPblmCdwVtoV, tpphone=pJwCFBjruxhSdskFsvBM, addressLine1=ZFxECIXQOeRgxZtstNxz, addressLine2=KLNQQzQGEkvMaWilNAvz, accountNbr=dKZGJijNbieQpkIfGIfO, billFlag=H, city=dpwzLEOlmYgLZQCWFJtD, name=oTqvoNgqUSeKFpXsyQaw, name2=GmbmCTXIgJZCQIwDyEAH, state=Ej, zip=FJjHpAOnTUDZWpQL]
2020-06-19 13:28:25 DEBUG [MockBuilder.java:94] set dates -> null
2020-06-19 13:28:25 DEBUG [MockBuilder.java:94] set lines -> null
2020-06-19 13:28:25 DEBUG [MockHelper.java:99] EdiOrderHeader [legacyOrderNumber=null, acctContact=itkKznbzRIMnfWjNTAhR, acknowlegeOrdInd=C, addrKey=333968, agreementNumber=PioDwZmJIReFSkj, assignedAgent=MNMmewDJ, authRep=MMhGOAmcOowZRAztJtjY, authorizationNo=JayEqXodUO, beg=xWudG, billToState=Uy, billToStore=boKiOMupkC, bsStoreNbr=ZQekzRnbUh, cancelDateQualifier=PLQ, carrierCode=EA, cbCutLength=1517945.5304127673, chngLid=pSdSxidb, chngTimestamp=1970-01-01T02:40:21, commCust=gUDEVHq, consStatusMsg=QHaehPRtwHTRKOUasaxz, contractUsageInd=K, crossDockCenter=KHRhaOxsYf, custDept=tnxvF, custPmtMeth=KCStbiDFCqvIhACeMySU, custSpInst=htjNVRiacmWGcQozmrMx, custWhNbr=TfjR, customerCode=YR, custNbr=TFLfCxk, customerRefNbr=KwC, customerSidemark=OjvijYHHeBfNQuigdnis, deliveryDate=1981-05-07, delvCutOffDt=1996-07-03, divDesc=XQZsuNlTfsKbrRKMOpyF, dunsNbr=fpAVIQBcUAYRAue, errorCode=Uav, errorDescription=MDpuNPDiGiZGzLmHDfnw, errorTimestamp=1970-01-01T00:09:39, eventInfo=tcROlnvznUynPbJ, explodeFlag=X, fobPoint=us, frtCode=S, giftMessage1=NVQVhBUWeLKrQCWMRDOO, giftMessage2=ivrDGToshEPhUFnowyuG, hostAlertFlag=L, inputMethod=SwWRFHinZZ, markForStore=EazkDgeBRE, mediaEventCode=dC, nbDate=1981-07-12, newStoreInd=R, noAsnFlag=G, ohCancelDateValue=1972-05-08, ohStatusCode=E, onNote=eAdIJByYzCmKNvGcTJai, onlineType=y, orderDate=1975-10-24, orderLoc=01, orderMerCost=3630170.772339641, shawOrderNumber=ymjVWC, orderRetHand=5365661.480323573, orderRetSh=4170375.5861852616, orderRetTax=7076789.7626677975, orderRetTotal=6745856.722298283, orderType=C, orderTypeDesc=CARPET, orderWeight=612974.520994185, orderingSystem=dX, phoneNumber=cYsTrBtCyJM, poControl=UqVmd, poDateValue=1982-02-20, poDateQualifier=UtC, poNumber=UHYixJdtXToFGmlvgXQQ, poQual=dn, poType=HuMMR, poTypeSuffix=vRqtGrBwPs, psMsg=QGDEZGHeeOErGgFBMGxR, purchasedBy=XpvkKtZZiVQROukBLupo, rcdCode=b, receivedTimestamp=1970-01-01T00:55:12, refTcNbr=fIHlhACDKCbGFXXVRSmV, reserveOrderInd=i, returnMsg=qtAbCHgYtiZnRVZZBxqc, routeByDate=1971-08-01, salesCheckNumber=FyiyVeHBlqdQEoaDtedt, salesReqCode=Ve, sellCo=Gk, seqNbr=77230, shipByCutOffDt=1990-07-27, shipByDate=1979-03-22, shipCancelDate=1971-08-12, shipComplete=N, shipDateValue=1989-04-10, shipDateQualifier=zYM, shipInstruction=RshaFTYEJeooSNxYiCJX, shipPartCompInd=n, shipPt=lS, specialInstruct1=ckZZWlNepiLSNVgDMkSh, specialInstruct2=KPBebUZGHCNzObAMZyaP, specialInstruct3=OeFUrZnINoOJEXLIoOqX, specialInstruct4=jtQJFTZkQcparYExPkjJ, specialPoNo=LqiZVrnsiSJHPfjVPNUI, srvLevel=Ga, statusCode=n, stdCarrAlphaInd=YmQo, storeName=GYwlqlxibnrqGVlOuBMJ, termsNetDays=Ync, termsTypeFlag=Ai, totalBindingFt=3335279.482705053, userId=UjMrFbKK, vendorNo=SxJpBZKaZhztcHw, wcStore=JVSBzEgybI, consumerAddress=LegacyConsumerAddress [cprovince=wopCOYLHUmHZgrrrYHTU, ccountry=HlzhIHImUJoCdiBDrRRR, cphone=wCwmBVuGlUKfAiEbXZHS, addressLine1=wDuoUhrvxMoZeVEOQdQe, addressLine2=HcKEuTQZNFVuZcLRfvBL, city=LIREhvElpHiHAIeuJeO, name=WFPTVhcczjJRnlriApJm, consumerPoDateValue=1981-08-20, consumerShipFlg=I, state=wV, zip=NsFhiprob], shipToAddress=LegacyShipToAddress [addressLine1=BsOJiDbaLHCodZTMxehP, addressLine2=gvowSMOztqhYzuzKpyAz, city=DxwcgkknJgDxCOlyegk, cnCity=VVwzVyqaeqTJUDEKtFx, country=SWDNNuSgHWJBkKawSrZ, custNbr=ShebQyn, destCode=nm, flag=502436, name=NQZVegSMWXMBSmzhPysr, phone=EIqyYFHNMLbsfRm, province=oipsNoLkHzWTvaTdATN, state=Mv, store=AnLlyHHxxI, truncFlag=f, zip=xDEoyxpzGbI], thirdPartyAddress=LegacyThirdPartyAddress [tpprovince=tvRGcKLJLOQHqGXKAuDA, tpcountry=lSsSCPBqYPblmCdwVtoV, tpphone=pJwCFBjruxhSdskFsvBM, addressLine1=ZFxECIXQOeRgxZtstNxz, addressLine2=KLNQQzQGEkvMaWilNAvz, accountNbr=dKZGJijNbieQpkIfGIfO, billFlag=H, city=dpwzLEOlmYgLZQCWFJtD, name=oTqvoNgqUSeKFpXsyQaw, name2=GmbmCTXIgJZCQIwDyEAH, state=Ej, zip=FJjHpAOnTUDZWpQL], dates=null, lines=null]
2020-06-19 13:28:25 DEBUG [MockBuilder.java:94] set beg -> fGTxU
2020-06-19 13:28:25 DEBUG [MockBuilder.java:94] set commCust -> vCoyPWV
2020-06-19 13:28:25 DEBUG [MockBuilder.java:94] set createTimestamp -> 1970-01-01T02:20:37
2020-06-19 13:28:25 DEBUG [MockBuilder.java:94] set shipByDate -> 1977-08-08
2020-06-19 13:28:25 DEBUG [MockBuilder.java:94] set createTimestamp -> 1970-01-01T01:30:50
2020-06-19 13:28:25 DEBUG [MockBuilder.java:94] set freightType -> MbCwztHHCQVYuYHKoRLR
2020-06-19 13:28:25 DEBUG [MockBuilder.java:94] set shipCancelDate -> 1995-12-01
2020-06-19 13:28:25 DEBUG [MockBuilder.java:94] set changeTimestamp -> 1970-01-01T00:43:25
2020-06-19 13:28:25 DEBUG [MockBuilder.java:94] set dunsNbr -> mYahNLtpFwxCaig
2020-06-19 13:28:25 DEBUG [MockBuilder.java:94] set changedBy -> yjAPONPMRx
2020-06-19 13:28:25 DEBUG [MockBuilder.java:94] set changeTimestamp -> 1970-01-01T00:33:51
2020-06-19 13:28:25 DEBUG [MockBuilder.java:94] set vendorNo -> FjNspofHAUyTnoY
2020-06-19 13:28:25 DEBUG [MockBuilder.java:94] set dateValue -> 1970-04-23
2020-06-19 13:28:25 DEBUG [MockBuilder.java:94] set dateValue -> 1996-12-05
2020-06-19 13:28:25 DEBUG [MockBuilder.java:94] set createTimestamp -> 1970-01-01T01:47:47
2020-06-19 13:28:25 DEBUG [MockBuilder.java:94] set changedBy -> cOVZFPqWWy
2020-06-19 13:28:25 DEBUG [MockBuilder.java:94] set createdBy -> cuamBywdae
2020-06-19 13:28:25 DEBUG [MockBuilder.java:94] set createdBy -> nZrEekkdpV
2020-06-19 13:28:25 DEBUG [MockBuilder.java:94] set changeTimestamp -> 1970-01-01T00:25:32
2020-06-19 13:28:25 DEBUG [MockBuilder.java:94] set qualifier -> Cuz
2020-06-19 13:28:25 DEBUG [MockBuilder.java:94] set type -> wHQgCplRwWKxasxAfPBG
2020-06-19 13:28:25 DEBUG [MockBuilder.java:94] set nbDate -> 1970-03-03
2020-06-19 13:28:25 DEBUG [MockBuilder.java:94] set dates -> null
2020-06-19 13:28:25 DEBUG [MockBuilder.java:94] set changedBy -> TUCzFxPkJG
2020-06-19 13:28:25 DEBUG [MockBuilder.java:94] set agreementNumber -> ALBNERWLgsuMxzr
2020-06-19 13:28:25 DEBUG [MockBuilder.java:94] set dateValue -> 1986-08-10
2020-06-19 13:28:25 DEBUG [MockBuilder.java:94] set shipDate -> com.shaw.ediorderservices.persistance.sqlserver.entity.date.ShipDate@72a1ccad
2020-06-19 13:28:25 DEBUG [MockBuilder.java:94] set qualifier -> DTs
2020-06-19 13:28:25 DEBUG [MockBuilder.java:94] set createdBy -> WggDVvHacQ
2020-06-19 13:28:25 DEBUG [MockBuilder.java:94] set storeName -> NmvEqezBYhkNzUiSgzEJ
2020-06-19 13:28:25 DEBUG [MockBuilder.java:94] set poNumber -> wLtiCoXqhNEKCcmeUmQa
2020-06-19 13:28:25 DEBUG [MockBuilder.java:94] set createdBy -> TBLVJOfSnw
2020-06-19 13:28:25 DEBUG [MockBuilder.java:94] set billToStore -> DdJQlhCItz
2020-06-19 13:28:25 DEBUG [MockBuilder.java:94] set qualifier -> UUg
2020-06-19 13:28:25 DEBUG [MockBuilder.java:94] set validations -> null
2020-06-19 13:28:25 DEBUG [MockBuilder.java:94] set serviceCode -> bXyMfaKRpCKFNHvkWbZY
2020-06-19 13:28:25 DEBUG [MockBuilder.java:94] set poDate -> com.shaw.ediorderservices.persistance.sqlserver.entity.date.PoDate@1402eb9
2020-06-19 13:28:25 DEBUG [MockBuilder.java:94] set cancelDate -> com.shaw.ediorderservices.persistance.sqlserver.entity.date.CancelDate@51dd4ab6
2020-06-19 13:28:25 DEBUG [MockBuilder.java:94] set changedBy -> edQTRsNISj
2020-06-19 13:28:25 DEBUG [MockBuilder.java:94] set orderingSystem -> Yp
2020-06-19 13:28:25 DEBUG [MockBuilder.java:94] set requestOrderJson -> YjNAmhurvLHUCePFWWMJ
2020-06-19 13:28:25 DEBUG [MockBuilder.java:94] set changeTimestamp -> 1970-01-01T01:57:24
2020-06-19 13:28:25 DEBUG [MockBuilder.java:94] set customerCode -> UJ
2020-06-19 13:28:25 DEBUG [MockBuilder.java:94] set createTimestamp -> 1970-01-01T02:29:24
2020-06-19 13:28:25 DEBUG [MockBuilder.java:94] set legacyOrderNumber -> 481581817
2020-06-19 13:28:25 DEBUG [MockBuilder.java:94] set sampVvalue -> OtwzWQSPvoVDVnQHOHWE
2020-06-19 13:28:25 DEBUG [MockBuilder.java:94] set carrierCode -> dG
2020-06-19 13:28:25 DEBUG [MockBuilder.java:94] set shawOrderNbr -> HYUugk
2020-06-19 13:28:25 DEBUG [MockBuilder.java:94] set sampType -> QyaqOXJXiTVkSYPpvPaA
2020-06-19 13:28:25 DEBUG [MockBuilder.java:94] set generics -> null
2020-06-19 13:28:25 DEBUG [MockBuilder.java:94] set country -> OP
2020-06-19 13:28:25 DEBUG [MockBuilder.java:94] set orderType -> mdAVDHpNfeFgOQMehpnv
2020-06-19 13:28:25 DEBUG [MockBuilder.java:94] set country -> mB
2020-06-19 13:28:25 DEBUG [MockBuilder.java:94] set lines -> null
2020-06-19 13:28:25 DEBUG [MockBuilder.java:94] set zip -> AqHKCJTohiEAuAaX
2020-06-19 13:28:25 DEBUG [MockBuilder.java:94] set addressLine1 -> EnRCkeMqIplvFnltlBsU
2020-06-19 13:28:25 DEBUG [MockBuilder.java:94] set zip -> sXSByIChBTkFJTEX
2020-06-19 13:28:25 DEBUG [MockBuilder.java:94] set custDept -> BCQBg
2020-06-19 13:28:25 DEBUG [MockBuilder.java:94] set province -> fpoKiUllHdsbmPeDtJM
2020-06-19 13:28:25 DEBUG [MockBuilder.java:94] set careOf -> IwwPukOuJiZOPQskuALD
2020-06-19 13:28:25 DEBUG [MockBuilder.java:94] set city -> npiNAjhdrqmzLwXczjlX
2020-06-19 13:28:25 DEBUG [MockBuilder.java:94] set state -> uL
2020-06-19 13:28:25 DEBUG [MockBuilder.java:94] set province -> DeBCLxSrKqNZasfPSHQ
2020-06-19 13:28:25 DEBUG [MockBuilder.java:94] set country -> IW
2020-06-19 13:28:25 DEBUG [MockBuilder.java:94] set addressLine2 -> MldnZnzGTYlPrMjNZiqL
2020-06-19 13:28:25 DEBUG [MockBuilder.java:94] set state -> rm
2020-06-19 13:28:25 DEBUG [MockBuilder.java:94] set createTimestamp -> 1970-01-01T01:45:22
2020-06-19 13:28:25 DEBUG [MockBuilder.java:94] set zip -> FJONyEgdyvsFpRZB
2020-06-19 13:28:25 DEBUG [MockBuilder.java:94] set createTimestamp -> 1970-01-01T02:26:08
2020-06-19 13:28:25 DEBUG [MockBuilder.java:94] set createdBy -> iJPGqExhhM
2020-06-19 13:28:25 DEBUG [MockBuilder.java:94] set changeTimestamp -> 1970-01-01T00:21:28
2020-06-19 13:28:25 DEBUG [MockBuilder.java:94] set province -> KdganaYDiwMLLTlgeLN
2020-06-19 13:28:25 DEBUG [MockBuilder.java:94] set changeTimestamp -> 1970-01-01T01:48:38
2020-06-19 13:28:25 DEBUG [MockBuilder.java:94] set changedBy -> yBFOuaFDwI
2020-06-19 13:28:25 DEBUG [MockBuilder.java:94] set changedBy -> aMBDlcZMeX
2020-06-19 13:28:25 DEBUG [MockBuilder.java:94] set state -> DE
2020-06-19 13:28:25 DEBUG [MockBuilder.java:94] set phone -> ZXVkgLjKfeIdAEx
2020-06-19 13:28:25 DEBUG [MockBuilder.java:94] set careOf -> UbgWZgwrAIHhgXMeTnkB
2020-06-19 13:28:25 DEBUG [MockBuilder.java:94] set createdBy -> iogijLruZz
2020-06-19 13:28:25 DEBUG [MockBuilder.java:94] set createTimestamp -> 1970-01-01T00:27:58
2020-06-19 13:28:25 DEBUG [MockBuilder.java:94] set customerNumber -> AHhqXy
2020-06-19 13:28:25 DEBUG [MockBuilder.java:94] set createdBy -> zAuqyHNToa
2020-06-19 13:28:25 DEBUG [MockBuilder.java:94] set phone -> axfaRgHcTAulIyK
2020-06-19 13:28:25 DEBUG [MockBuilder.java:94] set changedBy -> ALHGmbGvpJ
2020-06-19 13:28:25 DEBUG [MockBuilder.java:94] set shipFlag -> L
2020-06-19 13:28:25 DEBUG [MockBuilder.java:94] set shipToFlag -> 2472031.579339465
2020-06-19 13:28:25 DEBUG [MockBuilder.java:94] set changeTimestamp -> 1970-01-01T00:43:04
2020-06-19 13:28:25 DEBUG [MockBuilder.java:94] set truncFlag -> T
2020-06-19 13:28:25 DEBUG [MockBuilder.java:94] set custNbr -> zBLpdCx
2020-06-19 13:28:25 DEBUG [MockBuilder.java:94] set addressLine1 -> sgSUwJrlASpjVqMdVLZE
2020-06-19 13:28:25 DEBUG [MockBuilder.java:94] set addressLine2 -> yCFHlMIvwwquybjayuHt
2020-06-19 13:28:25 DEBUG [MockBuilder.java:94] set addressLine1 -> YVRuLUlMwvoUyZQuGKXV
2020-06-19 13:28:25 DEBUG [MockBuilder.java:94] set poDate -> 1990-08-08
2020-06-19 13:28:25 DEBUG [MockBuilder.java:94] set careOf -> iNWjuMhkTwnSCPpbohqE
2020-06-19 13:28:25 DEBUG [MockBuilder.java:94] set city -> fNDybXkxJlwULYjBayur
2020-06-19 13:28:25 DEBUG [MockBuilder.java:94] set name -> EudGNlUmibilsKrRxrYh
2020-06-19 13:28:25 DEBUG [MockBuilder.java:94] set name -> TmAZIOPPeCRiMBoCpUBD
2020-06-19 13:28:25 DEBUG [MockBuilder.java:94] set city -> KCzLsckuVyaqfQUbqJYt
2020-06-19 13:28:25 DEBUG [MockBuilder.java:94] set addressLine2 -> HJsXmsITPDqTejuGWqnW
2020-06-19 13:28:25 DEBUG [MockBuilder.java:94] set phone -> DUVkADNUNgiaGqk
2020-06-19 13:28:25 DEBUG [MockBuilder.java:94] set accountNbr -> kbbPfiasOmlRFoAZAuvN
2020-06-19 13:28:25 DEBUG [MockBuilder.java:94] set billFlag -> U
2020-06-19 13:28:25 DEBUG [MockBuilder.java:94] set destinationCode -> wg
2020-06-19 13:28:25 DEBUG [MockBuilder.java:94] set name -> YnIoRPfNmevDHwFXtVHi
2020-06-19 13:28:25 DEBUG [MockBuilder.java:94] set shipToAddress -> com.shaw.ediorderservices.persistance.sqlserver.entity.address.ShipToAddress@d701a42
2020-06-19 13:28:25 DEBUG [MockBuilder.java:94] set ediOrder -> null
2020-06-19 13:28:25 DEBUG [MockBuilder.java:94] set consumerAddress -> com.shaw.ediorderservices.persistance.sqlserver.entity.address.ConsumerAddress@5da5e4e1
2020-06-19 13:28:25 DEBUG [MockBuilder.java:94] set ediOrder -> null
2020-06-19 13:28:25 DEBUG [MockBuilder.java:94] set thirdPartyAddress -> com.shaw.ediorderservices.persistance.sqlserver.entity.address.ThirdPartyAddress@2faf8a42
2020-06-19 13:28:25 DEBUG [MockBuilder.java:94] set style -> ZVYcB
2020-06-19 13:28:25 DEBUG [MockBuilder.java:94] set custReqShipDate -> 1983-11-19
2020-06-19 13:28:25 DEBUG [MockBuilder.java:94] set changedBy -> XQdnjTIiwL
2020-06-19 13:28:25 DEBUG [MockBuilder.java:94] set ref -> Xfu
2020-06-19 13:28:25 DEBUG [MockBuilder.java:94] set shipDate -> 1978-11-05
2020-06-19 13:28:25 DEBUG [MockBuilder.java:94] set color -> qaTbc
2020-06-19 13:28:25 DEBUG [MockBuilder.java:94] set changeTimestamp -> 1970-01-01T00:10:15
2020-06-19 13:28:25 DEBUG [MockBuilder.java:94] set validations -> null
2020-06-19 13:28:25 DEBUG [MockBuilder.java:94] set createTimestamp -> 1970-01-01T00:46:55
2020-06-19 13:28:25 DEBUG [MockBuilder.java:94] set lineType -> bcwlLRqaBGVUztpjDwKX
2020-06-19 13:28:25 DEBUG [MockBuilder.java:94] set createdBy -> hXCKYVcLPp
2020-06-19 13:28:25 DEBUG [MockBuilder.java:94] set samplesValue -> FLRsoGAunUFGqMuVSErg
2020-06-19 13:28:25 DEBUG [MockBuilder.java:94] set lineNbr -> 460665
2020-06-19 13:28:25 DEBUG [MockHelper.java:58] EdiOrder [id=null, customerCode=UJ, orderingSystem=Yp, type=mdAVDHpNfeFgOQMehpnv, legacyId=481581817, shawOrderNbr=HYUugk, carrierCode=dG, customerNumber=AHhqXy, commCust=vCoyPWV, poNumber=wLtiCoXqhNEKCcmeUmQa, freightType=MbCwztHHCQVYuYHKoRLR, serviceCode=bXyMfaKRpCKFNHvkWbZY, billToStore=DdJQlhCItz, agreementNumber=ALBNERWLgsuMxzr, custDept=BCQBg, storeName=NmvEqezBYhkNzUiSgzEJ, vendorNo=FjNspofHAUyTnoY, dunsNbr=mYahNLtpFwxCaig, beg=fGTxU, shipCancelDate=1995-12-01, shipByDate=1977-08-08, nbDate=1970-03-03, shipDate=com.shaw.ediorderservices.persistance.sqlserver.entity.date.ShipDate@72a1ccad, cancelDate=com.shaw.ediorderservices.persistance.sqlserver.entity.date.CancelDate@51dd4ab6, poDate=com.shaw.ediorderservices.persistance.sqlserver.entity.date.PoDate@1402eb9, dates=null, shipToAddress=com.shaw.ediorderservices.persistance.sqlserver.entity.address.ShipToAddress@d701a42, consumerAddress=com.shaw.ediorderservices.persistance.sqlserver.entity.address.ConsumerAddress@5da5e4e1, thirdPartyAddress=com.shaw.ediorderservices.persistance.sqlserver.entity.address.ThirdPartyAddress@2faf8a42, lines=[com.shaw.ediorderservices.persistance.sqlserver.entity.line.SamplesEdiLine@420849f6], generics=null, validations=null]
2020-06-19 13:28:25 DEBUG [MockBuilder.java:94] set generics -> null
2020-06-19 13:28:25 DEBUG [MockBuilder.java:94] set custDept -> PlkXs
2020-06-19 13:28:25 DEBUG [MockBuilder.java:94] set validations -> null
2020-06-19 13:28:25 DEBUG [MockBuilder.java:94] set storeName -> NNGKTDKYrXoMwmWsvFeK
2020-06-19 13:28:25 DEBUG [MockBuilder.java:94] set createTimestamp -> 1970-01-01T01:03:55
2020-06-19 13:28:25 DEBUG [MockBuilder.java:94] set billToStore -> DYNcdXweNK
2020-06-19 13:28:25 DEBUG [MockBuilder.java:94] set country -> GA
2020-06-19 13:28:25 DEBUG [MockBuilder.java:94] set zip -> lpJkqAiiHRWyVoKP
2020-06-19 13:28:25 DEBUG [MockBuilder.java:94] set agreementNumber -> kkveJMlFPIdLBtL
2020-06-19 13:28:25 DEBUG [MockBuilder.java:94] set province -> EQToGkBHdZPBjhZEukR
2020-06-19 13:28:25 DEBUG [MockBuilder.java:94] set beg -> eVVBC
2020-06-19 13:28:25 DEBUG [MockBuilder.java:94] set hostAlertFlag -> a
2020-06-19 13:28:25 DEBUG [MockBuilder.java:94] set deliveryCutOffDate -> 1982-12-10
2020-06-19 13:28:25 DEBUG [MockBuilder.java:94] set shipCancelDate -> 1984-07-14
2020-06-19 13:28:25 DEBUG [MockBuilder.java:94] set reserveOrderInd -> Q
2020-06-19 13:28:25 DEBUG [MockBuilder.java:94] set routeByDate -> 1975-04-05
2020-06-19 13:28:25 DEBUG [MockBuilder.java:94] set vendorNo -> AMKCMFPleYmCHCy
2020-06-19 13:28:25 DEBUG [MockBuilder.java:94] set consStatusMessage -> gbgVjTOISakENODjbqoV
2020-06-19 13:28:25 DEBUG [MockBuilder.java:94] set authorizationNo -> uEiktKnHYb
2020-06-19 13:28:25 DEBUG [MockBuilder.java:94] set createTimestamp -> 1970-01-01T01:52:46
2020-06-19 13:28:25 DEBUG [MockBuilder.java:94] set packingSlipMessage -> nzmDRyLSHdlxOLhObnQp
2020-06-19 13:28:25 DEBUG [MockBuilder.java:94] set dunsNbr -> byVHNEYSnmeJlHJ
2020-06-19 13:28:25 DEBUG [MockBuilder.java:94] set changeTimestamp -> 1970-01-01T01:40:57
2020-06-19 13:28:25 DEBUG [MockBuilder.java:94] set consumerPoDate -> 1972-07-27
2020-06-19 13:28:25 DEBUG [MockBuilder.java:94] set deliveryDate -> 1973-06-13
2020-06-19 13:28:25 DEBUG [MockBuilder.java:94] set changedBy -> wUyIMiaJoe
2020-06-19 13:28:25 DEBUG [MockBuilder.java:94] set commCust -> oAtDKDf
2020-06-19 13:28:25 DEBUG [MockBuilder.java:94] set markForStore -> fNeOtrUjjt
2020-06-19 13:28:25 DEBUG [MockBuilder.java:94] set dateValue -> 1979-04-03
2020-06-19 13:28:25 DEBUG [MockBuilder.java:94] set bsStore -> nqSOhyllEv
2020-06-19 13:28:25 DEBUG [MockBuilder.java:94] set poNumber -> DqQuXHBgZCWljvSbIivC
2020-06-19 13:28:25 DEBUG [MockBuilder.java:94] set customerCode -> ZG
2020-06-19 13:28:25 DEBUG [MockBuilder.java:94] set createdBy -> TtHVmCXakt
2020-06-19 13:28:25 DEBUG [MockBuilder.java:94] set orderingSystem -> TO
2020-06-19 13:28:25 DEBUG [MockBuilder.java:94] set qualifier -> UhM
2020-06-19 13:28:25 DEBUG [MockBuilder.java:94] set freightType -> JAvUbqWcCpGvXYXQrpey
2020-06-19 13:28:25 DEBUG [MockBuilder.java:94] set type -> wwshsbuQVVFofWqvPwoo
2020-06-19 13:28:25 DEBUG [MockBuilder.java:94] set shipDate -> com.shaw.ediorderservices.persistance.sqlserver.entity.date.ShipDate@4e197cf3
2020-06-19 13:28:25 DEBUG [MockBuilder.java:94] set orderType -> ysWvnyMYeWZhyBvGseqT
2020-06-19 13:28:25 DEBUG [MockBuilder.java:94] set serviceCode -> HhVcRagVRorYzOCZqqqB
2020-06-19 13:28:25 DEBUG [MockBuilder.java:94] set returnMessage -> xfDsfsYjPPDmPjFZoHmB
2020-06-19 13:28:25 DEBUG [MockBuilder.java:94] set requestOrderJson -> jZhFauULExkEtaKGdgpb
2020-06-19 13:28:25 DEBUG [MockBuilder.java:94] set carrierCode -> he
2020-06-19 13:28:25 DEBUG [MockBuilder.java:94] set createTimestamp -> 1970-01-01T01:40:20
2020-06-19 13:28:25 DEBUG [MockBuilder.java:94] set gift1Message -> fRgkFYyMOnmYTQQgMbsw
2020-06-19 13:28:25 DEBUG [MockBuilder.java:94] set customerNumber -> EmlGOs
2020-06-19 13:28:25 DEBUG [MockBuilder.java:94] set changeTimestamp -> 1970-01-01T01:20:34
2020-06-19 13:28:25 DEBUG [MockBuilder.java:94] set gift2Message -> KFXskfuXzIRkDuVXnBpE
2020-06-19 13:28:25 DEBUG [MockBuilder.java:94] set changeTimestamp -> 1970-01-01T01:54:59
2020-06-19 13:28:25 DEBUG [MockBuilder.java:94] set changedBy -> MNBNRHLttr
2020-06-19 13:28:25 DEBUG [MockBuilder.java:94] set legacyOrderNumber -> 803807058
2020-06-19 13:28:25 DEBUG [MockBuilder.java:94] set changedBy -> YUzlSIvvuT
2020-06-19 13:28:25 DEBUG [MockBuilder.java:94] set dateValue -> 1996-12-13
2020-06-19 13:28:25 DEBUG [MockBuilder.java:94] set shawOrderNbr -> bqlXZi
2020-06-19 13:28:25 DEBUG [MockBuilder.java:94] set createdBy -> IfHvEygorT
2020-06-19 13:28:25 DEBUG [MockBuilder.java:94] set dateValue -> 1987-10-12
2020-06-19 13:28:25 DEBUG [MockBuilder.java:94] set country -> IN
2020-06-19 13:28:25 DEBUG [MockBuilder.java:94] set qualifier -> LTs
2020-06-19 13:28:25 DEBUG [MockBuilder.java:94] set createdBy -> aaynheYQPd
2020-06-19 13:28:25 DEBUG [MockBuilder.java:94] set state -> oW
2020-06-19 13:28:25 DEBUG [MockBuilder.java:94] set cancelDate -> com.shaw.ediorderservices.persistance.sqlserver.entity.date.CancelDate@56da59f8
2020-06-19 13:28:25 DEBUG [MockBuilder.java:94] set zip -> McDQewnmLGUDJpNM
2020-06-19 13:28:25 DEBUG [MockBuilder.java:94] set shipByDate -> 1987-05-01
2020-06-19 13:28:25 DEBUG [MockBuilder.java:94] set qualifier -> VuB
2020-06-19 13:28:25 DEBUG [MockBuilder.java:94] set province -> LYqoiFJBqNGztADlmmb
2020-06-19 13:28:25 DEBUG [MockBuilder.java:94] set shipToConsFlag -> G
2020-06-19 13:28:25 DEBUG [MockBuilder.java:94] set nbDate -> 1979-09-07
2020-06-19 13:28:25 DEBUG [MockBuilder.java:94] set state -> ZA
2020-06-19 13:28:25 DEBUG [MockBuilder.java:94] set poDate -> com.shaw.ediorderservices.persistance.sqlserver.entity.date.PoDate@18dd9592
2020-06-19 13:28:25 DEBUG [MockBuilder.java:94] set shipToStore -> CexExCRNOc
2020-06-19 13:28:25 DEBUG [MockBuilder.java:94] set stdCarrierAlphaCode -> Okje
2020-06-19 13:28:25 DEBUG [MockBuilder.java:94] set crossDock -> RKlfYsBqVo
2020-06-19 13:28:25 DEBUG [MockBuilder.java:94] set dates -> null
2020-06-19 13:28:25 DEBUG [MockBuilder.java:94] set createTimestamp -> 1970-01-01T02:31:29
2020-06-19 13:28:25 DEBUG [MockBuilder.java:94] set carrMethCode -> pUsgSCIvtpUVcTXNgXeO
2020-06-19 13:28:25 DEBUG [MockBuilder.java:94] set changedBy -> MeBMGbdCLV
2020-06-19 13:28:25 DEBUG [MockBuilder.java:94] set changeTimestamp -> 1970-01-01T02:15:19
2020-06-19 13:28:25 DEBUG [MockBuilder.java:94] set noAsnFlag -> h
2020-06-19 13:28:25 DEBUG [MockBuilder.java:94] set changeTimestamp -> 1970-01-01T02:21:14
2020-06-19 13:28:25 DEBUG [MockBuilder.java:94] set careOf -> EMAansxHJoWXKVfKKXqj
2020-06-19 13:28:25 DEBUG [MockBuilder.java:94] set acknowledgeOrdInd -> e
2020-06-19 13:28:25 DEBUG [MockBuilder.java:94] set createdBy -> KMKduCHGRb
2020-06-19 13:28:25 DEBUG [MockBuilder.java:94] set shipPartCompInd -> B
2020-06-19 13:28:25 DEBUG [MockBuilder.java:94] set salesCheckNumber -> cTizkTtnQvcSrpiHJaJQ
2020-06-19 13:28:25 DEBUG [MockBuilder.java:94] set createTimestamp -> 1970-01-01T00:46:45
2020-06-19 13:28:25 DEBUG [MockBuilder.java:94] set createTimestamp -> 1970-01-01T00:31:29
2020-06-19 13:28:25 DEBUG [MockBuilder.java:94] set poQualifier -> cFtle
2020-06-19 13:28:25 DEBUG [MockBuilder.java:94] set addressLine1 -> eVzJgPPFTkDYHgGbwLDQ
2020-06-19 13:28:25 DEBUG [MockBuilder.java:94] set newStoreInd -> E
2020-06-19 13:28:25 DEBUG [MockBuilder.java:94] set createdBy -> LuLhIFSmoV
2020-06-19 13:28:25 DEBUG [MockBuilder.java:94] set careOf -> kVzRURTfyrUCbQrVJGfF
2020-06-19 13:28:25 DEBUG [MockBuilder.java:94] set phone -> ipBWliuAasJZeyL
2020-06-19 13:28:25 DEBUG [MockBuilder.java:94] set shipToFlag -> 8203475.673397696
2020-06-19 13:28:25 DEBUG [MockBuilder.java:94] set city -> JaOYdcCbzUCvzfRcYQpY
2020-06-19 13:28:25 DEBUG [MockBuilder.java:94] set truncFlag -> M
2020-06-19 13:28:25 DEBUG [MockBuilder.java:94] set changeTimestamp -> 1970-01-01T01:37:53
2020-06-19 13:28:25 DEBUG [MockBuilder.java:94] set addressLine2 -> XhhMHQwaTxuluVtSpAPr
2020-06-19 13:28:25 DEBUG [MockBuilder.java:94] set custNbr -> YcxlTNb
2020-06-19 13:28:25 DEBUG [MockBuilder.java:94] set destinationCode -> mf
2020-06-19 13:28:25 DEBUG [MockBuilder.java:94] set billFlag -> r
2020-06-19 13:28:25 DEBUG [MockBuilder.java:94] set addressLine2 -> aMRjkFilmFPksaDkHoOX
2020-06-19 13:28:25 DEBUG [MockBuilder.java:94] set name -> zYMzWWEujESrhuVNuSVE
2020-06-19 13:28:25 DEBUG [MockBuilder.java:94] set fobPoint -> CX
2020-06-19 13:28:25 DEBUG [MockBuilder.java:94] set changedBy -> cAQgulaHhz
2020-06-19 13:28:25 DEBUG [MockBuilder.java:94] set accountNbr -> xCGZmXpFKHOFpmSWgDTU
2020-06-19 13:28:25 DEBUG [MockBuilder.java:94] set createdBy -> EwCXOPkiRj
2020-06-19 13:28:25 DEBUG [MockBuilder.java:94] set name -> JzlHrjrJbgpzUuiahuGr
2020-06-19 13:28:25 DEBUG [MockBuilder.java:94] set phone -> OqmethNptGSRQzb
2020-06-19 13:28:25 DEBUG [MockBuilder.java:94] set changedBy -> VBMIVHKzPE
2020-06-19 13:28:25 DEBUG [MockBuilder.java:94] set addressLine1 -> GCoPMaxdoFzsvcIPRICZ
2020-06-19 13:28:25 DEBUG [MockBuilder.java:94] set city -> KHbfkEKAVYQDGwaOJeSu
2020-06-19 13:28:25 DEBUG [MockBuilder.java:94] set shipToAddress -> com.shaw.ediorderservices.persistance.sqlserver.entity.address.ShipToAddress@d855b9
2020-06-19 13:28:25 DEBUG [MockBuilder.java:94] set ediOrder -> null
2020-06-19 13:28:25 DEBUG [MockBuilder.java:94] set thirdPartyAddress -> com.shaw.ediorderservices.persistance.sqlserver.entity.address.ThirdPartyAddress@7552fd13
2020-06-19 13:28:25 DEBUG [MockBuilder.java:94] set lines -> null
2020-06-19 13:28:25 DEBUG [MockBuilder.java:94] set createTimestamp -> 1970-01-01T00:34:06
2020-06-19 13:28:25 DEBUG [MockBuilder.java:94] set country -> NN
2020-06-19 13:28:25 DEBUG [MockBuilder.java:94] set changeTimestamp -> 1970-01-01T02:08:37
2020-06-19 13:28:25 DEBUG [MockBuilder.java:94] set city -> SRBgfuAHCdXRuzhIxuqE
2020-06-19 13:28:25 DEBUG [MockBuilder.java:94] set zip -> kmVNBCACdVEMYgpl
2020-06-19 13:28:25 DEBUG [MockBuilder.java:94] set changedBy -> GczPlTfLcF
2020-06-19 13:28:25 DEBUG [MockBuilder.java:94] set addressLine2 -> vqdeGyoJfwCeJuopCUZo
2020-06-19 13:28:25 DEBUG [MockBuilder.java:94] set province -> LqMxsfjYpOacxspGOST
2020-06-19 13:28:25 DEBUG [MockBuilder.java:94] set createdBy -> kyUeKmvayf
2020-06-19 13:28:25 DEBUG [MockBuilder.java:94] set careOf -> nppkOkKySRVwldEKnQal
2020-06-19 13:28:25 DEBUG [MockBuilder.java:94] set phone -> clQsVnCLlhhOonC
2020-06-19 13:28:25 DEBUG [MockBuilder.java:94] set shipFlag -> F
2020-06-19 13:28:25 DEBUG [MockBuilder.java:94] set name -> yIhhGLiuFlNvJhUcRdJh
2020-06-19 13:28:25 DEBUG [MockBuilder.java:94] set poDate -> 1994-03-02
2020-06-19 13:28:25 DEBUG [MockBuilder.java:94] set addressLine1 -> OrSaEQleaolIBBNnDQpR
2020-06-19 13:28:25 DEBUG [MockBuilder.java:94] set state -> Kz
2020-06-19 13:28:25 DEBUG [MockBuilder.java:94] set ediOrder -> null
2020-06-19 13:28:25 DEBUG [MockBuilder.java:94] set consumerAddress -> com.shaw.ediorderservices.persistance.sqlserver.entity.address.ConsumerAddress@fe2521f
2020-06-19 13:28:25 DEBUG [MockBuilder.java:94] set shipDate -> 1987-04-28
2020-06-19 13:28:25 DEBUG [MockBuilder.java:94] set style -> pPFcw
2020-06-19 13:28:25 DEBUG [MockBuilder.java:94] set changedBy -> UteltMonDh
2020-06-19 13:28:25 DEBUG [MockBuilder.java:94] set hsValue -> GxzVoQILtxzaggHJGSWy
2020-06-19 13:28:25 DEBUG [MockBuilder.java:94] set ref -> sSL
2020-06-19 13:28:25 DEBUG [MockBuilder.java:94] set validations -> null
2020-06-19 13:28:25 DEBUG [MockBuilder.java:94] set custReqShipDate -> 1980-03-26
2020-06-19 13:28:25 DEBUG [MockBuilder.java:94] set changeTimestamp -> 1970-01-01T01:55:03
2020-06-19 13:28:25 DEBUG [MockBuilder.java:94] set lineNbr -> 837191
2020-06-19 13:28:25 DEBUG [MockBuilder.java:94] set createTimestamp -> 1970-01-01T02:39:20
2020-06-19 13:28:25 DEBUG [MockBuilder.java:94] set createdBy -> LAmOsmypWe
2020-06-19 13:28:25 DEBUG [MockBuilder.java:94] set lineType -> iwYeuiaKCxkJxBDwKFxq
2020-06-19 13:28:25 DEBUG [MockBuilder.java:94] set color -> orapU
2020-06-19 13:28:25 DEBUG [MockHelper.java:58] EdiOrder [id=null, customerCode=ZG, orderingSystem=TO, type=ysWvnyMYeWZhyBvGseqT, legacyId=803807058, shawOrderNbr=bqlXZi, carrierCode=he, customerNumber=EmlGOs, commCust=oAtDKDf, poNumber=DqQuXHBgZCWljvSbIivC, freightType=JAvUbqWcCpGvXYXQrpey, serviceCode=HhVcRagVRorYzOCZqqqB, billToStore=DYNcdXweNK, agreementNumber=kkveJMlFPIdLBtL, custDept=PlkXs, storeName=NNGKTDKYrXoMwmWsvFeK, vendorNo=AMKCMFPleYmCHCy, dunsNbr=byVHNEYSnmeJlHJ, beg=eVVBC, shipCancelDate=1984-07-14, shipByDate=1987-05-01, nbDate=1979-09-07, shipDate=com.shaw.ediorderservices.persistance.sqlserver.entity.date.ShipDate@4e197cf3, cancelDate=com.shaw.ediorderservices.persistance.sqlserver.entity.date.CancelDate@56da59f8, poDate=com.shaw.ediorderservices.persistance.sqlserver.entity.date.PoDate@18dd9592, dates=null, shipToAddress=com.shaw.ediorderservices.persistance.sqlserver.entity.address.ShipToAddress@d855b9, consumerAddress=com.shaw.ediorderservices.persistance.sqlserver.entity.address.ConsumerAddress@fe2521f, thirdPartyAddress=com.shaw.ediorderservices.persistance.sqlserver.entity.address.ThirdPartyAddress@7552fd13, lines=[com.shaw.ediorderservices.persistance.sqlserver.entity.line.HardsurfacesEdiLine@24f6f6bf], generics=null, validations=null]
2020-06-19 13:28:25 DEBUG [MockBuilder.java:94] set deliveryCutOffDate -> 1978-01-01
2020-06-19 13:28:25 DEBUG [MockBuilder.java:94] set routeByDate -> 1982-05-15
2020-06-19 13:28:25 DEBUG [MockBuilder.java:94] set consStatusMessage -> RkRYdGlqeTlRnlWniKNi
2020-06-19 13:28:25 DEBUG [MockBuilder.java:94] set packingSlipMessage -> XkodxcTULRRPoXrRvncu
2020-06-19 13:28:25 DEBUG [MockBuilder.java:94] set beg -> vnLhN
2020-06-19 13:28:25 DEBUG [MockBuilder.java:94] set consumerPoDate -> 1989-04-29
2020-06-19 13:28:25 DEBUG [MockBuilder.java:94] set carrierCode -> YE
2020-06-19 13:28:25 DEBUG [MockBuilder.java:94] set shipCancelDate -> 1974-10-17
2020-06-19 13:28:25 DEBUG [MockBuilder.java:94] set deliveryDate -> 1989-07-11
2020-06-19 13:28:25 DEBUG [MockBuilder.java:94] set customerNumber -> ycGxWL
2020-06-19 13:28:25 DEBUG [MockBuilder.java:94] set vendorNo -> AZSiZcWEiAqTYKB
2020-06-19 13:28:25 DEBUG [MockBuilder.java:94] set markForStore -> JGLvdxtdsB
2020-06-19 13:28:25 DEBUG [MockBuilder.java:94] set legacyOrderNumber -> 729954216
2020-06-19 13:28:25 DEBUG [MockBuilder.java:94] set dunsNbr -> jErcbMwZkFTtGNJ
2020-06-19 13:28:25 DEBUG [MockBuilder.java:94] set shawOrderNbr -> GsjQEG
2020-06-19 13:28:25 DEBUG [MockBuilder.java:94] set freightType -> oEqeFZvITJpVlBmCgWtT
2020-06-19 13:28:25 DEBUG [MockBuilder.java:94] set custDept -> AAutS
2020-06-19 13:28:25 DEBUG [MockBuilder.java:94] set serviceCode -> vmLUDjOjnLYKZrCxKBjy
2020-06-19 13:28:25 DEBUG [MockBuilder.java:94] set customerCode -> tt
2020-06-19 13:28:25 DEBUG [MockBuilder.java:94] set storeName -> NoGhZsDFttAcnfIUliKP
2020-06-19 13:28:25 DEBUG [MockBuilder.java:94] set orderingSystem -> Jb
2020-06-19 13:28:25 DEBUG [MockBuilder.java:94] set returnMessage -> mWGhkUwlCQiVnkdcYwab
2020-06-19 13:28:25 DEBUG [MockBuilder.java:94] set type -> mnCuoKzwCEDsnFflCkpj
2020-06-19 13:28:25 DEBUG [MockBuilder.java:94] set requestOrderJson -> IHXcxwzJEqCWFtQFecLQ
2020-06-19 13:28:25 DEBUG [MockBuilder.java:94] set orderType -> aJVJmEcCFVfBYfmNvezD
2020-06-19 13:28:25 DEBUG [MockBuilder.java:94] set gift1Message -> pVuYNkNZiRmvZelqPKhL
2020-06-19 13:28:25 DEBUG [MockBuilder.java:94] set gift2Message -> llnOGlwhlMkyAjxSxQLa
2020-06-19 13:28:25 DEBUG [MockBuilder.java:94] set createTimestamp -> 1970-01-01T02:06:14
2020-06-19 13:28:25 DEBUG [MockBuilder.java:94] set createTimestamp -> 1970-01-01T02:10:41
2020-06-19 13:28:25 DEBUG [MockBuilder.java:94] set changeTimestamp -> 1970-01-01T00:46:23
2020-06-19 13:28:25 DEBUG [MockBuilder.java:94] set changeTimestamp -> 1970-01-01T02:06:51
2020-06-19 13:28:25 DEBUG [MockBuilder.java:94] set changedBy -> ITmqKqchjF
2020-06-19 13:28:25 DEBUG [MockBuilder.java:94] set changedBy -> dMuBUrDsSj
2020-06-19 13:28:25 DEBUG [MockBuilder.java:94] set dateValue -> 1987-08-01
2020-06-19 13:28:25 DEBUG [MockBuilder.java:94] set dateValue -> 1972-04-06
2020-06-19 13:28:25 DEBUG [MockBuilder.java:94] set createdBy -> yYNEgBoNAP
2020-06-19 13:28:25 DEBUG [MockBuilder.java:94] set createdBy -> LkyIcqTDiU
2020-06-19 13:28:25 DEBUG [MockBuilder.java:94] set qualifier -> bkj
2020-06-19 13:28:25 DEBUG [MockBuilder.java:94] set poDate -> com.shaw.ediorderservices.persistance.sqlserver.entity.date.PoDate@60f0415b
2020-06-19 13:28:25 DEBUG [MockBuilder.java:94] set qualifier -> oTc
2020-06-19 13:28:25 DEBUG [MockBuilder.java:94] set dates -> null
2020-06-19 13:28:25 DEBUG [MockBuilder.java:94] set shipDate -> com.shaw.ediorderservices.persistance.sqlserver.entity.date.ShipDate@2a20e951
2020-06-19 13:28:25 DEBUG [MockBuilder.java:94] set country -> op
2020-06-19 13:28:25 DEBUG [MockBuilder.java:94] set zip -> jMzoMJjbmlgoIsTT
2020-06-19 13:28:25 DEBUG [MockBuilder.java:94] set createTimestamp -> 1970-01-01T01:26:57
2020-06-19 13:28:25 DEBUG [MockBuilder.java:94] set province -> UQjtWuBEFZzljIoFfBL
2020-06-19 13:28:25 DEBUG [MockBuilder.java:94] set state -> ql
2020-06-19 13:28:25 DEBUG [MockBuilder.java:94] set changeTimestamp -> 1970-01-01T02:44:28
2020-06-19 13:28:25 DEBUG [MockBuilder.java:94] set createTimestamp -> 1970-01-01T00:49:16
2020-06-19 13:28:25 DEBUG [MockBuilder.java:94] set changedBy -> ziXIEvJGFo
2020-06-19 13:28:25 DEBUG [MockBuilder.java:94] set changeTimestamp -> 1970-01-01T01:17:38
2020-06-19 13:28:25 DEBUG [MockBuilder.java:94] set changedBy -> GStpggLmCf
2020-06-19 13:28:25 DEBUG [MockBuilder.java:94] set dateValue -> 1991-12-11
2020-06-19 13:28:25 DEBUG [MockBuilder.java:94] set createdBy -> YfXUrTaFXW
2020-06-19 13:28:25 DEBUG [MockBuilder.java:94] set createdBy -> wBDNLmGDpI
2020-06-19 13:28:25 DEBUG [MockBuilder.java:94] set phone -> lWYlPabYTZPNgzY
2020-06-19 13:28:25 DEBUG [MockBuilder.java:94] set qualifier -> ZDk
2020-06-19 13:28:25 DEBUG [MockBuilder.java:94] set careOf -> kwaKYkFhnDeHTuCDzaem
2020-06-19 13:28:25 DEBUG [MockBuilder.java:94] set cancelDate -> com.shaw.ediorderservices.persistance.sqlserver.entity.date.CancelDate@51230575
2020-06-19 13:28:25 DEBUG [MockBuilder.java:94] set name -> dROSQahdKvVyOwZjFjST
2020-06-19 13:28:25 DEBUG [MockBuilder.java:94] set addressLine2 -> QnDmKllZEIhZtJJxqZaj
2020-06-19 13:28:25 DEBUG [MockBuilder.java:94] set shipByDate -> 1977-09-05
2020-06-19 13:28:25 DEBUG [MockBuilder.java:94] set city -> lZyyqNNwecQDKnliobRQ
2020-06-19 13:28:25 DEBUG [MockBuilder.java:94] set nbDate -> 1978-02-03
2020-06-19 13:28:25 DEBUG [MockBuilder.java:94] set addressLine1 -> PLRwKdxDZWADDktzILqz
2020-06-19 13:28:25 DEBUG [MockBuilder.java:94] set custNbr -> KDoGpuN
2020-06-19 13:28:25 DEBUG [MockBuilder.java:94] set shipToFlag -> 4436525.939459753
2020-06-19 13:28:25 DEBUG [MockBuilder.java:94] set generics -> null
2020-06-19 13:28:25 DEBUG [MockBuilder.java:94] set truncFlag -> L
2020-06-19 13:28:25 DEBUG [MockBuilder.java:94] set validations -> null
2020-06-19 13:28:25 DEBUG [MockBuilder.java:94] set commCust -> gTtaVlQ
2020-06-19 13:28:25 DEBUG [MockBuilder.java:94] set destinationCode -> RI
2020-06-19 13:28:25 DEBUG [MockBuilder.java:94] set poNumber -> YSriaTgeDVdkyvmOeTXv
2020-06-19 13:28:25 DEBUG [MockBuilder.java:94] set changedBy -> RsPufRMxTe
2020-06-19 13:28:25 DEBUG [MockBuilder.java:94] set changeTimestamp -> 1970-01-01T00:21:49
2020-06-19 13:28:25 DEBUG [MockBuilder.java:94] set createdBy -> KXFcfuJIsT
2020-06-19 13:28:25 DEBUG [MockBuilder.java:94] set bsStore -> AHOFIKhNdg
2020-06-19 13:28:25 DEBUG [MockBuilder.java:94] set country -> qH
2020-06-19 13:28:25 DEBUG [MockBuilder.java:94] set createTimestamp -> 1970-01-01T01:45:57
2020-06-19 13:28:25 DEBUG [MockBuilder.java:94] set addressLine1 -> qeJXncOqTsWqINhssAJK
2020-06-19 13:28:25 DEBUG [MockBuilder.java:94] set zip -> DGAbcCcDuFFdOKao
2020-06-19 13:28:25 DEBUG [MockBuilder.java:94] set createTimestamp -> 1970-01-01T01:13:49
2020-06-19 13:28:25 DEBUG [MockBuilder.java:94] set careOf -> ccwcoRmVBjHOBfQgKdpi
2020-06-19 13:28:25 DEBUG [MockBuilder.java:94] set province -> rCNBzOitSyWjlnHIFiK
2020-06-19 13:28:25 DEBUG [MockBuilder.java:94] set changeTimestamp -> 1970-01-01T00:32:06
2020-06-19 13:28:25 DEBUG [MockBuilder.java:94] set city -> aiIFULjfiJjZczKvvflh
2020-06-19 13:28:25 DEBUG [MockBuilder.java:94] set shipToAddress -> com.shaw.ediorderservices.persistance.sqlserver.entity.address.ShipToAddress@6d5fe50d
2020-06-19 13:28:25 DEBUG [MockBuilder.java:94] set state -> bQ
2020-06-19 13:28:25 DEBUG [MockBuilder.java:94] set changedBy -> wnobrLrRRp
2020-06-19 13:28:25 DEBUG [MockBuilder.java:94] set createdBy -> mqFvHgsMOb
2020-06-19 13:28:25 DEBUG [MockBuilder.java:94] set hostAlertFlag -> b
2020-06-19 13:28:25 DEBUG [MockBuilder.java:94] set phone -> WbFlhlNDUlOofjY
2020-06-19 13:28:25 DEBUG [MockBuilder.java:94] set shipToConsFlag -> h
2020-06-19 13:28:25 DEBUG [MockBuilder.java:94] set salesCheckNumber -> HsISWXuYMSsSDqSHGxVA
2020-06-19 13:28:25 DEBUG [MockBuilder.java:94] set newStoreInd -> V
2020-06-19 13:28:25 DEBUG [MockBuilder.java:94] set poQualifier -> KjIhX
2020-06-19 13:28:25 DEBUG [MockBuilder.java:94] set billToStore -> TWJMFfJZYA
2020-06-19 13:28:25 DEBUG [MockBuilder.java:94] set billFlag -> I
2020-06-19 13:28:25 DEBUG [MockBuilder.java:94] set reserveOrderInd -> j
2020-06-19 13:28:25 DEBUG [MockBuilder.java:94] set addressLine2 -> jHuBQIGuLjEPdFrVPEcL
2020-06-19 13:28:25 DEBUG [MockBuilder.java:94] set stdCarrierAlphaCode -> RArg
2020-06-19 13:28:25 DEBUG [MockBuilder.java:94] set country -> Ql
2020-06-19 13:28:25 DEBUG [MockBuilder.java:94] set name -> mrSXMwxQvVUwWEreeaTi
2020-06-19 13:28:25 DEBUG [MockBuilder.java:94] set agreementNumber -> eCxuwmjpDJdrUuC
2020-06-19 13:28:25 DEBUG [MockBuilder.java:94] set accountNbr -> YAOuqQObEIiWcbOGEGPT
2020-06-19 13:28:25 DEBUG [MockBuilder.java:94] set shipToStore -> XDTnbgHLMq
2020-06-19 13:28:25 DEBUG [MockBuilder.java:94] set authorizationNo -> RnEveXNfyM
2020-06-19 13:28:25 DEBUG [MockBuilder.java:94] set crossDock -> KuqhepJZMV
2020-06-19 13:28:25 DEBUG [MockBuilder.java:94] set acknowledgeOrdInd -> n
2020-06-19 13:28:25 DEBUG [MockBuilder.java:94] set carrMethCode -> QBbXPRtzhcCCTCuFuJOz
2020-06-19 13:28:25 DEBUG [MockBuilder.java:94] set fobPoint -> DM
2020-06-19 13:28:25 DEBUG [MockBuilder.java:94] set noAsnFlag -> y
2020-06-19 13:28:25 DEBUG [MockBuilder.java:94] set shipPartCompInd -> K
2020-06-19 13:28:25 DEBUG [MockBuilder.java:94] set createdBy -> sthsnolUIh
2020-06-19 13:28:25 DEBUG [MockBuilder.java:94] set ediOrder -> null
2020-06-19 13:28:25 DEBUG [MockBuilder.java:94] set city -> jSFuyCXoLwTMBrqKzmUQ
2020-06-19 13:28:25 DEBUG [MockBuilder.java:94] set phone -> SNONgwJBmPhlwSo
2020-06-19 13:28:25 DEBUG [MockBuilder.java:94] set thirdPartyAddress -> com.shaw.ediorderservices.persistance.sqlserver.entity.address.ThirdPartyAddress@187b6061
2020-06-19 13:28:25 DEBUG [MockBuilder.java:94] set addressLine2 -> lnkMdWhGZwlMVcLaJZxu
2020-06-19 13:28:25 DEBUG [MockBuilder.java:94] set lines -> null
2020-06-19 13:28:25 DEBUG [MockBuilder.java:94] set careOf -> xBpgsugEnBvQVRUVuSZT
2020-06-19 13:28:25 DEBUG [MockBuilder.java:94] set zip -> WIWWloDyWTuczncl
2020-06-19 13:28:25 DEBUG [MockBuilder.java:94] set shipFlag -> P
2020-06-19 13:28:25 DEBUG [MockBuilder.java:94] set addressLine1 -> yShFCZygvonUbonjjGOL
2020-06-19 13:28:25 DEBUG [MockBuilder.java:94] set poDate -> 1976-10-13
2020-06-19 13:28:25 DEBUG [MockBuilder.java:94] set createTimestamp -> 1970-01-01T00:37:47
2020-06-19 13:28:25 DEBUG [MockBuilder.java:94] set changedBy -> jfJpPhbbyh
2020-06-19 13:28:25 DEBUG [MockBuilder.java:94] set changeTimestamp -> 1970-01-01T01:14:31
2020-06-19 13:28:25 DEBUG [MockBuilder.java:94] set province -> ZkMATGbzPDqBpYmEhHh
2020-06-19 13:28:25 DEBUG [MockBuilder.java:94] set state -> QA
2020-06-19 13:28:25 DEBUG [MockBuilder.java:94] set name -> BhiDjZogYknygmEqtePh
2020-06-19 13:28:25 DEBUG [MockBuilder.java:94] set ediOrder -> null
2020-06-19 13:28:25 DEBUG [MockBuilder.java:94] set consumerAddress -> com.shaw.ediorderservices.persistance.sqlserver.entity.address.ConsumerAddress@195a9c31
2020-06-19 13:28:25 DEBUG [MockBuilder.java:94] set shipDate -> 1972-02-14
2020-06-19 13:28:25 DEBUG [MockBuilder.java:94] set ref -> Mxw
2020-06-19 13:28:25 DEBUG [MockBuilder.java:94] set validations -> null
2020-06-19 13:28:25 DEBUG [MockBuilder.java:94] set createTimestamp -> 1970-01-01T02:16:54
2020-06-19 13:28:25 DEBUG [MockBuilder.java:94] set color -> ENqAQ
2020-06-19 13:28:25 DEBUG [MockBuilder.java:94] set changeTimestamp -> 1970-01-01T00:04:23
2020-06-19 13:28:25 DEBUG [MockBuilder.java:94] set lineNbr -> 465579
2020-06-19 13:28:25 DEBUG [MockBuilder.java:94] set changedBy -> jnfvQavyjw
2020-06-19 13:28:25 DEBUG [MockBuilder.java:94] set style -> NKkPU
2020-06-19 13:28:25 DEBUG [MockBuilder.java:94] set hsValue -> lNdNFugxjMvPlAskrCae
2020-06-19 13:28:25 DEBUG [MockBuilder.java:94] set lineType -> LKpctHbhqTVgNZWkGhoZ
2020-06-19 13:28:25 DEBUG [MockBuilder.java:94] set createdBy -> WWfcHONHTS
2020-06-19 13:28:25 DEBUG [MockBuilder.java:94] set custReqShipDate -> 1977-10-13
2020-06-19 13:28:25 DEBUG [MockHelper.java:58] EdiOrder [id=null, customerCode=tt, orderingSystem=Jb, type=aJVJmEcCFVfBYfmNvezD, legacyId=729954216, shawOrderNbr=GsjQEG, carrierCode=YE, customerNumber=ycGxWL, commCust=gTtaVlQ, poNumber=YSriaTgeDVdkyvmOeTXv, freightType=oEqeFZvITJpVlBmCgWtT, serviceCode=vmLUDjOjnLYKZrCxKBjy, billToStore=TWJMFfJZYA, agreementNumber=eCxuwmjpDJdrUuC, custDept=AAutS, storeName=NoGhZsDFttAcnfIUliKP, vendorNo=AZSiZcWEiAqTYKB, dunsNbr=jErcbMwZkFTtGNJ, beg=vnLhN, shipCancelDate=1974-10-17, shipByDate=1977-09-05, nbDate=1978-02-03, shipDate=com.shaw.ediorderservices.persistance.sqlserver.entity.date.ShipDate@2a20e951, cancelDate=com.shaw.ediorderservices.persistance.sqlserver.entity.date.CancelDate@51230575, poDate=com.shaw.ediorderservices.persistance.sqlserver.entity.date.PoDate@60f0415b, dates=null, shipToAddress=com.shaw.ediorderservices.persistance.sqlserver.entity.address.ShipToAddress@6d5fe50d, consumerAddress=com.shaw.ediorderservices.persistance.sqlserver.entity.address.ConsumerAddress@195a9c31, thirdPartyAddress=com.shaw.ediorderservices.persistance.sqlserver.entity.address.ThirdPartyAddress@187b6061, lines=[com.shaw.ediorderservices.persistance.sqlserver.entity.line.CarpetEdiLine@255845b1], generics=null, validations=null]
2020-06-19 13:28:25 DEBUG [MockBuilder.java:94] set beg -> OVmrQ
2020-06-19 13:28:25 DEBUG [MockBuilder.java:94] set commCust -> uGByvJC
2020-06-19 13:28:25 DEBUG [MockBuilder.java:94] set createdBy -> xyjYtiNZqA
2020-06-19 13:28:25 DEBUG [MockBuilder.java:94] set shipByDate -> 1990-05-20
2020-06-19 13:28:25 DEBUG [MockBuilder.java:94] set freightType -> loOxFFekeQryNnivJreU
2020-06-19 13:28:25 DEBUG [MockBuilder.java:94] set validations -> null
2020-06-19 13:28:25 DEBUG [MockBuilder.java:94] set createTimestamp -> 1970-01-01T01:01:12
2020-06-19 13:28:25 DEBUG [MockBuilder.java:94] set createTimestamp -> 1970-01-01T02:14:42
2020-06-19 13:28:25 DEBUG [MockBuilder.java:94] set type -> TubAApbdCVvfUvNQIlBM
2020-06-19 13:28:25 DEBUG [MockBuilder.java:94] set changedBy -> BsGJTvhftW
2020-06-19 13:28:25 DEBUG [MockBuilder.java:94] set dunsNbr -> pvOuJMLSLAEQOLF
2020-06-19 13:28:25 DEBUG [MockBuilder.java:94] set orderingSystem -> lM
2020-06-19 13:28:25 DEBUG [MockBuilder.java:94] set changeTimestamp -> 1970-01-01T00:32:20
2020-06-19 13:28:25 DEBUG [MockBuilder.java:94] set vendorNo -> NoWuYGmqYGTaHCn
2020-06-19 13:28:25 DEBUG [MockBuilder.java:94] set changeTimestamp -> 1970-01-01T01:01:52
2020-06-19 13:28:25 DEBUG [MockBuilder.java:94] set requestOrderJson -> VLahgamdGPSoULKHNrzm
2020-06-19 13:28:25 DEBUG [MockBuilder.java:94] set createTimestamp -> 1970-01-01T00:46:46
2020-06-19 13:28:25 DEBUG [MockBuilder.java:94] set customerCode -> kc
2020-06-19 13:28:25 DEBUG [MockBuilder.java:94] set createTimestamp -> 1970-01-01T02:08:43
2020-06-19 13:28:25 DEBUG [MockBuilder.java:94] set sampVvalue -> xWpNPWofWPHFKmDIYxGR
2020-06-19 13:28:25 DEBUG [MockBuilder.java:94] set changedBy -> hwSuLywKgA
2020-06-19 13:28:25 DEBUG [MockBuilder.java:94] set country -> fQ
2020-06-19 13:28:25 DEBUG [MockBuilder.java:94] set sampType -> HJHHDuXxJGCfOQxQwuYM
2020-06-19 13:28:25 DEBUG [MockBuilder.java:94] set changeTimestamp -> 1970-01-01T02:34:42
2020-06-19 13:28:25 DEBUG [MockBuilder.java:94] set orderType -> IEcWeiVabqCtHooJPheX
2020-06-19 13:28:25 DEBUG [MockBuilder.java:94] set zip -> oCwIsxoEtBDuOstV
2020-06-19 13:28:25 DEBUG [MockBuilder.java:94] set changedBy -> qqQWyeGqmC
2020-06-19 13:28:25 DEBUG [MockBuilder.java:94] set dateValue -> 1984-10-30
2020-06-19 13:28:25 DEBUG [MockBuilder.java:94] set province -> SOAuyHmYwFhNRWGSpAc
2020-06-19 13:28:25 DEBUG [MockBuilder.java:94] set shipCancelDate -> 1992-07-15
2020-06-19 13:28:25 DEBUG [MockBuilder.java:94] set dateValue -> 1980-08-01
2020-06-19 13:28:25 DEBUG [MockBuilder.java:94] set state -> xA
2020-06-19 13:28:25 DEBUG [MockBuilder.java:94] set createdBy -> ZjiDHUyxJn
2020-06-19 13:28:25 DEBUG [MockBuilder.java:94] set nbDate -> 1980-03-28
2020-06-19 13:28:25 DEBUG [MockBuilder.java:94] set createdBy -> MsJTGaMCkU
2020-06-19 13:28:25 DEBUG [MockBuilder.java:94] set qualifier -> zjS
2020-06-19 13:28:25 DEBUG [MockBuilder.java:94] set createTimestamp -> 1970-01-01T02:30:51
2020-06-19 13:28:25 DEBUG [MockBuilder.java:94] set poNumber -> CiFEmuuYyVPTuciIZVBe
2020-06-19 13:28:25 DEBUG [MockBuilder.java:94] set qualifier -> QwF
2020-06-19 13:28:25 DEBUG [MockBuilder.java:94] set agreementNumber -> WqFEjyboaFwboTn
2020-06-19 13:28:25 DEBUG [MockBuilder.java:94] set customerNumber -> nMbJhX
2020-06-19 13:28:25 DEBUG [MockBuilder.java:94] set changeTimestamp -> 1970-01-01T00:01:21
2020-06-19 13:28:25 DEBUG [MockBuilder.java:94] set storeName -> PWBBhwRjIzwwrlyPXluX
2020-06-19 13:28:25 DEBUG [MockBuilder.java:94] set shipDate -> com.shaw.ediorderservices.persistance.sqlserver.entity.date.ShipDate@59e02113
2020-06-19 13:28:25 DEBUG [MockBuilder.java:94] set custDept -> RMFCV
2020-06-19 13:28:25 DEBUG [MockBuilder.java:94] set changedBy -> PuZEAWJYUV
2020-06-19 13:28:25 DEBUG [MockBuilder.java:94] set billToStore -> jRSCTYtMAA
2020-06-19 13:28:25 DEBUG [MockBuilder.java:94] set cancelDate -> com.shaw.ediorderservices.persistance.sqlserver.entity.date.CancelDate@6305888c
2020-06-19 13:28:25 DEBUG [MockBuilder.java:94] set createdBy -> KpCeiQKqXp
2020-06-19 13:28:25 DEBUG [MockBuilder.java:94] set serviceCode -> PUvFbYcuqPXMBTkxmUMl
2020-06-19 13:28:25 DEBUG [MockBuilder.java:94] set dates -> null
2020-06-19 13:28:25 DEBUG [MockBuilder.java:94] set phone -> muSNrqjaWCvoQVH
2020-06-19 13:28:25 DEBUG [MockBuilder.java:94] set changeTimestamp -> 1970-01-01T00:12:15
2020-06-19 13:28:25 DEBUG [MockBuilder.java:94] set dateValue -> 1995-04-08
2020-06-19 13:28:25 DEBUG [MockBuilder.java:94] set addressLine1 -> AYBtUdBoGEAXltaosbFQ
2020-06-19 13:28:25 DEBUG [MockBuilder.java:94] set changedBy -> WjMWUxxvDO
2020-06-19 13:28:25 DEBUG [MockBuilder.java:94] set country -> Mr
2020-06-19 13:28:25 DEBUG [MockBuilder.java:94] set createdBy -> avMlrOeJLd
2020-06-19 13:28:25 DEBUG [MockBuilder.java:94] set careOf -> yaudwBWoeIcAYZIOuRXC
2020-06-19 13:28:25 DEBUG [MockBuilder.java:94] set qualifier -> itl
2020-06-19 13:28:25 DEBUG [MockBuilder.java:94] set zip -> cwvsehKXldvSrXTv
2020-06-19 13:28:25 DEBUG [MockBuilder.java:94] set poDate -> com.shaw.ediorderservices.persistance.sqlserver.entity.date.PoDate@1be2ec3a
2020-06-19 13:28:25 DEBUG [MockBuilder.java:94] set city -> WtIwSMkbfMGIQURrvdbg
2020-06-19 13:28:25 DEBUG [MockBuilder.java:94] set province -> OfrfwIGMrKwyvTBqaZc
2020-06-19 13:28:25 DEBUG [MockBuilder.java:94] set country -> eP
2020-06-19 13:28:25 DEBUG [MockBuilder.java:94] set addressLine2 -> aXCvPYCmMLIswwCHysdz
2020-06-19 13:28:25 DEBUG [MockBuilder.java:94] set state -> UK
2020-06-19 13:28:25 DEBUG [MockBuilder.java:94] set zip -> GXmhDGojFdLbrTbp
2020-06-19 13:28:25 DEBUG [MockBuilder.java:94] set province -> lEyXqVWhHaokOaGakIQ
2020-06-19 13:28:25 DEBUG [MockBuilder.java:94] set createTimestamp -> 1970-01-01T01:46:39
2020-06-19 13:28:25 DEBUG [MockBuilder.java:94] set state -> ea
2020-06-19 13:28:25 DEBUG [MockBuilder.java:94] set createTimestamp -> 1970-01-01T02:27:41
2020-06-19 13:28:25 DEBUG [MockBuilder.java:94] set legacyOrderNumber -> 46705965
2020-06-19 13:28:25 DEBUG [MockBuilder.java:94] set changeTimestamp -> 1970-01-01T00:44:55
2020-06-19 13:28:25 DEBUG [MockBuilder.java:94] set changedBy -> VQLbguwIyS
2020-06-19 13:28:25 DEBUG [MockBuilder.java:94] set shawOrderNbr -> gWMREu
2020-06-19 13:28:25 DEBUG [MockBuilder.java:94] set createdBy -> bjNeyImTlq
2020-06-19 13:28:25 DEBUG [MockBuilder.java:94] set shipFlag -> l
2020-06-19 13:28:25 DEBUG [MockBuilder.java:94] set phone -> IQMfMukWRbTdFwf
2020-06-19 13:28:25 DEBUG [MockBuilder.java:94] set poDate -> 1975-02-22
2020-06-19 13:28:25 DEBUG [MockBuilder.java:94] set carrierCode -> OS
2020-06-19 13:28:25 DEBUG [MockBuilder.java:94] set careOf -> MRGuQlpHnjhZDAIByMGr
2020-06-19 13:28:25 DEBUG [MockBuilder.java:94] set name -> LeZFyDxDfzjKgKpjdwoV
2020-06-19 13:28:25 DEBUG [MockBuilder.java:94] set name -> ZiizywsdbwPUuCJnktgT
2020-06-19 13:28:25 DEBUG [MockBuilder.java:94] set ediOrder -> null
2020-06-19 13:28:25 DEBUG [MockBuilder.java:94] set addressLine2 -> juWBNaQdJhKjZeWPkrlk
2020-06-19 13:28:25 DEBUG [MockBuilder.java:94] set addressLine1 -> AYkfbqrnFUJmeiglPvPu
2020-06-19 13:28:25 DEBUG [MockBuilder.java:94] set city -> MVNWzcfJbxkrLoHvloAi
2020-06-19 13:28:25 DEBUG [MockBuilder.java:94] set name -> ckktBAWVBXPfAEGlaJYS
2020-06-19 13:28:25 DEBUG [MockBuilder.java:94] set changeTimestamp -> 1970-01-01T01:34:01
2020-06-19 13:28:25 DEBUG [MockBuilder.java:94] set addressLine1 -> ZDSOjgAbJzTcYloGbRfR
2020-06-19 13:28:25 DEBUG [MockBuilder.java:94] set changedBy -> alSLdZuBIz
2020-06-19 13:28:25 DEBUG [MockBuilder.java:94] set city -> mambZbemmiorQzeuAQci
2020-06-19 13:28:25 DEBUG [MockBuilder.java:94] set custNbr -> lcuVAoq
2020-06-19 13:28:25 DEBUG [MockBuilder.java:94] set addressLine2 -> jIPHkjSrZrmUklsLzJzA
2020-06-19 13:28:25 DEBUG [MockBuilder.java:94] set shipToFlag -> 3441372.03720925
2020-06-19 13:28:25 DEBUG [MockBuilder.java:94] set phone -> rBJEBIWfoBAJZFA
2020-06-19 13:28:25 DEBUG [MockBuilder.java:94] set careOf -> AgiyEelecAlvuBFpiGvv
2020-06-19 13:28:25 DEBUG [MockBuilder.java:94] set generics -> null
2020-06-19 13:28:25 DEBUG [MockBuilder.java:94] set destinationCode -> Iv
2020-06-19 13:28:25 DEBUG [MockBuilder.java:94] set lines -> null
2020-06-19 13:28:25 DEBUG [MockBuilder.java:94] set accountNbr -> ivIBVdUynIQkSrwEYvAn
2020-06-19 13:28:25 DEBUG [MockBuilder.java:94] set billFlag -> F
2020-06-19 13:28:25 DEBUG [MockBuilder.java:94] set ediOrder -> null
2020-06-19 13:28:25 DEBUG [MockBuilder.java:94] set createdBy -> uAsqbEDjGL
2020-06-19 13:28:25 DEBUG [MockBuilder.java:94] set truncFlag -> G
2020-06-19 13:28:25 DEBUG [MockBuilder.java:94] set consumerAddress -> com.shaw.ediorderservices.persistance.sqlserver.entity.address.ConsumerAddress@4f2c55a9
2020-06-19 13:28:25 DEBUG [MockBuilder.java:94] set thirdPartyAddress -> com.shaw.ediorderservices.persistance.sqlserver.entity.address.ThirdPartyAddress@7bf4091d
2020-06-19 13:28:25 DEBUG [MockBuilder.java:94] set shipToAddress -> com.shaw.ediorderservices.persistance.sqlserver.entity.address.ShipToAddress@563f96f6
2020-06-19 13:28:25 DEBUG [MockBuilder.java:94] set changedBy -> vbRHJVJxas
2020-06-19 13:28:25 DEBUG [MockBuilder.java:94] set shipDate -> 1984-03-10
2020-06-19 13:28:25 DEBUG [MockBuilder.java:94] set custReqShipDate -> 1989-01-02
2020-06-19 13:28:25 DEBUG [MockBuilder.java:94] set changeTimestamp -> 1970-01-01T02:15:50
2020-06-19 13:28:25 DEBUG [MockBuilder.java:94] set createTimestamp -> 1970-01-01T02:11:11
2020-06-19 13:28:25 DEBUG [MockBuilder.java:94] set style -> fdJIT
2020-06-19 13:28:25 DEBUG [MockBuilder.java:94] set validations -> null
2020-06-19 13:28:25 DEBUG [MockBuilder.java:94] set lineType -> eKhbdXyReinvdBWZytWK
2020-06-19 13:28:25 DEBUG [MockBuilder.java:94] set ref -> CFa
2020-06-19 13:28:25 DEBUG [MockBuilder.java:94] set samplesValue -> DFWZDDFARzyPvUudEctg
2020-06-19 13:28:25 DEBUG [MockBuilder.java:94] set createdBy -> hYTDtKWOHS
2020-06-19 13:28:25 DEBUG [MockBuilder.java:94] set color -> SbfUQ
2020-06-19 13:28:25 DEBUG [MockBuilder.java:94] set lineNbr -> 863393
2020-06-19 13:28:25 DEBUG [MockHelper.java:58] EdiOrder [id=null, customerCode=kc, orderingSystem=lM, type=IEcWeiVabqCtHooJPheX, legacyId=46705965, shawOrderNbr=gWMREu, carrierCode=OS, customerNumber=nMbJhX, commCust=uGByvJC, poNumber=CiFEmuuYyVPTuciIZVBe, freightType=loOxFFekeQryNnivJreU, serviceCode=PUvFbYcuqPXMBTkxmUMl, billToStore=jRSCTYtMAA, agreementNumber=WqFEjyboaFwboTn, custDept=RMFCV, storeName=PWBBhwRjIzwwrlyPXluX, vendorNo=NoWuYGmqYGTaHCn, dunsNbr=pvOuJMLSLAEQOLF, beg=OVmrQ, shipCancelDate=1992-07-15, shipByDate=1990-05-20, nbDate=1980-03-28, shipDate=com.shaw.ediorderservices.persistance.sqlserver.entity.date.ShipDate@59e02113, cancelDate=com.shaw.ediorderservices.persistance.sqlserver.entity.date.CancelDate@6305888c, poDate=com.shaw.ediorderservices.persistance.sqlserver.entity.date.PoDate@1be2ec3a, dates=null, shipToAddress=com.shaw.ediorderservices.persistance.sqlserver.entity.address.ShipToAddress@563f96f6, consumerAddress=com.shaw.ediorderservices.persistance.sqlserver.entity.address.ConsumerAddress@4f2c55a9, thirdPartyAddress=com.shaw.ediorderservices.persistance.sqlserver.entity.address.ThirdPartyAddress@7bf4091d, lines=[com.shaw.ediorderservices.persistance.sqlserver.entity.line.SamplesEdiLine@59a79420], generics=null, validations=null]
2020-06-19 13:28:25 DEBUG [MockBuilder.java:94] set customerNumber -> MCluNq
2020-06-19 13:28:25 DEBUG [MockBuilder.java:94] set agreementNumber -> derptbuEAzWxcpJ
2020-06-19 13:28:25 DEBUG [MockBuilder.java:94] set carrierCode -> Ui
2020-06-19 13:28:25 DEBUG [MockBuilder.java:94] set type -> uwRwBkhqhhYzuDoMVKlg
2020-06-19 13:28:25 DEBUG [MockBuilder.java:94] set storeName -> pXOzGvLseCwaJTTjlfqF
2020-06-19 13:28:25 DEBUG [MockBuilder.java:94] set createTimestamp -> 1970-01-01T00:06:22
2020-06-19 13:28:25 DEBUG [MockBuilder.java:94] set orderingSystem -> jG
2020-06-19 13:28:25 DEBUG [MockBuilder.java:94] set custDept -> RqIrl
2020-06-19 13:28:25 DEBUG [MockBuilder.java:94] set legacyOrderNumber -> 124573184
2020-06-19 13:28:25 DEBUG [MockBuilder.java:94] set shawOrderNbr -> grvPxF
2020-06-19 13:28:25 DEBUG [MockBuilder.java:94] set requestOrderJson -> nRcNGbLMeYaApdGiECcD
2020-06-19 13:28:25 DEBUG [MockBuilder.java:94] set changeTimestamp -> 1970-01-01T00:06:20
2020-06-19 13:28:25 DEBUG [MockBuilder.java:94] set orderType -> HVMlIlAfNOtfThjtJUzS
2020-06-19 13:28:25 DEBUG [MockBuilder.java:94] set customerCode -> jG
2020-06-19 13:28:25 DEBUG [MockBuilder.java:94] set serviceCode -> UAtCQkDZcvnTQuFoRUCw
2020-06-19 13:28:25 DEBUG [MockBuilder.java:94] set sampVvalue -> CTSoiqskkRzsVpFayZoJ
2020-06-19 13:28:25 DEBUG [MockBuilder.java:94] set changedBy -> TneFNTZFZP
2020-06-19 13:28:25 DEBUG [MockBuilder.java:94] set sampType -> UtWLUXJWVGaoFXAqzTYx
2020-06-19 13:28:25 DEBUG [MockBuilder.java:94] set country -> yc
2020-06-19 13:28:25 DEBUG [MockBuilder.java:94] set country -> Ic
2020-06-19 13:28:25 DEBUG [MockBuilder.java:94] set dateValue -> 1974-12-17
2020-06-19 13:28:25 DEBUG [MockBuilder.java:94] set createdBy -> HKwOtRseql
2020-06-19 13:28:25 DEBUG [MockBuilder.java:94] set zip -> cpFVzyOpNXNVlqno
2020-06-19 13:28:25 DEBUG [MockBuilder.java:94] set zip -> OYhWRhuRfoUsbuzw
2020-06-19 13:28:25 DEBUG [MockBuilder.java:94] set validations -> null
2020-06-19 13:28:25 DEBUG [MockBuilder.java:94] set createdBy -> QpCYVRMQUu
2020-06-19 13:28:25 DEBUG [MockBuilder.java:94] set province -> FvHqBsrsHHuaDfcgAhm
2020-06-19 13:28:25 DEBUG [MockBuilder.java:94] set changedBy -> tmNTNcpobW
2020-06-19 13:28:25 DEBUG [MockBuilder.java:94] set changeTimestamp -> 1970-01-01T00:23:07
2020-06-19 13:28:25 DEBUG [MockBuilder.java:94] set state -> yU
2020-06-19 13:28:25 DEBUG [MockBuilder.java:94] set createTimestamp -> 1970-01-01T01:02:58
2020-06-19 13:28:25 DEBUG [MockBuilder.java:94] set beg -> yUfMu
2020-06-19 13:28:25 DEBUG [MockBuilder.java:94] set qualifier -> irb
2020-06-19 13:28:25 DEBUG [MockBuilder.java:94] set createTimestamp -> 1970-01-01T02:41:36
2020-06-19 13:28:25 DEBUG [MockBuilder.java:94] set dunsNbr -> ibqMsVcOeiThuyW
2020-06-19 13:28:25 DEBUG [MockBuilder.java:94] set shipByDate -> 1994-05-29
2020-06-19 13:28:25 DEBUG [MockBuilder.java:94] set vendorNo -> zZlhCpAHVsLGyBV
2020-06-19 13:28:25 DEBUG [MockBuilder.java:94] set changeTimestamp -> 1970-01-01T01:05:11
2020-06-19 13:28:25 DEBUG [MockBuilder.java:94] set shipDate -> com.shaw.ediorderservices.persistance.sqlserver.entity.date.ShipDate@4a77d2a5
2020-06-19 13:28:25 DEBUG [MockBuilder.java:94] set changedBy -> dKkWkFwWxm
2020-06-19 13:28:25 DEBUG [MockBuilder.java:94] set commCust -> zQBmXuv
2020-06-19 13:28:25 DEBUG [MockBuilder.java:94] set nbDate -> 1990-02-16
2020-06-19 13:28:25 DEBUG [MockBuilder.java:94] set createdBy -> WEHcEFcSOh
2020-06-19 13:28:25 DEBUG [MockBuilder.java:94] set generics -> null
2020-06-19 13:28:25 DEBUG [MockBuilder.java:94] set createTimestamp -> 1970-01-01T01:40:45
2020-06-19 13:28:25 DEBUG [MockBuilder.java:94] set phone -> DzZIXgUGFYaVfEL
2020-06-19 13:28:25 DEBUG [MockBuilder.java:94] set lines -> null
2020-06-19 13:28:25 DEBUG [MockBuilder.java:94] set addressLine1 -> WrxJquZUNvkhTRRrUVWt
2020-06-19 13:28:25 DEBUG [MockBuilder.java:94] set freightType -> UZsoMAdWXgFyhUKVuoDG
2020-06-19 13:28:25 DEBUG [MockBuilder.java:94] set careOf -> fVAQBSlBQNPPwXRWgRQf
2020-06-19 13:28:25 DEBUG [MockBuilder.java:94] set poNumber -> WSezUNAsazhobSpvGkFn
2020-06-19 13:28:25 DEBUG [MockBuilder.java:94] set city -> gwNzAHtzjkJkvwEMvTGT
2020-06-19 13:28:25 DEBUG [MockBuilder.java:94] set addressLine2 -> PNRBUlNkeEBXQTYsWjgP
2020-06-19 13:28:25 DEBUG [MockBuilder.java:94] set createTimestamp -> 1970-01-01T01:38
2020-06-19 13:28:25 DEBUG [MockBuilder.java:94] set changeTimestamp -> 1970-01-01T00:19:15
2020-06-19 13:28:25 DEBUG [MockBuilder.java:94] set changedBy -> JMXwichjXb
2020-06-19 13:28:25 DEBUG [MockBuilder.java:94] set createdBy -> pichApvPtS
2020-06-19 13:28:25 DEBUG [MockBuilder.java:94] set phone -> rshzRZbVaApvyys
2020-06-19 13:28:25 DEBUG [MockBuilder.java:94] set ediOrder -> null
2020-06-19 13:28:25 DEBUG [MockBuilder.java:94] set state -> Gq
2020-06-19 13:28:25 DEBUG [MockBuilder.java:94] set name -> KBlaiVEkzKzPRaUiTAdZ
2020-06-19 13:28:25 DEBUG [MockBuilder.java:94] set billFlag -> c
2020-06-19 13:28:25 DEBUG [MockBuilder.java:94] set addressLine1 -> PSkvVMqLtAKnpAOqskxh
2020-06-19 13:28:25 DEBUG [MockBuilder.java:94] set accountNbr -> IjlHkRmRYRUWlWXmDZnu
2020-06-19 13:28:25 DEBUG [MockBuilder.java:94] set createTimestamp -> 1970-01-01T00:56:01
2020-06-19 13:28:25 DEBUG [MockBuilder.java:94] set careOf -> rbzskupiHkYqgwovGvEI
2020-06-19 13:28:25 DEBUG [MockBuilder.java:94] set dateValue -> 1988-07-26
2020-06-19 13:28:25 DEBUG [MockBuilder.java:94] set createdBy -> zqEDngKmQs
2020-06-19 13:28:25 DEBUG [MockBuilder.java:94] set city -> HOBpKNbqypiVrhvoHQcd
2020-06-19 13:28:25 DEBUG [MockBuilder.java:94] set qualifier -> QhO
2020-06-19 13:28:25 DEBUG [MockBuilder.java:94] set addressLine2 -> BfSoSNazTkFdWRypvCVt
2020-06-19 13:28:25 DEBUG [MockBuilder.java:94] set changedBy -> epSuFAdGEk
2020-06-19 13:28:25 DEBUG [MockBuilder.java:94] set billToStore -> vuYQOQeuBn
2020-06-19 13:28:25 DEBUG [MockBuilder.java:94] set dates -> null
2020-06-19 13:28:25 DEBUG [MockBuilder.java:94] set province -> lZaPgGtwuVgwFdAYHBU
2020-06-19 13:28:25 DEBUG [MockBuilder.java:94] set dateValue -> 1980-03-02
[...]
	at java.base/jdk.internal.reflect.InstantiationExceptionConstructorAccessorImpl.newInstance(InstantiationExceptionConstructorAccessorImpl.java:48)
	at java.base/java.lang.reflect.Constructor.newInstanceWithCaller(Constructor.java:500)
	at java.base/java.lang.reflect.Constructor.newInstance(Constructor.java:481)
	at com.shaw.mock.builder.MockBuilder.build(MockBuilder.java:41)
	at com.shaw.mock.builder.MockBuilder.setMockValue(MockBuilder.java:86)
	at com.shaw.mock.builder.MockBuilder.lambda$build$3(MockBuilder.java:42)
	at java.base/java.util.stream.ForEachOps$ForEachOp$OfRef.accept(ForEachOps.java:183)
	at java.base/java.util.ArrayList$ArrayListSpliterator.forEachRemaining(ArrayList.java:1624)
	at java.base/java.util.stream.AbstractPipeline.copyInto(AbstractPipeline.java:484)
	at java.base/java.util.stream.ForEachOps$ForEachTask.compute(ForEachOps.java:290)
	at java.base/java.util.concurrent.CountedCompleter.exec(CountedCompleter.java:746)
	at java.base/java.util.concurrent.ForkJoinTask.doExec(ForkJoinTask.java:290)
	at java.base/java.util.concurrent.ForkJoinPool$WorkQueue.helpCC(ForkJoinPool.java:1116)
	at java.base/java.util.concurrent.ForkJoinPool.awaitJoin(ForkJoinPool.java:1696)
	at java.base/java.util.concurrent.ForkJoinTask.doInvoke(ForkJoinTask.java:411)
	at java.base/java.util.concurrent.ForkJoinTask.invoke(ForkJoinTask.java:736)
	at java.base/java.util.stream.ForEachOps$ForEachOp.evaluateParallel(ForEachOps.java:159)
	at java.base/java.util.stream.ForEachOps$ForEachOp$OfRef.evaluateParallel(ForEachOps.java:173)
	at java.base/java.util.stream.AbstractPipeline.evaluate(AbstractPipeline.java:233)
	at java.base/java.util.stream.ReferencePipeline.forEach(ReferencePipeline.java:497)
	at java.base/java.util.stream.ReferencePipeline$Head.forEach(ReferencePipeline.java:661)
	at com.shaw.mock.builder.MockBuilder.build(MockBuilder.java:42)
	at com.shaw.mock.builder.MockBuilder.setMockValue(MockBuilder.java:86)
	at com.shaw.mock.builder.MockBuilder.lambda$build$3(MockBuilder.java:42)
	at java.base/java.util.stream.ForEachOps$ForEachOp$OfRef.accept(ForEachOps.java:183)
	at java.base/java.util.ArrayList$ArrayListSpliterator.forEachRemaining(ArrayList.java:1624)
	at java.base/java.util.stream.AbstractPipeline.copyInto(AbstractPipeline.java:484)
	at java.base/java.util.stream.ForEachOps$ForEachTask.compute(ForEachOps.java:290)
	at java.base/java.util.concurrent.CountedCompleter.exec(CountedCompleter.java:746)
	at java.base/java.util.concurrent.ForkJoinTask.doExec(ForkJoinTask.java:290)
	at java.base/java.util.concurrent.ForkJoinPool$WorkQueue.topLevelExec(ForkJoinPool.java:1016)
	at java.base/java.util.concurrent.ForkJoinPool.scan(ForkJoinPool.java:1665)
	at java.base/java.util.concurrent.ForkJoinPool.runWorker(ForkJoinPool.java:1598)
	at java.base/java.util.concurrent.ForkJoinWorkerThread.run(ForkJoinWorkerThread.java:177)
java.lang.InstantiationException
	at java.base/jdk.internal.reflect.InstantiationExceptionConstructorAccessorImpl.newInstance(InstantiationExceptionConstructorAccessorImpl.java:48)
	at java.base/java.lang.reflect.Constructor.newInstanceWithCaller(Constructor.java:500)
	at java.base/java.lang.reflect.Constructor.newInstance(Constructor.java:481)
	at com.shaw.mock.builder.MockBuilder.build(MockBuilder.java:41)
	at com.shaw.mock.builder.MockBuilder.setMockValue(MockBuilder.java:86)
	at com.shaw.mock.builder.MockBuilder.lambda$build$3(MockBuilder.java:42)
	at java.base/java.util.stream.ForEachOps$ForEachOp$OfRef.accept(ForEachOps.java:183)
	at java.base/java.util.ArrayList$ArrayListSpliterator.forEachRemaining(ArrayList.java:1624)
	at java.base/java.util.stream.AbstractPipeline.copyInto(AbstractPipeline.java:484)
	at java.base/java.util.stream.ForEachOps$ForEachTask.compute(ForEachOps.java:290)
	at java.base/java.util.concurrent.CountedCompleter.exec(CountedCompleter.java:746)
	at java.base/java.util.concurrent.ForkJoinTask.doExec(ForkJoinTask.java:290)
	at java.base/java.util.concurrent.ForkJoinPool$WorkQueue.topLevelExec(ForkJoinPool.java:1016)
	at java.base/java.util.concurrent.ForkJoinPool.scan(ForkJoinPool.java:1665)
	at java.base/java.util.concurrent.ForkJoinPool.runWorker(ForkJoinPool.java:1598)
	at java.base/java.util.concurrent.ForkJoinWorkerThread.run(ForkJoinWorkerThread.java:177)
java.lang.InstantiationException
	at java.base/jdk.internal.reflect.InstantiationExceptionConstructorAccessorImpl.newInstance(InstantiationExceptionConstructorAccessorImpl.java:48)
	at java.base/java.lang.reflect.Constructor.newInstanceWithCaller(Constructor.java:500)
	at java.base/java.lang.reflect.Constructor.newInstance(Constructor.java:481)
	at com.shaw.mock.builder.MockBuilder.build(MockBuilder.java:41)
	at com.shaw.mock.builder.MockBuilder.setMockValue(MockBuilder.java:86)
	at com.shaw.mock.builder.MockBuilder.lambda$build$3(MockBuilder.java:42)
	at java.base/java.util.stream.ForEachOps$ForEachOp$OfRef.accept(ForEachOps.java:183)
	at java.base/java.util.ArrayList$ArrayListSpliterator.forEachRemaining(ArrayList.java:1624)
	at java.base/java.util.stream.AbstractPipeline.copyInto(AbstractPipeline.java:484)
	at java.base/java.util.stream.ForEachOps$ForEachTask.compute(ForEachOps.java:290)
	at java.base/java.util.concurrent.CountedCompleter.exec(CountedCompleter.java:746)
	at java.base/java.util.concurrent.ForkJoinTask.doExec(ForkJoinTask.java:290)
	at java.base/java.util.concurrent.ForkJoinPool$WorkQueue.topLevelExec(ForkJoinPool.java:1016)
	at java.base/java.util.concurrent.ForkJoinPool.scan(ForkJoinPool.java:1665)
	at java.base/java.util.concurrent.ForkJoinPool.runWorker(ForkJoinPool.java:1598)
	at java.base/java.util.concurrent.ForkJoinWorkerThread.run(ForkJoinWorkerThread.java:177)
java.lang.InstantiationException
	at java.base/jdk.internal.reflect.InstantiationExceptionConstructorAccessorImpl.newInstance(InstantiationExceptionConstructorAccessorImpl.java:48)
	at java.base/java.lang.reflect.Constructor.newInstanceWithCaller(Constructor.java:500)
	at java.base/java.lang.reflect.Constructor.newInstance(Constructor.java:481)
	at com.shaw.mock.builder.MockBuilder.build(MockBuilder.java:41)
	at com.shaw.mock.builder.MockBuilder.setMockValue(MockBuilder.java:86)
	at com.shaw.mock.builder.MockBuilder.lambda$build$3(MockBuilder.java:42)
	at java.base/java.util.stream.ForEachOps$ForEachOp$OfRef.accept(ForEachOps.java:183)
	at java.base/java.util.ArrayList$ArrayListSpliterator.forEachRemaining(ArrayList.java:1624)
	at java.base/java.util.stream.AbstractPipeline.copyInto(AbstractPipeline.java:484)
	at java.base/java.util.stream.ForEachOps$ForEachTask.compute(ForEachOps.java:290)
	at java.base/java.util.concurrent.CountedCompleter.exec(CountedCompleter.java:746)
	at java.base/java.util.concurrent.ForkJoinTask.doExec(ForkJoinTask.java:290)
	at java.base/java.util.concurrent.ForkJoinPool$WorkQueue.helpCC(ForkJoinPool.java:1116)
	at java.base/java.util.concurrent.ForkJoinPool.awaitJoin(ForkJoinPool.java:1696)
	at java.base/java.util.concurrent.ForkJoinTask.doInvoke(ForkJoinTask.java:411)
	at java.base/java.util.concurrent.ForkJoinTask.invoke(ForkJoinTask.java:736)
	at java.base/java.util.stream.ForEachOps$ForEachOp.evaluateParallel(ForEachOps.java:159)
	at java.base/java.util.stream.ForEachOps$ForEachOp$OfRef.evaluateParallel(ForEachOps.java:173)
	at java.base/java.util.stream.AbstractPipeline.evaluate(AbstractPipeline.java:233)
	at java.base/java.util.stream.ReferencePipeline.forEach(ReferencePipeline.java:497)
	at java.base/java.util.stream.ReferencePipeline$Head.forEach(ReferencePipeline.java:661)
	at com.shaw.mock.builder.MockBuilder.build(MockBuilder.java:42)
	at com.shaw.mock.builder.MockBuilder.setMockValue(MockBuilder.java:86)
	at com.shaw.mock.builder.MockBuilder.lambda$build$3(MockBuilder.java:42)
	at java.base/java.util.stream.ForEachOps$ForEachOp$OfRef.accept(ForEachOps.java:183)
	at java.base/java.util.ArrayList$ArrayListSpliterator.forEachRemaining(ArrayList.java:1624)
	at java.base/java.util.stream.AbstractPipeline.copyInto(AbstractPipeline.java:484)
	at java.base/java.util.stream.ForEachOps$ForEachTask.compute(ForEachOps.java:290)
	at java.base/java.util.concurrent.CountedCompleter.exec(CountedCompleter.java:746)
	at java.base/java.util.concurrent.ForkJoinTask.doExec(ForkJoinTask.java:290)
	at java.base/java.util.concurrent.ForkJoinPool$WorkQueue.topLevelExec(ForkJoinPool.java:1016)
	at java.base/java.util.concurrent.ForkJoinPool.scan(ForkJoinPool.java:1665)
	at java.base/java.util.concurrent.ForkJoinPool.runWorker(ForkJoinPool.java:1598)
	at java.base/java.util.concurrent.ForkJoinWorkerThread.run(ForkJoinWorkerThread.java:177)
java.lang.InstantiationException
	at java.base/jdk.internal.reflect.InstantiationExceptionConstructorAccessorImpl.newInstance(InstantiationExceptionConstructorAccessorImpl.java:48)
	at java.base/java.lang.reflect.Constructor.newInstanceWithCaller(Constructor.java:500)
	at java.base/java.lang.reflect.Constructor.newInstance(Constructor.java:481)
	at com.shaw.mock.builder.MockBuilder.build(MockBuilder.java:41)
	at com.shaw.mock.builder.MockBuilder.setMockValue(MockBuilder.java:86)
	at com.shaw.mock.builder.MockBuilder.lambda$build$3(MockBuilder.java:42)
	at java.base/java.util.stream.ForEachOps$ForEachOp$OfRef.accept(ForEachOps.java:183)
	at java.base/java.util.ArrayList$ArrayListSpliterator.forEachRemaining(ArrayList.java:1624)
	at java.base/java.util.stream.AbstractPipeline.copyInto(AbstractPipeline.java:484)
	at java.base/java.util.stream.ForEachOps$ForEachTask.compute(ForEachOps.java:290)
	at java.base/java.util.concurrent.CountedCompleter.exec(CountedCompleter.java:746)
	at java.base/java.util.concurrent.ForkJoinTask.doExec(ForkJoinTask.java:290)
	at java.base/java.util.concurrent.ForkJoinPool$WorkQueue.topLevelExec(ForkJoinPool.java:1016)
	at java.base/java.util.concurrent.ForkJoinPool.scan(ForkJoinPool.java:1665)
	at java.base/java.util.concurrent.ForkJoinPool.runWorker(ForkJoinPool.java:1598)
	at java.base/java.util.concurrent.ForkJoinWorkerThread.run(ForkJoinWorkerThread.java:177)
java.lang.InstantiationException
	at java.base/jdk.internal.reflect.InstantiationExceptionConstructorAccessorImpl.newInstance(InstantiationExceptionConstructorAccessorImpl.java:48)
	at java.base/java.lang.reflect.Constructor.newInstanceWithCaller(Constructor.java:500)
	at java.base/java.lang.reflect.Constructor.newInstance(Constructor.java:481)
	at com.shaw.mock.builder.MockBuilder.build(MockBuilder.java:41)
	at com.shaw.mock.builder.MockBuilder.setMockValue(MockBuilder.java:86)
	at com.shaw.mock.builder.MockBuilder.lambda$build$3(MockBuilder.java:42)
	at java.base/java.util.stream.ForEachOps$ForEachOp$OfRef.accept(ForEachOps.java:183)
	at java.base/java.util.ArrayList$ArrayListSpliterator.forEachRemaining(ArrayList.java:1624)
	at java.base/java.util.stream.AbstractPipeline.copyInto(AbstractPipeline.java:484)
	at java.base/java.util.stream.ForEachOps$ForEachTask.compute(ForEachOps.java:290)
	at java.base/java.util.concurrent.CountedCompleter.exec(CountedCompleter.java:746)
	at java.base/java.util.concurrent.ForkJoinTask.doExec(ForkJoinTask.java:290)
	at java.base/java.util.concurrent.ForkJoinPool$WorkQueue.topLevelExec(ForkJoinPool.java:1016)
	at java.base/java.util.concurrent.ForkJoinPool.scan(ForkJoinPool.java:1665)
	at java.base/java.util.concurrent.ForkJoinPool.runWorker(ForkJoinPool.java:1598)
	at java.base/java.util.concurrent.ForkJoinWorkerThread.run(ForkJoinWorkerThread.java:177)
java.lang.InstantiationException
	at java.base/jdk.internal.reflect.InstantiationExceptionConstructorAccessorImpl.newInstance(InstantiationExceptionConstructorAccessorImpl.java:48)
	at java.base/java.lang.reflect.Constructor.newInstanceWithCaller(Constructor.java:500)
	at java.base/java.lang.reflect.Constructor.newInstance(Constructor.java:481)
	at com.shaw.mock.builder.MockBuilder.build(MockBuilder.java:41)
	at com.shaw.mock.builder.MockBuilder.setMockValue(MockBuilder.java:86)
	at com.shaw.mock.builder.MockBuilder.lambda$build$3(MockBuilder.java:42)
	at java.base/java.util.stream.ForEachOps$ForEachOp$OfRef.accept(ForEachOps.java:183)
	at java.base/java.util.ArrayList$ArrayListSpliterator.forEachRemaining(ArrayList.java:1624)
	at java.base/java.util.stream.AbstractPipeline.copyInto(AbstractPipeline.java:484)
	at java.base/java.util.stream.ForEachOps$ForEachTask.compute(ForEachOps.java:290)
	at java.base/java.util.concurrent.CountedCompleter.exec(CountedCompleter.java:746)
	at java.base/java.util.concurrent.ForkJoinTask.doExec(ForkJoinTask.java:290)
	at java.base/java.util.concurrent.ForkJoinPool$WorkQueue.helpCC(ForkJoinPool.java:1116)
	at java.base/java.util.concurrent.ForkJoinPool.externalHelpComplete(ForkJoinPool.java:1966)
	at java.base/java.util.concurrent.ForkJoinTask.tryExternalHelp(ForkJoinTask.java:378)
	at java.base/java.util.concurrent.ForkJoinTask.externalAwaitDone(ForkJoinTask.java:323)
	at java.base/java.util.concurrent.ForkJoinTask.doInvoke(ForkJoinTask.java:412)
	at java.base/java.util.concurrent.ForkJoinTask.invoke(ForkJoinTask.java:736)
	at java.base/java.util.stream.ForEachOps$ForEachOp.evaluateParallel(ForEachOps.java:159)
	at java.base/java.util.stream.ForEachOps$ForEachOp$OfRef.evaluateParallel(ForEachOps.java:173)
	at java.base/java.util.stream.AbstractPipeline.evaluate(AbstractPipeline.java:233)
	at java.base/java.util.stream.ReferencePipeline.forEach(ReferencePipeline.java:497)
	at java.base/java.util.stream.ReferencePipeline$Head.forEach(ReferencePipeline.java:661)
	at com.shaw.mock.builder.MockBuilder.build(MockBuilder.java:42)
	at com.shaw.ediorderservices.helper.MockTest.<clinit>(MockTest.java:66)
	at java.base/jdk.internal.reflect.NativeConstructorAccessorImpl.newInstance0(Native Method)
	at java.base/jdk.internal.reflect.NativeConstructorAccessorImpl.newInstance(NativeConstructorAccessorImpl.java:62)
	at java.base/jdk.internal.reflect.DelegatingConstructorAccessorImpl.newInstance(DelegatingConstructorAccessorImpl.java:45)
	at java.base/java.lang.reflect.Constructor.newInstanceWithCaller(Constructor.java:500)
	at java.base/java.lang.reflect.Constructor.newInstance(Constructor.java:481)
	at org.junit.platform.commons.util.ReflectionUtils.newInstance(ReflectionUtils.java:500)
	at org.junit.jupiter.engine.execution.ConstructorInvocation.proceed(ConstructorInvocation.java:56)
	at org.junit.jupiter.engine.execution.InvocationInterceptorChain$ValidatingInvocation.proceed(InvocationInterceptorChain.java:125)
	at org.junit.jupiter.api.extension.InvocationInterceptor.interceptTestClassConstructor(InvocationInterceptor.java:69)
	at org.junit.jupiter.engine.execution.ExecutableInvoker.lambda$invoke$0(ExecutableInvoker.java:105)
	at org.junit.jupiter.engine.execution.InvocationInterceptorChain$InterceptedInvocation.proceed(InvocationInterceptorChain.java:104)
	at org.junit.jupiter.engine.execution.InvocationInterceptorChain.proceed(InvocationInterceptorChain.java:62)
	at org.junit.jupiter.engine.execution.InvocationInterceptorChain.chainAndInvoke(InvocationInterceptorChain.java:43)
	at org.junit.jupiter.engine.execution.InvocationInterceptorChain.invoke(InvocationInterceptorChain.java:35)
	at org.junit.jupiter.engine.execution.ExecutableInvoker.invoke(ExecutableInvoker.java:104)
	at org.junit.jupiter.engine.execution.ExecutableInvoker.invoke(ExecutableInvoker.java:77)
	at org.junit.jupiter.engine.descriptor.ClassBasedTestDescriptor.invokeTestClassConstructor(ClassBasedTestDescriptor.java:329)
	at org.junit.jupiter.engine.descriptor.ClassBasedTestDescriptor.instantiateTestClass(ClassBasedTestDescriptor.java:276)
	at org.junit.jupiter.engine.descriptor.ClassTestDescriptor.instantiateTestClass(ClassTestDescriptor.java:77)
	at org.junit.jupiter.engine.descriptor.ClassBasedTestDescriptor.instantiateAndPostProcessTestInstance(ClassBasedTestDescriptor.java:258)
	at org.junit.jupiter.engine.descriptor.ClassBasedTestDescriptor.lambda$testInstancesProvider$2(ClassBasedTestDescriptor.java:252)
	at java.base/java.util.Optional.orElseGet(Optional.java:362)
	at org.junit.jupiter.engine.descriptor.ClassBasedTestDescriptor.lambda$testInstancesProvider$3(ClassBasedTestDescriptor.java:251)
	at org.junit.jupiter.engine.execution.TestInstancesProvider.getTestInstances(TestInstancesProvider.java:29)
	at org.junit.jupiter.engine.descriptor.ClassBasedTestDescriptor.lambda$before$0(ClassBasedTestDescriptor.java:184)
	at org.junit.platform.engine.support.hierarchical.ThrowableCollector.execute(ThrowableCollector.java:73)
	at org.junit.jupiter.engine.descriptor.ClassBasedTestDescriptor.before(ClassBasedTestDescriptor.java:183)
	at org.junit.jupiter.engine.descriptor.ClassBasedTestDescriptor.before(ClassBasedTestDescriptor.java:77)
	at org.junit.platform.engine.support.hierarchical.NodeTestTask.lambda$executeRecursively$5(NodeTestTask.java:132)
	at org.junit.platform.engine.support.hierarchical.ThrowableCollector.execute(ThrowableCollector.java:73)
	at org.junit.platform.engine.support.hierarchical.NodeTestTask.lambda$executeRecursively$7(NodeTestTask.java:125)
	at org.junit.platform.engine.support.hierarchical.Node.around(Node.java:135)
	at org.junit.platform.engine.support.hierarchical.NodeTestTask.lambda$executeRecursively$8(NodeTestTask.java:123)
	at org.junit.platform.engine.support.hierarchical.ThrowableCollector.execute(ThrowableCollector.java:73)
	at org.junit.platform.engine.support.hierarchical.NodeTestTask.executeRecursively(NodeTestTask.java:122)
	at org.junit.platform.engine.support.hierarchical.NodeTestTask.execute(NodeTestTask.java:80)
	at java.base/java.util.ArrayList.forEach(ArrayList.java:1510)
	at org.junit.platform.engine.support.hierarchical.SameThreadHierarchicalTestExecutorService.invokeAll(SameThreadHierarchicalTestExecutorService.java:38)
	at org.junit.platform.engine.support.hierarchical.NodeTestTask.lambda$executeRecursively$5(NodeTestTask.java:139)
	at org.junit.platform.engine.support.hierarchical.ThrowableCollector.execute(ThrowableCollector.java:73)
	at org.junit.platform.engine.support.hierarchical.NodeTestTask.lambda$executeRecursively$7(NodeTestTask.java:125)
	at org.junit.platform.engine.support.hierarchical.Node.around(Node.java:135)
	at org.junit.platform.engine.support.hierarchical.NodeTestTask.lambda$executeRecursively$8(NodeTestTask.java:123)
	at org.junit.platform.engine.support.hierarchical.ThrowableCollector.execute(ThrowableCollector.java:73)
	at org.junit.platform.engine.support.hierarchical.NodeTestTask.executeRecursively(NodeTestTask.java:122)
	at org.junit.platform.engine.support.hierarchical.NodeTestTask.execute(NodeTestTask.java:80)
	at org.junit.platform.engine.support.hierarchical.SameThreadHierarchicalTestExecutorService.submit(SameThreadHierarchicalTestExecutorService.java:32)
	at org.junit.platform.engine.support.hierarchical.HierarchicalTestExecutor.execute(HierarchicalTestExecutor.java:57)
	at org.junit.platform.engine.support.hierarchical.HierarchicalTestEngine.execute(HierarchicalTestEngine.java:51)
	at org.junit.platform.launcher.core.DefaultLauncher.execute(DefaultLauncher.java:220)
	at org.junit.platform.launcher.core.DefaultLauncher.lambda$execute$6(DefaultLauncher.java:188)
	at org.junit.platform.launcher.core.DefaultLauncher.withInterceptedStreams(DefaultLauncher.java:202)
	at org.junit.platform.launcher.core.DefaultLauncher.execute(DefaultLauncher.java:181)
	at org.junit.platform.launcher.core.DefaultLauncher.execute(DefaultLauncher.java:128)
	at org.apache.maven.surefire.junitplatform.JUnitPlatformProvider.invokeAllTests(JUnitPlatformProvider.java:150)
	at org.apache.maven.surefire.junitplatform.JUnitPlatformProvider.invoke(JUnitPlatformProvider.java:124)
	at org.apache.maven.surefire.booter.ForkedBooter.invokeProviderInSameClassLoader(ForkedBooter.java:384)
	at org.apache.maven.surefire.booter.ForkedBooter.runSuitesInProcess(ForkedBooter.java:345)
	at org.apache.maven.surefire.booter.ForkedBooter.execute(ForkedBooter.java:126)
	at org.apache.maven.surefire.booter.ForkedBooter.main(ForkedBooter.java:418)
]]></system-err>
  </testcase>
</testsuite>