<?xml version="1.0" encoding="UTF-8"?>
<testsuite xmlns:xsi="http://www.w3.org/2001/XMLSchema-instance" xsi:noNamespaceSchemaLocation="https://maven.apache.org/surefire/maven-surefire-plugin/xsd/surefire-test-report.xsd" name="com.shaw.ediorderservices.service.shipinfo.ShipInfoServiceTest" time="1.508" tests="2" errors="1" skipped="0" failures="1">
  <properties>
[...]
</properties>
  <testcase name="testCreateShipInfo" classname="com.shaw.ediorderservices.service.shipinfo.ShipInfoServiceTest" time="0.008">
    <error type="java.lang.NullPointerException">java.lang.NullPointerException
	at com.shaw.ediorderservices.service.shipinfo.ShipInfoServiceTest.testCreateShipInfo(ShipInfoServiceTest.java:74)
</error>
    <system-out><![CDATA[
  .   ____          _            __ _ _
 /\\ / ___'_ __ _ _(_)_ __  __ _ \ \ \ \
( ( )\___ | '_ | '_| | '_ \/ _` | \ \ \ \
 \\/  ___)| |_)| | | | | || (_| |  ) ) ) )
  '  |____| .__|_| |_|_| |_\__, | / / / /
 =========|_|==============|___/=/_/_/_/
 :: Spring Boot ::        (v2.2.6.RELEASE)

2020-06-19 13:28:32 INFO  [StartupInfoLogger.java:55] Starting ShipInfoServiceTest on Aarons-MBP.home with PID 45897 (started by waaronwaddell in /Users/waaronwaddell/Documents/GitHub/Public/EDI/EDI-Public)
2020-06-19 13:28:32 DEBUG [StartupInfoLogger.java:56] Running with Spring Boot v2.2.6.RELEASE, Spring v5.2.5.RELEASE
2020-06-19 13:28:32 INFO  [SpringApplication.java:651] No active profile set, falling back to default profiles: default
2020-06-19 13:28:32 DEBUG [HikariConfig.java:900] Driver class org.h2.Driver found in Thread context class loader jdk.internal.loader.ClassLoaders$AppClassLoader@55054057
2020-06-19 13:28:33 DEBUG [HikariConfig.java:900] Driver class org.h2.Driver found in Thread context class loader jdk.internal.loader.ClassLoaders$AppClassLoader@55054057
2020-06-19 13:28:33 INFO  [LogHelper.java:31] HHH000204: Processing PersistenceUnitInfo [name: db2PU]
2020-06-19 13:28:33 DEBUG [HikariConfig.java:1020] HikariPool-9 - configuration:
2020-06-19 13:28:33 DEBUG [HikariConfig.java:1052] allowPoolSuspension.............false
2020-06-19 13:28:33 DEBUG [HikariConfig.java:1052] autoCommit......................true
2020-06-19 13:28:33 DEBUG [HikariConfig.java:1052] catalog.........................none
2020-06-19 13:28:33 DEBUG [HikariConfig.java:1052] connectionInitSql...............none
2020-06-19 13:28:33 DEBUG [HikariConfig.java:1052] connectionTestQuery.............none
2020-06-19 13:28:33 DEBUG [HikariConfig.java:1052] connectionTimeout...............30000
2020-06-19 13:28:33 DEBUG [HikariConfig.java:1052] dataSource......................none
2020-06-19 13:28:33 DEBUG [HikariConfig.java:1052] dataSourceClassName.............none
2020-06-19 13:28:33 DEBUG [HikariConfig.java:1052] dataSourceJNDI..................none
2020-06-19 13:28:33 DEBUG [HikariConfig.java:1052] dataSourceProperties............{password=<masked>}
2020-06-19 13:28:33 DEBUG [HikariConfig.java:1052] driverClassName................."org.h2.Driver"
2020-06-19 13:28:33 DEBUG [HikariConfig.java:1052] healthCheckProperties...........{}
2020-06-19 13:28:33 DEBUG [HikariConfig.java:1052] healthCheckRegistry.............none
2020-06-19 13:28:33 DEBUG [HikariConfig.java:1052] idleTimeout.....................600000
2020-06-19 13:28:33 DEBUG [HikariConfig.java:1052] initializationFailTimeout.......1
2020-06-19 13:28:33 DEBUG [HikariConfig.java:1052] isolateInternalQueries..........false
2020-06-19 13:28:33 DEBUG [HikariConfig.java:1052] jdbcUrl.........................jdbc:h2:mem:db2;INIT=create schema IF NOT EXISTS SHXP
2020-06-19 13:28:33 DEBUG [HikariConfig.java:1052] leakDetectionThreshold..........0
2020-06-19 13:28:33 DEBUG [HikariConfig.java:1052] maxLifetime.....................1800000
2020-06-19 13:28:33 DEBUG [HikariConfig.java:1052] maximumPoolSize.................10
2020-06-19 13:28:33 DEBUG [HikariConfig.java:1052] metricRegistry..................none
2020-06-19 13:28:33 DEBUG [HikariConfig.java:1052] metricsTrackerFactory...........none
2020-06-19 13:28:33 DEBUG [HikariConfig.java:1052] minimumIdle.....................10
2020-06-19 13:28:33 DEBUG [HikariConfig.java:1052] password........................<masked>
2020-06-19 13:28:33 DEBUG [HikariConfig.java:1052] poolName........................"HikariPool-9"
2020-06-19 13:28:33 DEBUG [HikariConfig.java:1052] readOnly........................false
2020-06-19 13:28:33 DEBUG [HikariConfig.java:1052] registerMbeans..................false
2020-06-19 13:28:33 DEBUG [HikariConfig.java:1052] scheduledExecutor...............none
2020-06-19 13:28:33 DEBUG [HikariConfig.java:1052] schema..........................none
2020-06-19 13:28:33 DEBUG [HikariConfig.java:1052] threadFactory...................internal
2020-06-19 13:28:33 DEBUG [HikariConfig.java:1052] transactionIsolation............default
2020-06-19 13:28:33 DEBUG [HikariConfig.java:1052] username........................"sa"
2020-06-19 13:28:33 DEBUG [HikariConfig.java:1052] validationTimeout...............5000
2020-06-19 13:28:33 INFO  [HikariDataSource.java:110] HikariPool-9 - Starting...
2020-06-19 13:28:33 DEBUG [HikariPool.java:558] HikariPool-9 - Added connection conn80: url=jdbc:h2:mem:db2 user=SA
2020-06-19 13:28:33 INFO  [HikariDataSource.java:123] HikariPool-9 - Start completed.
2020-06-19 13:28:33 INFO  [Dialect.java:172] HHH000400: Using dialect: org.hibernate.dialect.H2Dialect
2020-06-19 13:28:33 DEBUG [HikariPool.java:417] HikariPool-9 - Pool stats (total=1, active=0, idle=1, waiting=0)
2020-06-19 13:28:33 DEBUG [HikariPool.java:722] HikariPool-9 - Added connection conn81: url=jdbc:h2:mem:db2 user=SA
2020-06-19 13:28:33 DEBUG [HikariPool.java:722] HikariPool-9 - Added connection conn82: url=jdbc:h2:mem:db2 user=SA
2020-06-19 13:28:33 DEBUG [HikariPool.java:722] HikariPool-9 - Added connection conn83: url=jdbc:h2:mem:db2 user=SA
2020-06-19 13:28:33 DEBUG [HikariPool.java:722] HikariPool-9 - Added connection conn84: url=jdbc:h2:mem:db2 user=SA
2020-06-19 13:28:33 DEBUG [HikariPool.java:722] HikariPool-9 - Added connection conn85: url=jdbc:h2:mem:db2 user=SA
2020-06-19 13:28:33 DEBUG [HikariPool.java:722] HikariPool-9 - Added connection conn86: url=jdbc:h2:mem:db2 user=SA
2020-06-19 13:28:33 DEBUG [HikariPool.java:722] HikariPool-9 - Added connection conn87: url=jdbc:h2:mem:db2 user=SA
2020-06-19 13:28:33 DEBUG [HikariPool.java:722] HikariPool-9 - Added connection conn88: url=jdbc:h2:mem:db2 user=SA
2020-06-19 13:28:33 DEBUG [HikariPool.java:722] HikariPool-9 - Added connection conn89: url=jdbc:h2:mem:db2 user=SA
2020-06-19 13:28:33 DEBUG [HikariPool.java:417] HikariPool-9 - After adding stats (total=10, active=0, idle=10, waiting=0)
Hibernate: create table SHXP.EDI_SHIP_INFO (DATE_STAMP date not null, ORDER_NBR varchar(6) not null, ACCT_CONTACT varchar(45) default  not null, AGREEMENT_NBR varchar(15) not null, AUTH_REP varchar(45) default  not null, AUTHORIZATION_NO varchar(10) default  not null, BILL_TO_STORE_NBR varchar(20) not null, BS_STORE_NBR varchar(10) not null, CARR_CODE varchar(2) not null, COMM_CUST varchar(7) not null, CONS_STATUS_MSG varchar(35) default  not null, CONSUMER_ADDRESS varchar(35) not null, CONSUMER_ADDRESS_2 varchar(35) not null, CONSUMER_CITY varchar(19) not null, CONSUMER_PO_DATE date not null, CONSUMER_SHIP_FLG varchar(1) not null, CONSUMER_NAME varchar(35) not null, CONSUMER_STATE varchar(2) not null, CONSUMER_ZIP varchar(9) not null, CONTRACT_NBR varchar(15) default  not null, CROSS_DOCK varchar(10) not null, CUST_NBR varchar(7) not null, CUST_PMT_METH varchar(30) default  not null, CUST_PO varchar(22) not null, CUST_SP_INST varchar(45) default  not null, CUST_WH_NBR varchar(4) default  not null, CUSTOMER_CODE varchar(2) not null, DELIVERY_DATE date, DELV_REQST_DATE date, department varchar(5) not null, DIV_DESC varchar(20) not null, DUNS_NBR varchar(15) not null, EDI_ORDER_NUMBER bigint, EVENT_INFO varchar(15) not null, GIFT_MESSAGE_1 varchar(45) not null, GIFT_MESSAGE_2 varchar(45) not null, HDR_DROP_DATE date default CURRENT_DATE not null, LAST_CHNG_DATE timestamp default CURRENT_DATE not null, LAST_CHNG_ID varchar(8) default  not null, NB_DATE date default CURRENT_DATE not null, NO_ASN_FLAG varchar(1) not null, ONLINE_TYPE varchar(1) default  not null, ORDER_MER_COST bigint default  not null, ORDER_RET_HAND bigint default  not null, ORDER_RET_SH bigint default  not null, ORDER_RET_TAX bigint default  not null, ORDER_RET_TOTAL bigint default  not null, ORDER_TYPE varchar(1) not null, ORDER_TYPE_DESC varchar(15) not null, ORDERING_SYS varchar(2) not null, PO_DATE date not null, PO_TYPE_SUFFIX varchar(10) default  not null, PS_MSG varchar(255) default  not null, PURCHASED_BY varchar(45) not null, RECEIVING_STORE varchar(10) not null, REF_TC_NBR varchar(20) default  not null, RETURN_MSG varchar(35) default  not null, ROUTE_BY_DATE date default CURRENT_DATE not null, SALES_CHECK_NO varchar(30) not null, SALES_REQ_CODE varchar(2) default  not null, SHIP_BY_DATE date, SHIP_CANCEL_DATE date default CURRENT_DATE not null, SHIP_TO_DEST_CODE varchar(2) not null, SPEC_PO_NUMBER varchar(20) not null, SPL_BILL_TO_STORE varchar(10) not null, SPL_SHIP_TO_STORE varchar(10) not null, SPL_XDOCK_CENTER varchar(10) not null, STORE_NAME varchar(45) not null, VENDOR_NO varchar(15) not null, primary key (DATE_STAMP, ORDER_NBR))
2020-06-19 13:28:33 WARN  [ExceptionHandlerLoggedImpl.java:27] GenerationTarget encountered exception accepting command : Error executing DDL "create table SHXP.EDI_SHIP_INFO (DATE_STAMP date not null, ORDER_NBR varchar(6) not null, ACCT_CONTACT varchar(45) default  not null, AGREEMENT_NBR varchar(15) not null, AUTH_REP varchar(45) default  not null, AUTHORIZATION_NO varchar(10) default  not null, BILL_TO_STORE_NBR varchar(20) not null, BS_STORE_NBR varchar(10) not null, CARR_CODE varchar(2) not null, COMM_CUST varchar(7) not null, CONS_STATUS_MSG varchar(35) default  not null, CONSUMER_ADDRESS varchar(35) not null, CONSUMER_ADDRESS_2 varchar(35) not null, CONSUMER_CITY varchar(19) not null, CONSUMER_PO_DATE date not null, CONSUMER_SHIP_FLG varchar(1) not null, CONSUMER_NAME varchar(35) not null, CONSUMER_STATE varchar(2) not null, CONSUMER_ZIP varchar(9) not null, CONTRACT_NBR varchar(15) default  not null, CROSS_DOCK varchar(10) not null, CUST_NBR varchar(7) not null, CUST_PMT_METH varchar(30) default  not null, CUST_PO varchar(22) not null, CUST_SP_INST varchar(45) default  not null, CUST_WH_NBR varchar(4) default  not null, CUSTOMER_CODE varchar(2) not null, DELIVERY_DATE date, DELV_REQST_DATE date, department varchar(5) not null, DIV_DESC varchar(20) not null, DUNS_NBR varchar(15) not null, EDI_ORDER_NUMBER bigint, EVENT_INFO varchar(15) not null, GIFT_MESSAGE_1 varchar(45) not null, GIFT_MESSAGE_2 varchar(45) not null, HDR_DROP_DATE date default CURRENT_DATE not null, LAST_CHNG_DATE timestamp default CURRENT_DATE not null, LAST_CHNG_ID varchar(8) default  not null, NB_DATE date default CURRENT_DATE not null, NO_ASN_FLAG varchar(1) not null, ONLINE_TYPE varchar(1) default  not null, ORDER_MER_COST bigint default  not null, ORDER_RET_HAND bigint default  not null, ORDER_RET_SH bigint default  not null, ORDER_RET_TAX bigint default  not null, ORDER_RET_TOTAL bigint default  not null, ORDER_TYPE varchar(1) not null, ORDER_TYPE_DESC varchar(15) not null, ORDERING_SYS varchar(2) not null, PO_DATE date not null, PO_TYPE_SUFFIX varchar(10) default  not null, PS_MSG varchar(255) default  not null, PURCHASED_BY varchar(45) not null, RECEIVING_STORE varchar(10) not null, REF_TC_NBR varchar(20) default  not null, RETURN_MSG varchar(35) default  not null, ROUTE_BY_DATE date default CURRENT_DATE not null, SALES_CHECK_NO varchar(30) not null, SALES_REQ_CODE varchar(2) default  not null, SHIP_BY_DATE date, SHIP_CANCEL_DATE date default CURRENT_DATE not null, SHIP_TO_DEST_CODE varchar(2) not null, SPEC_PO_NUMBER varchar(20) not null, SPL_BILL_TO_STORE varchar(10) not null, SPL_SHIP_TO_STORE varchar(10) not null, SPL_XDOCK_CENTER varchar(10) not null, STORE_NAME varchar(45) not null, VENDOR_NO varchar(15) not null, primary key (DATE_STAMP, ORDER_NBR))" via JDBC Statement
org.hibernate.tool.schema.spi.CommandAcceptanceException: Error executing DDL "create table SHXP.EDI_SHIP_INFO (DATE_STAMP date not null, ORDER_NBR varchar(6) not null, ACCT_CONTACT varchar(45) default  not null, AGREEMENT_NBR varchar(15) not null, AUTH_REP varchar(45) default  not null, AUTHORIZATION_NO varchar(10) default  not null, BILL_TO_STORE_NBR varchar(20) not null, BS_STORE_NBR varchar(10) not null, CARR_CODE varchar(2) not null, COMM_CUST varchar(7) not null, CONS_STATUS_MSG varchar(35) default  not null, CONSUMER_ADDRESS varchar(35) not null, CONSUMER_ADDRESS_2 varchar(35) not null, CONSUMER_CITY varchar(19) not null, CONSUMER_PO_DATE date not null, CONSUMER_SHIP_FLG varchar(1) not null, CONSUMER_NAME varchar(35) not null, CONSUMER_STATE varchar(2) not null, CONSUMER_ZIP varchar(9) not null, CONTRACT_NBR varchar(15) default  not null, CROSS_DOCK varchar(10) not null, CUST_NBR varchar(7) not null, CUST_PMT_METH varchar(30) default  not null, CUST_PO varchar(22) not null, CUST_SP_INST varchar(45) default  not null, CUST_WH_NBR varchar(4) default  not null, CUSTOMER_CODE varchar(2) not null, DELIVERY_DATE date, DELV_REQST_DATE date, department varchar(5) not null, DIV_DESC varchar(20) not null, DUNS_NBR varchar(15) not null, EDI_ORDER_NUMBER bigint, EVENT_INFO varchar(15) not null, GIFT_MESSAGE_1 varchar(45) not null, GIFT_MESSAGE_2 varchar(45) not null, HDR_DROP_DATE date default CURRENT_DATE not null, LAST_CHNG_DATE timestamp default CURRENT_DATE not null, LAST_CHNG_ID varchar(8) default  not null, NB_DATE date default CURRENT_DATE not null, NO_ASN_FLAG varchar(1) not null, ONLINE_TYPE varchar(1) default  not null, ORDER_MER_COST bigint default  not null, ORDER_RET_HAND bigint default  not null, ORDER_RET_SH bigint default  not null, ORDER_RET_TAX bigint default  not null, ORDER_RET_TOTAL bigint default  not null, ORDER_TYPE varchar(1) not null, ORDER_TYPE_DESC varchar(15) not null, ORDERING_SYS varchar(2) not null, PO_DATE date not null, PO_TYPE_SUFFIX varchar(10) default  not null, PS_MSG varchar(255) default  not null, PURCHASED_BY varchar(45) not null, RECEIVING_STORE varchar(10) not null, REF_TC_NBR varchar(20) default  not null, RETURN_MSG varchar(35) default  not null, ROUTE_BY_DATE date default CURRENT_DATE not null, SALES_CHECK_NO varchar(30) not null, SALES_REQ_CODE varchar(2) default  not null, SHIP_BY_DATE date, SHIP_CANCEL_DATE date default CURRENT_DATE not null, SHIP_TO_DEST_CODE varchar(2) not null, SPEC_PO_NUMBER varchar(20) not null, SPL_BILL_TO_STORE varchar(10) not null, SPL_SHIP_TO_STORE varchar(10) not null, SPL_XDOCK_CENTER varchar(10) not null, STORE_NAME varchar(45) not null, VENDOR_NO varchar(15) not null, primary key (DATE_STAMP, ORDER_NBR))" via JDBC Statement
	at org.hibernate.tool.schema.internal.exec.GenerationTargetToDatabase.accept(GenerationTargetToDatabase.java:67)
	at org.hibernate.tool.schema.internal.AbstractSchemaMigrator.applySqlString(AbstractSchemaMigrator.java:559)
	at org.hibernate.tool.schema.internal.AbstractSchemaMigrator.applySqlStrings(AbstractSchemaMigrator.java:504)
	at org.hibernate.tool.schema.internal.AbstractSchemaMigrator.createTable(AbstractSchemaMigrator.java:277)
	at org.hibernate.tool.schema.internal.GroupedSchemaMigratorImpl.performTablesMigration(GroupedSchemaMigratorImpl.java:71)
	at org.hibernate.tool.schema.internal.AbstractSchemaMigrator.performMigration(AbstractSchemaMigrator.java:207)
	at org.hibernate.tool.schema.internal.AbstractSchemaMigrator.doMigration(AbstractSchemaMigrator.java:114)
	at org.hibernate.tool.schema.spi.SchemaManagementToolCoordinator.performDatabaseAction(SchemaManagementToolCoordinator.java:184)
	at org.hibernate.tool.schema.spi.SchemaManagementToolCoordinator.process(SchemaManagementToolCoordinator.java:73)
	at org.hibernate.internal.SessionFactoryImpl.<init>(SessionFactoryImpl.java:314)
	at org.hibernate.boot.internal.SessionFactoryBuilderImpl.build(SessionFactoryBuilderImpl.java:468)
	at org.hibernate.jpa.boot.internal.EntityManagerFactoryBuilderImpl.build(EntityManagerFactoryBuilderImpl.java:1237)
	at org.springframework.orm.jpa.vendor.SpringHibernateJpaPersistenceProvider.createContainerEntityManagerFactory(SpringHibernateJpaPersistenceProvider.java:58)
	at org.springframework.orm.jpa.LocalContainerEntityManagerFactoryBean.createNativeEntityManagerFactory(LocalContainerEntityManagerFactoryBean.java:365)
	at org.springframework.orm.jpa.AbstractEntityManagerFactoryBean.buildNativeEntityManagerFactory(AbstractEntityManagerFactoryBean.java:391)
	at org.springframework.orm.jpa.AbstractEntityManagerFactoryBean.afterPropertiesSet(AbstractEntityManagerFactoryBean.java:378)
	at org.springframework.orm.jpa.LocalContainerEntityManagerFactoryBean.afterPropertiesSet(LocalContainerEntityManagerFactoryBean.java:341)
	at org.springframework.beans.factory.support.AbstractAutowireCapableBeanFactory.invokeInitMethods(AbstractAutowireCapableBeanFactory.java:1855)
	at org.springframework.beans.factory.support.AbstractAutowireCapableBeanFactory.initializeBean(AbstractAutowireCapableBeanFactory.java:1792)
	at org.springframework.beans.factory.support.AbstractAutowireCapableBeanFactory.doCreateBean(AbstractAutowireCapableBeanFactory.java:595)
	at org.springframework.beans.factory.support.AbstractAutowireCapableBeanFactory.createBean(AbstractAutowireCapableBeanFactory.java:517)
	at org.springframework.beans.factory.support.AbstractBeanFactory.lambda$doGetBean$0(AbstractBeanFactory.java:323)
	at org.springframework.beans.factory.support.DefaultSingletonBeanRegistry.getSingleton(DefaultSingletonBeanRegistry.java:222)
	at org.springframework.beans.factory.support.AbstractBeanFactory.doGetBean(AbstractBeanFactory.java:321)
	at org.springframework.beans.factory.support.AbstractBeanFactory.getBean(AbstractBeanFactory.java:202)
	at org.springframework.context.support.AbstractApplicationContext.getBean(AbstractApplicationContext.java:1108)
	at org.springframework.context.support.AbstractApplicationContext.finishBeanFactoryInitialization(AbstractApplicationContext.java:868)
	at org.springframework.context.support.AbstractApplicationContext.refresh(AbstractApplicationContext.java:550)
	at org.springframework.boot.SpringApplication.refresh(SpringApplication.java:747)
	at org.springframework.boot.SpringApplication.refreshContext(SpringApplication.java:397)
	at org.springframework.boot.SpringApplication.run(SpringApplication.java:315)
	at org.springframework.boot.test.context.SpringBootContextLoader.loadContext(SpringBootContextLoader.java:126)
	at org.springframework.test.context.cache.DefaultCacheAwareContextLoaderDelegate.loadContextInternal(DefaultCacheAwareContextLoaderDelegate.java:99)
	at org.springframework.test.context.cache.DefaultCacheAwareContextLoaderDelegate.loadContext(DefaultCacheAwareContextLoaderDelegate.java:124)
	at org.springframework.test.context.support.DefaultTestContext.getApplicationContext(DefaultTestContext.java:123)
	at org.springframework.test.context.web.ServletTestExecutionListener.setUpRequestContextIfNecessary(ServletTestExecutionListener.java:190)
	at org.springframework.test.context.web.ServletTestExecutionListener.prepareTestInstance(ServletTestExecutionListener.java:132)
	at org.springframework.test.context.TestContextManager.prepareTestInstance(TestContextManager.java:244)
	at org.springframework.test.context.junit.jupiter.SpringExtension.postProcessTestInstance(SpringExtension.java:98)
	at org.junit.jupiter.engine.descriptor.ClassBasedTestDescriptor.lambda$invokeTestInstancePostProcessors$5(ClassBasedTestDescriptor.java:337)
	at org.junit.jupiter.engine.descriptor.ClassBasedTestDescriptor.executeAndMaskThrowable(ClassBasedTestDescriptor.java:342)
	at org.junit.jupiter.engine.descriptor.ClassBasedTestDescriptor.lambda$invokeTestInstancePostProcessors$6(ClassBasedTestDescriptor.java:337)
	at java.base/java.util.stream.ReferencePipeline$3$1.accept(ReferencePipeline.java:195)
	at java.base/java.util.stream.ReferencePipeline$2$1.accept(ReferencePipeline.java:177)
	at java.base/java.util.ArrayList$ArrayListSpliterator.forEachRemaining(ArrayList.java:1624)
	at java.base/java.util.stream.AbstractPipeline.copyInto(AbstractPipeline.java:484)
	at java.base/java.util.stream.AbstractPipeline.wrapAndCopyInto(AbstractPipeline.java:474)
	at java.base/java.util.stream.StreamSpliterators$WrappingSpliterator.forEachRemaining(StreamSpliterators.java:312)
	at java.base/java.util.stream.Streams$ConcatSpliterator.forEachRemaining(Streams.java:735)
	at java.base/java.util.stream.ReferencePipeline$Head.forEach(ReferencePipeline.java:658)
	at org.junit.jupiter.engine.descriptor.ClassBasedTestDescriptor.invokeTestInstancePostProcessors(ClassBasedTestDescriptor.java:336)
	at org.junit.jupiter.engine.descriptor.ClassBasedTestDescriptor.instantiateAndPostProcessTestInstance(ClassBasedTestDescriptor.java:259)
	at org.junit.jupiter.engine.descriptor.ClassBasedTestDescriptor.lambda$testInstancesProvider$2(ClassBasedTestDescriptor.java:252)
	at java.base/java.util.Optional.orElseGet(Optional.java:362)
	at org.junit.jupiter.engine.descriptor.ClassBasedTestDescriptor.lambda$testInstancesProvider$3(ClassBasedTestDescriptor.java:251)
	at org.junit.jupiter.engine.execution.TestInstancesProvider.getTestInstances(TestInstancesProvider.java:29)
	at org.junit.jupiter.engine.descriptor.ClassBasedTestDescriptor.lambda$before$0(ClassBasedTestDescriptor.java:184)
	at org.junit.platform.engine.support.hierarchical.ThrowableCollector.execute(ThrowableCollector.java:73)
	at org.junit.jupiter.engine.descriptor.ClassBasedTestDescriptor.before(ClassBasedTestDescriptor.java:183)
	at org.junit.jupiter.engine.descriptor.ClassBasedTestDescriptor.before(ClassBasedTestDescriptor.java:77)
	at org.junit.platform.engine.support.hierarchical.NodeTestTask.lambda$executeRecursively$5(NodeTestTask.java:132)
	at org.junit.platform.engine.support.hierarchical.ThrowableCollector.execute(ThrowableCollector.java:73)
	at org.junit.platform.engine.support.hierarchical.NodeTestTask.lambda$executeRecursively$7(NodeTestTask.java:125)
	at org.junit.platform.engine.support.hierarchical.Node.around(Node.java:135)
	at org.junit.platform.engine.support.hierarchical.NodeTestTask.lambda$executeRecursively$8(NodeTestTask.java:123)
	at org.junit.platform.engine.support.hierarchical.ThrowableCollector.execute(ThrowableCollector.java:73)
	at org.junit.platform.engine.support.hierarchical.NodeTestTask.executeRecursively(NodeTestTask.java:122)
	at org.junit.platform.engine.support.hierarchical.NodeTestTask.execute(NodeTestTask.java:80)
	at java.base/java.util.ArrayList.forEach(ArrayList.java:1510)
	at org.junit.platform.engine.support.hierarchical.SameThreadHierarchicalTestExecutorService.invokeAll(SameThreadHierarchicalTestExecutorService.java:38)
	at org.junit.platform.engine.support.hierarchical.NodeTestTask.lambda$executeRecursively$5(NodeTestTask.java:139)
	at org.junit.platform.engine.support.hierarchical.ThrowableCollector.execute(ThrowableCollector.java:73)
	at org.junit.platform.engine.support.hierarchical.NodeTestTask.lambda$executeRecursively$7(NodeTestTask.java:125)
	at org.junit.platform.engine.support.hierarchical.Node.around(Node.java:135)
	at org.junit.platform.engine.support.hierarchical.NodeTestTask.lambda$executeRecursively$8(NodeTestTask.java:123)
	at org.junit.platform.engine.support.hierarchical.ThrowableCollector.execute(ThrowableCollector.java:73)
	at org.junit.platform.engine.support.hierarchical.NodeTestTask.executeRecursively(NodeTestTask.java:122)
	at org.junit.platform.engine.support.hierarchical.NodeTestTask.execute(NodeTestTask.java:80)
	at org.junit.platform.engine.support.hierarchical.SameThreadHierarchicalTestExecutorService.submit(SameThreadHierarchicalTestExecutorService.java:32)
	at org.junit.platform.engine.support.hierarchical.HierarchicalTestExecutor.execute(HierarchicalTestExecutor.java:57)
	at org.junit.platform.engine.support.hierarchical.HierarchicalTestEngine.execute(HierarchicalTestEngine.java:51)
	at org.junit.platform.launcher.core.DefaultLauncher.execute(DefaultLauncher.java:220)
	at org.junit.platform.launcher.core.DefaultLauncher.lambda$execute$6(DefaultLauncher.java:188)
	at org.junit.platform.launcher.core.DefaultLauncher.withInterceptedStreams(DefaultLauncher.java:202)
	at org.junit.platform.launcher.core.DefaultLauncher.execute(DefaultLauncher.java:181)
	at org.junit.platform.launcher.core.DefaultLauncher.execute(DefaultLauncher.java:128)
	at org.apache.maven.surefire.junitplatform.JUnitPlatformProvider.invokeAllTests(JUnitPlatformProvider.java:150)
	at org.apache.maven.surefire.junitplatform.JUnitPlatformProvider.invoke(JUnitPlatformProvider.java:124)
	at org.apache.maven.surefire.booter.ForkedBooter.invokeProviderInSameClassLoader(ForkedBooter.java:384)
	at org.apache.maven.surefire.booter.ForkedBooter.runSuitesInProcess(ForkedBooter.java:345)
	at org.apache.maven.surefire.booter.ForkedBooter.execute(ForkedBooter.java:126)
	at org.apache.maven.surefire.booter.ForkedBooter.main(ForkedBooter.java:418)
Caused by: org.h2.jdbc.JdbcSQLSyntaxErrorException: Table "EDI_SHIP_INFO" already exists; SQL statement:
create table SHXP.EDI_SHIP_INFO (DATE_STAMP date not null, ORDER_NBR varchar(6) not null, ACCT_CONTACT varchar(45) default  not null, AGREEMENT_NBR varchar(15) not null, AUTH_REP varchar(45) default  not null, AUTHORIZATION_NO varchar(10) default  not null, BILL_TO_STORE_NBR varchar(20) not null, BS_STORE_NBR varchar(10) not null, CARR_CODE varchar(2) not null, COMM_CUST varchar(7) not null, CONS_STATUS_MSG varchar(35) default  not null, CONSUMER_ADDRESS varchar(35) not null, CONSUMER_ADDRESS_2 varchar(35) not null, CONSUMER_CITY varchar(19) not null, CONSUMER_PO_DATE date not null, CONSUMER_SHIP_FLG varchar(1) not null, CONSUMER_NAME varchar(35) not null, CONSUMER_STATE varchar(2) not null, CONSUMER_ZIP varchar(9) not null, CONTRACT_NBR varchar(15) default  not null, CROSS_DOCK varchar(10) not null, CUST_NBR varchar(7) not null, CUST_PMT_METH varchar(30) default  not null, CUST_PO varchar(22) not null, CUST_SP_INST varchar(45) default  not null, CUST_WH_NBR varchar(4) default  not null, CUSTOMER_CODE varchar(2) not null, DELIVERY_DATE date, DELV_REQST_DATE date, department varchar(5) not null, DIV_DESC varchar(20) not null, DUNS_NBR varchar(15) not null, EDI_ORDER_NUMBER bigint, EVENT_INFO varchar(15) not null, GIFT_MESSAGE_1 varchar(45) not null, GIFT_MESSAGE_2 varchar(45) not null, HDR_DROP_DATE date default CURRENT_DATE not null, LAST_CHNG_DATE timestamp default CURRENT_DATE not null, LAST_CHNG_ID varchar(8) default  not null, NB_DATE date default CURRENT_DATE not null, NO_ASN_FLAG varchar(1) not null, ONLINE_TYPE varchar(1) default  not null, ORDER_MER_COST bigint default  not null, ORDER_RET_HAND bigint default  not null, ORDER_RET_SH bigint default  not null, ORDER_RET_TAX bigint default  not null, ORDER_RET_TOTAL bigint default  not null, ORDER_TYPE varchar(1) not null, ORDER_TYPE_DESC varchar(15) not null, ORDERING_SYS varchar(2) not null, PO_DATE date not null, PO_TYPE_SUFFIX varchar(10) default  not null, PS_MSG varchar(255) default  not null, PURCHASED_BY varchar(45) not null, RECEIVING_STORE varchar(10) not null, REF_TC_NBR varchar(20) default  not null, RETURN_MSG varchar(35) default  not null, ROUTE_BY_DATE date default CURRENT_DATE not null, SALES_CHECK_NO varchar(30) not null, SALES_REQ_CODE varchar(2) default  not null, SHIP_BY_DATE date, SHIP_CANCEL_DATE date default CURRENT_DATE not null, SHIP_TO_DEST_CODE varchar(2) not null, SPEC_PO_NUMBER varchar(20) not null, SPL_BILL_TO_STORE varchar(10) not null, SPL_SHIP_TO_STORE varchar(10) not null, SPL_XDOCK_CENTER varchar(10) not null, STORE_NAME varchar(45) not null, VENDOR_NO varchar(15) not null, primary key (DATE_STAMP, ORDER_NBR)) [42101-200]
	at org.h2.message.DbException.getJdbcSQLException(DbException.java:453)
	at org.h2.message.DbException.getJdbcSQLException(DbException.java:429)
	at org.h2.message.DbException.get(DbException.java:205)
	at org.h2.message.DbException.get(DbException.java:181)
	at org.h2.command.ddl.CreateTable.update(CreateTable.java:89)
	at org.h2.command.CommandContainer.update(CommandContainer.java:198)
	at org.h2.command.Command.executeUpdate(Command.java:251)
	at org.h2.jdbc.JdbcStatement.executeInternal(JdbcStatement.java:228)
	at org.h2.jdbc.JdbcStatement.execute(JdbcStatement.java:201)
	at com.zaxxer.hikari.pool.ProxyStatement.execute(ProxyStatement.java:95)
	at com.zaxxer.hikari.pool.HikariProxyStatement.execute(HikariProxyStatement.java)
	at org.hibernate.tool.schema.internal.exec.GenerationTargetToDatabase.accept(GenerationTargetToDatabase.java:54)
	... 91 common frames omitted
Hibernate: alter table SHXP.EDI_SHIP_INFO drop constraint if exists UK_1fjihvn7gr79vjkx2nt2w0ipj
Hibernate: alter table SHXP.EDI_SHIP_INFO add constraint UK_1fjihvn7gr79vjkx2nt2w0ipj unique (DATE_STAMP)
Hibernate: alter table SHXP.EDI_SHIP_INFO drop constraint if exists UK_c89vdlxa8hpr3p807vgd44gi9
Hibernate: alter table SHXP.EDI_SHIP_INFO add constraint UK_c89vdlxa8hpr3p807vgd44gi9 unique (ORDER_NBR)
2020-06-19 13:28:33 INFO  [JtaPlatformInitiator.java:52] HHH000490: Using JtaPlatform implementation: [org.hibernate.engine.transaction.jta.platform.internal.NoJtaPlatform]
2020-06-19 13:28:33 INFO  [LogHelper.java:31] HHH000204: Processing PersistenceUnitInfo [name: sqlPU]
2020-06-19 13:28:33 DEBUG [HikariConfig.java:1020] HikariPool-10 - configuration:
2020-06-19 13:28:33 DEBUG [HikariConfig.java:1052] allowPoolSuspension.............false
2020-06-19 13:28:33 DEBUG [HikariConfig.java:1052] autoCommit......................true
2020-06-19 13:28:33 DEBUG [HikariConfig.java:1052] catalog.........................none
2020-06-19 13:28:33 DEBUG [HikariConfig.java:1052] connectionInitSql...............none
2020-06-19 13:28:33 DEBUG [HikariConfig.java:1052] connectionTestQuery.............none
2020-06-19 13:28:33 DEBUG [HikariConfig.java:1052] connectionTimeout...............30000
2020-06-19 13:28:33 DEBUG [HikariConfig.java:1052] dataSource......................none
2020-06-19 13:28:33 DEBUG [HikariConfig.java:1052] dataSourceClassName.............none
2020-06-19 13:28:33 DEBUG [HikariConfig.java:1052] dataSourceJNDI..................none
2020-06-19 13:28:33 DEBUG [HikariConfig.java:1052] dataSourceProperties............{password=<masked>}
2020-06-19 13:28:33 DEBUG [HikariConfig.java:1052] driverClassName................."org.h2.Driver"
2020-06-19 13:28:33 DEBUG [HikariConfig.java:1052] healthCheckProperties...........{}
2020-06-19 13:28:33 DEBUG [HikariConfig.java:1052] healthCheckRegistry.............none
2020-06-19 13:28:33 DEBUG [HikariConfig.java:1052] idleTimeout.....................600000
2020-06-19 13:28:33 DEBUG [HikariConfig.java:1052] initializationFailTimeout.......1
2020-06-19 13:28:33 DEBUG [HikariConfig.java:1052] isolateInternalQueries..........false
2020-06-19 13:28:33 DEBUG [HikariConfig.java:1052] jdbcUrl.........................jdbc:h2:mem:sql;INIT=create schema IF NOT EXISTS CSD
2020-06-19 13:28:33 DEBUG [HikariConfig.java:1052] leakDetectionThreshold..........0
2020-06-19 13:28:33 DEBUG [HikariConfig.java:1052] maxLifetime.....................1800000
2020-06-19 13:28:33 DEBUG [HikariConfig.java:1052] maximumPoolSize.................10
2020-06-19 13:28:33 DEBUG [HikariConfig.java:1052] metricRegistry..................none
2020-06-19 13:28:33 DEBUG [HikariConfig.java:1052] metricsTrackerFactory...........none
2020-06-19 13:28:33 DEBUG [HikariConfig.java:1052] minimumIdle.....................10
2020-06-19 13:28:33 DEBUG [HikariConfig.java:1052] password........................<masked>
2020-06-19 13:28:33 DEBUG [HikariConfig.java:1052] poolName........................"HikariPool-10"
2020-06-19 13:28:33 DEBUG [HikariConfig.java:1052] readOnly........................false
2020-06-19 13:28:33 DEBUG [HikariConfig.java:1052] registerMbeans..................false
2020-06-19 13:28:33 DEBUG [HikariConfig.java:1052] scheduledExecutor...............none
2020-06-19 13:28:33 DEBUG [HikariConfig.java:1052] schema..........................none
2020-06-19 13:28:33 DEBUG [HikariConfig.java:1052] threadFactory...................internal
2020-06-19 13:28:33 DEBUG [HikariConfig.java:1052] transactionIsolation............default
2020-06-19 13:28:33 DEBUG [HikariConfig.java:1052] username........................"sa"
2020-06-19 13:28:33 DEBUG [HikariConfig.java:1052] validationTimeout...............5000
2020-06-19 13:28:33 INFO  [HikariDataSource.java:110] HikariPool-10 - Starting...
2020-06-19 13:28:33 DEBUG [HikariPool.java:558] HikariPool-10 - Added connection conn90: url=jdbc:h2:mem:sql user=SA
2020-06-19 13:28:33 INFO  [HikariDataSource.java:123] HikariPool-10 - Start completed.
2020-06-19 13:28:33 INFO  [Dialect.java:172] HHH000400: Using dialect: org.hibernate.dialect.H2Dialect
2020-06-19 13:28:33 DEBUG [HikariPool.java:417] HikariPool-10 - Pool stats (total=1, active=0, idle=1, waiting=0)
2020-06-19 13:28:33 DEBUG [HikariPool.java:722] HikariPool-10 - Added connection conn91: url=jdbc:h2:mem:sql user=SA
2020-06-19 13:28:33 DEBUG [HikariPool.java:722] HikariPool-10 - Added connection conn92: url=jdbc:h2:mem:sql user=SA
2020-06-19 13:28:33 DEBUG [HikariPool.java:722] HikariPool-10 - Added connection conn93: url=jdbc:h2:mem:sql user=SA
2020-06-19 13:28:33 DEBUG [HikariPool.java:722] HikariPool-10 - Added connection conn94: url=jdbc:h2:mem:sql user=SA
2020-06-19 13:28:33 DEBUG [HikariPool.java:722] HikariPool-10 - Added connection conn95: url=jdbc:h2:mem:sql user=SA
2020-06-19 13:28:33 DEBUG [HikariPool.java:722] HikariPool-10 - Added connection conn96: url=jdbc:h2:mem:sql user=SA
2020-06-19 13:28:33 DEBUG [HikariPool.java:722] HikariPool-10 - Added connection conn97: url=jdbc:h2:mem:sql user=SA
2020-06-19 13:28:33 DEBUG [HikariPool.java:722] HikariPool-10 - Added connection conn98: url=jdbc:h2:mem:sql user=SA
2020-06-19 13:28:33 DEBUG [HikariPool.java:722] HikariPool-10 - Added connection conn99: url=jdbc:h2:mem:sql user=SA
2020-06-19 13:28:33 DEBUG [HikariPool.java:417] HikariPool-10 - After adding stats (total=10, active=0, idle=10, waiting=0)
2020-06-19 13:28:33 INFO  [JtaPlatformInitiator.java:52] HHH000490: Using JtaPlatform implementation: [org.hibernate.engine.transaction.jta.platform.internal.NoJtaPlatform]
2020-06-19 13:28:33 INFO  [ValidationService.java:61] loading rules...
Hibernate: select edireasonc0_.EDI_REASON_CODE as edi_reas1_6_, edireasonc0_.AUTO_CREATE_FLAG as auto_cre2_6_, edireasonc0_.CHANGE_TIMESTAMP as change_t3_6_, edireasonc0_.CHANGED_BY as changed_4_6_, edireasonc0_.CREATE_TIMESTAMP as create_t5_6_, edireasonc0_.CREATED_BY as created_6_6_, edireasonc0_.DEFAULT_ACTION as default_7_6_, edireasonc0_.description as descript8_6_, edireasonc0_.LEVEL as level9_6_, edireasonc0_.precedence as precede10_6_ from EDI_REASON_CODE edireasonc0_
2020-06-19 13:28:33 INFO  [ValidationService.java:61] loading rules...
Hibernate: select edireasonc0_.EDI_REASON_CODE as edi_reas1_6_, edireasonc0_.AUTO_CREATE_FLAG as auto_cre2_6_, edireasonc0_.CHANGE_TIMESTAMP as change_t3_6_, edireasonc0_.CHANGED_BY as changed_4_6_, edireasonc0_.CREATE_TIMESTAMP as create_t5_6_, edireasonc0_.CREATED_BY as created_6_6_, edireasonc0_.DEFAULT_ACTION as default_7_6_, edireasonc0_.description as descript8_6_, edireasonc0_.LEVEL as level9_6_, edireasonc0_.precedence as precede10_6_ from EDI_REASON_CODE edireasonc0_
2020-06-19 13:28:34 INFO  [StartupInfoLogger.java:61] Started ShipInfoServiceTest in 1.269 seconds (JVM running for 14.662)
2020-06-19 13:28:34 DEBUG [MockBuilder.java:94] set deliveryDate -> 1993-06-05
2020-06-19 13:28:34 DEBUG [MockBuilder.java:94] set ohStatusCode -> C
2020-06-19 13:28:34 DEBUG [MockBuilder.java:94] set consStatusMsg -> miOlIHRHkeyAXZozmfJf
2020-06-19 13:28:34 DEBUG [MockBuilder.java:94] set dunsNbr -> ACzJbRkOtlrwZml
2020-06-19 13:28:34 DEBUG [MockBuilder.java:94] set eventInfo -> WqcMPtWYiPagovZ
2020-06-19 13:28:34 DEBUG [MockBuilder.java:94] set onNote -> UajzuLhNGkNYgmLzRygn
2020-06-19 13:28:34 DEBUG [MockBuilder.java:94] set delvCutOffDt -> 1994-11-27
2020-06-19 13:28:34 DEBUG [MockBuilder.java:94] set errorCode -> JFB
2020-06-19 13:28:34 DEBUG [MockBuilder.java:94] set contractUsageInd -> q
2020-06-19 13:28:34 DEBUG [MockBuilder.java:94] set onlineType -> r
2020-06-19 13:28:34 DEBUG [MockBuilder.java:94] set explodeFlag -> m
2020-06-19 13:28:34 DEBUG [MockBuilder.java:94] set errorDescription -> omUgUEJpTBVXlrwTlaUJ
2020-06-19 13:28:34 DEBUG [MockBuilder.java:94] set crossDockCenter -> cdWYdByJan
2020-06-19 13:28:34 DEBUG [MockBuilder.java:94] set storeName -> tbzLwvXdYiodAhzksMoY
2020-06-19 13:28:34 DEBUG [MockBuilder.java:94] set orderDate -> 1983-07-20
2020-06-19 13:28:34 DEBUG [MockBuilder.java:94] set fobPoint -> fz
2020-06-19 13:28:34 DEBUG [MockBuilder.java:94] set orderingSystem -> oM
2020-06-19 13:28:34 DEBUG [MockBuilder.java:94] set orderLoc -> FJ
2020-06-19 13:28:34 DEBUG [MockBuilder.java:94] set purchasedBy -> NnRWVojnDuOzlKjIFRdl
2020-06-19 13:28:34 DEBUG [MockBuilder.java:94] set divDesc -> hubuDIDitcskOuvMWbwl
2020-06-19 13:28:34 DEBUG [MockBuilder.java:94] set frtCode -> x
2020-06-19 13:28:34 DEBUG [MockBuilder.java:94] set phoneNumber -> xgDVbFvgOel
2020-06-19 13:28:34 DEBUG [MockBuilder.java:94] set custDept -> NJvHE
2020-06-19 13:28:34 DEBUG [MockBuilder.java:94] set orderMerCost -> 9454521.800322335
2020-06-19 13:28:34 DEBUG [MockBuilder.java:94] set giftMessage1 -> BDGQyuGwuLBSgtRvWxro
2020-06-19 13:28:34 DEBUG [MockBuilder.java:94] set poControl -> fYloS
2020-06-19 13:28:34 DEBUG [MockBuilder.java:94] set beg -> xNJsk
2020-06-19 13:28:34 DEBUG [MockBuilder.java:94] set shawOrderNumber -> SxmjUA
2020-06-19 13:28:34 DEBUG [MockBuilder.java:94] set giftMessage2 -> APlhoznzmRuQVcvIWorV
2020-06-19 13:28:34 DEBUG [MockBuilder.java:94] set errorTimestamp -> 1970-01-01T01:35:39
2020-06-19 13:28:34 DEBUG [MockBuilder.java:94] set termsNetDays -> zEj
2020-06-19 13:28:34 DEBUG [MockBuilder.java:94] set poDateValue -> 1976-11-19
2020-06-19 13:28:34 DEBUG [MockBuilder.java:94] set chngLid -> sjaAVeeB
2020-06-19 13:28:34 DEBUG [MockBuilder.java:94] set rcdCode -> d
2020-06-19 13:28:34 DEBUG [MockBuilder.java:94] set salesCheckNumber -> iHFJeSgDvFtsbSYrOFKy
2020-06-19 13:28:34 DEBUG [MockBuilder.java:94] set billToState -> Yh
2020-06-19 13:28:34 DEBUG [MockBuilder.java:94] set poDateQualifier -> Dkc
2020-06-19 13:28:34 DEBUG [MockBuilder.java:94] set nbDate -> 1984-11-01
2020-06-19 13:28:34 DEBUG [MockBuilder.java:94] set chngTimestamp -> 1970-01-01T00:32:28
2020-06-19 13:28:34 DEBUG [MockBuilder.java:94] set poNumber -> eXwmeGIwUpvVYGuZUPwU
2020-06-19 13:28:34 DEBUG [MockBuilder.java:94] set newStoreInd -> h
2020-06-19 13:28:34 DEBUG [MockBuilder.java:94] set commCust -> UITHbSm
2020-06-19 13:28:34 DEBUG [MockBuilder.java:94] set hostAlertFlag -> s
2020-06-19 13:28:34 DEBUG [MockBuilder.java:94] set termsTypeFlag -> CE
2020-06-19 13:28:34 DEBUG [MockBuilder.java:94] set billToStore -> UTixMXIYbh
2020-06-19 13:28:34 DEBUG [MockBuilder.java:94] set customerCode -> XZ
2020-06-19 13:28:34 DEBUG [MockBuilder.java:94] set noAsnFlag -> k
2020-06-19 13:28:34 DEBUG [MockBuilder.java:94] set poType -> qCiSG
2020-06-19 13:28:34 DEBUG [MockBuilder.java:94] set salesReqCode -> Zp
2020-06-19 13:28:34 DEBUG [MockBuilder.java:94] set custNbr -> NHfKeTY
2020-06-19 13:28:34 DEBUG [MockBuilder.java:94] set bsStoreNbr -> sPoeABdUOL
2020-06-19 13:28:34 DEBUG [MockBuilder.java:94] set poTypeSuffix -> dmMPAmrlzi
2020-06-19 13:28:34 DEBUG [MockBuilder.java:94] set receivedTimestamp -> 1970-01-01T02:20:26
2020-06-19 13:28:34 DEBUG [MockBuilder.java:94] set sellCo -> Rm
2020-06-19 13:28:34 DEBUG [MockBuilder.java:94] set customerRefNbr -> FAg
2020-06-19 13:28:34 DEBUG [MockBuilder.java:94] set cancelDateQualifier -> tGC
2020-06-19 13:28:34 DEBUG [MockBuilder.java:94] set psMsg -> QsFsqTKhnpuCMlUZmiZU
2020-06-19 13:28:34 DEBUG [MockBuilder.java:94] set poQual -> iL
2020-06-19 13:28:34 DEBUG [MockBuilder.java:94] set seqNbr -> 761117
2020-06-19 13:28:34 DEBUG [MockBuilder.java:94] set carrierCode -> kJ
2020-06-19 13:28:34 DEBUG [MockBuilder.java:94] set totalBindingFt -> 8493236.460683672
2020-06-19 13:28:34 DEBUG [MockBuilder.java:94] set customerSidemark -> WJwTJfSgTUuJrbauuYOj
2020-06-19 13:28:34 DEBUG [MockBuilder.java:94] set orderRetTotal -> 8472150.272965124
2020-06-19 13:28:34 DEBUG [MockBuilder.java:94] set ohCancelDateValue -> 1971-06-18
2020-06-19 13:28:34 DEBUG [MockBuilder.java:94] set cbCutLength -> 2949785.1640720996
2020-06-19 13:28:34 DEBUG [MockBuilder.java:94] set refTcNbr -> RTOHsBKSsbjzLsUdcPFt
2020-06-19 13:28:34 DEBUG [MockBuilder.java:94] set custPmtMeth -> XrGLnSVVBjuhulzFXBOk
2020-06-19 13:28:34 DEBUG [MockBuilder.java:94] set srvLevel -> Rx
2020-06-19 13:28:34 DEBUG [MockBuilder.java:94] set reserveOrderInd -> M
2020-06-19 13:28:34 DEBUG [MockBuilder.java:94] set inputMethod -> RedAbCuzlJ
2020-06-19 13:28:34 DEBUG [MockBuilder.java:94] set orderRetHand -> 9642581.064115122
2020-06-19 13:28:34 DEBUG [MockBuilder.java:94] set orderType -> c
2020-06-19 13:28:34 DEBUG [MockBuilder.java:94] set returnMsg -> BsFKebWQmGzCKvzuTJeV
2020-06-19 13:28:34 DEBUG [MockBuilder.java:94] set agreementNumber -> jOnpZaIEnATOwem
2020-06-19 13:28:34 DEBUG [MockBuilder.java:94] set custSpInst -> nZKKLANHwUsXgdSvwkET
2020-06-19 13:28:34 DEBUG [MockBuilder.java:94] set statusCode -> u
2020-06-19 13:28:34 DEBUG [MockBuilder.java:94] set orderTypeDesc -> YcPziXBJyShpnVj
2020-06-19 13:28:34 DEBUG [MockBuilder.java:94] set routeByDate -> 1982-11-26
2020-06-19 13:28:34 DEBUG [MockBuilder.java:94] set markForStore -> uuoxbaJIXb
2020-06-19 13:28:34 DEBUG [MockBuilder.java:94] set custWhNbr -> tIei
2020-06-19 13:28:34 DEBUG [MockBuilder.java:94] set assignedAgent -> rHLMnhDC
2020-06-19 13:28:34 DEBUG [MockBuilder.java:94] set orderRetSh -> 339480.80958211
2020-06-19 13:28:34 DEBUG [MockBuilder.java:94] set orderWeight -> 5221745.510974169
2020-06-19 13:28:34 DEBUG [MockBuilder.java:94] set stdCarrAlphaInd -> jydy
2020-06-19 13:28:34 DEBUG [MockBuilder.java:94] set shipComplete -> V
2020-06-19 13:28:34 DEBUG [MockBuilder.java:94] set shipPartCompInd -> H
2020-06-19 13:28:34 DEBUG [MockBuilder.java:94] set authRep -> rylwWdnrczsOLrzYOwdA
2020-06-19 13:28:34 DEBUG [MockBuilder.java:94] set shipByCutOffDt -> 1994-11-11
2020-06-19 13:28:34 DEBUG [MockBuilder.java:94] set mediaEventCode -> Kz
2020-06-19 13:28:34 DEBUG [MockBuilder.java:94] set shipDateValue -> 1995-04-17
2020-06-19 13:28:34 DEBUG [MockBuilder.java:94] set authorizationNo -> aiHBqsAcdx
2020-06-19 13:28:34 DEBUG [MockBuilder.java:94] set shipPt -> YL
2020-06-19 13:28:34 DEBUG [MockBuilder.java:94] set shipByDate -> 1996-12-03
2020-06-19 13:28:34 DEBUG [MockBuilder.java:94] set shipDateQualifier -> FSb
2020-06-19 13:28:34 DEBUG [MockBuilder.java:94] set acctContact -> wqIJYIQFZwtQtzWoLCRo
2020-06-19 13:28:34 DEBUG [MockBuilder.java:94] set phone -> ZYXcunOwTLHbUCG
2020-06-19 13:28:34 DEBUG [MockBuilder.java:94] set shipCancelDate -> 1982-07-06
2020-06-19 13:28:34 DEBUG [MockBuilder.java:94] set shipInstruction -> vNoQDltvXtmIJgLffTmx
2020-06-19 13:28:34 DEBUG [MockBuilder.java:94] set specialInstruct2 -> JatuQBOpiakKJxKQzasQ
2020-06-19 13:28:34 DEBUG [MockBuilder.java:94] set acknowlegeOrdInd -> p
2020-06-19 13:28:34 DEBUG [MockBuilder.java:94] set userId -> riwTwLjK
2020-06-19 13:28:34 DEBUG [MockBuilder.java:94] set orderRetTax -> 9539745.433394413
2020-06-19 13:28:34 DEBUG [MockBuilder.java:94] set province -> PbTeIrOuRLnFdfoyMoz
2020-06-19 13:28:34 DEBUG [MockBuilder.java:94] set country -> TDNMKgSvpSMlfoPCbQx
2020-06-19 13:28:34 DEBUG [MockBuilder.java:94] set specialInstruct1 -> aPuMnIwnXjznLxqRPQyp
2020-06-19 13:28:34 DEBUG [MockBuilder.java:94] set vendorNo -> XiFpWNFlTECUfbQ
2020-06-19 13:28:34 DEBUG [MockBuilder.java:94] set specialInstruct3 -> kofkeIHGBTYaszBxGrhR
2020-06-19 13:28:34 DEBUG [MockBuilder.java:94] set addressLine2 -> YqmLfhMxqwOMVphXCBAZ
2020-06-19 13:28:34 DEBUG [MockBuilder.java:94] set addrKey -> 908155
2020-06-19 13:28:34 DEBUG [MockBuilder.java:94] set cnCity -> lQyrLHgPSrtmHqyvGbJ
2020-06-19 13:28:34 DEBUG [MockBuilder.java:94] set name -> XHPqnlIOsCCZmYVtCLMV
2020-06-19 13:28:34 DEBUG [MockBuilder.java:94] set truncFlag -> U
2020-06-19 13:28:34 DEBUG [MockBuilder.java:94] set specialInstruct4 -> zgVOdUqtLzEwrsndirbQ
2020-06-19 13:28:34 DEBUG [MockBuilder.java:94] set city -> EOdstcfTkppxgFdcNhP
2020-06-19 13:28:34 DEBUG [MockBuilder.java:94] set wcStore -> IyOaUqWAoJ
2020-06-19 13:28:34 DEBUG [MockBuilder.java:94] set destCode -> vL
2020-06-19 13:28:34 DEBUG [MockBuilder.java:94] set addressLine1 -> iOOxZMwkqvJxLPztfMAK
2020-06-19 13:28:34 DEBUG [MockBuilder.java:94] set specialPoNo -> UaGGWzgzmdKeqELrxzQY
2020-06-19 13:28:34 DEBUG [MockBuilder.java:94] set store -> bRXahTAQTy
2020-06-19 13:28:34 DEBUG [MockBuilder.java:94] set custNbr -> hGvAzhg
2020-06-19 13:28:34 DEBUG [MockBuilder.java:94] set zip -> ALNdjXWHWVF
2020-06-19 13:28:34 DEBUG [MockBuilder.java:94] set flag -> 755174
2020-06-19 13:28:34 DEBUG [MockBuilder.java:94] set cphone -> jSXhSOwLmNKHqFZDLYJj
2020-06-19 13:28:34 DEBUG [MockBuilder.java:94] set ccountry -> LwPzsNJeoJOKsrsqmQUd
2020-06-19 13:28:34 DEBUG [MockBuilder.java:94] set city -> EqcgoKGLROddhkCLmhc
2020-06-19 13:28:34 DEBUG [MockBuilder.java:94] set state -> bs
2020-06-19 13:28:34 DEBUG [MockBuilder.java:94] set cprovince -> zlqKmbIcBmpuznxibmwp
2020-06-19 13:28:34 DEBUG [MockBuilder.java:94] set state -> fd
2020-06-19 13:28:34 DEBUG [MockBuilder.java:94] set addressLine2 -> YTewLsVCPbBKXSRXQvVW
2020-06-19 13:28:34 DEBUG [MockBuilder.java:94] set consumerPoDateValue -> 1992-07-14
2020-06-19 13:28:34 DEBUG [MockBuilder.java:94] set consumerShipFlg -> j
2020-06-19 13:28:34 DEBUG [MockBuilder.java:94] set name -> NFGjMepJMTeRiRdXfYLX
2020-06-19 13:28:34 DEBUG [MockBuilder.java:94] set shipToAddress -> LegacyShipToAddress [addressLine1=iOOxZMwkqvJxLPztfMAK, addressLine2=YqmLfhMxqwOMVphXCBAZ, city=EOdstcfTkppxgFdcNhP, cnCity=lQyrLHgPSrtmHqyvGbJ, country=TDNMKgSvpSMlfoPCbQx, custNbr=hGvAzhg, destCode=vL, flag=755174, name=XHPqnlIOsCCZmYVtCLMV, phone=ZYXcunOwTLHbUCG, province=PbTeIrOuRLnFdfoyMoz, state=bs, store=bRXahTAQTy, truncFlag=U, zip=ALNdjXWHWVF]
2020-06-19 13:28:34 DEBUG [MockBuilder.java:94] set zip -> dqKeUoZoo
2020-06-19 13:28:34 DEBUG [MockBuilder.java:94] set addressLine1 -> cXFuDTSrrMALCJjsTOyU
2020-06-19 13:28:34 DEBUG [MockBuilder.java:94] set consumerAddress -> LegacyConsumerAddress [cprovince=zlqKmbIcBmpuznxibmwp, ccountry=LwPzsNJeoJOKsrsqmQUd, cphone=jSXhSOwLmNKHqFZDLYJj, addressLine1=cXFuDTSrrMALCJjsTOyU, addressLine2=YTewLsVCPbBKXSRXQvVW, city=EqcgoKGLROddhkCLmhc, name=NFGjMepJMTeRiRdXfYLX, consumerPoDateValue=1992-07-14, consumerShipFlg=j, state=fd, zip=dqKeUoZoo]
2020-06-19 13:28:34 DEBUG [MockBuilder.java:94] set state -> iz
2020-06-19 13:28:34 DEBUG [MockBuilder.java:94] set city -> JACfuUGbnNlsTjRyLdNU
2020-06-19 13:28:34 DEBUG [MockBuilder.java:94] set addressLine1 -> cjKHIpkfKCJGjUvjJmtC
2020-06-19 13:28:34 DEBUG [MockBuilder.java:94] set name -> GvyMHxJOwOwRKRpuaejy
2020-06-19 13:28:34 DEBUG [MockBuilder.java:94] set tpcountry -> NvEqHBMQGByAsnKTTTEM
2020-06-19 13:28:34 DEBUG [MockBuilder.java:94] set zip -> qUJibGQRLCSVTBem
2020-06-19 13:28:34 DEBUG [MockBuilder.java:94] set billFlag -> D
2020-06-19 13:28:34 DEBUG [MockBuilder.java:94] set addressLine2 -> XAbjDvBnTEdNgOZKcjRY
2020-06-19 13:28:34 DEBUG [MockBuilder.java:94] set accountNbr -> ukZLqvmRnJDKKziEZeIG
2020-06-19 13:28:34 DEBUG [MockBuilder.java:94] set name2 -> DegczbAqHPSozKmSfoxR
2020-06-19 13:28:34 DEBUG [MockBuilder.java:94] set tpprovince -> OCKYIdupGsVzJfqFhUrn
2020-06-19 13:28:34 DEBUG [MockBuilder.java:94] set tpphone -> nXgwsBOQelRdINHVshiI
2020-06-19 13:28:34 DEBUG [MockBuilder.java:94] set thirdPartyAddress -> LegacyThirdPartyAddress [tpprovince=OCKYIdupGsVzJfqFhUrn, tpcountry=NvEqHBMQGByAsnKTTTEM, tpphone=nXgwsBOQelRdINHVshiI, addressLine1=cjKHIpkfKCJGjUvjJmtC, addressLine2=XAbjDvBnTEdNgOZKcjRY, accountNbr=ukZLqvmRnJDKKziEZeIG, billFlag=D, city=JACfuUGbnNlsTjRyLdNU, name=GvyMHxJOwOwRKRpuaejy, name2=DegczbAqHPSozKmSfoxR, state=iz, zip=qUJibGQRLCSVTBem]
2020-06-19 13:28:34 DEBUG [MockBuilder.java:94] set dates -> null
2020-06-19 13:28:34 DEBUG [MockBuilder.java:94] set lines -> null
2020-06-19 13:28:34 DEBUG [MockHelper.java:99] EdiOrderHeader [legacyOrderNumber=null, acctContact=wqIJYIQFZwtQtzWoLCRo, acknowlegeOrdInd=p, addrKey=908155, agreementNumber=jOnpZaIEnATOwem, assignedAgent=rHLMnhDC, authRep=rylwWdnrczsOLrzYOwdA, authorizationNo=aiHBqsAcdx, beg=xNJsk, billToState=Yh, billToStore=UTixMXIYbh, bsStoreNbr=sPoeABdUOL, cancelDateQualifier=tGC, carrierCode=kJ, cbCutLength=2949785.1640720996, chngLid=sjaAVeeB, chngTimestamp=1970-01-01T00:32:28, commCust=UITHbSm, consStatusMsg=miOlIHRHkeyAXZozmfJf, contractUsageInd=q, crossDockCenter=cdWYdByJan, custDept=NJvHE, custPmtMeth=XrGLnSVVBjuhulzFXBOk, custSpInst=nZKKLANHwUsXgdSvwkET, custWhNbr=tIei, customerCode=XZ, custNbr=NHfKeTY, customerRefNbr=FAg, customerSidemark=WJwTJfSgTUuJrbauuYOj, deliveryDate=1993-06-05, delvCutOffDt=1994-11-27, divDesc=hubuDIDitcskOuvMWbwl, dunsNbr=ACzJbRkOtlrwZml, errorCode=JFB, errorDescription=omUgUEJpTBVXlrwTlaUJ, errorTimestamp=1970-01-01T01:35:39, eventInfo=WqcMPtWYiPagovZ, explodeFlag=m, fobPoint=fz, frtCode=x, giftMessage1=BDGQyuGwuLBSgtRvWxro, giftMessage2=APlhoznzmRuQVcvIWorV, hostAlertFlag=s, inputMethod=RedAbCuzlJ, markForStore=uuoxbaJIXb, mediaEventCode=Kz, nbDate=1984-11-01, newStoreInd=h, noAsnFlag=k, ohCancelDateValue=1971-06-18, ohStatusCode=C, onNote=UajzuLhNGkNYgmLzRygn, onlineType=r, orderDate=1983-07-20, orderLoc=01, orderMerCost=9454521.800322335, shawOrderNumber=SxmjUA, orderRetHand=9642581.064115122, orderRetSh=339480.80958211, orderRetTax=9539745.433394413, orderRetTotal=8472150.272965124, orderType=S, orderTypeDesc=SAMPLES, orderWeight=5221745.510974169, orderingSystem=oM, phoneNumber=xgDVbFvgOel, poControl=fYloS, poDateValue=1976-11-19, poDateQualifier=Dkc, poNumber=eXwmeGIwUpvVYGuZUPwU, poQual=iL, poType=qCiSG, poTypeSuffix=dmMPAmrlzi, psMsg=QsFsqTKhnpuCMlUZmiZU, purchasedBy=NnRWVojnDuOzlKjIFRdl, rcdCode=d, receivedTimestamp=1970-01-01T02:20:26, refTcNbr=RTOHsBKSsbjzLsUdcPFt, reserveOrderInd=M, returnMsg=BsFKebWQmGzCKvzuTJeV, routeByDate=1982-11-26, salesCheckNumber=iHFJeSgDvFtsbSYrOFKy, salesReqCode=Zp, sellCo=Rm, seqNbr=761117, shipByCutOffDt=1994-11-11, shipByDate=1996-12-03, shipCancelDate=1982-07-06, shipComplete=V, shipDateValue=1995-04-17, shipDateQualifier=FSb, shipInstruction=vNoQDltvXtmIJgLffTmx, shipPartCompInd=H, shipPt=YL, specialInstruct1=aPuMnIwnXjznLxqRPQyp, specialInstruct2=JatuQBOpiakKJxKQzasQ, specialInstruct3=kofkeIHGBTYaszBxGrhR, specialInstruct4=zgVOdUqtLzEwrsndirbQ, specialPoNo=UaGGWzgzmdKeqELrxzQY, srvLevel=Rx, statusCode=u, stdCarrAlphaInd=jydy, storeName=tbzLwvXdYiodAhzksMoY, termsNetDays=zEj, termsTypeFlag=CE, totalBindingFt=8493236.460683672, userId=riwTwLjK, vendorNo=XiFpWNFlTECUfbQ, wcStore=IyOaUqWAoJ, consumerAddress=LegacyConsumerAddress [cprovince=zlqKmbIcBmpuznxibmwp, ccountry=LwPzsNJeoJOKsrsqmQUd, cphone=jSXhSOwLmNKHqFZDLYJj, addressLine1=cXFuDTSrrMALCJjsTOyU, addressLine2=YTewLsVCPbBKXSRXQvVW, city=EqcgoKGLROddhkCLmhc, name=NFGjMepJMTeRiRdXfYLX, consumerPoDateValue=1992-07-14, consumerShipFlg=j, state=fd, zip=dqKeUoZoo], shipToAddress=LegacyShipToAddress [addressLine1=iOOxZMwkqvJxLPztfMAK, addressLine2=YqmLfhMxqwOMVphXCBAZ, city=EOdstcfTkppxgFdcNhP, cnCity=lQyrLHgPSrtmHqyvGbJ, country=TDNMKgSvpSMlfoPCbQx, custNbr=hGvAzhg, destCode=vL, flag=755174, name=XHPqnlIOsCCZmYVtCLMV, phone=ZYXcunOwTLHbUCG, province=PbTeIrOuRLnFdfoyMoz, state=bs, store=bRXahTAQTy, truncFlag=U, zip=ALNdjXWHWVF], thirdPartyAddress=LegacyThirdPartyAddress [tpprovince=OCKYIdupGsVzJfqFhUrn, tpcountry=NvEqHBMQGByAsnKTTTEM, tpphone=nXgwsBOQelRdINHVshiI, addressLine1=cjKHIpkfKCJGjUvjJmtC, addressLine2=XAbjDvBnTEdNgOZKcjRY, accountNbr=ukZLqvmRnJDKKziEZeIG, billFlag=D, city=JACfuUGbnNlsTjRyLdNU, name=GvyMHxJOwOwRKRpuaejy, name2=DegczbAqHPSozKmSfoxR, state=iz, zip=qUJibGQRLCSVTBem], dates=null, lines=null]
Hibernate: call next value for SHXP.EDI_ORDER_NBR
Hibernate: insert into EDI_ORDER_HEADER (ACCT_CONTACT, ACKNOWLEGE_ORD_IND, ADDR_KEY, AGREEMENT_NUMBER, ASSIGNED_AGENT, AUTH_REP, AUTHORIZATION_NO, beg, BILL_TO_STATE, BILL_TO_STORE, BS_STORE_NBR, CANCEL_DATE_QUAL, CARRIER_CODE, CB_CUT_LENGTH, CHNG_LID, CHNG_TIMESTAMP, COMM_CUST, CONS_STATUS_MSG, CONSUMER_ADDRESS, CONSUMER_ADDRESS_2, CONSUMER_CITY, CONSUMER_PO_DATE, CONSUMER_SHIP_FLG, CONSUMER_NAME, CONSUMER_STATE, CONSUMER_ZIP, CONTRACT_USAGE_IND, CROSS_DOCK_CENTER, CUST_DEPT, CUSTOMER_NUMBER, CUST_PMT_METH, CUST_SP_INST, CUST_WH_NBR, CUSTOMER_CODE, CUSTOMER_REF_NBR, CUSTOMER_SIDEMARK, DELIVERY_DATE, DELV_CUT_OFF_DT, DIV_DESC, DUNS_NBR, ERROR_CODE, ERROR_DESCRIPTION, ERROR_TIMESTAMP, EVENT_INFO, EXPLODE_FLAG, FOB_POINT, FRT_CODE, GIFT_MESSAGE_1, GIFT_MESSAGE_2, HOST_ALERT_FLAG, INPUT_METHOD, MARK_FOR_STORE, MEDIA_EVENT_CODE, NB_DATE, NEW_STORE_IND, NO_ASN_FLAG, OH_CANCEL_DATE, OH_STATUS_CODE, ON_NOTE, ONLINE_TYPE, ORDER_DATE, ORDER_LOC, ORDER_MER_COST, ORDER_RET_HAND, ORDER_RET_SH, ORDER_RET_TAX, ORDER_RET_TOTAL, ORDER_TYPE, ORDER_TYPE_DESC, ORDER_WEIGHT, ORDERING_SYSTEM, PHONE_NUMBER, PO_CONTROL, PO_DATE_QUAL, PO_DATE, PO_NUMBER, PO_QUAL, PO_TYPE, PO_TYPE_SUFFIX, PS_MSG, PURCHASED_BY, RCD_CODE, RECEIVED_TIMESTAMP, REF_TC_NBR, RESERVE_ORDER_IND, RETURN_MSG, ROUTE_BY_DATE, SALES_CHECK_NUMBER, SALES_REQ_CODE, SELL_CO, SEQ_NBR, ORDER_NUMBER, SHIP_BY_CUT_OFF_DT, SHIP_BY_DATE, SHIP_CANCEL_DATE, SHIP_COMPLETE, SHIP_DATE_QUAL, SHIP_DATE, SHIP_INSTRUCTION, SHIP_PART_COMP_IND, SHIP_PT, SHIP_TO_ADDRESS_1, SHIP_TO_ADDRESS_2, SHIP_TO_CITY, SHIP_TO_CN_CITY, SHIP_TO_COUNTRY, SHIP_TO_CUST_NBR, SHIP_TO_DEST_COD, SHIP_TO_FLAG, SHIP_TO_NAME, SHIP_TO_PHONE, SHIP_TO_PROVENCE, SHIP_TO_STATE, SHIP_TO_STORE, SHIP_TO_TRUNC_FLG, SHIP_TO_ZIP, SPECIAL_INSTRUCT_1, SPECIAL_INSTRUCT_2, SPECIAL_INSTRUCT_3, SPECIAL_INSTRUCT_4, SPECIAL_PO_NO, SRV_LEVEL, STATUS_CODE, STD_CARR_ALPHA_IND, STORE_NAME, TERMS_NET_DAYS, TERMS_TYPE_FLAG, THIRD_PARTY_ACCT_NBR, THIRD_PARTY_ADDR_1, THIRD_PARTY_ADDR_2, THIRD_PARTY_BILL_FLAG, THIRD_PARTY_CITY, THIRD_PARTY_NAME, THIRD_PARTY_NAME_2, THIRD_PARTY_STATE, THIRD_PARTY_ZIP, TOTAL_BINDING_FT, USER_ID, VENDOR_NO, WC_STORE, EDI_ORDER_NUMBER) values (?, ?, ?, ?, ?, ?, ?, ?, ?, ?, ?, ?, ?, ?, ?, ?, ?, ?, ?, ?, ?, ?, ?, ?, ?, ?, ?, ?, ?, ?, ?, ?, ?, ?, ?, ?, ?, ?, ?, ?, ?, ?, ?, ?, ?, ?, ?, ?, ?, ?, ?, ?, ?, ?, ?, ?, ?, ?, ?, ?, ?, ?, ?, ?, ?, ?, ?, ?, ?, ?, ?, ?, ?, ?, ?, ?, ?, ?, ?, ?, ?, ?, ?, ?, ?, ?, ?, ?, ?, ?, ?, ?, ?, ?, ?, ?, ?, ?, ?, ?, ?, ?, ?, ?, ?, ?, ?, ?, ?, ?, ?, ?, ?, ?, ?, ?, ?, ?, ?, ?, ?, ?, ?, ?, ?, ?, ?, ?, ?, ?, ?, ?, ?, ?, ?, ?, ?, ?, ?, ?, ?)
2020-06-19 13:28:34 TRACE [BasicBinder.java:64] binding parameter [1] as [VARCHAR] - [wqIJYIQFZwtQtzWoLCRo]
2020-06-19 13:28:34 TRACE [BasicBinder.java:64] binding parameter [2] as [VARCHAR] - [p]
2020-06-19 13:28:34 TRACE [BasicBinder.java:64] binding parameter [3] as [INTEGER] - [908155]
2020-06-19 13:28:34 TRACE [BasicBinder.java:64] binding parameter [4] as [VARCHAR] - [jOnpZaIEnATOwem]
2020-06-19 13:28:34 TRACE [BasicBinder.java:64] binding parameter [5] as [VARCHAR] - [rHLMnhDC]
2020-06-19 13:28:34 TRACE [BasicBinder.java:64] binding parameter [6] as [VARCHAR] - [rylwWdnrczsOLrzYOwdA]
2020-06-19 13:28:34 TRACE [BasicBinder.java:64] binding parameter [7] as [VARCHAR] - [aiHBqsAcdx]
2020-06-19 13:28:34 TRACE [BasicBinder.java:64] binding parameter [8] as [VARCHAR] - [xNJsk]
2020-06-19 13:28:34 TRACE [BasicBinder.java:64] binding parameter [9] as [VARCHAR] - [Yh]
2020-06-19 13:28:34 TRACE [BasicBinder.java:64] binding parameter [10] as [VARCHAR] - [UTixMXIYbh]
2020-06-19 13:28:34 TRACE [BasicBinder.java:64] binding parameter [11] as [VARCHAR] - [sPoeABdUOL]
2020-06-19 13:28:34 TRACE [BasicBinder.java:64] binding parameter [12] as [VARCHAR] - [tGC]
2020-06-19 13:28:34 TRACE [BasicBinder.java:64] binding parameter [13] as [VARCHAR] - [kJ]
2020-06-19 13:28:34 TRACE [BasicBinder.java:64] binding parameter [14] as [DOUBLE] - [2949785.1640720996]
2020-06-19 13:28:34 TRACE [BasicBinder.java:64] binding parameter [15] as [VARCHAR] - [sjaAVeeB]
2020-06-19 13:28:34 TRACE [BasicBinder.java:64] binding parameter [16] as [TIMESTAMP] - [1970-01-01T00:32:28]
2020-06-19 13:28:34 TRACE [BasicBinder.java:64] binding parameter [17] as [VARCHAR] - [UITHbSm]
2020-06-19 13:28:34 TRACE [BasicBinder.java:64] binding parameter [18] as [VARCHAR] - [miOlIHRHkeyAXZozmfJf]
2020-06-19 13:28:34 TRACE [BasicBinder.java:64] binding parameter [19] as [VARCHAR] - [cXFuDTSrrMALCJjsTOyU]
2020-06-19 13:28:34 TRACE [BasicBinder.java:64] binding parameter [20] as [VARCHAR] - [YTewLsVCPbBKXSRXQvVW]
2020-06-19 13:28:34 TRACE [BasicBinder.java:64] binding parameter [21] as [VARCHAR] - [EqcgoKGLROddhkCLmhc]
2020-06-19 13:28:34 TRACE [BasicBinder.java:64] binding parameter [22] as [DATE] - [1992-07-14]
2020-06-19 13:28:34 TRACE [BasicBinder.java:64] binding parameter [23] as [VARCHAR] - [j]
2020-06-19 13:28:34 TRACE [BasicBinder.java:64] binding parameter [24] as [VARCHAR] - [NFGjMepJMTeRiRdXfYLX]
2020-06-19 13:28:34 TRACE [BasicBinder.java:64] binding parameter [25] as [VARCHAR] - [fd]
2020-06-19 13:28:34 TRACE [BasicBinder.java:64] binding parameter [26] as [VARCHAR] - [dqKeUoZoo]
2020-06-19 13:28:34 TRACE [BasicBinder.java:64] binding parameter [27] as [VARCHAR] - [q]
2020-06-19 13:28:34 TRACE [BasicBinder.java:64] binding parameter [28] as [VARCHAR] - [cdWYdByJan]
2020-06-19 13:28:34 TRACE [BasicBinder.java:64] binding parameter [29] as [VARCHAR] - [NJvHE]
2020-06-19 13:28:34 TRACE [BasicBinder.java:64] binding parameter [30] as [VARCHAR] - [NHfKeTY]
2020-06-19 13:28:34 TRACE [BasicBinder.java:64] binding parameter [31] as [VARCHAR] - [XrGLnSVVBjuhulzFXBOk]
2020-06-19 13:28:34 TRACE [BasicBinder.java:64] binding parameter [32] as [VARCHAR] - [nZKKLANHwUsXgdSvwkET]
2020-06-19 13:28:34 TRACE [BasicBinder.java:64] binding parameter [33] as [VARCHAR] - [tIei]
2020-06-19 13:28:34 TRACE [BasicBinder.java:64] binding parameter [34] as [VARCHAR] - [XZ]
2020-06-19 13:28:34 TRACE [BasicBinder.java:64] binding parameter [35] as [VARCHAR] - [FAg]
2020-06-19 13:28:34 TRACE [BasicBinder.java:64] binding parameter [36] as [VARCHAR] - [WJwTJfSgTUuJrbauuYOj]
2020-06-19 13:28:34 TRACE [BasicBinder.java:64] binding parameter [37] as [DATE] - [1993-06-05]
2020-06-19 13:28:34 TRACE [BasicBinder.java:64] binding parameter [38] as [DATE] - [1994-11-27]
2020-06-19 13:28:34 TRACE [BasicBinder.java:64] binding parameter [39] as [VARCHAR] - [hubuDIDitcskOuvMWbwl]
2020-06-19 13:28:34 TRACE [BasicBinder.java:64] binding parameter [40] as [VARCHAR] - [ACzJbRkOtlrwZml]
2020-06-19 13:28:34 TRACE [BasicBinder.java:64] binding parameter [41] as [VARCHAR] - [JFB]
2020-06-19 13:28:34 TRACE [BasicBinder.java:64] binding parameter [42] as [VARCHAR] - [omUgUEJpTBVXlrwTlaUJ]
2020-06-19 13:28:34 TRACE [BasicBinder.java:64] binding parameter [43] as [TIMESTAMP] - [1970-01-01T01:35:39]
2020-06-19 13:28:34 TRACE [BasicBinder.java:64] binding parameter [44] as [VARCHAR] - [WqcMPtWYiPagovZ]
2020-06-19 13:28:34 TRACE [BasicBinder.java:64] binding parameter [45] as [VARCHAR] - [m]
2020-06-19 13:28:34 TRACE [BasicBinder.java:64] binding parameter [46] as [VARCHAR] - [fz]
2020-06-19 13:28:34 TRACE [BasicBinder.java:64] binding parameter [47] as [VARCHAR] - [x]
2020-06-19 13:28:34 TRACE [BasicBinder.java:64] binding parameter [48] as [VARCHAR] - [BDGQyuGwuLBSgtRvWxro]
2020-06-19 13:28:34 TRACE [BasicBinder.java:64] binding parameter [49] as [VARCHAR] - [APlhoznzmRuQVcvIWorV]
2020-06-19 13:28:34 TRACE [BasicBinder.java:64] binding parameter [50] as [VARCHAR] - [s]
2020-06-19 13:28:34 TRACE [BasicBinder.java:64] binding parameter [51] as [VARCHAR] - [RedAbCuzlJ]
2020-06-19 13:28:34 TRACE [BasicBinder.java:64] binding parameter [52] as [VARCHAR] - [uuoxbaJIXb]
2020-06-19 13:28:34 TRACE [BasicBinder.java:64] binding parameter [53] as [VARCHAR] - [Kz]
2020-06-19 13:28:34 TRACE [BasicBinder.java:64] binding parameter [54] as [DATE] - [1984-11-01]
2020-06-19 13:28:34 TRACE [BasicBinder.java:64] binding parameter [55] as [VARCHAR] - [h]
2020-06-19 13:28:34 TRACE [BasicBinder.java:64] binding parameter [56] as [VARCHAR] - [k]
2020-06-19 13:28:34 TRACE [BasicBinder.java:64] binding parameter [57] as [DATE] - [1971-06-18]
2020-06-19 13:28:34 TRACE [BasicBinder.java:64] binding parameter [58] as [VARCHAR] - [C]
2020-06-19 13:28:34 TRACE [BasicBinder.java:64] binding parameter [59] as [VARCHAR] - [UajzuLhNGkNYgmLzRygn]
2020-06-19 13:28:34 TRACE [BasicBinder.java:64] binding parameter [60] as [VARCHAR] - [r]
2020-06-19 13:28:34 TRACE [BasicBinder.java:64] binding parameter [61] as [DATE] - [1983-07-20]
2020-06-19 13:28:34 TRACE [BasicBinder.java:64] binding parameter [62] as [VARCHAR] - [01]
2020-06-19 13:28:34 TRACE [BasicBinder.java:64] binding parameter [63] as [DOUBLE] - [9454521.800322335]
2020-06-19 13:28:34 TRACE [BasicBinder.java:64] binding parameter [64] as [DOUBLE] - [9642581.064115122]
2020-06-19 13:28:34 TRACE [BasicBinder.java:64] binding parameter [65] as [DOUBLE] - [339480.80958211]
2020-06-19 13:28:34 TRACE [BasicBinder.java:64] binding parameter [66] as [DOUBLE] - [9539745.433394413]
2020-06-19 13:28:34 TRACE [BasicBinder.java:64] binding parameter [67] as [DOUBLE] - [8472150.272965124]
2020-06-19 13:28:34 TRACE [BasicBinder.java:64] binding parameter [68] as [VARCHAR] - [S]
2020-06-19 13:28:34 TRACE [BasicBinder.java:64] binding parameter [69] as [VARCHAR] - [SAMPLES]
2020-06-19 13:28:34 TRACE [BasicBinder.java:64] binding parameter [70] as [DOUBLE] - [5221745.510974169]
2020-06-19 13:28:34 TRACE [BasicBinder.java:64] binding parameter [71] as [VARCHAR] - [oM]
2020-06-19 13:28:34 TRACE [BasicBinder.java:64] binding parameter [72] as [VARCHAR] - [xgDVbFvgOel]
2020-06-19 13:28:34 TRACE [BasicBinder.java:64] binding parameter [73] as [VARCHAR] - [fYloS]
2020-06-19 13:28:34 TRACE [BasicBinder.java:64] binding parameter [74] as [VARCHAR] - [Dkc]
2020-06-19 13:28:34 TRACE [BasicBinder.java:64] binding parameter [75] as [DATE] - [1976-11-19]
2020-06-19 13:28:34 TRACE [BasicBinder.java:64] binding parameter [76] as [VARCHAR] - [eXwmeGIwUpvVYGuZUPwU]
2020-06-19 13:28:34 TRACE [BasicBinder.java:64] binding parameter [77] as [VARCHAR] - [iL]
2020-06-19 13:28:34 TRACE [BasicBinder.java:64] binding parameter [78] as [VARCHAR] - [qCiSG]
2020-06-19 13:28:34 TRACE [BasicBinder.java:64] binding parameter [79] as [VARCHAR] - [dmMPAmrlzi]
2020-06-19 13:28:34 TRACE [BasicBinder.java:64] binding parameter [80] as [VARCHAR] - [QsFsqTKhnpuCMlUZmiZU]
2020-06-19 13:28:34 TRACE [BasicBinder.java:64] binding parameter [81] as [VARCHAR] - [NnRWVojnDuOzlKjIFRdl]
2020-06-19 13:28:34 TRACE [BasicBinder.java:64] binding parameter [82] as [VARCHAR] - [d]
2020-06-19 13:28:34 TRACE [BasicBinder.java:64] binding parameter [83] as [TIMESTAMP] - [1970-01-01T02:20:26]
2020-06-19 13:28:34 TRACE [BasicBinder.java:64] binding parameter [84] as [VARCHAR] - [RTOHsBKSsbjzLsUdcPFt]
2020-06-19 13:28:34 TRACE [BasicBinder.java:64] binding parameter [85] as [VARCHAR] - [M]
2020-06-19 13:28:34 TRACE [BasicBinder.java:64] binding parameter [86] as [VARCHAR] - [BsFKebWQmGzCKvzuTJeV]
2020-06-19 13:28:34 TRACE [BasicBinder.java:64] binding parameter [87] as [DATE] - [1982-11-26]
2020-06-19 13:28:34 TRACE [BasicBinder.java:64] binding parameter [88] as [VARCHAR] - [iHFJeSgDvFtsbSYrOFKy]
2020-06-19 13:28:34 TRACE [BasicBinder.java:64] binding parameter [89] as [VARCHAR] - [Zp]
2020-06-19 13:28:34 TRACE [BasicBinder.java:64] binding parameter [90] as [VARCHAR] - [Rm]
2020-06-19 13:28:34 TRACE [BasicBinder.java:64] binding parameter [91] as [INTEGER] - [761117]
2020-06-19 13:28:34 TRACE [BasicBinder.java:64] binding parameter [92] as [VARCHAR] - [SxmjUA]
2020-06-19 13:28:34 TRACE [BasicBinder.java:64] binding parameter [93] as [DATE] - [1994-11-11]
2020-06-19 13:28:34 TRACE [BasicBinder.java:64] binding parameter [94] as [DATE] - [1996-12-03]
2020-06-19 13:28:34 TRACE [BasicBinder.java:64] binding parameter [95] as [DATE] - [1982-07-06]
2020-06-19 13:28:34 TRACE [BasicBinder.java:64] binding parameter [96] as [VARCHAR] - [V]
2020-06-19 13:28:34 TRACE [BasicBinder.java:64] binding parameter [97] as [VARCHAR] - [FSb]
2020-06-19 13:28:34 TRACE [BasicBinder.java:64] binding parameter [98] as [DATE] - [1995-04-17]
2020-06-19 13:28:34 TRACE [BasicBinder.java:64] binding parameter [99] as [VARCHAR] - [vNoQDltvXtmIJgLffTmx]
2020-06-19 13:28:34 TRACE [BasicBinder.java:64] binding parameter [100] as [VARCHAR] - [H]
2020-06-19 13:28:34 TRACE [BasicBinder.java:64] binding parameter [101] as [VARCHAR] - [YL]
2020-06-19 13:28:34 TRACE [BasicBinder.java:64] binding parameter [102] as [VARCHAR] - [iOOxZMwkqvJxLPztfMAK]
2020-06-19 13:28:34 TRACE [BasicBinder.java:64] binding parameter [103] as [VARCHAR] - [YqmLfhMxqwOMVphXCBAZ]
2020-06-19 13:28:34 TRACE [BasicBinder.java:64] binding parameter [104] as [VARCHAR] - [EOdstcfTkppxgFdcNhP]
2020-06-19 13:28:34 TRACE [BasicBinder.java:64] binding parameter [105] as [VARCHAR] - [lQyrLHgPSrtmHqyvGbJ]
2020-06-19 13:28:34 TRACE [BasicBinder.java:64] binding parameter [106] as [VARCHAR] - [TDNMKgSvpSMlfoPCbQx]
2020-06-19 13:28:34 TRACE [BasicBinder.java:64] binding parameter [107] as [VARCHAR] - [hGvAzhg]
2020-06-19 13:28:34 TRACE [BasicBinder.java:64] binding parameter [108] as [VARCHAR] - [vL]
2020-06-19 13:28:34 TRACE [BasicBinder.java:64] binding parameter [109] as [INTEGER] - [755174]
2020-06-19 13:28:34 TRACE [BasicBinder.java:64] binding parameter [110] as [VARCHAR] - [XHPqnlIOsCCZmYVtCLMV]
2020-06-19 13:28:34 TRACE [BasicBinder.java:64] binding parameter [111] as [VARCHAR] - [ZYXcunOwTLHbUCG]
2020-06-19 13:28:34 TRACE [BasicBinder.java:64] binding parameter [112] as [VARCHAR] - [PbTeIrOuRLnFdfoyMoz]
2020-06-19 13:28:34 TRACE [BasicBinder.java:64] binding parameter [113] as [VARCHAR] - [bs]
2020-06-19 13:28:34 TRACE [BasicBinder.java:64] binding parameter [114] as [VARCHAR] - [bRXahTAQTy]
2020-06-19 13:28:34 TRACE [BasicBinder.java:64] binding parameter [115] as [VARCHAR] - [U]
2020-06-19 13:28:34 TRACE [BasicBinder.java:64] binding parameter [116] as [VARCHAR] - [ALNdjXWHWVF]
2020-06-19 13:28:34 TRACE [BasicBinder.java:64] binding parameter [117] as [VARCHAR] - [aPuMnIwnXjznLxqRPQyp]
2020-06-19 13:28:34 TRACE [BasicBinder.java:64] binding parameter [118] as [VARCHAR] - [JatuQBOpiakKJxKQzasQ]
2020-06-19 13:28:34 TRACE [BasicBinder.java:64] binding parameter [119] as [VARCHAR] - [kofkeIHGBTYaszBxGrhR]
2020-06-19 13:28:34 TRACE [BasicBinder.java:64] binding parameter [120] as [VARCHAR] - [zgVOdUqtLzEwrsndirbQ]
2020-06-19 13:28:34 TRACE [BasicBinder.java:64] binding parameter [121] as [VARCHAR] - [UaGGWzgzmdKeqELrxzQY]
2020-06-19 13:28:34 TRACE [BasicBinder.java:64] binding parameter [122] as [VARCHAR] - [Rx]
2020-06-19 13:28:34 TRACE [BasicBinder.java:64] binding parameter [123] as [VARCHAR] - [u]
2020-06-19 13:28:34 TRACE [BasicBinder.java:64] binding parameter [124] as [VARCHAR] - [jydy]
2020-06-19 13:28:34 TRACE [BasicBinder.java:64] binding parameter [125] as [VARCHAR] - [tbzLwvXdYiodAhzksMoY]
2020-06-19 13:28:34 TRACE [BasicBinder.java:64] binding parameter [126] as [VARCHAR] - [zEj]
2020-06-19 13:28:34 TRACE [BasicBinder.java:64] binding parameter [127] as [VARCHAR] - [CE]
2020-06-19 13:28:34 TRACE [BasicBinder.java:64] binding parameter [128] as [VARCHAR] - [ukZLqvmRnJDKKziEZeIG]
2020-06-19 13:28:34 TRACE [BasicBinder.java:64] binding parameter [129] as [VARCHAR] - [cjKHIpkfKCJGjUvjJmtC]
2020-06-19 13:28:34 TRACE [BasicBinder.java:64] binding parameter [130] as [VARCHAR] - [XAbjDvBnTEdNgOZKcjRY]
2020-06-19 13:28:34 TRACE [BasicBinder.java:64] binding parameter [131] as [VARCHAR] - [D]
2020-06-19 13:28:34 TRACE [BasicBinder.java:64] binding parameter [132] as [VARCHAR] - [JACfuUGbnNlsTjRyLdNU]
2020-06-19 13:28:34 TRACE [BasicBinder.java:64] binding parameter [133] as [VARCHAR] - [GvyMHxJOwOwRKRpuaejy]
2020-06-19 13:28:34 TRACE [BasicBinder.java:64] binding parameter [134] as [VARCHAR] - [DegczbAqHPSozKmSfoxR]
2020-06-19 13:28:34 TRACE [BasicBinder.java:64] binding parameter [135] as [VARCHAR] - [iz]
2020-06-19 13:28:34 TRACE [BasicBinder.java:64] binding parameter [136] as [VARCHAR] - [qUJibGQRLCSVTBem]
2020-06-19 13:28:34 TRACE [BasicBinder.java:64] binding parameter [137] as [DOUBLE] - [8493236.460683672]
2020-06-19 13:28:34 TRACE [BasicBinder.java:64] binding parameter [138] as [VARCHAR] - [riwTwLjK]
2020-06-19 13:28:34 TRACE [BasicBinder.java:64] binding parameter [139] as [VARCHAR] - [XiFpWNFlTECUfbQ]
2020-06-19 13:28:34 TRACE [BasicBinder.java:64] binding parameter [140] as [VARCHAR] - [IyOaUqWAoJ]
2020-06-19 13:28:34 TRACE [BasicBinder.java:64] binding parameter [141] as [BIGINT] - [32]
2020-06-19 13:28:34 DEBUG [MockBuilder.java:94] set orderingSystem -> Az
2020-06-19 13:28:34 DEBUG [MockBuilder.java:94] set salesCheckNumber -> wIJOsRxKVDvtRNeegbdp
2020-06-19 13:28:34 DEBUG [MockBuilder.java:94] set storeName -> bQHyCvuNIZpvJMAvpHRA
2020-06-19 13:28:34 DEBUG [MockBuilder.java:94] set purchasedBy -> RXcGiCPDvUJfsXSzhVPP
2020-06-19 13:28:34 DEBUG [MockBuilder.java:94] set phoneNumber -> TbIWAdTDvOQ
2020-06-19 13:28:34 DEBUG [MockBuilder.java:94] set consStatusMsg -> xwcZeQEQhMlZYNIILxKi
2020-06-19 13:28:34 DEBUG [MockBuilder.java:94] set eventInfo -> gGuKaVjQNrHtjzW
2020-06-19 13:28:34 DEBUG [MockBuilder.java:94] set termsNetDays -> zVv
2020-06-19 13:28:34 DEBUG [MockBuilder.java:94] set ohStatusCode -> T
2020-06-19 13:28:34 DEBUG [MockBuilder.java:94] set contractUsageInd -> v
2020-06-19 13:28:34 DEBUG [MockBuilder.java:94] set salesReqCode -> Yy
2020-06-19 13:28:34 DEBUG [MockBuilder.java:94] set termsTypeFlag -> IS
2020-06-19 13:28:34 DEBUG [MockBuilder.java:94] set onNote -> dFaARGvSigggurSubmWh
2020-06-19 13:28:34 DEBUG [MockBuilder.java:94] set crossDockCenter -> KSkcdwrnel
2020-06-19 13:28:34 DEBUG [MockBuilder.java:94] set shipPartCompInd -> g
2020-06-19 13:28:34 DEBUG [MockBuilder.java:94] set poControl -> khlUv
2020-06-19 13:28:34 DEBUG [MockBuilder.java:94] set sellCo -> eZ
2020-06-19 13:28:34 DEBUG [MockBuilder.java:94] set onlineType -> F
2020-06-19 13:28:34 DEBUG [MockBuilder.java:94] set custDept -> yqSXt
2020-06-19 13:28:34 DEBUG [MockBuilder.java:94] set totalBindingFt -> 8032301.751256363
2020-06-19 13:28:34 DEBUG [MockBuilder.java:94] set rcdCode -> O
2020-06-19 13:28:34 DEBUG [MockBuilder.java:94] set seqNbr -> 823122
2020-06-19 13:28:34 DEBUG [MockBuilder.java:94] set orderDate -> 1996-06-18
2020-06-19 13:28:34 DEBUG [MockBuilder.java:94] set poDateValue -> 1987-07-24
2020-06-19 13:28:34 DEBUG [MockBuilder.java:94] set explodeFlag -> p
2020-06-19 13:28:34 DEBUG [MockBuilder.java:94] set reserveOrderInd -> f
2020-06-19 13:28:34 DEBUG [MockBuilder.java:94] set orderLoc -> ds
2020-06-19 13:28:34 DEBUG [MockBuilder.java:94] set shipPt -> hT
2020-06-19 13:28:34 DEBUG [MockBuilder.java:94] set receivedTimestamp -> 1970-01-01T00:54:13
2020-06-19 13:28:34 DEBUG [MockBuilder.java:94] set orderMerCost -> 870992.3969409389
2020-06-19 13:28:34 DEBUG [MockBuilder.java:94] set chngLid -> kOGAInJo
2020-06-19 13:28:34 DEBUG [MockBuilder.java:94] set srvLevel -> NB
2020-06-19 13:28:34 DEBUG [MockBuilder.java:94] set specialInstruct1 -> MPTDQPfiQOcWewJRcxGB
2020-06-19 13:28:34 DEBUG [MockBuilder.java:94] set poDateQualifier -> WnG
2020-06-19 13:28:34 DEBUG [MockBuilder.java:94] set shawOrderNumber -> iyUWbJ
2020-06-19 13:28:34 DEBUG [MockBuilder.java:94] set chngTimestamp -> 1970-01-01T01:15:22
2020-06-19 13:28:34 DEBUG [MockBuilder.java:94] set specialInstruct2 -> XFCHslWUGWPibGcaIflN
2020-06-19 13:28:34 DEBUG [MockBuilder.java:94] set poNumber -> KMLUDGwYWFDewaCulfjp
2020-06-19 13:28:34 DEBUG [MockBuilder.java:94] set refTcNbr -> sauHKPIfVStqdUpmZwsz
2020-06-19 13:28:34 DEBUG [MockBuilder.java:94] set fobPoint -> FK
2020-06-19 13:28:34 DEBUG [MockBuilder.java:94] set returnMsg -> IJPBXiLjTPhcWZnguDFB
2020-06-19 13:28:34 DEBUG [MockBuilder.java:94] set statusCode -> E
2020-06-19 13:28:34 DEBUG [MockBuilder.java:94] set nbDate -> 1971-07-20
2020-06-19 13:28:34 DEBUG [MockBuilder.java:94] set routeByDate -> 1970-10-10
2020-06-19 13:28:34 DEBUG [MockBuilder.java:94] set commCust -> NBcHWBW
2020-06-19 13:28:34 DEBUG [MockBuilder.java:94] set specialInstruct3 -> yKoEJJfLsjoXlWdZbqrP
2020-06-19 13:28:34 DEBUG [MockBuilder.java:94] set stdCarrAlphaInd -> YQfd
2020-06-19 13:28:34 DEBUG [MockBuilder.java:94] set newStoreInd -> Y
2020-06-19 13:28:34 DEBUG [MockBuilder.java:94] set orderRetTotal -> 7621942.5758950235
2020-06-19 13:28:34 DEBUG [MockBuilder.java:94] set poQual -> aC
2020-06-19 13:28:34 DEBUG [MockBuilder.java:94] set customerCode -> Tp
2020-06-19 13:28:34 DEBUG [MockBuilder.java:94] set frtCode -> h
2020-06-19 13:28:34 DEBUG [MockBuilder.java:94] set orderType -> n
2020-06-19 13:28:34 DEBUG [MockBuilder.java:94] set poType -> XWAZl
2020-06-19 13:28:34 DEBUG [MockBuilder.java:94] set custNbr -> jSADTYK
2020-06-19 13:28:34 DEBUG [MockBuilder.java:94] set phone -> LAbnHXffZjjsGIz
2020-06-19 13:28:34 DEBUG [MockBuilder.java:94] set noAsnFlag -> U
2020-06-19 13:28:34 DEBUG [MockBuilder.java:94] set specialInstruct4 -> awhGcUBHNMlCUZiqPddC
2020-06-19 13:28:34 DEBUG [MockBuilder.java:94] set customerRefNbr -> XfZ
2020-06-19 13:28:34 DEBUG [MockBuilder.java:94] set giftMessage1 -> ewtrQFgvOXmeinTKiUFZ
2020-06-19 13:28:34 DEBUG [MockBuilder.java:94] set province -> FzhIEgemoWVoQTcwTcI
2020-06-19 13:28:34 DEBUG [MockBuilder.java:94] set ohCancelDateValue -> 1970-06-14
2020-06-19 13:28:34 DEBUG [MockBuilder.java:94] set customerSidemark -> LjUdqXTkFhiVzRvtMgdW
2020-06-19 13:28:34 DEBUG [MockBuilder.java:94] set giftMessage2 -> sVZyTfKbumclGoeVtwBi
2020-06-19 13:28:34 DEBUG [MockBuilder.java:94] set orderTypeDesc -> VHDMPGmNLLINDiK
2020-06-19 13:28:34 DEBUG [MockBuilder.java:94] set custPmtMeth -> ysWEvnIfYLMqtdIFRAqy
2020-06-19 13:28:34 DEBUG [MockBuilder.java:94] set inputMethod -> yNyCLUPVit
2020-06-19 13:28:34 DEBUG [MockBuilder.java:94] set specialPoNo -> UWSdJKUuamFXvbYtFqkO
2020-06-19 13:28:34 DEBUG [MockBuilder.java:94] set poTypeSuffix -> BJhYpFnYEJ
2020-06-19 13:28:34 DEBUG [MockBuilder.java:94] set name -> SRfheIiRzudRwbsYNEof
2020-06-19 13:28:34 DEBUG [MockBuilder.java:94] set orderWeight -> 7277474.229822261
2020-06-19 13:28:34 DEBUG [MockBuilder.java:94] set markForStore -> BeOEixkBLp
2020-06-19 13:28:34 DEBUG [MockBuilder.java:94] set custSpInst -> CRjiNBITOhtUajzStCSk
2020-06-19 13:28:34 DEBUG [MockBuilder.java:94] set mediaEventCode -> Kd
2020-06-19 13:28:34 DEBUG [MockBuilder.java:94] set flag -> 238505
2020-06-19 13:28:34 DEBUG [MockBuilder.java:94] set hostAlertFlag -> u
2020-06-19 13:28:34 DEBUG [MockBuilder.java:94] set dunsNbr -> AJCmrvPhYRGDchT
2020-06-19 13:28:34 DEBUG [MockBuilder.java:94] set psMsg -> lhLKcEDNLplgRowFQkcE
2020-06-19 13:28:34 DEBUG [MockBuilder.java:94] set deliveryDate -> 1983-04-27
2020-06-19 13:28:34 DEBUG [MockBuilder.java:94] set shipComplete -> C
2020-06-19 13:28:34 DEBUG [MockBuilder.java:94] set custWhNbr -> odzP
2020-06-19 13:28:34 DEBUG [MockBuilder.java:94] set errorCode -> CFA
2020-06-19 13:28:34 DEBUG [MockBuilder.java:94] set shipDateValue -> 1985-09-10
2020-06-19 13:28:34 DEBUG [MockBuilder.java:94] set orderRetHand -> 1288333.8194240748
2020-06-19 13:28:34 DEBUG [MockBuilder.java:94] set agreementNumber -> CfXfVblGniTqvyb
2020-06-19 13:28:34 DEBUG [MockBuilder.java:94] set delvCutOffDt -> 1972-04-18
2020-06-19 13:28:34 DEBUG [MockBuilder.java:94] set shipDateQualifier -> BBq
2020-06-19 13:28:34 DEBUG [MockBuilder.java:94] set beg -> sDqjv
2020-06-19 13:28:34 DEBUG [MockBuilder.java:94] set truncFlag -> M
2020-06-19 13:28:34 DEBUG [MockBuilder.java:94] set assignedAgent -> DKYIbfxF
2020-06-19 13:28:34 DEBUG [MockBuilder.java:94] set errorDescription -> UyLgSgkvKvpZAunwMPtn
2020-06-19 13:28:34 DEBUG [MockBuilder.java:94] set orderRetSh -> 9485759.644509183
2020-06-19 13:28:34 DEBUG [MockBuilder.java:94] set billToState -> TZ
2020-06-19 13:28:34 DEBUG [MockBuilder.java:94] set divDesc -> XtFSyoqvZOlGtfKruDSm
2020-06-19 13:28:34 DEBUG [MockBuilder.java:94] set authRep -> BJqcfWOBRWtcwoUAJqgV
2020-06-19 13:28:34 DEBUG [MockBuilder.java:94] set zip -> mHDxQZpwuOE
2020-06-19 13:28:34 DEBUG [MockBuilder.java:94] set errorTimestamp -> 1970-01-01T00:21:19
2020-06-19 13:28:34 DEBUG [MockBuilder.java:94] set billToStore -> EHbCzZRhbU
2020-06-19 13:28:34 DEBUG [MockBuilder.java:94] set authorizationNo -> WgJHcvptAP
2020-06-19 13:28:34 DEBUG [MockBuilder.java:94] set bsStoreNbr -> AqrvJhlgip
2020-06-19 13:28:34 DEBUG [MockBuilder.java:94] set store -> gOVfmOiNmM
2020-06-19 13:28:34 DEBUG [MockBuilder.java:94] set orderRetTax -> 1507692.5602175344
2020-06-19 13:28:34 DEBUG [MockBuilder.java:94] set shipInstruction -> iMQdJNuJdrTLRWWskXhh
2020-06-19 13:28:34 DEBUG [MockBuilder.java:94] set country -> DEwJOLsMaiUUPWADVhN
2020-06-19 13:28:34 DEBUG [MockBuilder.java:94] set cancelDateQualifier -> EjX
2020-06-19 13:28:34 DEBUG [MockBuilder.java:94] set state -> bo
2020-06-19 13:28:34 DEBUG [MockBuilder.java:94] set cnCity -> DGPpQaAWWYuyXliRiJD
2020-06-19 13:28:34 DEBUG [MockBuilder.java:94] set userId -> qXVCZjId
2020-06-19 13:28:34 DEBUG [MockBuilder.java:94] set acctContact -> EquQAYvYqXkDpURmGtHg
2020-06-19 13:28:34 DEBUG [MockBuilder.java:94] set addressLine2 -> pLXNqgNGMDfLLrMqCNRG
2020-06-19 13:28:34 DEBUG [MockBuilder.java:94] set vendorNo -> TqAmMYUnaiXrbWx
2020-06-19 13:28:34 DEBUG [MockBuilder.java:94] set carrierCode -> Fs
2020-06-19 13:28:34 DEBUG [MockBuilder.java:94] set shipByCutOffDt -> 1985-02-13
2020-06-19 13:28:34 DEBUG [MockBuilder.java:94] set acknowlegeOrdInd -> C
2020-06-19 13:28:34 DEBUG [MockBuilder.java:94] set custNbr -> fTzkfJY
2020-06-19 13:28:34 DEBUG [MockBuilder.java:94] set wcStore -> nNUAfDubWE
2020-06-19 13:28:34 DEBUG [MockBuilder.java:94] set city -> gdYfnClKtYfmNWgpcHx
2020-06-19 13:28:34 DEBUG [MockBuilder.java:94] set cbCutLength -> 9774553.169569574
2020-06-19 13:28:34 DEBUG [MockBuilder.java:94] set destCode -> VE
2020-06-19 13:28:34 DEBUG [MockBuilder.java:94] set addressLine1 -> VNWDMomqnQGATYPrOvax
2020-06-19 13:28:34 DEBUG [MockBuilder.java:94] set addrKey -> 86171
2020-06-19 13:28:34 DEBUG [MockBuilder.java:94] set shipByDate -> 1989-03-01
2020-06-19 13:28:34 DEBUG [MockBuilder.java:94] set shipCancelDate -> 1970-12-16
2020-06-19 13:28:34 DEBUG [MockBuilder.java:94] set shipToAddress -> LegacyShipToAddress [addressLine1=VNWDMomqnQGATYPrOvax, addressLine2=pLXNqgNGMDfLLrMqCNRG, city=gdYfnClKtYfmNWgpcHx, cnCity=DGPpQaAWWYuyXliRiJD, country=DEwJOLsMaiUUPWADVhN, custNbr=fTzkfJY, destCode=VE, flag=238505, name=SRfheIiRzudRwbsYNEof, phone=LAbnHXffZjjsGIz, province=FzhIEgemoWVoQTcwTcI, state=bo, store=gOVfmOiNmM, truncFlag=M, zip=mHDxQZpwuOE]
2020-06-19 13:28:34 DEBUG [MockBuilder.java:94] set cphone -> GJoRHTHYYKwdrakRoyoF
2020-06-19 13:28:34 DEBUG [MockBuilder.java:94] set name -> NGkbLuSnvvqiRvmqoakR
2020-06-19 13:28:34 DEBUG [MockBuilder.java:94] set state -> zo
2020-06-19 13:28:34 DEBUG [MockBuilder.java:94] set consumerShipFlg -> c
2020-06-19 13:28:34 DEBUG [MockBuilder.java:94] set ccountry -> flMjERCmxlvpeHUvzkdi
2020-06-19 13:28:34 DEBUG [MockBuilder.java:94] set city -> HQwLCNNwjxHLouItcQd
2020-06-19 13:28:34 DEBUG [MockBuilder.java:94] set addressLine2 -> ECLujyVkiZgntkvNjMcu
2020-06-19 13:28:34 DEBUG [MockBuilder.java:94] set zip -> qrgcOHDxv
2020-06-19 13:28:34 DEBUG [MockBuilder.java:94] set addressLine1 -> hvlMpocQkTBwQFreguAx
2020-06-19 13:28:34 DEBUG [MockBuilder.java:94] set cprovince -> CTkHtubcbbqELCtoNtlD
2020-06-19 13:28:34 DEBUG [MockBuilder.java:94] set city -> wOKDjxzhByzFaNtCZcvu
2020-06-19 13:28:34 DEBUG [MockBuilder.java:94] set consumerPoDateValue -> 1982-12-10
[...]
2020-06-19 13:28:34 DEBUG [MockBuilder.java:94] set cprovince -> acWSNWYEdJLoQDMBucYG
2020-06-19 13:28:34 DEBUG [MockBuilder.java:94] set mediaEventCode -> cE
2020-06-19 13:28:34 DEBUG [MockBuilder.java:94] set onlineType -> b
2020-06-19 13:28:34 DEBUG [MockBuilder.java:94] set addressLine2 -> JxYEdoAmocsleeUUEdRa
2020-06-19 13:28:34 DEBUG [MockBuilder.java:94] set addressLine1 -> KiJZoZbbhKZSqaQEZJKo
2020-06-19 13:28:34 DEBUG [MockBuilder.java:94] set orderLoc -> JP
2020-06-19 13:28:34 DEBUG [MockBuilder.java:94] set addressLine1 -> yNJHJnbvlitQBtIOAFWZ
2020-06-19 13:28:34 DEBUG [MockBuilder.java:94] set accountNbr -> ddWYXzSmZykUodeWVOeC
2020-06-19 13:28:34 DEBUG [MockBuilder.java:94] set city -> UygQnUkIPQVzSQflKFzl
2020-06-19 13:28:34 DEBUG [MockBuilder.java:94] set addressLine2 -> fbgncmGzMfmVhkLwmZoa
2020-06-19 13:28:34 DEBUG [MockBuilder.java:94] set orderMerCost -> 5209938.452779733
2020-06-19 13:28:34 DEBUG [MockBuilder.java:94] set consumerAddress -> LegacyConsumerAddress [cprovince=acWSNWYEdJLoQDMBucYG, ccountry=QisaLgFEtpJTZwIJMJFk, cphone=mIjXJYCrSkLqNgegimRn, addressLine1=KiJZoZbbhKZSqaQEZJKo, addressLine2=JxYEdoAmocsleeUUEdRa, city=GKvSWkmyexQpVEGhRJT, name=ixxPTXFsUaIkhmPvHtbc, consumerPoDateValue=1988-07-18, consumerShipFlg=J, state=FJ, zip=mncNEjGxq]
2020-06-19 13:28:34 DEBUG [MockBuilder.java:94] set name -> CKVEiCCorjqzSzpZQrgh
2020-06-19 13:28:34 DEBUG [MockBuilder.java:94] set state -> Ax
2020-06-19 13:28:34 DEBUG [MockBuilder.java:94] set tpcountry -> hRchvaEdUxyeuMnrrgLd
2020-06-19 13:28:34 DEBUG [MockBuilder.java:94] set name2 -> wCsbpHomzXRudqattbks
2020-06-19 13:28:34 DEBUG [MockBuilder.java:94] set tpprovince -> oeFtcJNNEdfHVFsgQMUr
2020-06-19 13:28:34 DEBUG [MockBuilder.java:94] set zip -> TmajeMuhIlNgNjnS
2020-06-19 13:28:34 DEBUG [MockBuilder.java:94] set tpphone -> uymwCJvxwzgAoCbpIrxB
2020-06-19 13:28:34 DEBUG [MockBuilder.java:94] set billFlag -> M
2020-06-19 13:28:34 DEBUG [MockBuilder.java:94] set shawOrderNumber -> LFeVTo
2020-06-19 13:28:34 DEBUG [MockBuilder.java:94] set thirdPartyAddress -> LegacyThirdPartyAddress [tpprovince=oeFtcJNNEdfHVFsgQMUr, tpcountry=hRchvaEdUxyeuMnrrgLd, tpphone=uymwCJvxwzgAoCbpIrxB, addressLine1=yNJHJnbvlitQBtIOAFWZ, addressLine2=fbgncmGzMfmVhkLwmZoa, accountNbr=ddWYXzSmZykUodeWVOeC, billFlag=M, city=UygQnUkIPQVzSQflKFzl, name=CKVEiCCorjqzSzpZQrgh, name2=wCsbpHomzXRudqattbks, state=Ax, zip=TmajeMuhIlNgNjnS]
2020-06-19 13:28:34 DEBUG [MockBuilder.java:94] set dates -> null
2020-06-19 13:28:34 DEBUG [MockBuilder.java:94] set lines -> null
2020-06-19 13:28:34 DEBUG [MockBuilder.java:94] set vendorNo -> pJrUfHhRgfJpbMm
2020-06-19 13:28:34 DEBUG [MockBuilder.java:94] set type -> QvfpTejZAxWNKjYBvkCl
2020-06-19 13:28:34 DEBUG [MockBuilder.java:94] set shipByDate -> 1973-11-03
2020-06-19 13:28:34 DEBUG [MockBuilder.java:94] set orderingSystem -> wb
2020-06-19 13:28:34 DEBUG [MockBuilder.java:94] set createdBy -> xWgZNDMLgH
2020-06-19 13:28:34 DEBUG [MockBuilder.java:94] set shipCancelDate -> 1981-05-01
2020-06-19 13:28:34 DEBUG [MockBuilder.java:94] set commCust -> itFggmf
2020-06-19 13:28:34 DEBUG [MockBuilder.java:94] set createTimestamp -> 1970-01-01T01:11:28
2020-06-19 13:28:34 DEBUG [MockBuilder.java:94] set legacyOrderNumber -> 230817235
2020-06-19 13:28:34 DEBUG [MockBuilder.java:94] set validations -> null
2020-06-19 13:28:34 DEBUG [MockBuilder.java:94] set dunsNbr -> hYyDtFFtMmGWiuc
2020-06-19 13:28:34 DEBUG [MockBuilder.java:94] set shawOrderNbr -> AjOmWN
2020-06-19 13:28:34 DEBUG [MockBuilder.java:94] set createTimestamp -> 1970-01-01T02:38:24
2020-06-19 13:28:34 DEBUG [MockBuilder.java:94] set beg -> jisso
2020-06-19 13:28:34 DEBUG [MockBuilder.java:94] set nbDate -> 1980-11-27
2020-06-19 13:28:34 DEBUG [MockBuilder.java:94] set changeTimestamp -> 1970-01-01T02:33:33
2020-06-19 13:28:34 DEBUG [MockBuilder.java:94] set requestOrderJson -> PpDKIUBvwfPkwxBRepBM
2020-06-19 13:28:34 DEBUG [MockBuilder.java:94] set changedBy -> piHPdjKuoJ
2020-06-19 13:28:34 DEBUG [MockBuilder.java:94] set changeTimestamp -> 1970-01-01T00:44:12
2020-06-19 13:28:34 DEBUG [MockBuilder.java:94] set dateValue -> 1981-05-24
2020-06-19 13:28:34 DEBUG [MockBuilder.java:94] set freightType -> LZZEiFEZZWaXcXZfiSXB
2020-06-19 13:28:34 DEBUG [MockBuilder.java:94] set orderType -> SHanLYAkEJqltiNgyeAQ
2020-06-19 13:28:34 DEBUG [MockBuilder.java:94] set changedBy -> juFlczSorv
2020-06-19 13:28:34 DEBUG [MockBuilder.java:94] set createdBy -> fosJFkUMPv
2020-06-19 13:28:34 DEBUG [MockBuilder.java:94] set poNumber -> yewCGEzEIzysRDIOmbKP
2020-06-19 13:28:34 DEBUG [MockBuilder.java:94] set changedBy -> RguMDsVexc
2020-06-19 13:28:34 DEBUG [MockBuilder.java:94] set changeTimestamp -> 1970-01-01T02:20:25
2020-06-19 13:28:34 DEBUG [MockBuilder.java:94] set createTimestamp -> 1970-01-01T01:23:13
2020-06-19 13:28:34 DEBUG [MockBuilder.java:94] set qualifier -> iLY
2020-06-19 13:28:34 DEBUG [MockBuilder.java:94] set customerNumber -> IMNsXF
2020-06-19 13:28:34 DEBUG [MockBuilder.java:94] set createTimestamp -> 1970-01-01T00:59:35
2020-06-19 13:28:34 DEBUG [MockBuilder.java:94] set dateValue -> 1973-01-06
2020-06-19 13:28:34 DEBUG [MockBuilder.java:94] set changeTimestamp -> 1970-01-01T00:31:02
2020-06-19 13:28:34 DEBUG [MockBuilder.java:94] set agreementNumber -> PulihOuOksCkvjR
2020-06-19 13:28:34 DEBUG [MockBuilder.java:94] set dateValue -> 1992-01-09
2020-06-19 13:28:34 DEBUG [MockBuilder.java:94] set createdBy -> hDhUtlBKzG
2020-06-19 13:28:34 DEBUG [MockBuilder.java:94] set changedBy -> MwrXAGskFN
2020-06-19 13:28:34 DEBUG [MockBuilder.java:94] set createdBy -> aVQvOFiJCr
2020-06-19 13:28:34 DEBUG [MockBuilder.java:94] set carrierCode -> qH
2020-06-19 13:28:34 DEBUG [MockBuilder.java:94] set country -> Cv
2020-06-19 13:28:34 DEBUG [MockBuilder.java:94] set qualifier -> kEF
2020-06-19 13:28:34 DEBUG [MockBuilder.java:94] set zip -> oTSvtYASCurJdNFx
2020-06-19 13:28:34 DEBUG [MockBuilder.java:94] set customerCode -> Cp
2020-06-19 13:28:34 DEBUG [MockBuilder.java:94] set country -> AY
2020-06-19 13:28:34 DEBUG [MockBuilder.java:94] set storeName -> phIElPmVPPYgcAemMJqI
2020-06-19 13:28:34 DEBUG [MockBuilder.java:94] set province -> pEACdDxOoCrgSTJWlCH
2020-06-19 13:28:34 DEBUG [MockBuilder.java:94] set qualifier -> zJR
2020-06-19 13:28:34 DEBUG [MockBuilder.java:94] set zip -> ewSKHjtlRnvZTNwZ
2020-06-19 13:28:34 DEBUG [MockBuilder.java:94] set billToStore -> meMcQqzLDj
2020-06-19 13:28:34 DEBUG [MockBuilder.java:94] set poDate -> com.shaw.ediorderservices.persistance.sqlserver.entity.date.PoDate@1edaa8ed
2020-06-19 13:28:34 DEBUG [MockBuilder.java:94] set cancelDate -> com.shaw.ediorderservices.persistance.sqlserver.entity.date.CancelDate@6beca155
2020-06-19 13:28:34 DEBUG [MockBuilder.java:94] set shipDate -> com.shaw.ediorderservices.persistance.sqlserver.entity.date.ShipDate@69823333
2020-06-19 13:28:34 DEBUG [MockBuilder.java:94] set sampVvalue -> VqHXAVpqhVQVChKMXRot
2020-06-19 13:28:34 DEBUG [MockBuilder.java:94] set dates -> null
2020-06-19 13:28:34 DEBUG [MockBuilder.java:94] set serviceCode -> BCvjjzMYqhqtlqghSvkb
2020-06-19 13:28:34 DEBUG [MockBuilder.java:94] set custDept -> fwZor
2020-06-19 13:28:34 DEBUG [MockBuilder.java:94] set generics -> null
2020-06-19 13:28:34 DEBUG [MockBuilder.java:94] set addressLine1 -> JDHBrTOENzfTejDdpJsf
2020-06-19 13:28:34 DEBUG [MockBuilder.java:94] set sampType -> LdKJMfvkhWJgzzDuSjjF
2020-06-19 13:28:34 DEBUG [MockBuilder.java:94] set createTimestamp -> 1970-01-01T00:05:35
2020-06-19 13:28:34 DEBUG [MockBuilder.java:94] set lines -> null
2020-06-19 13:28:34 DEBUG [MockBuilder.java:94] set state -> uH
2020-06-19 13:28:34 DEBUG [MockBuilder.java:94] set province -> zKnRROzJIpiPPeXYYcA
2020-06-19 13:28:34 DEBUG [MockBuilder.java:94] set changeTimestamp -> 1970-01-01T01:23:07
2020-06-19 13:28:34 DEBUG [MockBuilder.java:94] set careOf -> kjtCRimzxdZrBliqoNJD
2020-06-19 13:28:34 DEBUG [MockBuilder.java:94] set createdBy -> dtajkETrMw
2020-06-19 13:28:34 DEBUG [MockBuilder.java:94] set name -> lYYJpBkpuZnYGlrmgDDE
2020-06-19 13:28:34 DEBUG [MockBuilder.java:94] set careOf -> QNYQjZACYcFWHfkmQiFO
2020-06-19 13:28:34 DEBUG [MockBuilder.java:94] set state -> cu
2020-06-19 13:28:34 DEBUG [MockBuilder.java:94] set country -> NU
2020-06-19 13:28:34 DEBUG [MockBuilder.java:94] set changedBy -> QGmqbEleKU
2020-06-19 13:28:34 DEBUG [MockBuilder.java:94] set city -> nxwmyDtCOhtERwLdWYPw
2020-06-19 13:28:34 DEBUG [MockBuilder.java:94] set phone -> TkwwedAhRktEJsL
2020-06-19 13:28:34 DEBUG [MockBuilder.java:94] set createTimestamp -> 1970-01-01T01:49
2020-06-19 13:28:34 DEBUG [MockBuilder.java:94] set billFlag -> P
2020-06-19 13:28:34 DEBUG [MockBuilder.java:94] set accountNbr -> rPMvSsadGCfImfwQKaUP
2020-06-19 13:28:34 DEBUG [MockBuilder.java:94] set changeTimestamp -> 1970-01-01T00:26:02
2020-06-19 13:28:34 DEBUG [MockBuilder.java:94] set name -> KHCmfvBKKcpwOlkzIPJp
2020-06-19 13:28:34 DEBUG [MockBuilder.java:94] set addressLine2 -> QPnowPJoXlHPvilPiasq
2020-06-19 13:28:34 DEBUG [MockBuilder.java:94] set createTimestamp -> 1970-01-01T00:55:45
2020-06-19 13:28:34 DEBUG [MockBuilder.java:94] set changedBy -> JgNCjQFPrf
2020-06-19 13:28:34 DEBUG [MockBuilder.java:94] set createdBy -> torNdZLlql
2020-06-19 13:28:34 DEBUG [MockBuilder.java:94] set changeTimestamp -> 1970-01-01T01:47:26
2020-06-19 13:28:34 DEBUG [MockBuilder.java:94] set zip -> tBeuVGYhlLfGfceX
2020-06-19 13:28:34 DEBUG [MockBuilder.java:94] set changedBy -> foohcOQrmS
2020-06-19 13:28:34 DEBUG [MockBuilder.java:94] set addressLine2 -> BTLfEXoyYmYUeEksQXWu
2020-06-19 13:28:34 DEBUG [MockBuilder.java:94] set city -> jshzyJKpgSrLoEKOHiYB
2020-06-19 13:28:34 DEBUG [MockBuilder.java:94] set province -> XBdqsFLMieFncialzWb
2020-06-19 13:28:34 DEBUG [MockBuilder.java:94] set state -> SK
2020-06-19 13:28:34 DEBUG [MockBuilder.java:94] set addressLine1 -> zgoBJjzjRJjTadqZdwDv
2020-06-19 13:28:34 DEBUG [MockBuilder.java:94] set createdBy -> TKbgUEmlpC
2020-06-19 13:28:34 DEBUG [MockBuilder.java:94] set phone -> SGGqMUOTKtJkvze
2020-06-19 13:28:34 DEBUG [MockBuilder.java:94] set phone -> OhWgXaaLeuuyNzB
2020-06-19 13:28:34 DEBUG [MockBuilder.java:94] set city -> QgfyXQhFzXVvwWKzXiKJ
2020-06-19 13:28:34 DEBUG [MockBuilder.java:94] set addressLine2 -> XMWmjsBRmjXCVCIjUkjC
2020-06-19 13:28:34 DEBUG [MockBuilder.java:94] set shipToFlag -> 7951223.186845618
2020-06-19 13:28:34 DEBUG [MockBuilder.java:94] set shipFlag -> a
2020-06-19 13:28:34 DEBUG [MockBuilder.java:94] set truncFlag -> i
2020-06-19 13:28:34 DEBUG [MockBuilder.java:94] set poDate -> 1976-04-20
2020-06-19 13:28:34 DEBUG [MockBuilder.java:94] set custNbr -> XMhWXMw
2020-06-19 13:28:34 DEBUG [MockBuilder.java:94] set name -> ISCfXtuAaHGCNRxCHPcO
2020-06-19 13:28:34 DEBUG [MockBuilder.java:94] set addressLine1 -> cKHURPbHZvroKWztXPfl
2020-06-19 13:28:34 DEBUG [MockBuilder.java:94] set destinationCode -> rv
2020-06-19 13:28:34 DEBUG [MockBuilder.java:94] set careOf -> EGvdCqiEkyqgMqDLpRNp
2020-06-19 13:28:34 DEBUG [MockBuilder.java:94] set shipToAddress -> com.shaw.ediorderservices.persistance.sqlserver.entity.address.ShipToAddress@3842cbf0
2020-06-19 13:28:34 DEBUG [MockBuilder.java:94] set ediOrder -> null
2020-06-19 13:28:34 DEBUG [MockBuilder.java:94] set thirdPartyAddress -> com.shaw.ediorderservices.persistance.sqlserver.entity.address.ThirdPartyAddress@53d088c4
2020-06-19 13:28:34 DEBUG [MockBuilder.java:94] set ediOrder -> null
2020-06-19 13:28:34 DEBUG [MockBuilder.java:94] set consumerAddress -> com.shaw.ediorderservices.persistance.sqlserver.entity.address.ConsumerAddress@68eaf68f
2020-06-19 13:28:34 DEBUG [MockBuilder.java:94] set createTimestamp -> 1970-01-01T01:23:04
2020-06-19 13:28:34 DEBUG [MockBuilder.java:94] set lineType -> eagABpuRVyFbRkzDIQXw
2020-06-19 13:28:34 DEBUG [MockBuilder.java:94] set ref -> KIO
2020-06-19 13:28:34 DEBUG [MockBuilder.java:94] set changedBy -> NIiIlwDDBS
2020-06-19 13:28:34 DEBUG [MockBuilder.java:94] set changeTimestamp -> 1970-01-01T00:34:44
2020-06-19 13:28:34 DEBUG [MockBuilder.java:94] set color -> tzPlX
2020-06-19 13:28:34 DEBUG [MockBuilder.java:94] set shipDate -> 1973-12-10
2020-06-19 13:28:34 DEBUG [MockBuilder.java:94] set style -> wvQwH
2020-06-19 13:28:34 DEBUG [MockBuilder.java:94] set samplesValue -> MsmQgFhUeMEuTFZWpgfQ
2020-06-19 13:28:34 DEBUG [MockBuilder.java:94] set createdBy -> QsfxzKkpsk
2020-06-19 13:28:34 DEBUG [MockBuilder.java:94] set custReqShipDate -> 1983-07-17
2020-06-19 13:28:34 DEBUG [MockBuilder.java:94] set lineNbr -> 905492
2020-06-19 13:28:34 DEBUG [MockBuilder.java:94] set validations -> null
2020-06-19 13:28:34 DEBUG [MockHelper.java:58] EdiOrder [id=null, customerCode=Cp, orderingSystem=wb, type=SHanLYAkEJqltiNgyeAQ, legacyId=230817235, shawOrderNbr=AjOmWN, carrierCode=qH, customerNumber=IMNsXF, commCust=itFggmf, poNumber=yewCGEzEIzysRDIOmbKP, freightType=LZZEiFEZZWaXcXZfiSXB, serviceCode=BCvjjzMYqhqtlqghSvkb, billToStore=meMcQqzLDj, agreementNumber=PulihOuOksCkvjR, custDept=fwZor, storeName=phIElPmVPPYgcAemMJqI, vendorNo=pJrUfHhRgfJpbMm, dunsNbr=hYyDtFFtMmGWiuc, beg=jisso, shipCancelDate=1981-05-01, shipByDate=1973-11-03, nbDate=1980-11-27, shipDate=com.shaw.ediorderservices.persistance.sqlserver.entity.date.ShipDate@69823333, cancelDate=com.shaw.ediorderservices.persistance.sqlserver.entity.date.CancelDate@6beca155, poDate=com.shaw.ediorderservices.persistance.sqlserver.entity.date.PoDate@1edaa8ed, dates=null, shipToAddress=com.shaw.ediorderservices.persistance.sqlserver.entity.address.ShipToAddress@3842cbf0, consumerAddress=com.shaw.ediorderservices.persistance.sqlserver.entity.address.ConsumerAddress@68eaf68f, thirdPartyAddress=com.shaw.ediorderservices.persistance.sqlserver.entity.address.ThirdPartyAddress@53d088c4, lines=[com.shaw.ediorderservices.persistance.sqlserver.entity.line.SamplesEdiLine@2c740de7], generics=null, validations=null]
]]></system-out>
    <system-err><![CDATA[java.lang.InstantiationException
	at java.base/jdk.internal.reflect.InstantiationExceptionConstructorAccessorImpl.newInstance(InstantiationExceptionConstructorAccessorImpl.java:48)
	at java.base/java.lang.reflect.Constructor.newInstanceWithCaller(Constructor.java:500)
	at java.base/java.lang.reflect.Constructor.newInstance(Constructor.java:481)
	at com.shaw.mock.builder.MockBuilder.build(MockBuilder.java:41)
	at com.shaw.mock.builder.MockBuilder.setMockValue(MockBuilder.java:86)
	at com.shaw.mock.builder.MockBuilder.lambda$build$3(MockBuilder.java:42)
	at java.base/java.util.stream.ForEachOps$ForEachOp$OfRef.accept(ForEachOps.java:183)
	at java.base/java.util.ArrayList$ArrayListSpliterator.forEachRemaining(ArrayList.java:1624)
	at java.base/java.util.stream.AbstractPipeline.copyInto(AbstractPipeline.java:484)
	at java.base/java.util.stream.ForEachOps$ForEachTask.compute(ForEachOps.java:290)
	at java.base/java.util.concurrent.CountedCompleter.exec(CountedCompleter.java:746)
	at java.base/java.util.concurrent.ForkJoinTask.doExec(ForkJoinTask.java:290)
	at java.base/java.util.concurrent.ForkJoinPool.awaitJoin(ForkJoinPool.java:1717)
	at java.base/java.util.concurrent.ForkJoinTask.doInvoke(ForkJoinTask.java:411)
	at java.base/java.util.concurrent.ForkJoinTask.invoke(ForkJoinTask.java:736)
	at java.base/java.util.stream.ForEachOps$ForEachOp.evaluateParallel(ForEachOps.java:159)
	at java.base/java.util.stream.ForEachOps$ForEachOp$OfRef.evaluateParallel(ForEachOps.java:173)
	at java.base/java.util.stream.AbstractPipeline.evaluate(AbstractPipeline.java:233)
	at java.base/java.util.stream.ReferencePipeline.forEach(ReferencePipeline.java:497)
	at java.base/java.util.stream.ReferencePipeline$Head.forEach(ReferencePipeline.java:661)
	at com.shaw.mock.builder.MockBuilder.build(MockBuilder.java:42)
	at com.shaw.mock.builder.MockBuilder.setMockValue(MockBuilder.java:86)
	at com.shaw.mock.builder.MockBuilder.lambda$build$3(MockBuilder.java:42)
	at java.base/java.util.stream.ForEachOps$ForEachOp$OfRef.accept(ForEachOps.java:183)
	at java.base/java.util.ArrayList$ArrayListSpliterator.forEachRemaining(ArrayList.java:1624)
	at java.base/java.util.stream.AbstractPipeline.copyInto(AbstractPipeline.java:484)
	at java.base/java.util.stream.ForEachOps$ForEachTask.compute(ForEachOps.java:290)
	at java.base/java.util.concurrent.CountedCompleter.exec(CountedCompleter.java:746)
	at java.base/java.util.concurrent.ForkJoinTask.doExec(ForkJoinTask.java:290)
	at java.base/java.util.concurrent.ForkJoinPool$WorkQueue.topLevelExec(ForkJoinPool.java:1016)
	at java.base/java.util.concurrent.ForkJoinPool.scan(ForkJoinPool.java:1665)
	at java.base/java.util.concurrent.ForkJoinPool.runWorker(ForkJoinPool.java:1598)
	at java.base/java.util.concurrent.ForkJoinWorkerThread.run(ForkJoinWorkerThread.java:177)
java.lang.InstantiationException
	at java.base/jdk.internal.reflect.InstantiationExceptionConstructorAccessorImpl.newInstance(InstantiationExceptionConstructorAccessorImpl.java:48)
	at java.base/java.lang.reflect.Constructor.newInstanceWithCaller(Constructor.java:500)
	at java.base/java.lang.reflect.Constructor.newInstance(Constructor.java:481)
	at com.shaw.mock.builder.MockBuilder.build(MockBuilder.java:41)
	at com.shaw.mock.builder.MockBuilder.setMockValue(MockBuilder.java:86)
	at com.shaw.mock.builder.MockBuilder.lambda$build$3(MockBuilder.java:42)
	at java.base/java.util.stream.ForEachOps$ForEachOp$OfRef.accept(ForEachOps.java:183)
	at java.base/java.util.ArrayList$ArrayListSpliterator.forEachRemaining(ArrayList.java:1624)
	at java.base/java.util.stream.AbstractPipeline.copyInto(AbstractPipeline.java:484)
	at java.base/java.util.stream.ForEachOps$ForEachTask.compute(ForEachOps.java:290)
	at java.base/java.util.concurrent.CountedCompleter.exec(CountedCompleter.java:746)
	at java.base/java.util.concurrent.ForkJoinTask.doExec(ForkJoinTask.java:290)
	at java.base/java.util.concurrent.ForkJoinPool.awaitJoin(ForkJoinPool.java:1717)
	at java.base/java.util.concurrent.ForkJoinTask.doInvoke(ForkJoinTask.java:411)
	at java.base/java.util.concurrent.ForkJoinTask.invoke(ForkJoinTask.java:736)
	at java.base/java.util.stream.ForEachOps$ForEachOp.evaluateParallel(ForEachOps.java:159)
	at java.base/java.util.stream.ForEachOps$ForEachOp$OfRef.evaluateParallel(ForEachOps.java:173)
	at java.base/java.util.stream.AbstractPipeline.evaluate(AbstractPipeline.java:233)
	at java.base/java.util.stream.ReferencePipeline.forEach(ReferencePipeline.java:497)
	at java.base/java.util.stream.ReferencePipeline$Head.forEach(ReferencePipeline.java:661)
	at com.shaw.mock.builder.MockBuilder.build(MockBuilder.java:42)
	at com.shaw.mock.builder.MockBuilder.setMockValue(MockBuilder.java:86)
	at com.shaw.mock.builder.MockBuilder.lambda$build$3(MockBuilder.java:42)
	at java.base/java.util.stream.ForEachOps$ForEachOp$OfRef.accept(ForEachOps.java:183)
	at java.base/java.util.ArrayList$ArrayListSpliterator.forEachRemaining(ArrayList.java:1624)
	at java.base/java.util.stream.AbstractPipeline.copyInto(AbstractPipeline.java:484)
	at java.base/java.util.stream.ForEachOps$ForEachTask.compute(ForEachOps.java:290)
	at java.base/java.util.concurrent.CountedCompleter.exec(CountedCompleter.java:746)
	at java.base/java.util.concurrent.ForkJoinTask.doExec(ForkJoinTask.java:290)
	at java.base/java.util.concurrent.ForkJoinPool$WorkQueue.topLevelExec(ForkJoinPool.java:1016)
	at java.base/java.util.concurrent.ForkJoinPool.scan(ForkJoinPool.java:1665)
	at java.base/java.util.concurrent.ForkJoinPool.runWorker(ForkJoinPool.java:1598)
	at java.base/java.util.concurrent.ForkJoinWorkerThread.run(ForkJoinWorkerThread.java:177)
]]></system-err>
  </testcase>
</testsuite>